#
# A fatal error has been detected by the Java Runtime Environment:
#
#  EXCEPTION_ACCESS_VIOLATION (0xc0000005) at pc=0x00007ffed265c986, pid=23956, tid=22940
#
# JRE version: OpenJDK Runtime Environment Temurin-17.0.3+7 (17.0.3+7) (build 17.0.3+7)
# Java VM: OpenJDK 64-Bit Server VM Temurin-17.0.3+7 (17.0.3+7, mixed mode, sharing, tiered, compressed oops, compressed class ptrs, g1 gc, windows-amd64)
# Problematic frame:
# V  [jvm.dll+0xc986]
#
# No core dump will be written. Minidumps are not enabled by default on client versions of Windows
#
# If you would like to submit a bug report, please visit:
#   https://github.com/adoptium/adoptium-support/issues
#

---------------  S U M M A R Y ------------

Command Line: -agentlib:jdwp=transport=dt_socket,server=n,suspend=y,address=127.0.0.1:64026 --add-opens=java.base/java.util=ALL-UNNAMED --add-opens=java.base/java.lang=ALL-UNNAMED --add-opens=java.base/java.lang.invoke=ALL-UNNAMED --add-opens=java.base/java.util=ALL-UNNAMED --add-opens=java.prefs/java.util.prefs=ALL-UNNAMED --add-opens=java.prefs/java.util.prefs=ALL-UNNAMED --add-opens=java.base/java.nio.charset=ALL-UNNAMED --add-opens=java.base/java.net=ALL-UNNAMED --add-opens=java.base/java.util.concurrent.atomic=ALL-UNNAMED -Xmx3G -Dfile.encoding=windows-1252 -Duser.country=US -Duser.language=en -Duser.variant org.gradle.launcher.daemon.bootstrap.GradleDaemon 7.3

Host: 12th Gen Intel(R) Core(TM) i9-12900KF, 24 cores, 31G,  Windows 10 , 64 bit Build 19041 (10.0.19041.1806)
Time: Sun Jul 17 01:05:18 2022 Mountain Daylight Time elapsed time: 4.289062 seconds (0d 0h 0m 4s)

---------------  T H R E A D  ---------------

Current thread (0x000001739655a870):  GCTaskThread "GC Thread#7" [stack: 0x000000659ba00000,0x000000659bb00000] [id=22940]

Stack: [0x000000659ba00000,0x000000659bb00000],  sp=0x000000659baff6d8,  free space=1021k
Native frames: (J=compiled Java code, j=interpreted, Vv=VM code, C=native code)
V  [jvm.dll+0xc986]


siginfo: EXCEPTION_ACCESS_VIOLATION (0xc0000005), reading address 0x00000008e93469ee


Register to memory mapping:

RIP=0x00007ffed265c986 jvm.dll
RAX=0x0000000000000002 is an unknown value
RBX=0x0000000000000001 is an unknown value
RCX=0x0000000743421678 is pointing into object: [Ljava.util.concurrent.ConcurrentHashMap$Node; 
{0x00000007434213c0} - klass: 'java/util/concurrent/ConcurrentHashMap$Node'[]
 - length: 512
RDX=0x0000000743421678 is pointing into object: [Ljava.util.concurrent.ConcurrentHashMap$Node; 
{0x00000007434213c0} - klass: 'java/util/concurrent/ConcurrentHashMap$Node'[]
 - length: 512
RSP=0x000000659baff6d8 points into unknown readable memory: 0x00007ffed2955edf | df 5e 95 d2 fe 7f 00 00
RBP=0x000000659baff758 points into unknown readable memory: 0x0000000000000000 | 00 00 00 00 00 00 00 00
RSI=0x000001739bc4d7e0 points into unknown readable memory: 0x00007ffed2fa6c48 | 48 6c fa d2 fe 7f 00 00
RDI=0x000001739bc4d7e0 points into unknown readable memory: 0x00007ffed2fa6c48 | 48 6c fa d2 fe 7f 00 00
R8 =0x0000000743421678 is pointing into object: [Ljava.util.concurrent.ConcurrentHashMap$Node; 
{0x00000007434213c0} - klass: 'java/util/concurrent/ConcurrentHashMap$Node'[]
 - length: 512
R9 =0x00000008e93469e6 is an unknown value
R10=0x0000000743421678 is pointing into object: [Ljava.util.concurrent.ConcurrentHashMap$Node; 
{0x00000007434213c0} - klass: 'java/util/concurrent/ConcurrentHashMap$Node'[]
 - length: 512
R11=0x00000173f2bc2750 points into unknown readable memory: 0x0000000000000000 | 00 00 00 00 00 00 00 00
R12=0x0000000000000002 is an unknown value
R13=0x0000000743421678 is pointing into object: [Ljava.util.concurrent.ConcurrentHashMap$Node; 
{0x00000007434213c0} - klass: 'java/util/concurrent/ConcurrentHashMap$Node'[]
 - length: 512
R14=0x00000008e93469e6 is an unknown value
R15=0x0 is NULL


Registers:
RAX=0x0000000000000002, RBX=0x0000000000000001, RCX=0x0000000743421678, RDX=0x0000000743421678
RSP=0x000000659baff6d8, RBP=0x000000659baff758, RSI=0x000001739bc4d7e0, RDI=0x000001739bc4d7e0
R8 =0x0000000743421678, R9 =0x00000008e93469e6, R10=0x0000000743421678, R11=0x00000173f2bc2750
R12=0x0000000000000002, R13=0x0000000743421678, R14=0x00000008e93469e6, R15=0x0000000000000000
RIP=0x00007ffed265c986, EFLAGS=0x0000000000010202

Top of Stack: (sp=0x000000659baff6d8)
0x000000659baff6d8:   00007ffed2955edf 0000000000000001
0x000000659baff6e8:   000000659baff758 000001739bc4d7e0
0x000000659baff6f8:   000001739bc4d960 00000173f2c1f2e0
0x000000659baff708:   00007ffed29555bf 0000000000000002
0x000000659baff718:   000000659baff7d8 000001739bc4d960
0x000000659baff728:   0000000000000001 000000080119a0a8
0x000000659baff738:   0000000000000006 0000000000000001
0x000000659baff748:   000001739bc4d7e0 0000000000000001
0x000000659baff758:   0000000000000000 0000000000000000
0x000000659baff768:   000000659baff940 0000000000000002
0x000000659baff778:   000001739bc4d7e0 0000000747d813f8
0x000000659baff788:   0000000747d813f9 000000000000142d
0x000000659baff798:   00007ffed2956f72 0000000700000000
0x000000659baff7a8:   0000000000000001 0000000000000008
0x000000659baff7b8:   e93469e6e93469e6 000004fc0000142c
0x000000659baff7c8:   000004fb0000142c 000001739bc4d960 

Instructions: (pc=0x00007ffed265c986)
0x00007ffed265c886:   cc cc cc cc cc cc cc cc cc cc 4c 8b 01 4c 8b c9
0x00007ffed265c896:   48 8b 0d 33 e1 b4 00 ba 64 60 08 00 e9 c9 f1 ff
0x00007ffed265c8a6:   ff cc cc cc cc cc cc cc cc cc 8b 05 32 2a af 00
0x00007ffed265c8b6:   c3 cc cc cc cc cc cc cc cc cc 0f b6 05 68 e9 b5
0x00007ffed265c8c6:   00 48 8b d1 84 c0 74 16 44 8b 41 08 8b 0d 10 2a
0x00007ffed265c8d6:   af 00 49 d3 e0 4c 03 05 fe 29 af 00 eb 04 4c 8b
0x00007ffed265c8e6:   41 08 45 8b 50 08 45 85 d2 7e 0e 41 f6 c2 01 75
0x00007ffed265c8f6:   53 41 c1 fa 03 41 8b c2 c3 79 49 84 c0 b9 10 00
0x00007ffed265c906:   00 00 8b 05 16 39 af 00 41 b8 0c 00 00 00 41 0f
0x00007ffed265c916:   45 c8 ff c8 4c 63 c8 48 63 14 11 41 8b ca 83 e1
0x00007ffed265c926:   3f 48 d3 e2 41 8b ca 48 c1 f9 10 0f b6 c1 49 8d
0x00007ffed265c936:   0c 11 49 f7 d1 48 03 c1 49 c1 e9 03 48 c1 e8 03
0x00007ffed265c946:   41 23 c1 c3 49 8b 00 49 8b c8 48 ff a0 00 01 00
0x00007ffed265c956:   00 cc cc cc cc cc cc cc cc cc 8b 44 24 30 45 03
0x00007ffed265c966:   c9 44 2b 4c 24 28 83 c0 0b 44 03 ca 45 03 c8 41
0x00007ffed265c976:   03 c1 c3 cc cc cc cc cc cc cc 4c 8b ca 48 8b d1
0x00007ffed265c986:   45 8b 41 08 45 85 c0 7e 0e 41 f6 c0 01 75 56 41
0x00007ffed265c996:   c1 f8 03 41 8b c0 c3 79 4c 80 3d 89 e8 b5 00 00
0x00007ffed265c9a6:   b8 0c 00 00 00 b9 10 00 00 00 0f 45 c8 8b 05 6b
0x00007ffed265c9b6:   38 af 00 ff c8 4c 63 c8 48 63 14 11 41 8b c8 83
0x00007ffed265c9c6:   e1 3f 48 d3 e2 41 8b c8 48 c1 f9 10 0f b6 c1 49
0x00007ffed265c9d6:   8d 0c 11 49 f7 d1 48 03 c1 49 c1 e9 03 48 c1 e8
0x00007ffed265c9e6:   03 41 23 c1 c3 49 8b 01 49 8b c9 48 ff a0 00 01
0x00007ffed265c9f6:   00 00 cc cc cc cc cc cc cc cc 48 8b 41 08 0f b7
0x00007ffed265ca06:   48 2a 0f b7 40 28 83 c0 48 03 c1 c3 cc cc cc cc
0x00007ffed265ca16:   cc cc cc cc cc cc cc cc cc cc 48 89 5c 24 08 57
0x00007ffed265ca26:   48 83 ec 20 0f b6 05 3f c5 b9 00 48 8b fa 48 8b
0x00007ffed265ca36:   d9 84 c0 74 4f 48 85 15 56 bd b9 00 74 38 48 8b
0x00007ffed265ca46:   ca e8 04 57 85 00 48 8b d0 48 85 db 74 25 48 85
0x00007ffed265ca56:   c0 74 20 48 8b c7 f0 48 0f b1 13 74 16 48 85 05
0x00007ffed265ca66:   2e bd b9 00 74 0d 48 8b c8 f0 48 0f b1 13 48 3b
0x00007ffed265ca76:   c1 75 ea 48 8b fa 48 8b c7 48 8b 5c 24 30 48 83 


Stack slot to memory mapping:
stack at sp + 0 slots: 0x00007ffed2955edf jvm.dll
stack at sp + 1 slots: 0x0000000000000001 is an unknown value
stack at sp + 2 slots: 0x000000659baff758 points into unknown readable memory: 0x0000000000000000 | 00 00 00 00 00 00 00 00
stack at sp + 3 slots: 0x000001739bc4d7e0 points into unknown readable memory: 0x00007ffed2fa6c48 | 48 6c fa d2 fe 7f 00 00
stack at sp + 4 slots: 0x000001739bc4d960 points into unknown readable memory: 0x00007ffed2fa6c00 | 00 6c fa d2 fe 7f 00 00
stack at sp + 5 slots: 0x00000173f2c1f2e0 points into unknown readable memory: 0x00007ffed30010c8 | c8 10 00 d3 fe 7f 00 00
stack at sp + 6 slots: 0x00007ffed29555bf jvm.dll
stack at sp + 7 slots: 0x0000000000000002 is an unknown value


---------------  P R O C E S S  ---------------

Threads class SMR info:
_java_thread_list=0x00000173a0cfcd40, length=205, elements={
0x00000173f2ba3030, 0x0000017394b69be0, 0x0000017394b6aec0, 0x0000017394b830f0,
0x0000017394b839b0, 0x0000017394b84680, 0x0000017394b85150, 0x0000017394b85d40,
0x0000017394b86640, 0x0000017394b86f40, 0x0000017394d97cc0, 0x0000017394dc7920,
0x0000017394dd3440, 0x0000017394debe70, 0x0000017394df1510, 0x0000017394df2000,
0x0000017394dfeee0, 0x0000017395a27190, 0x0000017397f427b0, 0x00000173964c1870,
0x00000173964be380, 0x00000173964c0530, 0x00000173964bf1f0, 0x00000173964bf6c0,
0x00000173964c0a00, 0x00000173964bed20, 0x00000173964c0ed0, 0x00000173964c13a0,
0x00000173964bdeb0, 0x00000173964bfb90, 0x00000173964c0060, 0x000001739b21b9a0,
0x000001739b219cc0, 0x000001739b21f360, 0x000001739b2197f0, 0x000001739b218980,
0x000001739b21d1b0, 0x000001739b21a190, 0x000001739b21a660, 0x000001739b21ab30,
0x000001739b21cce0, 0x000001739b217fe0, 0x000001739b2184b0, 0x000001739b21d680,
0x000001739b21f830, 0x000001739b21db50, 0x000001739bc846e0, 0x000001739bc85550,
0x000001739bc89d80, 0x000001739bc8a250, 0x000001739bc82a00, 0x000001739bc84bb0,
0x000001739bc82ed0, 0x000001739bc86890, 0x000001739bc863c0, 0x000001739bc87bd0,
0x000001739bc893e0, 0x000001739bc880a0, 0x000001739bc83870, 0x000001739bc833a0,
0x000001739bc86d60, 0x000001739bc898b0, 0x000001739bc88f10, 0x000001739bc84210,
0x000001739bc83d40, 0x000001739bc85a20, 0x000001739bc85ef0, 0x000001739bc87230,
0x000001739bc87700, 0x000001739bc88570, 0x000001739bc88a40, 0x000001739db21f10,
0x000001739db1f890, 0x000001739db223e0, 0x000001739db1eef0, 0x000001739db1e550,
0x000001739db1b060, 0x000001739db1fd60, 0x000001739db20700, 0x000001739db1d210,
0x000001739db1dbb0, 0x000001739db1ba00, 0x000001739db20230, 0x000001739db1cd40,
0x000001739db1f3c0, 0x000001739db1b530, 0x000001739db210a0, 0x000001739db1bed0,
0x000001739db21a40, 0x000001739db1e080, 0x000001739db1d6e0, 0x000001739db21570,
0x000001739db20bd0, 0x000001739db1c3a0, 0x000001739db1c870, 0x000001739d587530,
0x000001739d587a00, 0x000001739d587060, 0x000001739d588d40, 0x000001739d1d53f0,
0x000001739d1d7250, 0x000001739d589210, 0x000001739d1d5e10, 0x000001739d1d7760,
0x000001739d2de420, 0x000001739d587ed0, 0x000001739d5866c0, 0x000001739d588870,
0x000001739d58aa20, 0x000001739d58b890, 0x000001739d5896e0, 0x000001739d58aef0,
0x000001739d589bb0, 0x000001739d58bd60, 0x000001739d58a550, 0x000001739d5883a0,
0x000001739d58b3c0, 0x000001739d58c700, 0x000001739d585380, 0x000001739d585850,
0x000001739d423e10, 0x000001739d425fc0, 0x000001739d421790, 0x000001739d423470,
0x000001739d4242e0, 0x000001739d4247b0, 0x000001739d421c60, 0x000001739d41ec40,
0x000001739d422130, 0x000001739d41f5e0, 0x000001739d424c80, 0x000001739d41fab0,
0x000001739d425150, 0x000001739d41f110, 0x000001739d426490, 0x000001739d4212c0,
0x000001739d422600, 0x000001739d41ff80, 0x000001739d420450, 0x000001739d420920,
0x000001739d422ad0, 0x000001739d425af0, 0x000001739d422fa0, 0x000001739d420df0,
0x000001739d425620, 0x000001739e0ac310, 0x000001739e0afcd0, 0x000001739e0b1e80,
0x000001739e0af800, 0x000001739e0b19b0, 0x000001739e0aee60, 0x000001739e0adff0,
0x000001739e0aab00, 0x000001739e0ab4a0, 0x000001739e0abe40, 0x000001739e0aafd0,
0x000001739e0accb0, 0x000001739e0b0b40, 0x000001739e0ae990, 0x000001739e0ac7e0,
0x000001739e0b14e0, 0x000001739e0b01a0, 0x000001739e0b1010, 0x000001739e0b2350,
0x000001739e0ad180, 0x000001739e0ae4c0, 0x000001739e0af330, 0x000001739e0b0670,
0x000001739e0ab970, 0x000001739e0ad650, 0x000001739e0adb20, 0x00000173a0f02d40,
0x00000173a0f07570, 0x00000173a0f05890, 0x00000173a0f036e0, 0x00000173a0f03bb0,
0x00000173a0f04080, 0x00000173a0f088b0, 0x00000173a0f07a40, 0x00000173a0f06230,
0x00000173a0f09720, 0x00000173a0f053c0, 0x00000173a0f09bf0, 0x00000173a0f06700,
0x00000173a0f07f10, 0x00000173a0f03210, 0x00000173a0f04550, 0x00000173a0f05d60,
0x00000173a0f04a20, 0x00000173a0f04ef0, 0x00000173a0f02870, 0x00000173a0f08d80,
0x00000173a0f083e0, 0x00000173a0f09250, 0x00000173a0f06bd0, 0x00000173a0f0a0c0,
0x00000173a0f070a0, 0x00000173a0c02750, 0x00000173a0c06ab0, 0x00000173a0c005a0,
0x00000173a0c01db0, 0x00000173a0c00a70, 0x00000173a0c030f0, 0x00000173a0c01410,
0x00000173a0c000d0
}

Java Threads: ( => current thread )
  0x00000173f2ba3030 JavaThread "main" [_thread_blocked, id=21572, stack(0x0000006599900000,0x0000006599a00000)]
  0x0000017394b69be0 JavaThread "Reference Handler" daemon [_thread_blocked, id=22172, stack(0x000000659a000000,0x000000659a100000)]
  0x0000017394b6aec0 JavaThread "Finalizer" daemon [_thread_blocked, id=9396, stack(0x000000659a100000,0x000000659a200000)]
  0x0000017394b830f0 JavaThread "Signal Dispatcher" daemon [_thread_blocked, id=22912, stack(0x000000659a200000,0x000000659a300000)]
  0x0000017394b839b0 JavaThread "Attach Listener" daemon [_thread_blocked, id=19276, stack(0x000000659a300000,0x000000659a400000)]
  0x0000017394b84680 JavaThread "Service Thread" daemon [_thread_blocked, id=11620, stack(0x000000659a400000,0x000000659a500000)]
  0x0000017394b85150 JavaThread "Monitor Deflation Thread" daemon [_thread_blocked, id=11092, stack(0x000000659a500000,0x000000659a600000)]
  0x0000017394b85d40 JavaThread "C2 CompilerThread0" daemon [_thread_blocked, id=11132, stack(0x000000659a600000,0x000000659a700000)]
  0x0000017394b86640 JavaThread "C1 CompilerThread0" daemon [_thread_blocked, id=23256, stack(0x000000659a700000,0x000000659a800000)]
  0x0000017394b86f40 JavaThread "Sweeper thread" daemon [_thread_blocked, id=18084, stack(0x000000659a800000,0x000000659a900000)]
  0x0000017394d97cc0 JavaThread "C1 CompilerThread1" daemon [_thread_blocked, id=5976, stack(0x000000659a900000,0x000000659aa00000)]
  0x0000017394dc7920 JavaThread "C1 CompilerThread2" daemon [_thread_blocked, id=4148, stack(0x000000659aa00000,0x000000659ab00000)]
  0x0000017394dd3440 JavaThread "Common-Cleaner" daemon [_thread_blocked, id=21200, stack(0x000000659ab00000,0x000000659ac00000)]
  0x0000017394debe70 JavaThread "JDWP Transport Listener: dt_socket" daemon [_thread_blocked, id=7852, stack(0x000000659ac00000,0x000000659ad00000)]
  0x0000017394df1510 JavaThread "JDWP Event Helper Thread" daemon [_thread_blocked, id=22492, stack(0x000000659ad00000,0x000000659ae00000)]
  0x0000017394df2000 JavaThread "JDWP Command Reader" daemon [_thread_in_native, id=23368, stack(0x000000659ae00000,0x000000659af00000)]
  0x0000017394dfeee0 JavaThread "Notification Thread" daemon [_thread_blocked, id=11628, stack(0x000000659af00000,0x000000659b000000)]
  0x0000017395a27190 JavaThread "C1 CompilerThread3" daemon [_thread_blocked, id=2516, stack(0x000000659b300000,0x000000659b400000)]
  0x0000017397f427b0 JavaThread "Daemon health stats" [_thread_blocked, id=14628, stack(0x000000659c000000,0x000000659c100000)]
  0x00000173964c1870 JavaThread "Incoming local TCP Connector on port 64033" [_thread_in_native, id=11980, stack(0x000000659c100000,0x000000659c200000)]
  0x00000173964be380 JavaThread "Daemon periodic checks" [_thread_blocked, id=21976, stack(0x000000659c200000,0x000000659c300000)]
  0x00000173964c0530 JavaThread "Daemon" [_thread_blocked, id=20756, stack(0x000000659c300000,0x000000659c400000)]
  0x00000173964bf1f0 JavaThread "Handler for socket connection from /127.0.0.1:64033 to /127.0.0.1:64034" [_thread_in_native, id=16316, stack(0x000000659c400000,0x000000659c500000)]
  0x00000173964bf6c0 JavaThread "Cancel handler" [_thread_blocked, id=22928, stack(0x000000659c500000,0x000000659c600000)]
  0x00000173964c0a00 JavaThread "Daemon worker" [_thread_blocked, id=22484, stack(0x000000659c600000,0x000000659c700000)]
  0x00000173964bed20 JavaThread "Asynchronous log dispatcher for DefaultDaemonConnection: socket connection from /127.0.0.1:64033 to /127.0.0.1:64034" [_thread_blocked, id=20768, stack(0x000000659c700000,0x000000659c800000)]
  0x00000173964c0ed0 JavaThread "Stdin handler" [_thread_blocked, id=12784, stack(0x000000659c800000,0x000000659c900000)]
  0x00000173964c13a0 JavaThread "Daemon client event forwarder" [_thread_blocked, id=5100, stack(0x000000659c900000,0x000000659ca00000)]
  0x00000173964bdeb0 JavaThread "Cache worker for journal cache (C:\Users\joefo\.gradle\caches\journal-1)" [_thread_blocked, id=20016, stack(0x000000659ca00000,0x000000659cb00000)]
  0x00000173964bfb90 JavaThread "File lock request listener" [_thread_in_native, id=10084, stack(0x000000659cb00000,0x000000659cc00000)]
  0x00000173964c0060 JavaThread "Cache worker for file hash cache (C:\Users\joefo\.gradle\caches\7.3\fileHashes)" [_thread_blocked, id=628, stack(0x000000659cc00000,0x000000659cd00000)]
  0x000001739b21b9a0 JavaThread "Cache worker for file hash cache (C:\Users\joefo\OneDrive\Desktop\Hexerei\Hexerei-1.18\.gradle\7.3\fileHashes)" [_thread_blocked, id=9128, stack(0x000000659cd00000,0x000000659ce00000)]
  0x000001739b219cc0 JavaThread "File watcher server" daemon [_thread_in_native, id=24524, stack(0x000000659ce00000,0x000000659cf00000)]
  0x000001739b21f360 JavaThread "File watcher consumer" daemon [_thread_blocked, id=24528, stack(0x000000659cf00000,0x000000659d000000)]
  0x000001739b2197f0 JavaThread "Cache worker for checksums cache (C:\Users\joefo\OneDrive\Desktop\Hexerei\Hexerei-1.18\.gradle\7.3\checksums)" [_thread_blocked, id=24512, stack(0x000000659d000000,0x000000659d100000)]
  0x000001739b218980 JavaThread "Cache worker for cache directory md-supplier (C:\Users\joefo\.gradle\caches\7.3\md-supplier)" [_thread_blocked, id=6472, stack(0x000000659d100000,0x000000659d200000)]
  0x000001739b21d1b0 JavaThread "Cache worker for cache directory md-rule (C:\Users\joefo\.gradle\caches\7.3\md-rule)" [_thread_blocked, id=14880, stack(0x000000659d200000,0x000000659d300000)]
  0x000001739b21a190 JavaThread "Cache worker for execution history cache (C:\Users\joefo\.gradle\caches\7.3\executionHistory)" [_thread_blocked, id=12212, stack(0x000000659dd00000,0x000000659de00000)]
  0x000001739b21a660 JavaThread "jar transforms" [_thread_blocked, id=7456, stack(0x000000659de00000,0x000000659df00000)]
  0x000001739b21ab30 JavaThread "jar transforms Thread 2" [_thread_blocked, id=21396, stack(0x000000659df00000,0x000000659e000000)]
  0x000001739b21cce0 JavaThread "Cache worker for file content cache (C:\Users\joefo\.gradle\caches\7.3\fileContent)" [_thread_blocked, id=6216, stack(0x000000659e200000,0x000000659e300000)]
  0x000001739b217fe0 JavaThread "jar transforms Thread 3" [_thread_blocked, id=11732, stack(0x000000659e300000,0x000000659e400000)]
  0x000001739b2184b0 JavaThread "jar transforms Thread 4" [_thread_blocked, id=23640, stack(0x000000659e400000,0x000000659e500000)]
  0x000001739b21d680 JavaThread "jar transforms Thread 5" [_thread_blocked, id=23648, stack(0x000000659e500000,0x000000659e600000)]
  0x000001739b21f830 JavaThread "jar transforms Thread 6" [_thread_blocked, id=23664, stack(0x000000659e600000,0x000000659e700000)]
  0x000001739b21db50 JavaThread "jar transforms Thread 7" [_thread_blocked, id=23560, stack(0x000000659e700000,0x000000659e800000)]
  0x000001739bc846e0 JavaThread "Cache worker for dependencies-accessors (C:\Users\joefo\OneDrive\Desktop\Hexerei\Hexerei-1.18\.gradle\7.3\dependencies-accessors)" [_thread_blocked, id=23576, stack(0x000000659e800000,0x000000659e900000)]
  0x000001739bc85550 JavaThread "jar transforms Thread 8" [_thread_blocked, id=23704, stack(0x000000659e900000,0x000000659ea00000)]
  0x000001739bc89d80 JavaThread "Cache worker for Build Output Cleanup Cache (C:\Users\joefo\OneDrive\Desktop\Hexerei\Hexerei-1.18\.gradle\buildOutputCleanup)" [_thread_blocked, id=23712, stack(0x000000659ea00000,0x000000659eb00000)]
  0x000001739bc8a250 JavaThread "Unconstrained build operations" [_thread_blocked, id=7744, stack(0x000000659eb00000,0x000000659ec00000)]
  0x000001739bc82a00 JavaThread "Unconstrained build operations Thread 2" [_thread_blocked, id=20680, stack(0x000000659ec00000,0x000000659ed00000)]
  0x000001739bc84bb0 JavaThread "Unconstrained build operations Thread 3" [_thread_blocked, id=776, stack(0x000000659ed00000,0x000000659ee00000)]
  0x000001739bc82ed0 JavaThread "Unconstrained build operations Thread 4" [_thread_blocked, id=19828, stack(0x000000659ee00000,0x000000659ef00000)]
  0x000001739bc86890 JavaThread "Unconstrained build operations Thread 5" [_thread_blocked, id=21348, stack(0x000000659ef00000,0x000000659f000000)]
  0x000001739bc863c0 JavaThread "Unconstrained build operations Thread 6" [_thread_blocked, id=18572, stack(0x000000659f000000,0x000000659f100000)]
  0x000001739bc87bd0 JavaThread "Unconstrained build operations Thread 7" [_thread_blocked, id=22512, stack(0x000000659f100000,0x000000659f200000)]
  0x000001739bc893e0 JavaThread "Unconstrained build operations Thread 8" [_thread_blocked, id=4772, stack(0x000000659f200000,0x000000659f300000)]
  0x000001739bc880a0 JavaThread "Unconstrained build operations Thread 9" [_thread_blocked, id=5068, stack(0x000000659f300000,0x000000659f400000)]
  0x000001739bc83870 JavaThread "Unconstrained build operations Thread 10" [_thread_blocked, id=11704, stack(0x000000659f400000,0x000000659f500000)]
  0x000001739bc833a0 JavaThread "Unconstrained build operations Thread 11" [_thread_blocked, id=5340, stack(0x000000659f500000,0x000000659f600000)]
  0x000001739bc86d60 JavaThread "Unconstrained build operations Thread 12" [_thread_blocked, id=4524, stack(0x000000659f600000,0x000000659f700000)]
  0x000001739bc898b0 JavaThread "Unconstrained build operations Thread 13" [_thread_blocked, id=20536, stack(0x000000659f700000,0x000000659f800000)]
  0x000001739bc88f10 JavaThread "Unconstrained build operations Thread 14" [_thread_blocked, id=21368, stack(0x000000659f800000,0x000000659f900000)]
  0x000001739bc84210 JavaThread "Unconstrained build operations Thread 15" [_thread_blocked, id=11284, stack(0x000000659f900000,0x000000659fa00000)]
  0x000001739bc83d40 JavaThread "Unconstrained build operations Thread 16" [_thread_blocked, id=20876, stack(0x000000659fa00000,0x000000659fb00000)]
  0x000001739bc85a20 JavaThread "Unconstrained build operations Thread 17" [_thread_blocked, id=20664, stack(0x000000659fb00000,0x000000659fc00000)]
  0x000001739bc85ef0 JavaThread "Unconstrained build operations Thread 18" [_thread_blocked, id=3236, stack(0x000000659fc00000,0x000000659fd00000)]
  0x000001739bc87230 JavaThread "Unconstrained build operations Thread 19" [_thread_blocked, id=14708, stack(0x000000659fd00000,0x000000659fe00000)]
  0x000001739bc87700 JavaThread "Unconstrained build operations Thread 20" [_thread_blocked, id=7280, stack(0x000000659fe00000,0x000000659ff00000)]
  0x000001739bc88570 JavaThread "Unconstrained build operations Thread 21" [_thread_blocked, id=19932, stack(0x000000659ff00000,0x00000065a0000000)]
  0x000001739bc88a40 JavaThread "Unconstrained build operations Thread 22" [_thread_blocked, id=9844, stack(0x00000065a0000000,0x00000065a0100000)]
  0x000001739db21f10 JavaThread "Unconstrained build operations Thread 23" [_thread_blocked, id=15396, stack(0x00000065a0100000,0x00000065a0200000)]
  0x000001739db1f890 JavaThread "Unconstrained build operations Thread 24" [_thread_blocked, id=24284, stack(0x00000065a0200000,0x00000065a0300000)]
  0x000001739db223e0 JavaThread "Unconstrained build operations Thread 25" [_thread_blocked, id=24300, stack(0x00000065a0300000,0x00000065a0400000)]
  0x000001739db1eef0 JavaThread "Unconstrained build operations Thread 26" [_thread_blocked, id=24304, stack(0x00000065a0400000,0x00000065a0500000)]
  0x000001739db1e550 JavaThread "Unconstrained build operations Thread 27" [_thread_blocked, id=5420, stack(0x00000065a0500000,0x00000065a0600000)]
  0x000001739db1b060 JavaThread "Unconstrained build operations Thread 28" [_thread_blocked, id=12260, stack(0x00000065a0600000,0x00000065a0700000)]
  0x000001739db1fd60 JavaThread "Unconstrained build operations Thread 29" [_thread_blocked, id=23748, stack(0x00000065a0700000,0x00000065a0800000)]
  0x000001739db20700 JavaThread "Unconstrained build operations Thread 30" [_thread_blocked, id=21028, stack(0x00000065a0800000,0x00000065a0900000)]
  0x000001739db1d210 JavaThread "Unconstrained build operations Thread 31" [_thread_blocked, id=17528, stack(0x00000065a0900000,0x00000065a0a00000)]
  0x000001739db1dbb0 JavaThread "Unconstrained build operations Thread 32" [_thread_blocked, id=24272, stack(0x00000065a0a00000,0x00000065a0b00000)]
  0x000001739db1ba00 JavaThread "Unconstrained build operations Thread 33" [_thread_blocked, id=6728, stack(0x00000065a0b00000,0x00000065a0c00000)]
  0x000001739db20230 JavaThread "jar transforms Thread 9" [_thread_blocked, id=5428, stack(0x00000065a0c00000,0x00000065a0d00000)]
  0x000001739db1cd40 JavaThread "jar transforms Thread 10" [_thread_blocked, id=4908, stack(0x00000065a0d00000,0x00000065a0e00000)]
  0x000001739db1f3c0 JavaThread "jar transforms Thread 11" [_thread_blocked, id=24192, stack(0x00000065a0e00000,0x00000065a0f00000)]
  0x000001739db1b530 JavaThread "jar transforms Thread 12" [_thread_blocked, id=24184, stack(0x00000065a0f00000,0x00000065a1000000)]
  0x000001739db210a0 JavaThread "jar transforms Thread 13" [_thread_blocked, id=24188, stack(0x00000065a1000000,0x00000065a1100000)]
  0x000001739db1bed0 JavaThread "jar transforms Thread 14" [_thread_blocked, id=2796, stack(0x00000065a1100000,0x00000065a1200000)]
  0x000001739db21a40 JavaThread "jar transforms Thread 15" [_thread_blocked, id=1736, stack(0x00000065a1200000,0x00000065a1300000)]
  0x000001739db1e080 JavaThread "jar transforms Thread 16" [_thread_blocked, id=22372, stack(0x00000065a1300000,0x00000065a1400000)]
  0x000001739db1d6e0 JavaThread "jar transforms Thread 17" [_thread_blocked, id=20720, stack(0x00000065a1400000,0x00000065a1500000)]
  0x000001739db21570 JavaThread "jar transforms Thread 18" [_thread_blocked, id=22380, stack(0x00000065a1500000,0x00000065a1600000)]
  0x000001739db20bd0 JavaThread "jar transforms Thread 19" [_thread_blocked, id=20688, stack(0x00000065a1600000,0x00000065a1700000)]
  0x000001739db1c3a0 JavaThread "jar transforms Thread 20" [_thread_blocked, id=20524, stack(0x00000065a1700000,0x00000065a1800000)]
  0x000001739db1c870 JavaThread "jar transforms Thread 21" [_thread_blocked, id=1524, stack(0x00000065a1800000,0x00000065a1900000)]
  0x000001739d587530 JavaThread "jar transforms Thread 22" [_thread_blocked, id=21616, stack(0x00000065a1900000,0x00000065a1a00000)]
  0x000001739d587a00 JavaThread "jar transforms Thread 23" [_thread_blocked, id=22316, stack(0x00000065a1a00000,0x00000065a1b00000)]
  0x000001739d587060 JavaThread "jar transforms Thread 24" [_thread_blocked, id=3192, stack(0x00000065a1b00000,0x00000065a1c00000)]
  0x000001739d588d40 JavaThread "Keep-Alive-Timer" daemon [_thread_blocked, id=23696, stack(0x000000659e100000,0x000000659e200000)]
  0x000001739d1d53f0 JavaThread "C2 CompilerThread1" daemon [_thread_blocked, id=6724, stack(0x000000659b100000,0x000000659b200000)]
  0x000001739d1d7250 JavaThread "C2 CompilerThread2" daemon [_thread_blocked, id=11472, stack(0x000000659b200000,0x000000659b300000)]
  0x000001739d589210 JavaThread "Memory manager" [_thread_blocked, id=23284, stack(0x000000659bf00000,0x000000659c000000)]
  0x000001739d1d5e10 JavaThread "C2 CompilerThread3" daemon [_thread_blocked, id=22376, stack(0x000000659e000000,0x000000659e100000)]
  0x000001739d1d7760 JavaThread "C2 CompilerThread4" daemon [_thread_blocked, id=24396, stack(0x00000065a1c00000,0x00000065a1d00000)]
  0x000001739d2de420 JavaThread "C2 CompilerThread5" daemon [_thread_blocked, id=6280, stack(0x00000065a1d00000,0x00000065a1e00000)]
  0x000001739d587ed0 JavaThread "ForkJoinPool.commonPool-worker-1" daemon [_thread_blocked, id=4620, stack(0x00000065a1e00000,0x00000065a1f00000)]
  0x000001739d5866c0 JavaThread "ForkJoinPool.commonPool-worker-2" daemon [_thread_blocked, id=7612, stack(0x00000065a1f00000,0x00000065a2000000)]
  0x000001739d588870 JavaThread "ForkJoinPool.commonPool-worker-3" daemon [_thread_blocked, id=7316, stack(0x00000065a2000000,0x00000065a2100000)]
  0x000001739d58aa20 JavaThread "ForkJoinPool.commonPool-worker-4" daemon [_thread_blocked, id=10532, stack(0x00000065a2100000,0x00000065a2200000)]
  0x000001739d58b890 JavaThread "ForkJoinPool.commonPool-worker-5" daemon [_thread_blocked, id=10604, stack(0x00000065a2200000,0x00000065a2300000)]
  0x000001739d5896e0 JavaThread "ForkJoinPool.commonPool-worker-6" daemon [_thread_blocked, id=7660, stack(0x00000065a2300000,0x00000065a2400000)]
  0x000001739d58aef0 JavaThread "ForkJoinPool.commonPool-worker-7" daemon [_thread_blocked, id=2204, stack(0x00000065a2400000,0x00000065a2500000)]
  0x000001739d589bb0 JavaThread "ForkJoinPool.commonPool-worker-8" daemon [_thread_blocked, id=6764, stack(0x00000065a2500000,0x00000065a2600000)]
  0x000001739d58bd60 JavaThread "ForkJoinPool.commonPool-worker-9" daemon [_thread_blocked, id=7616, stack(0x00000065a2600000,0x00000065a2700000)]
  0x000001739d58a550 JavaThread "Exec process" [_thread_blocked, id=10528, stack(0x00000065a2700000,0x00000065a2800000)]
  0x000001739d5883a0 JavaThread "Exec process Thread 2" [_thread_blocked, id=11504, stack(0x00000065a2800000,0x00000065a2900000)]
  0x000001739d58b3c0 JavaThread "Exec process Thread 3" [_thread_blocked, id=5104, stack(0x00000065a2900000,0x00000065a2a00000)]
  0x000001739d58c700 JavaThread "Unconstrained build operations Thread 34" [_thread_blocked, id=6356, stack(0x00000065a2a00000,0x00000065a2b00000)]
  0x000001739d585380 JavaThread "Unconstrained build operations Thread 35" [_thread_blocked, id=23452, stack(0x00000065a2b00000,0x00000065a2c00000)]
  0x000001739d585850 JavaThread "Unconstrained build operations Thread 36" [_thread_blocked, id=7788, stack(0x00000065a2c00000,0x00000065a2d00000)]
  0x000001739d423e10 JavaThread "Unconstrained build operations Thread 37" [_thread_blocked, id=11948, stack(0x00000065a2d00000,0x00000065a2e00000)]
  0x000001739d425fc0 JavaThread "Unconstrained build operations Thread 38" [_thread_blocked, id=10128, stack(0x00000065a2e00000,0x00000065a2f00000)]
  0x000001739d421790 JavaThread "Unconstrained build operations Thread 39" [_thread_blocked, id=22052, stack(0x00000065a2f00000,0x00000065a3000000)]
  0x000001739d423470 JavaThread "Unconstrained build operations Thread 40" [_thread_blocked, id=11720, stack(0x00000065a3000000,0x00000065a3100000)]
  0x000001739d4242e0 JavaThread "Unconstrained build operations Thread 41" [_thread_blocked, id=22880, stack(0x00000065a3100000,0x00000065a3200000)]
  0x000001739d4247b0 JavaThread "Unconstrained build operations Thread 42" [_thread_blocked, id=22280, stack(0x00000065a3200000,0x00000065a3300000)]
  0x000001739d421c60 JavaThread "Unconstrained build operations Thread 43" [_thread_blocked, id=9296, stack(0x00000065a3300000,0x00000065a3400000)]
  0x000001739d41ec40 JavaThread "Unconstrained build operations Thread 44" [_thread_blocked, id=9696, stack(0x00000065a3400000,0x00000065a3500000)]
  0x000001739d422130 JavaThread "Unconstrained build operations Thread 45" [_thread_blocked, id=16944, stack(0x00000065a3500000,0x00000065a3600000)]
  0x000001739d41f5e0 JavaThread "Unconstrained build operations Thread 46" [_thread_blocked, id=15076, stack(0x00000065a3600000,0x00000065a3700000)]
  0x000001739d424c80 JavaThread "Unconstrained build operations Thread 47" [_thread_blocked, id=23232, stack(0x00000065a3700000,0x00000065a3800000)]
  0x000001739d41fab0 JavaThread "Unconstrained build operations Thread 48" [_thread_blocked, id=18652, stack(0x00000065a3800000,0x00000065a3900000)]
  0x000001739d425150 JavaThread "Unconstrained build operations Thread 49" [_thread_blocked, id=9588, stack(0x00000065a3900000,0x00000065a3a00000)]
  0x000001739d41f110 JavaThread "Unconstrained build operations Thread 50" [_thread_blocked, id=9616, stack(0x00000065a3a00000,0x00000065a3b00000)]
  0x000001739d426490 JavaThread "Unconstrained build operations Thread 51" [_thread_blocked, id=7916, stack(0x00000065a3b00000,0x00000065a3c00000)]
  0x000001739d4212c0 JavaThread "Unconstrained build operations Thread 52" [_thread_blocked, id=20084, stack(0x00000065a3c00000,0x00000065a3d00000)]
  0x000001739d422600 JavaThread "Unconstrained build operations Thread 53" [_thread_blocked, id=17020, stack(0x00000065a3d00000,0x00000065a3e00000)]
  0x000001739d41ff80 JavaThread "Unconstrained build operations Thread 54" [_thread_blocked, id=3044, stack(0x00000065a3e00000,0x00000065a3f00000)]
  0x000001739d420450 JavaThread "Unconstrained build operations Thread 55" [_thread_blocked, id=2860, stack(0x00000065a3f00000,0x00000065a4000000)]
  0x000001739d420920 JavaThread "Unconstrained build operations Thread 56" [_thread_blocked, id=15436, stack(0x00000065a4000000,0x00000065a4100000)]
  0x000001739d422ad0 JavaThread "Unconstrained build operations Thread 57" [_thread_blocked, id=5460, stack(0x00000065a4100000,0x00000065a4200000)]
  0x000001739d425af0 JavaThread "Unconstrained build operations Thread 58" [_thread_blocked, id=21352, stack(0x00000065a4200000,0x00000065a4300000)]
  0x000001739d422fa0 JavaThread "Unconstrained build operations Thread 59" [_thread_blocked, id=20816, stack(0x00000065a4300000,0x00000065a4400000)]
  0x000001739d420df0 JavaThread "Unconstrained build operations Thread 60" [_thread_blocked, id=11592, stack(0x00000065a4400000,0x00000065a4500000)]
  0x000001739d425620 JavaThread "Unconstrained build operations Thread 61" [_thread_blocked, id=1300, stack(0x00000065a4500000,0x00000065a4600000)]
  0x000001739e0ac310 JavaThread "Unconstrained build operations Thread 62" [_thread_blocked, id=21340, stack(0x00000065a4600000,0x00000065a4700000)]
  0x000001739e0afcd0 JavaThread "Unconstrained build operations Thread 63" [_thread_blocked, id=10760, stack(0x00000065a4700000,0x00000065a4800000)]
  0x000001739e0b1e80 JavaThread "Unconstrained build operations Thread 64" [_thread_blocked, id=8992, stack(0x00000065a4800000,0x00000065a4900000)]
  0x000001739e0af800 JavaThread "Unconstrained build operations Thread 65" [_thread_blocked, id=21772, stack(0x00000065a4900000,0x00000065a4a00000)]
  0x000001739e0b19b0 JavaThread "Unconstrained build operations Thread 66" [_thread_blocked, id=18304, stack(0x00000065a4a00000,0x00000065a4b00000)]
  0x000001739e0aee60 JavaThread "Unconstrained build operations Thread 67" [_thread_blocked, id=22584, stack(0x00000065a4b00000,0x00000065a4c00000)]
  0x000001739e0adff0 JavaThread "Unconstrained build operations Thread 68" [_thread_blocked, id=23144, stack(0x00000065a4c00000,0x00000065a4d00000)]
  0x000001739e0aab00 JavaThread "Unconstrained build operations Thread 69" [_thread_blocked, id=3208, stack(0x00000065a4d00000,0x00000065a4e00000)]
  0x000001739e0ab4a0 JavaThread "Unconstrained build operations Thread 70" [_thread_blocked, id=9060, stack(0x00000065a4e00000,0x00000065a4f00000)]
  0x000001739e0abe40 JavaThread "Unconstrained build operations Thread 71" [_thread_blocked, id=17744, stack(0x00000065a4f00000,0x00000065a5000000)]
  0x000001739e0aafd0 JavaThread "Unconstrained build operations Thread 72" [_thread_blocked, id=4688, stack(0x00000065a5000000,0x00000065a5100000)]
  0x000001739e0accb0 JavaThread "Unconstrained build operations Thread 73" [_thread_blocked, id=9928, stack(0x00000065a5100000,0x00000065a5200000)]
  0x000001739e0b0b40 JavaThread "Unconstrained build operations Thread 74" [_thread_blocked, id=2524, stack(0x00000065a5200000,0x00000065a5300000)]
  0x000001739e0ae990 JavaThread "Unconstrained build operations Thread 75" [_thread_blocked, id=19912, stack(0x00000065a5300000,0x00000065a5400000)]
  0x000001739e0ac7e0 JavaThread "Unconstrained build operations Thread 76" [_thread_blocked, id=6348, stack(0x00000065a5400000,0x00000065a5500000)]
  0x000001739e0b14e0 JavaThread "Unconstrained build operations Thread 77" [_thread_blocked, id=2576, stack(0x00000065a5500000,0x00000065a5600000)]
  0x000001739e0b01a0 JavaThread "Unconstrained build operations Thread 78" [_thread_blocked, id=14988, stack(0x00000065a5600000,0x00000065a5700000)]
  0x000001739e0b1010 JavaThread "Unconstrained build operations Thread 79" [_thread_blocked, id=6200, stack(0x00000065a5700000,0x00000065a5800000)]
  0x000001739e0b2350 JavaThread "Unconstrained build operations Thread 80" [_thread_blocked, id=15340, stack(0x00000065a5800000,0x00000065a5900000)]
  0x000001739e0ad180 JavaThread "Unconstrained build operations Thread 81" [_thread_blocked, id=18168, stack(0x00000065a5900000,0x00000065a5a00000)]
  0x000001739e0ae4c0 JavaThread "Unconstrained build operations Thread 82" [_thread_blocked, id=7848, stack(0x00000065a5a00000,0x00000065a5b00000)]
  0x000001739e0af330 JavaThread "Unconstrained build operations Thread 83" [_thread_blocked, id=18612, stack(0x00000065a5b00000,0x00000065a5c00000)]
  0x000001739e0b0670 JavaThread "Unconstrained build operations Thread 84" [_thread_blocked, id=20324, stack(0x00000065a5c00000,0x00000065a5d00000)]
  0x000001739e0ab970 JavaThread "Unconstrained build operations Thread 85" [_thread_blocked, id=22128, stack(0x00000065a5d00000,0x00000065a5e00000)]
  0x000001739e0ad650 JavaThread "Unconstrained build operations Thread 86" [_thread_blocked, id=22840, stack(0x00000065a5e00000,0x00000065a5f00000)]
  0x000001739e0adb20 JavaThread "Unconstrained build operations Thread 87" [_thread_blocked, id=21652, stack(0x00000065a5f00000,0x00000065a6000000)]
  0x00000173a0f02d40 JavaThread "Unconstrained build operations Thread 88" [_thread_blocked, id=4228, stack(0x00000065a6000000,0x00000065a6100000)]
  0x00000173a0f07570 JavaThread "Unconstrained build operations Thread 89" [_thread_blocked, id=22184, stack(0x00000065a6100000,0x00000065a6200000)]
  0x00000173a0f05890 JavaThread "Unconstrained build operations Thread 90" [_thread_blocked, id=21048, stack(0x00000065a6200000,0x00000065a6300000)]
  0x00000173a0f036e0 JavaThread "Unconstrained build operations Thread 91" [_thread_blocked, id=2388, stack(0x00000065a6300000,0x00000065a6400000)]
  0x00000173a0f03bb0 JavaThread "Unconstrained build operations Thread 92" [_thread_blocked, id=22832, stack(0x00000065a6400000,0x00000065a6500000)]
  0x00000173a0f04080 JavaThread "Unconstrained build operations Thread 93" [_thread_blocked, id=22824, stack(0x00000065a6500000,0x00000065a6600000)]
  0x00000173a0f088b0 JavaThread "Unconstrained build operations Thread 94" [_thread_blocked, id=23020, stack(0x00000065a6600000,0x00000065a6700000)]
  0x00000173a0f07a40 JavaThread "Unconstrained build operations Thread 95" [_thread_blocked, id=11100, stack(0x00000065a6700000,0x00000065a6800000)]
  0x00000173a0f06230 JavaThread "Unconstrained build operations Thread 96" [_thread_blocked, id=8088, stack(0x00000065a6800000,0x00000065a6900000)]
  0x00000173a0f09720 JavaThread "Unconstrained build operations Thread 97" [_thread_blocked, id=19680, stack(0x00000065a6900000,0x00000065a6a00000)]
  0x00000173a0f053c0 JavaThread "Unconstrained build operations Thread 98" [_thread_blocked, id=22072, stack(0x00000065a6a00000,0x00000065a6b00000)]
  0x00000173a0f09bf0 JavaThread "Unconstrained build operations Thread 99" [_thread_blocked, id=21940, stack(0x00000065a6b00000,0x00000065a6c00000)]
  0x00000173a0f06700 JavaThread "Unconstrained build operations Thread 100" [_thread_blocked, id=21392, stack(0x00000065a6c00000,0x00000065a6d00000)]
  0x00000173a0f07f10 JavaThread "Unconstrained build operations Thread 101" [_thread_blocked, id=19260, stack(0x00000065a6d00000,0x00000065a6e00000)]
  0x00000173a0f03210 JavaThread "Unconstrained build operations Thread 102" [_thread_blocked, id=22668, stack(0x00000065a6e00000,0x00000065a6f00000)]
  0x00000173a0f04550 JavaThread "Unconstrained build operations Thread 103" [_thread_blocked, id=22236, stack(0x00000065a6f00000,0x00000065a7000000)]
  0x00000173a0f05d60 JavaThread "Unconstrained build operations Thread 104" [_thread_blocked, id=10676, stack(0x00000065a7000000,0x00000065a7100000)]
  0x00000173a0f04a20 JavaThread "Unconstrained build operations Thread 105" [_thread_blocked, id=8376, stack(0x00000065a7100000,0x00000065a7200000)]
  0x00000173a0f04ef0 JavaThread "Unconstrained build operations Thread 106" [_thread_blocked, id=20168, stack(0x00000065a7200000,0x00000065a7300000)]
  0x00000173a0f02870 JavaThread "Unconstrained build operations Thread 107" [_thread_blocked, id=21004, stack(0x00000065a7300000,0x00000065a7400000)]
  0x00000173a0f08d80 JavaThread "Unconstrained build operations Thread 108" [_thread_blocked, id=22572, stack(0x00000065a7400000,0x00000065a7500000)]
  0x00000173a0f083e0 JavaThread "Unconstrained build operations Thread 109" [_thread_blocked, id=11900, stack(0x00000065a7500000,0x00000065a7600000)]
  0x00000173a0f09250 JavaThread "Unconstrained build operations Thread 110" [_thread_blocked, id=8792, stack(0x00000065a7600000,0x00000065a7700000)]
  0x00000173a0f06bd0 JavaThread "Unconstrained build operations Thread 111" [_thread_blocked, id=10648, stack(0x00000065a7700000,0x00000065a7800000)]
  0x00000173a0f0a0c0 JavaThread "Unconstrained build operations Thread 112" [_thread_blocked, id=19512, stack(0x00000065a7800000,0x00000065a7900000)]
  0x00000173a0f070a0 JavaThread "Unconstrained build operations Thread 113" [_thread_blocked, id=7796, stack(0x00000065a7900000,0x00000065a7a00000)]
  0x00000173a0c02750 JavaThread "Unconstrained build operations Thread 114" [_thread_blocked, id=1500, stack(0x00000065a7a00000,0x00000065a7b00000)]
  0x00000173a0c06ab0 JavaThread "Unconstrained build operations Thread 115" [_thread_blocked, id=3052, stack(0x00000065a7b00000,0x00000065a7c00000)]
  0x00000173a0c005a0 JavaThread "Unconstrained build operations Thread 116" [_thread_blocked, id=20600, stack(0x00000065a7c00000,0x00000065a7d00000)]
  0x00000173a0c01db0 JavaThread "Unconstrained build operations Thread 117" [_thread_blocked, id=17348, stack(0x00000065a7d00000,0x00000065a7e00000)]
  0x00000173a0c00a70 JavaThread "Unconstrained build operations Thread 118" [_thread_blocked, id=11492, stack(0x00000065a7e00000,0x00000065a7f00000)]
  0x00000173a0c030f0 JavaThread "Unconstrained build operations Thread 119" [_thread_blocked, id=6452, stack(0x00000065a7f00000,0x00000065a8000000)]
  0x00000173a0c01410 JavaThread "Unconstrained build operations Thread 120" [_thread_blocked, id=23864, stack(0x00000065a8000000,0x00000065a8100000)]
  0x00000173a0c000d0 JavaThread "Unconstrained build operations Thread 121" [_thread_blocked, id=21264, stack(0x00000065a8100000,0x00000065a8200000)]

Other Threads:
  0x0000017394b60c10 VMThread "VM Thread" [stack: 0x0000006599f00000,0x000000659a000000] [id=5284]
  0x00000173f2c4fca0 WatcherThread [stack: 0x000000659b000000,0x000000659b100000] [id=22828]
  0x00000173f2c05090 GCTaskThread "GC Thread#0" [stack: 0x0000006599a00000,0x0000006599b00000] [id=17420]
  0x00000173965177c0 GCTaskThread "GC Thread#1" [stack: 0x000000659b400000,0x000000659b500000] [id=7180]
  0x0000017395d3d8c0 GCTaskThread "GC Thread#2" [stack: 0x000000659b500000,0x000000659b600000] [id=3756]
  0x00000173963e9320 GCTaskThread "GC Thread#3" [stack: 0x000000659b600000,0x000000659b700000] [id=10284]
  0x00000173963e95d0 GCTaskThread "GC Thread#4" [stack: 0x000000659b700000,0x000000659b800000] [id=4160]
  0x00000173963e9c90 GCTaskThread "GC Thread#5" [stack: 0x000000659b800000,0x000000659b900000] [id=13936]
  0x000001739655b080 GCTaskThread "GC Thread#6" [stack: 0x000000659b900000,0x000000659ba00000] [id=22688]
=>0x000001739655a870 GCTaskThread "GC Thread#7" [stack: 0x000000659ba00000,0x000000659bb00000] [id=22940]
  0x000001739655ab20 GCTaskThread "GC Thread#8" [stack: 0x000000659bb00000,0x000000659bc00000] [id=7332]
  0x0000017396559b00 GCTaskThread "GC Thread#9" [stack: 0x000000659bc00000,0x000000659bd00000] [id=20740]
  0x000001739655a060 GCTaskThread "GC Thread#10" [stack: 0x000000659bd00000,0x000000659be00000] [id=11480]
  0x0000017396559db0 GCTaskThread "GC Thread#11" [stack: 0x000000659be00000,0x000000659bf00000] [id=22244]
  0x0000017399151590 GCTaskThread "GC Thread#12" [stack: 0x000000659d300000,0x000000659d400000] [id=9612]
  0x0000017399153b30 GCTaskThread "GC Thread#13" [stack: 0x000000659d400000,0x000000659d500000] [id=22964]
  0x0000017399152050 GCTaskThread "GC Thread#14" [stack: 0x000000659d500000,0x000000659d600000] [id=1804]
  0x0000017399152300 GCTaskThread "GC Thread#15" [stack: 0x000000659d600000,0x000000659d700000] [id=23488]
  0x0000017399150820 GCTaskThread "GC Thread#16" [stack: 0x000000659d700000,0x000000659d800000] [id=4452]
  0x00000173991525b0 GCTaskThread "GC Thread#17" [stack: 0x000000659d800000,0x000000659d900000] [id=11464]
  0x00000173f2bc5fe0 ConcurrentGCThread "G1 Main Marker" [stack: 0x0000006599b00000,0x0000006599c00000] [id=11940]
  0x00000173f2c12270 ConcurrentGCThread "G1 Conc#0" [stack: 0x0000006599c00000,0x0000006599d00000] [id=21788]
  0x0000017399150010 ConcurrentGCThread "G1 Conc#1" [stack: 0x000000659d900000,0x000000659da00000] [id=18640]
  0x0000017399152860 ConcurrentGCThread "G1 Conc#2" [stack: 0x000000659da00000,0x000000659db00000] [id=20860]
  0x0000017399152b10 ConcurrentGCThread "G1 Conc#3" [stack: 0x000000659db00000,0x000000659dc00000] [id=2692]
  0x0000017399153320 ConcurrentGCThread "G1 Conc#4" [stack: 0x000000659dc00000,0x000000659dd00000] [id=22148]
  0x00000173f2c7de80 ConcurrentGCThread "G1 Refine#0" [stack: 0x0000006599d00000,0x0000006599e00000] [id=1152]
  0x00000173f2c7e650 ConcurrentGCThread "G1 Service" [stack: 0x0000006599e00000,0x0000006599f00000] [id=20748]

Threads with active compile tasks:
C2 CompilerThread0     4304 7703   !   4       com.google.gson.internal.bind.ReflectiveTypeAdapterFactory$Adapter::read (116 bytes)
C2 CompilerThread3     4304 7723       4       java.io.WinNTFileSystem::prefixLength (91 bytes)

VM state: at safepoint (normal execution)

VM Mutex/Monitor currently owned by a thread:  ([mutex/lock_event])
[0x00000173f2b9db60] Threads_lock - owner thread: 0x0000017394b60c10
[0x00000173f2b9d140] Heap_lock - owner thread: 0x000001739d421c60

Heap address: 0x0000000740000000, size: 3072 MB, Compressed Oops mode: Zero based, Oop shift amount: 3

CDS archive(s) mapped at: [0x0000000800000000-0x0000000800bc0000-0x0000000800bc0000), size 12320768, SharedBaseAddress: 0x0000000800000000, ArchiveRelocationMode: 0.
Compressed class space mapped at: 0x0000000800c00000-0x0000000840c00000, reserved size: 1073741824
Narrow klass base: 0x0000000800000000, Narrow klass shift: 0, Narrow klass range: 0x100000000

GC Precious Log:
 CPUs: 24 total, 24 available
 Memory: 32581M
 Large Page Support: Disabled
 NUMA Support: Disabled
 Compressed Oops: Enabled (Zero based)
 Heap Region Size: 2M
 Heap Min Capacity: 8M
 Heap Initial Capacity: 510M
 Heap Max Capacity: 3G
 Pre-touch: Disabled
 Parallel Workers: 18
 Concurrent Workers: 5
 Concurrent Refinement Workers: 18
 Periodic GC: Disabled

Heap:
 garbage-first heap   total 305152K, used 267638K [0x0000000740000000, 0x0000000800000000)
  region size 2048K, 87 young (178176K), 9 survivors (18432K)
 Metaspace       used 56596K, committed 57152K, reserved 1105920K
  class space    used 7605K, committed 7872K, reserved 1048576K

Heap Regions: E=young(eden), S=young(survivor), O=old, HS=humongous(starts), HC=humongous(continues), CS=collection set, F=free, OA=open archive, CA=closed archive, TAMS=top-at-mark-start (previous, next)
|   0|0x0000000740000000, 0x0000000740200000, 0x0000000740200000|100%| O|  |TAMS 0x0000000740200000, 0x0000000740000000| Untracked 
|   1|0x0000000740200000, 0x00000007403ed600, 0x0000000740400000| 96%| O|  |TAMS 0x00000007403ed600, 0x0000000740200000| Untracked 
|   2|0x0000000740400000, 0x0000000740600000, 0x0000000740600000|100%|HS|  |TAMS 0x0000000740600000, 0x0000000740400000| Complete 
|   3|0x0000000740600000, 0x0000000740800000, 0x0000000740800000|100%|HC|  |TAMS 0x0000000740800000, 0x0000000740600000| Complete 
|   4|0x0000000740800000, 0x0000000740a00000, 0x0000000740a00000|100%| O|  |TAMS 0x0000000740a00000, 0x0000000740800000| Untracked 
|   5|0x0000000740a00000, 0x0000000740c00000, 0x0000000740c00000|100%| O|  |TAMS 0x0000000740c00000, 0x0000000740a00000| Untracked 
|   6|0x0000000740c00000, 0x0000000740e00000, 0x0000000740e00000|100%| O|  |TAMS 0x0000000740e00000, 0x0000000740c00000| Untracked 
|   7|0x0000000740e00000, 0x0000000741000000, 0x0000000741000000|100%| O|  |TAMS 0x0000000740e00000, 0x0000000740e00000| Untracked 
|   8|0x0000000741000000, 0x0000000741200000, 0x0000000741200000|100%|HS|  |TAMS 0x0000000741000000, 0x0000000741000000| Complete 
|   9|0x0000000741200000, 0x0000000741388600, 0x0000000741400000| 76%| O|  |TAMS 0x0000000741200000, 0x0000000741200000| Untracked 
|  10|0x0000000741400000, 0x0000000741600000, 0x0000000741600000|100%|HS|  |TAMS 0x0000000741400000, 0x0000000741400000| Complete 
|  11|0x0000000741600000, 0x0000000741800000, 0x0000000741800000|100%|HC|  |TAMS 0x0000000741600000, 0x0000000741600000| Complete 
|  12|0x0000000741800000, 0x0000000741a00000, 0x0000000741a00000|100%|HS|  |TAMS 0x0000000741800000, 0x0000000741800000| Complete 
|  13|0x0000000741a00000, 0x0000000741c00000, 0x0000000741c00000|100%| O|  |TAMS 0x0000000741c00000, 0x0000000741a00000| Untracked 
|  14|0x0000000741c00000, 0x0000000741e00000, 0x0000000741e00000|100%| O|  |TAMS 0x0000000741e00000, 0x0000000741c00000| Untracked 
|  15|0x0000000741e00000, 0x0000000742000000, 0x0000000742000000|100%| O|  |TAMS 0x0000000742000000, 0x0000000741e00000| Untracked 
|  16|0x0000000742000000, 0x0000000742200000, 0x0000000742200000|100%| O|  |TAMS 0x0000000742200000, 0x0000000742000000| Untracked 
|  17|0x0000000742200000, 0x0000000742400000, 0x0000000742400000|100%| O|  |TAMS 0x0000000742400000, 0x0000000742200000| Untracked 
|  18|0x0000000742400000, 0x0000000742600000, 0x0000000742600000|100%| O|  |TAMS 0x00000007424a9600, 0x0000000742400000| Untracked 
|  19|0x0000000742600000, 0x0000000742800000, 0x0000000742800000|100%|HS|  |TAMS 0x0000000742600000, 0x0000000742600000| Complete 
|  20|0x0000000742800000, 0x0000000742a00000, 0x0000000742a00000|100%|HC|  |TAMS 0x0000000742800000, 0x0000000742800000| Complete 
|  21|0x0000000742a00000, 0x0000000742c00000, 0x0000000742c00000|100%|HC|  |TAMS 0x0000000742a00000, 0x0000000742a00000| Complete 
|  22|0x0000000742c00000, 0x0000000742e00000, 0x0000000742e00000|100%|HC|  |TAMS 0x0000000742c00000, 0x0000000742c00000| Complete 
|  23|0x0000000742e00000, 0x0000000743000000, 0x0000000743000000|100%|HS|  |TAMS 0x0000000742e00000, 0x0000000742e00000| Complete 
|  24|0x0000000743000000, 0x0000000743200000, 0x0000000743200000|100%| E|CS|TAMS 0x0000000743000000, 0x0000000743000000| Complete 
|  25|0x0000000743200000, 0x0000000743400000, 0x0000000743400000|100%| E|CS|TAMS 0x0000000743200000, 0x0000000743200000| Complete 
|  26|0x0000000743400000, 0x0000000743600000, 0x0000000743600000|100%| E|CS|TAMS 0x0000000743400000, 0x0000000743400000| Complete 
|  27|0x0000000743600000, 0x0000000743800000, 0x0000000743800000|100%|HS|  |TAMS 0x0000000743600000, 0x0000000743600000| Complete 
|  28|0x0000000743800000, 0x0000000743a00000, 0x0000000743a00000|100%|HC|  |TAMS 0x0000000743800000, 0x0000000743800000| Complete 
|  29|0x0000000743a00000, 0x0000000743c00000, 0x0000000743c00000|100%|HS|  |TAMS 0x0000000743a00000, 0x0000000743a00000| Complete 
|  30|0x0000000743c00000, 0x0000000743e00000, 0x0000000743e00000|100%|HS|  |TAMS 0x0000000743c00000, 0x0000000743c00000| Complete 
|  31|0x0000000743e00000, 0x0000000744000000, 0x0000000744000000|100%|HS|  |TAMS 0x0000000743e00000, 0x0000000743e00000| Complete 
|  32|0x0000000744000000, 0x0000000744200000, 0x0000000744200000|100%|HS|  |TAMS 0x0000000744000000, 0x0000000744000000| Complete 
|  33|0x0000000744200000, 0x0000000744400000, 0x0000000744400000|100%|HC|  |TAMS 0x0000000744200000, 0x0000000744200000| Complete 
|  34|0x0000000744400000, 0x0000000744600000, 0x0000000744600000|100%|HC|  |TAMS 0x0000000744400000, 0x0000000744400000| Complete 
|  35|0x0000000744600000, 0x0000000744800000, 0x0000000744800000|100%|HC|  |TAMS 0x0000000744600000, 0x0000000744600000| Complete 
|  36|0x0000000744800000, 0x0000000744a00000, 0x0000000744a00000|100%|HC|  |TAMS 0x0000000744800000, 0x0000000744800000| Complete 
|  37|0x0000000744a00000, 0x0000000744c00000, 0x0000000744c00000|100%|HC|  |TAMS 0x0000000744a00000, 0x0000000744a00000| Complete 
|  38|0x0000000744c00000, 0x0000000744e00000, 0x0000000744e00000|100%|HC|  |TAMS 0x0000000744c00000, 0x0000000744c00000| Complete 
|  39|0x0000000744e00000, 0x0000000745000000, 0x0000000745000000|100%|HC|  |TAMS 0x0000000744e00000, 0x0000000744e00000| Complete 
|  40|0x0000000745000000, 0x0000000745200000, 0x0000000745200000|100%|HC|  |TAMS 0x0000000745000000, 0x0000000745000000| Complete 
|  41|0x0000000745200000, 0x0000000745400000, 0x0000000745400000|100%|HC|  |TAMS 0x0000000745200000, 0x0000000745200000| Complete 
|  42|0x0000000745400000, 0x0000000745600000, 0x0000000745600000|100%|HS|  |TAMS 0x0000000745400000, 0x0000000745400000| Complete 
|  43|0x0000000745600000, 0x0000000745800000, 0x0000000745800000|100%|HC|  |TAMS 0x0000000745600000, 0x0000000745600000| Complete 
|  44|0x0000000745800000, 0x0000000745a00000, 0x0000000745a00000|100%|HC|  |TAMS 0x0000000745800000, 0x0000000745800000| Complete 
|  45|0x0000000745a00000, 0x0000000745c00000, 0x0000000745c00000|100%|HC|  |TAMS 0x0000000745a00000, 0x0000000745a00000| Complete 
|  46|0x0000000745c00000, 0x0000000745e00000, 0x0000000745e00000|100%|HC|  |TAMS 0x0000000745c00000, 0x0000000745c00000| Complete 
|  47|0x0000000745e00000, 0x0000000746000000, 0x0000000746000000|100%|HC|  |TAMS 0x0000000745e00000, 0x0000000745e00000| Complete 
|  48|0x0000000746000000, 0x0000000746200000, 0x0000000746200000|100%|HC|  |TAMS 0x0000000746000000, 0x0000000746000000| Complete 
|  49|0x0000000746200000, 0x0000000746400000, 0x0000000746400000|100%|HC|  |TAMS 0x0000000746200000, 0x0000000746200000| Complete 
|  50|0x0000000746400000, 0x0000000746600000, 0x0000000746600000|100%|HC|  |TAMS 0x0000000746400000, 0x0000000746400000| Complete 
|  51|0x0000000746600000, 0x0000000746800000, 0x0000000746800000|100%|HC|  |TAMS 0x0000000746600000, 0x0000000746600000| Complete 
|  52|0x0000000746800000, 0x0000000746a00000, 0x0000000746a00000|100%|HS|  |TAMS 0x0000000746800000, 0x0000000746800000| Complete 
|  53|0x0000000746a00000, 0x0000000746a00000, 0x0000000746c00000|  0%| F|  |TAMS 0x0000000746a00000, 0x0000000746a00000| Untracked 
|  54|0x0000000746c00000, 0x0000000746c00000, 0x0000000746e00000|  0%| F|  |TAMS 0x0000000746c00000, 0x0000000746c00000| Untracked 
|  55|0x0000000746e00000, 0x0000000746e00000, 0x0000000747000000|  0%| F|  |TAMS 0x0000000746e00000, 0x0000000746e00000| Untracked 
|  56|0x0000000747000000, 0x0000000747000000, 0x0000000747200000|  0%| F|  |TAMS 0x0000000747000000, 0x0000000747000000| Untracked 
|  57|0x0000000747200000, 0x0000000747200000, 0x0000000747400000|  0%| F|  |TAMS 0x0000000747200000, 0x0000000747200000| Untracked 
|  58|0x0000000747400000, 0x0000000747400000, 0x0000000747600000|  0%| F|  |TAMS 0x0000000747400000, 0x0000000747400000| Untracked 
|  59|0x0000000747600000, 0x0000000747600000, 0x0000000747800000|  0%| F|  |TAMS 0x0000000747600000, 0x0000000747600000| Untracked 
|  60|0x0000000747800000, 0x0000000747800000, 0x0000000747a00000|  0%| F|  |TAMS 0x0000000747800000, 0x0000000747800000| Untracked 
|  61|0x0000000747a00000, 0x0000000747a00000, 0x0000000747c00000|  0%| F|  |TAMS 0x0000000747a00000, 0x0000000747a00000| Untracked 
|  62|0x0000000747c00000, 0x0000000747ddbac0, 0x0000000747e00000| 92%| S|  |TAMS 0x0000000747c00000, 0x0000000747c00000| Complete 
|  63|0x0000000747e00000, 0x0000000748000000, 0x0000000748000000|100%| S|  |TAMS 0x0000000747e00000, 0x0000000747e00000| Complete 
|  64|0x0000000748000000, 0x0000000748200000, 0x0000000748200000|100%| S|  |TAMS 0x0000000748000000, 0x0000000748000000| Complete 
|  65|0x0000000748200000, 0x0000000748400000, 0x0000000748400000|100%| S|  |TAMS 0x0000000748200000, 0x0000000748200000| Complete 
|  66|0x0000000748400000, 0x0000000748600000, 0x0000000748600000|100%| S|  |TAMS 0x0000000748400000, 0x0000000748400000| Complete 
|  67|0x0000000748600000, 0x0000000748800000, 0x0000000748800000|100%| S|  |TAMS 0x0000000748600000, 0x0000000748600000| Complete 
|  68|0x0000000748800000, 0x0000000748a00000, 0x0000000748a00000|100%| S|  |TAMS 0x0000000748800000, 0x0000000748800000| Complete 
|  69|0x0000000748a00000, 0x0000000748c00000, 0x0000000748c00000|100%| S|  |TAMS 0x0000000748a00000, 0x0000000748a00000| Complete 
|  70|0x0000000748c00000, 0x0000000748e00000, 0x0000000748e00000|100%| S|  |TAMS 0x0000000748c00000, 0x0000000748c00000| Complete 
|  71|0x0000000748e00000, 0x0000000748fe7e20, 0x0000000749000000| 95%| E|CS|TAMS 0x0000000748e00000, 0x0000000748e00000| Complete 
|  72|0x0000000749000000, 0x0000000749200000, 0x0000000749200000|100%| E|CS|TAMS 0x0000000749000000, 0x0000000749000000| Complete 
|  73|0x0000000749200000, 0x0000000749400000, 0x0000000749400000|100%| E|CS|TAMS 0x0000000749200000, 0x0000000749200000| Complete 
|  74|0x0000000749400000, 0x0000000749600000, 0x0000000749600000|100%| E|CS|TAMS 0x0000000749400000, 0x0000000749400000| Complete 
|  75|0x0000000749600000, 0x0000000749800000, 0x0000000749800000|100%| E|CS|TAMS 0x0000000749600000, 0x0000000749600000| Complete 
|  76|0x0000000749800000, 0x0000000749a00000, 0x0000000749a00000|100%| E|CS|TAMS 0x0000000749800000, 0x0000000749800000| Complete 
|  77|0x0000000749a00000, 0x0000000749c00000, 0x0000000749c00000|100%| E|CS|TAMS 0x0000000749a00000, 0x0000000749a00000| Complete 
|  78|0x0000000749c00000, 0x0000000749e00000, 0x0000000749e00000|100%| E|CS|TAMS 0x0000000749c00000, 0x0000000749c00000| Complete 
|  79|0x0000000749e00000, 0x000000074a000000, 0x000000074a000000|100%| E|CS|TAMS 0x0000000749e00000, 0x0000000749e00000| Complete 
|  80|0x000000074a000000, 0x000000074a200000, 0x000000074a200000|100%| E|CS|TAMS 0x000000074a000000, 0x000000074a000000| Complete 
|  81|0x000000074a200000, 0x000000074a400000, 0x000000074a400000|100%| E|CS|TAMS 0x000000074a200000, 0x000000074a200000| Complete 
|  82|0x000000074a400000, 0x000000074a600000, 0x000000074a600000|100%| E|CS|TAMS 0x000000074a400000, 0x000000074a400000| Complete 
|  83|0x000000074a600000, 0x000000074a800000, 0x000000074a800000|100%| E|CS|TAMS 0x000000074a600000, 0x000000074a600000| Complete 
|  84|0x000000074a800000, 0x000000074aa00000, 0x000000074aa00000|100%| E|CS|TAMS 0x000000074a800000, 0x000000074a800000| Complete 
|  85|0x000000074aa00000, 0x000000074ac00000, 0x000000074ac00000|100%| E|CS|TAMS 0x000000074aa00000, 0x000000074aa00000| Complete 
|  86|0x000000074ac00000, 0x000000074ae00000, 0x000000074ae00000|100%| E|CS|TAMS 0x000000074ac00000, 0x000000074ac00000| Complete 
|  87|0x000000074ae00000, 0x000000074b000000, 0x000000074b000000|100%| E|CS|TAMS 0x000000074ae00000, 0x000000074ae00000| Complete 
|  88|0x000000074b000000, 0x000000074b200000, 0x000000074b200000|100%| E|CS|TAMS 0x000000074b000000, 0x000000074b000000| Complete 
|  89|0x000000074b200000, 0x000000074b400000, 0x000000074b400000|100%| E|CS|TAMS 0x000000074b200000, 0x000000074b200000| Complete 
|  90|0x000000074b400000, 0x000000074b600000, 0x000000074b600000|100%| E|CS|TAMS 0x000000074b400000, 0x000000074b400000| Complete 
|  91|0x000000074b600000, 0x000000074b800000, 0x000000074b800000|100%| E|CS|TAMS 0x000000074b600000, 0x000000074b600000| Complete 
|  92|0x000000074b800000, 0x000000074ba00000, 0x000000074ba00000|100%| E|CS|TAMS 0x000000074b800000, 0x000000074b800000| Complete 
|  93|0x000000074ba00000, 0x000000074bc00000, 0x000000074bc00000|100%| E|CS|TAMS 0x000000074ba00000, 0x000000074ba00000| Complete 
|  94|0x000000074bc00000, 0x000000074be00000, 0x000000074be00000|100%| E|CS|TAMS 0x000000074bc00000, 0x000000074bc00000| Complete 
|  95|0x000000074be00000, 0x000000074c000000, 0x000000074c000000|100%| E|CS|TAMS 0x000000074be00000, 0x000000074be00000| Complete 
|  96|0x000000074c000000, 0x000000074c200000, 0x000000074c200000|100%| E|CS|TAMS 0x000000074c000000, 0x000000074c000000| Complete 
|  97|0x000000074c200000, 0x000000074c400000, 0x000000074c400000|100%| E|CS|TAMS 0x000000074c200000, 0x000000074c200000| Complete 
|  98|0x000000074c400000, 0x000000074c600000, 0x000000074c600000|100%| E|CS|TAMS 0x000000074c400000, 0x000000074c400000| Complete 
|  99|0x000000074c600000, 0x000000074c800000, 0x000000074c800000|100%| E|CS|TAMS 0x000000074c600000, 0x000000074c600000| Complete 
| 100|0x000000074c800000, 0x000000074ca00000, 0x000000074ca00000|100%| E|CS|TAMS 0x000000074c800000, 0x000000074c800000| Complete 
| 101|0x000000074ca00000, 0x000000074cc00000, 0x000000074cc00000|100%| E|CS|TAMS 0x000000074ca00000, 0x000000074ca00000| Complete 
| 102|0x000000074cc00000, 0x000000074ce00000, 0x000000074ce00000|100%| E|CS|TAMS 0x000000074cc00000, 0x000000074cc00000| Complete 
| 103|0x000000074ce00000, 0x000000074d000000, 0x000000074d000000|100%| E|CS|TAMS 0x000000074ce00000, 0x000000074ce00000| Complete 
| 104|0x000000074d000000, 0x000000074d200000, 0x000000074d200000|100%| E|CS|TAMS 0x000000074d000000, 0x000000074d000000| Complete 
| 105|0x000000074d200000, 0x000000074d400000, 0x000000074d400000|100%| E|CS|TAMS 0x000000074d200000, 0x000000074d200000| Complete 
| 106|0x000000074d400000, 0x000000074d600000, 0x000000074d600000|100%| E|CS|TAMS 0x000000074d400000, 0x000000074d400000| Complete 
| 107|0x000000074d600000, 0x000000074d800000, 0x000000074d800000|100%| E|CS|TAMS 0x000000074d600000, 0x000000074d600000| Complete 
| 108|0x000000074d800000, 0x000000074da00000, 0x000000074da00000|100%| E|CS|TAMS 0x000000074d800000, 0x000000074d800000| Complete 
| 109|0x000000074da00000, 0x000000074dc00000, 0x000000074dc00000|100%| E|CS|TAMS 0x000000074da00000, 0x000000074da00000| Complete 
| 110|0x000000074dc00000, 0x000000074de00000, 0x000000074de00000|100%| E|CS|TAMS 0x000000074dc00000, 0x000000074dc00000| Complete 
| 111|0x000000074de00000, 0x000000074e000000, 0x000000074e000000|100%| E|CS|TAMS 0x000000074de00000, 0x000000074de00000| Complete 
| 112|0x000000074e000000, 0x000000074e200000, 0x000000074e200000|100%| E|CS|TAMS 0x000000074e000000, 0x000000074e000000| Complete 
| 113|0x000000074e200000, 0x000000074e400000, 0x000000074e400000|100%| E|CS|TAMS 0x000000074e200000, 0x000000074e200000| Complete 
| 114|0x000000074e400000, 0x000000074e600000, 0x000000074e600000|100%| E|CS|TAMS 0x000000074e400000, 0x000000074e400000| Complete 
| 115|0x000000074e600000, 0x000000074e800000, 0x000000074e800000|100%| E|CS|TAMS 0x000000074e600000, 0x000000074e600000| Complete 
| 116|0x000000074e800000, 0x000000074ea00000, 0x000000074ea00000|100%| E|CS|TAMS 0x000000074e800000, 0x000000074e800000| Complete 
| 117|0x000000074ea00000, 0x000000074ec00000, 0x000000074ec00000|100%| E|CS|TAMS 0x000000074ea00000, 0x000000074ea00000| Complete 
| 118|0x000000074ec00000, 0x000000074ee00000, 0x000000074ee00000|100%| E|CS|TAMS 0x000000074ec00000, 0x000000074ec00000| Complete 
| 119|0x000000074ee00000, 0x000000074f000000, 0x000000074f000000|100%| E|CS|TAMS 0x000000074ee00000, 0x000000074ee00000| Complete 
| 120|0x000000074f000000, 0x000000074f200000, 0x000000074f200000|100%| E|CS|TAMS 0x000000074f000000, 0x000000074f000000| Complete 
| 121|0x000000074f200000, 0x000000074f400000, 0x000000074f400000|100%| E|CS|TAMS 0x000000074f200000, 0x000000074f200000| Complete 
| 122|0x000000074f400000, 0x000000074f600000, 0x000000074f600000|100%| E|CS|TAMS 0x000000074f400000, 0x000000074f400000| Complete 
| 123|0x000000074f600000, 0x000000074f800000, 0x000000074f800000|100%| E|CS|TAMS 0x000000074f600000, 0x000000074f600000| Complete 
| 124|0x000000074f800000, 0x000000074fa00000, 0x000000074fa00000|100%| E|CS|TAMS 0x000000074f800000, 0x000000074f800000| Complete 
| 125|0x000000074fa00000, 0x000000074fc00000, 0x000000074fc00000|100%| E|CS|TAMS 0x000000074fa00000, 0x000000074fa00000| Complete 
| 126|0x000000074fc00000, 0x000000074fe00000, 0x000000074fe00000|100%| E|CS|TAMS 0x000000074fc00000, 0x000000074fc00000| Complete 
| 127|0x000000074fe00000, 0x0000000750000000, 0x0000000750000000|100%| E|CS|TAMS 0x000000074fe00000, 0x000000074fe00000| Complete 
| 128|0x0000000750000000, 0x0000000750200000, 0x0000000750200000|100%| E|CS|TAMS 0x0000000750000000, 0x0000000750000000| Complete 
| 129|0x0000000750200000, 0x0000000750400000, 0x0000000750400000|100%| E|CS|TAMS 0x0000000750200000, 0x0000000750200000| Complete 
| 130|0x0000000750400000, 0x0000000750600000, 0x0000000750600000|100%| E|CS|TAMS 0x0000000750400000, 0x0000000750400000| Complete 
| 131|0x0000000750600000, 0x0000000750800000, 0x0000000750800000|100%| E|CS|TAMS 0x0000000750600000, 0x0000000750600000| Complete 
| 132|0x0000000750800000, 0x0000000750a00000, 0x0000000750a00000|100%| E|CS|TAMS 0x0000000750800000, 0x0000000750800000| Complete 
| 133|0x0000000750a00000, 0x0000000750c00000, 0x0000000750c00000|100%| E|CS|TAMS 0x0000000750a00000, 0x0000000750a00000| Complete 
| 134|0x0000000750c00000, 0x0000000750e00000, 0x0000000750e00000|100%| E|CS|TAMS 0x0000000750c00000, 0x0000000750c00000| Complete 
| 135|0x0000000750e00000, 0x0000000751000000, 0x0000000751000000|100%| E|CS|TAMS 0x0000000750e00000, 0x0000000750e00000| Complete 
| 136|0x0000000751000000, 0x0000000751200000, 0x0000000751200000|100%| E|CS|TAMS 0x0000000751000000, 0x0000000751000000| Complete 
| 137|0x0000000751200000, 0x0000000751400000, 0x0000000751400000|100%| E|CS|TAMS 0x0000000751200000, 0x0000000751200000| Complete 
| 138|0x0000000751400000, 0x0000000751600000, 0x0000000751600000|100%| E|CS|TAMS 0x0000000751400000, 0x0000000751400000| Complete 
| 139|0x0000000751600000, 0x0000000751800000, 0x0000000751800000|100%| E|CS|TAMS 0x0000000751600000, 0x0000000751600000| Complete 
| 140|0x0000000751800000, 0x0000000751a00000, 0x0000000751a00000|100%| E|CS|TAMS 0x0000000751800000, 0x0000000751800000| Complete 
| 141|0x0000000751a00000, 0x0000000751c00000, 0x0000000751c00000|100%| E|CS|TAMS 0x0000000751a00000, 0x0000000751a00000| Complete 
| 193|0x0000000758200000, 0x0000000758400000, 0x0000000758400000|100%| E|CS|TAMS 0x0000000758200000, 0x0000000758200000| Complete 
| 194|0x0000000758400000, 0x0000000758600000, 0x0000000758600000|100%| E|CS|TAMS 0x0000000758400000, 0x0000000758400000| Complete 
| 195|0x0000000758600000, 0x0000000758800000, 0x0000000758800000|100%| E|CS|TAMS 0x0000000758600000, 0x0000000758600000| Complete 
| 196|0x0000000758800000, 0x0000000758a00000, 0x0000000758a00000|100%| E|CS|TAMS 0x0000000758800000, 0x0000000758800000| Complete 
| 197|0x0000000758a00000, 0x0000000758c00000, 0x0000000758c00000|100%| E|CS|TAMS 0x0000000758a00000, 0x0000000758a00000| Complete 
| 198|0x0000000758c00000, 0x0000000758e00000, 0x0000000758e00000|100%| E|CS|TAMS 0x0000000758c00000, 0x0000000758c00000| Complete 
| 254|0x000000075fc00000, 0x000000075fe00000, 0x000000075fe00000|100%| E|CS|TAMS 0x000000075fc00000, 0x000000075fc00000| Complete 

Card table byte_map: [0x00000173fba70000,0x00000173fc070000] _byte_map_base: 0x00000173f8070000

Marking Bits (Prev, Next): (CMBitMap*) 0x00000173f2c05450, (CMBitMap*) 0x00000173f2c05490
 Prev Bits: [0x00000173fc670000, 0x00000173ff670000)
 Next Bits: [0x000001738f000000, 0x0000017392000000)

Polling page: 0x00000173f0b40000

Metaspace:

Usage:
  Non-class:     47.84 MB used.
      Class:      7.43 MB used.
       Both:     55.27 MB used.

Virtual space:
  Non-class space:       56.00 MB reserved,      48.12 MB ( 86%) committed,  7 nodes.
      Class space:        1.00 GB reserved,       7.69 MB ( <1%) committed,  1 nodes.
             Both:        1.05 GB reserved,      55.81 MB (  5%) committed. 

Chunk freelists:
   Non-Class:  3.75 MB
       Class:  289.00 KB
        Both:  4.03 MB

MaxMetaspaceSize: unlimited
CompressedClassSpaceSize: 1.00 GB
Initial GC threshold: 21.00 MB
Current GC threshold: 58.75 MB
CDS: on
MetaspaceReclaimPolicy: balanced
 - commit_granule_bytes: 65536.
 - commit_granule_words: 8192.
 - virtual_space_node_default_size: 1048576.
 - enlarge_chunks_in_place: 1.
 - new_chunks_are_fully_committed: 0.
 - uncommit_free_chunks: 1.
 - use_allocation_guard: 0.
 - handle_deallocations: 1.


Internal statistics:

num_allocs_failed_limit: 6.
num_arena_births: 586.
num_arena_deaths: 0.
num_vsnodes_births: 8.
num_vsnodes_deaths: 0.
num_space_committed: 893.
num_space_uncommitted: 0.
num_chunks_returned_to_freelist: 6.
num_chunks_taken_from_freelist: 2558.
num_chunk_merges: 6.
num_chunk_splits: 1670.
num_chunks_enlarged: 1097.
num_purges: 0.
num_inconsistent_stats: 0.

CodeHeap 'non-profiled nmethods': size=119168Kb used=5065Kb max_used=5065Kb free=114102Kb
 bounds [0x0000017387ba0000, 0x00000173880a0000, 0x000001738f000000]
CodeHeap 'profiled nmethods': size=119104Kb used=14714Kb max_used=14714Kb free=104389Kb
 bounds [0x0000017380750000, 0x00000173815b0000, 0x0000017387ba0000]
CodeHeap 'non-nmethods': size=7488Kb used=4127Kb max_used=4259Kb free=3361Kb
 bounds [0x0000017380000000, 0x0000017380440000, 0x0000017380750000]
 total_blobs=7868 nmethods=6978 adapters=799
 compilation: enabled
              stopped_count=0, restarted_count=0
 full_count=0

Compilation events (20 events):
Event: 4.262 Thread 0x0000017394b86640 nmethod 7714 0x0000017381598910 code [0x0000017381598aa0, 0x0000017381598c68]
Event: 4.262 Thread 0x0000017394dc7920 nmethod 7708 0x0000017381598d10 code [0x0000017381599180, 0x000001738159b348]
Event: 4.263 Thread 0x000001739d1d5e10 7716 %     4       java.security.AccessControlContext::combine @ 104 (205 bytes)
Event: 4.263 Thread 0x0000017394d97cc0 nmethod 7704 0x000001738159c690 code [0x000001738159cf80, 0x00000173815a2f58]
Event: 4.263 Thread 0x0000017394d97cc0 7717       3       java.util.concurrent.ThreadPoolExecutor$Worker::tryRelease (12 bytes)
Event: 4.263 Thread 0x0000017394dc7920 7718       3       java.util.concurrent.ThreadPoolExecutor$Worker::unlock (7 bytes)
Event: 4.263 Thread 0x0000017394b86640 7719   !   3       org.gradle.internal.operations.DefaultBuildOperationQueue$WorkerRunnable::getNextOperation (51 bytes)
Event: 4.264 Thread 0x0000017394d97cc0 nmethod 7717 0x00000173815a5990 code [0x00000173815a5b20, 0x00000173815a5c98]
Event: 4.264 Thread 0x0000017394d97cc0 7721       3       java.util.LinkedList::pollFirst (19 bytes)
Event: 4.264 Thread 0x0000017394dc7920 nmethod 7718 0x00000173815a5d10 code [0x00000173815a5ec0, 0x00000173815a6148]
Event: 4.264 Thread 0x0000017394dc7920 7720       3       org.gradle.api.internal.artifacts.ivyservice.projectmodule.ProjectDependencyResolver::isProjectModule (5 bytes)
Event: 4.264 Thread 0x0000017394dc7920 nmethod 7720 0x00000173815a6290 code [0x00000173815a6420, 0x00000173815a6658]
Event: 4.264 Thread 0x0000017394d97cc0 nmethod 7721 0x00000173815ac890 code [0x00000173815aca40, 0x00000173815acbe8]
Event: 4.264 Thread 0x0000017394b86640 nmethod 7719 0x00000173815acc90 code [0x00000173815acee0, 0x00000173815adaa8]
Event: 4.264 Thread 0x0000017395a27190 nmethod 7715 0x00000173815a6710 code [0x00000173815a6f20, 0x00000173815ab1a8]
Event: 4.264 Thread 0x0000017395a27190 7722       3       java.nio.file.Path::toFile (36 bytes)
Event: 4.264 Thread 0x0000017395a27190 nmethod 7722 0x00000173815adf10 code [0x00000173815ae120, 0x00000173815ae7d8]
Event: 4.268 Thread 0x000001739d1d5e10 nmethod 7716% 0x000001738808f690 code [0x000001738808f840, 0x000001738808ffb8]
Event: 4.272 Thread 0x000001739d1d53f0 nmethod 7705 0x0000017388090310 code [0x0000017388090540, 0x0000017388091880]
Event: 4.283 Thread 0x000001739d1d5e10 7723       4       java.io.WinNTFileSystem::prefixLength (91 bytes)

GC Heap History (17 events):
Event: 0.264 GC heap before
{Heap before GC invocations=0 (full 0):
 garbage-first heap   total 522240K, used 30720K [0x0000000740000000, 0x0000000800000000)
  region size 2048K, 12 young (24576K), 0 survivors (0K)
 Metaspace       used 3048K, committed 3200K, reserved 1056768K
  class space    used 378K, committed 448K, reserved 1048576K
}
Event: 0.266 GC heap after
{Heap after GC invocations=1 (full 0):
 garbage-first heap   total 522240K, used 9977K [0x0000000740000000, 0x0000000800000000)
  region size 2048K, 2 young (4096K), 2 survivors (4096K)
 Metaspace       used 3048K, committed 3200K, reserved 1056768K
  class space    used 378K, committed 448K, reserved 1048576K
}
Event: 0.398 GC heap before
{Heap before GC invocations=1 (full 0):
 garbage-first heap   total 522240K, used 34553K [0x0000000740000000, 0x0000000800000000)
  region size 2048K, 15 young (30720K), 2 survivors (4096K)
 Metaspace       used 3958K, committed 4160K, reserved 1056768K
  class space    used 474K, committed 576K, reserved 1048576K
}
Event: 0.400 GC heap after
{Heap after GC invocations=2 (full 0):
 garbage-first heap   total 522240K, used 13982K [0x0000000740000000, 0x0000000800000000)
  region size 2048K, 2 young (4096K), 2 survivors (4096K)
 Metaspace       used 3958K, committed 4160K, reserved 1056768K
  class space    used 474K, committed 576K, reserved 1048576K
}
Event: 1.233 GC heap before
{Heap before GC invocations=2 (full 0):
 garbage-first heap   total 522240K, used 122526K [0x0000000740000000, 0x0000000800000000)
  region size 2048K, 56 young (114688K), 2 survivors (4096K)
 Metaspace       used 21255K, committed 21504K, reserved 1073152K
  class space    used 3125K, committed 3264K, reserved 1048576K
}
Event: 1.236 GC heap after
{Heap after GC invocations=3 (full 0):
 garbage-first heap   total 522240K, used 21447K [0x0000000740000000, 0x0000000800000000)
  region size 2048K, 6 young (12288K), 6 survivors (12288K)
 Metaspace       used 21255K, committed 21504K, reserved 1073152K
  class space    used 3125K, committed 3264K, reserved 1048576K
}
Event: 1.558 GC heap before
{Heap before GC invocations=4 (full 0):
 garbage-first heap   total 81920K, used 62407K [0x0000000740000000, 0x0000000800000000)
  region size 2048K, 28 young (57344K), 6 survivors (12288K)
 Metaspace       used 29154K, committed 29504K, reserved 1081344K
  class space    used 4060K, committed 4224K, reserved 1048576K
}
Event: 1.562 GC heap after
{Heap after GC invocations=5 (full 0):
 garbage-first heap   total 86016K, used 26622K [0x0000000740000000, 0x0000000800000000)
  region size 2048K, 7 young (14336K), 7 survivors (14336K)
 Metaspace       used 29154K, committed 29504K, reserved 1081344K
  class space    used 4060K, committed 4224K, reserved 1048576K
}
Event: 1.757 GC heap before
{Heap before GC invocations=5 (full 0):
 garbage-first heap   total 86016K, used 57342K [0x0000000740000000, 0x0000000800000000)
  region size 2048K, 22 young (45056K), 7 survivors (14336K)
 Metaspace       used 32118K, committed 32512K, reserved 1081344K
  class space    used 4390K, committed 4544K, reserved 1048576K
}
Event: 1.760 GC heap after
{Heap after GC invocations=6 (full 0):
 garbage-first heap   total 86016K, used 28807K [0x0000000740000000, 0x0000000800000000)
  region size 2048K, 2 young (4096K), 2 survivors (4096K)
 Metaspace       used 32118K, committed 32512K, reserved 1081344K
  class space    used 4390K, committed 4544K, reserved 1048576K
}
Event: 1.973 GC heap before
{Heap before GC invocations=6 (full 0):
 garbage-first heap   total 86016K, used 55431K [0x0000000740000000, 0x0000000800000000)
  region size 2048K, 16 young (32768K), 2 survivors (4096K)
 Metaspace       used 35579K, committed 35968K, reserved 1081344K
  class space    used 4935K, committed 5120K, reserved 1048576K
}
Event: 1.974 GC heap after
{Heap after GC invocations=7 (full 0):
 garbage-first heap   total 86016K, used 30099K [0x0000000740000000, 0x0000000800000000)
  region size 2048K, 3 young (6144K), 3 survivors (6144K)
 Metaspace       used 35579K, committed 35968K, reserved 1081344K
  class space    used 4935K, committed 5120K, reserved 1048576K
}
Event: 2.133 GC heap before
{Heap before GC invocations=8 (full 0):
 garbage-first heap   total 86016K, used 60819K [0x0000000740000000, 0x0000000800000000)
  region size 2048K, 18 young (36864K), 3 survivors (6144K)
 Metaspace       used 37184K, committed 37632K, reserved 1081344K
  class space    used 5080K, committed 5312K, reserved 1048576K
}
Event: 2.136 GC heap after
{Heap after GC invocations=9 (full 0):
 garbage-first heap   total 86016K, used 32522K [0x0000000740000000, 0x0000000800000000)
  region size 2048K, 3 young (6144K), 3 survivors (6144K)
 Metaspace       used 37184K, committed 37632K, reserved 1081344K
  class space    used 5080K, committed 5312K, reserved 1048576K
}
Event: 2.497 GC heap before
{Heap before GC invocations=9 (full 0):
 garbage-first heap   total 86016K, used 65290K [0x0000000740000000, 0x0000000800000000)
  region size 2048K, 18 young (36864K), 3 survivors (6144K)
 Metaspace       used 41447K, committed 41920K, reserved 1089536K
  class space    used 5638K, committed 5888K, reserved 1048576K
}
Event: 2.499 GC heap after
{Heap after GC invocations=10 (full 0):
 garbage-first heap   total 305152K, used 38359K [0x0000000740000000, 0x0000000800000000)
  region size 2048K, 3 young (6144K), 3 survivors (6144K)
 Metaspace       used 41447K, committed 41920K, reserved 1089536K
  class space    used 5638K, committed 5888K, reserved 1048576K
}
Event: 4.283 GC heap before
{Heap before GC invocations=10 (full 0):
 garbage-first heap   total 305152K, used 265687K [0x0000000740000000, 0x0000000800000000)
  region size 2048K, 81 young (165888K), 3 survivors (6144K)
 Metaspace       used 56596K, committed 57152K, reserved 1105920K
  class space    used 7605K, committed 7872K, reserved 1048576K
}

Deoptimization events (20 events):
Event: 4.255 Thread 0x000001739d421c60 DEOPT PACKING pc=0x0000017381307fc4 sp=0x00000065a33f8c80
Event: 4.255 Thread 0x000001739d421c60 DEOPT UNPACKING pc=0x0000017380052b43 sp=0x00000065a33f8168 mode 1
Event: 4.255 Thread 0x000001739d421c60 DEOPT PACKING pc=0x000001738088eacc sp=0x00000065a33f8a60
Event: 4.255 Thread 0x000001739d421c60 DEOPT UNPACKING pc=0x0000017380052b43 sp=0x00000065a33f7e98 mode 1
Event: 4.255 Thread 0x000001739d421c60 DEOPT PACKING pc=0x0000017381307fc4 sp=0x00000065a33f8b30
Event: 4.255 Thread 0x000001739d421c60 DEOPT UNPACKING pc=0x0000017380052b43 sp=0x00000065a33f8018 mode 1
Event: 4.255 Thread 0x000001739d421c60 DEOPT PACKING pc=0x000001738088e2a9 sp=0x00000065a33f8af0
Event: 4.255 Thread 0x000001739d421c60 DEOPT UNPACKING pc=0x0000017380052b43 sp=0x00000065a33f7fa8 mode 1
Event: 4.255 Thread 0x000001739d421c60 DEOPT PACKING pc=0x00000173809bc5f4 sp=0x00000065a33f8c10
Event: 4.255 Thread 0x000001739d421c60 DEOPT UNPACKING pc=0x0000017380052b43 sp=0x00000065a33f80b8 mode 1
Event: 4.255 Thread 0x000001739d421c60 DEOPT PACKING pc=0x0000017381307fc4 sp=0x00000065a33f8c80
Event: 4.255 Thread 0x000001739d421c60 DEOPT UNPACKING pc=0x0000017380052b43 sp=0x00000065a33f8168 mode 1
Event: 4.256 Thread 0x000001739d425150 DEOPT PACKING pc=0x0000017380ba406f sp=0x00000065a39fcd10
Event: 4.256 Thread 0x000001739d425150 DEOPT UNPACKING pc=0x0000017380052b43 sp=0x00000065a39fc290 mode 0
Event: 4.261 Thread 0x000001739d41f5e0 DEOPT PACKING pc=0x0000017380ba406f sp=0x00000065a36fd8b0
Event: 4.261 Thread 0x000001739d41f5e0 DEOPT UNPACKING pc=0x0000017380052b43 sp=0x00000065a36fce30 mode 0
Event: 4.264 Thread 0x000001739d422600 Uncommon trap: trap_request=0xffffff45 fr.pc=0x000001738808e944 relative=0x0000000000000144
Event: 4.264 Thread 0x000001739d422600 Uncommon trap: reason=unstable_if action=reinterpret pc=0x000001738808e944 method=java.util.concurrent.locks.ReentrantLock$NonfairSync.tryAcquire(I)Z @ 13 c2
Event: 4.264 Thread 0x000001739d422600 DEOPT PACKING pc=0x000001738808e944 sp=0x00000065a3dfd890
Event: 4.264 Thread 0x000001739d422600 DEOPT UNPACKING pc=0x00000173800523a3 sp=0x00000065a3dfd840 mode 2

Classes unloaded (0 events):
No events

Classes redefined (0 events):
No events

Internal exceptions (20 events):
Event: 3.755 Thread 0x00000173964c0a00 Exception <a 'java/lang/ClassNotFoundException'{0x000000074cc49e58}: org/gradle/api/publish/internal/DefaultPublicationContainerCustomizer> (0x000000074cc49e58) 
thrown [e:\jenkins\tmp\workspace\build\src\src\hotspot\share\classfile\systemDictionary.cpp, line 256]
Event: 3.755 Thread 0x00000173964c0a00 Exception <a 'java/lang/ClassNotFoundException'{0x000000074cc6c840}: org/gradle/api/publish/internal/DefaultPublicationContainer_DecoratedCustomizer> (0x000000074cc6c840) 
thrown [e:\jenkins\tmp\workspace\build\src\src\hotspot\share\classfile\systemDictionary.cpp, line 256]
Event: 3.792 Thread 0x00000173964c0a00 Exception <a 'java/lang/ClassNotFoundException'{0x000000074c8d2910}: org/gradle/api/publish/maven/internal/publication/DefaultMavenPublication_DecoratedBeanInfo> (0x000000074c8d2910) 
thrown [e:\jenkins\tmp\workspace\build\src\src\hotspot\share\classfile\systemDictionary.cpp, line 256]
Event: 3.793 Thread 0x00000173964c0a00 Exception <a 'java/lang/ClassNotFoundException'{0x000000074c8eb0c8}: org/gradle/api/publish/maven/internal/publication/DefaultMavenPublicationBeanInfo> (0x000000074c8eb0c8) 
thrown [e:\jenkins\tmp\workspace\build\src\src\hotspot\share\classfile\systemDictionary.cpp, line 256]
Event: 3.794 Thread 0x00000173964c0a00 Exception <a 'java/lang/ClassNotFoundException'{0x000000074c903ae8}: org/gradle/api/publish/maven/internal/publication/DefaultMavenPublicationCustomizer> (0x000000074c903ae8) 
thrown [e:\jenkins\tmp\workspace\build\src\src\hotspot\share\classfile\systemDictionary.cpp, line 256]
Event: 3.795 Thread 0x00000173964c0a00 Exception <a 'java/lang/ClassNotFoundException'{0x000000074c950a80}: org/gradle/api/publish/maven/internal/publication/DefaultMavenPublication_DecoratedCustomizer> (0x000000074c950a80) 
thrown [e:\jenkins\tmp\workspace\build\src\src\hotspot\share\classfile\systemDictionary.cpp, line 256]
Event: 3.835 Thread 0x000001739d58aef0 Implicit null exception at 0x0000017387d9b9fe to 0x0000017387d9bca8
Event: 3.839 Thread 0x000001739d588870 Implicit null exception at 0x0000017387dad7ce to 0x0000017387dad800
Event: 3.859 Thread 0x000001739d58a550 Exception <a 'java/lang/NoSuchMethodError'{0x000000074c106c78}: 'void java.lang.invoke.DirectMethodHandle$Holder.invokeStatic(java.lang.Object, long)'> (0x000000074c106c78) 
thrown [e:\jenkins\tmp\workspace\build\src\src\hotspot\share\interpreter\linkResolver.cpp, line 766]
Event: 3.859 Thread 0x000001739d58a550 Exception <a 'java/lang/NoSuchMethodError'{0x000000074c10c2c8}: 'java.lang.Object java.lang.invoke.DirectMethodHandle$Holder.newInvokeSpecial(java.lang.Object, long)'> (0x000000074c10c2c8) 
thrown [e:\jenkins\tmp\workspace\build\src\src\hotspot\share\interpreter\linkResolver.cpp, line 766]
Event: 3.860 Thread 0x000001739d58a550 Exception <a 'java/lang/NoSuchMethodError'{0x000000074c112e00}: 'java.lang.Object java.lang.invoke.DirectMethodHandle$Holder.invokeStatic(java.lang.Object, java.lang.Object, long, java.lang.Object)'> (0x000000074c112e00) 
thrown [e:\jenkins\tmp\workspace\build\src\src\hotspot\share\interpreter\linkResolver.cpp, line 766]
Event: 3.860 Thread 0x000001739d58a550 Exception <a 'java/lang/NoSuchMethodError'{0x000000074c116898}: 'java.lang.Object java.lang.invoke.DirectMethodHandle$Holder.invokeStaticInit(java.lang.Object, java.lang.Object, long, java.lang.Object)'> (0x000000074c116898) 
thrown [e:\jenkins\tmp\workspace\build\src\src\hotspot\share\interpreter\linkResolver.cpp, line 766]
Event: 3.860 Thread 0x000001739d58a550 Exception <a 'java/lang/NoSuchMethodError'{0x000000074c11cea8}: 'java.lang.Object java.lang.invoke.DirectMethodHandle$Holder.newInvokeSpecial(java.lang.Object, java.lang.Object, long)'> (0x000000074c11cea8) 
thrown [e:\jenkins\tmp\workspace\build\src\src\hotspot\share\interpreter\linkResolver.cpp, line 766]
Event: 3.860 Thread 0x000001739d58a550 Exception <a 'java/lang/NoSuchMethodError'{0x000000074c121020}: 'java.lang.Object java.lang.invoke.Invokers$Holder.linkToTargetMethod(java.lang.Object, long, java.lang.Object)'> (0x000000074c121020) 
thrown [e:\jenkins\tmp\workspace\build\src\src\hotspot\share\interpreter\linkResolver.cpp, line 766]
Event: 3.942 Thread 0x00000173964c0a00 Exception <a 'java/lang/NoSuchMethodError'{0x000000074bcb5340}: 'void java.lang.invoke.DirectMethodHandle$Holder.invokeInterface(java.lang.Object, java.lang.Object)'> (0x000000074bcb5340) 
thrown [e:\jenkins\tmp\workspace\build\src\src\hotspot\share\interpreter\linkResolver.cpp, line 766]
Event: 4.056 Thread 0x00000173964c0a00 Exception <a 'sun/nio/fs/WindowsException'{0x000000074add6880}> (0x000000074add6880) 
thrown [e:\jenkins\tmp\workspace\build\src\src\hotspot\share\prims\jni.cpp, line 516]
Event: 4.056 Thread 0x00000173964c0a00 Exception <a 'sun/nio/fs/WindowsException'{0x000000074add6c08}> (0x000000074add6c08) 
thrown [e:\jenkins\tmp\workspace\build\src\src\hotspot\share\prims\jni.cpp, line 516]
Event: 4.081 Thread 0x00000173964c0a00 Implicit null exception at 0x0000017387d4cc3e to 0x0000017387d4d4b4
Event: 4.130 Thread 0x00000173964c0a00 Implicit null exception at 0x0000017387d01377 to 0x0000017387d019ec
Event: 4.132 Thread 0x00000173964c0a00 Implicit null exception at 0x0000017387c017f7 to 0x0000017387c01e18

VM Operations (20 events):
Event: 3.997 Executing VM operation: HandshakeAllThreads done
Event: 4.008 Executing VM operation: HandshakeAllThreads
Event: 4.008 Executing VM operation: HandshakeAllThreads done
Event: 4.058 Executing VM operation: ICBufferFull
Event: 4.058 Executing VM operation: ICBufferFull done
Event: 4.132 Executing VM operation: ICBufferFull
Event: 4.132 Executing VM operation: ICBufferFull done
Event: 4.157 Executing VM operation: HandshakeAllThreads
Event: 4.157 Executing VM operation: HandshakeAllThreads done
Event: 4.158 Executing VM operation: HandshakeAllThreads
Event: 4.158 Executing VM operation: HandshakeAllThreads done
Event: 4.170 Executing VM operation: HandshakeAllThreads
Event: 4.170 Executing VM operation: HandshakeAllThreads done
Event: 4.229 Executing VM operation: ICBufferFull
Event: 4.229 Executing VM operation: ICBufferFull done
Event: 4.230 Executing VM operation: HandshakeAllThreads
Event: 4.230 Executing VM operation: HandshakeAllThreads done
Event: 4.254 Executing VM operation: HandshakeAllThreads
Event: 4.254 Executing VM operation: HandshakeAllThreads done
Event: 4.283 Executing VM operation: G1CollectForAllocation

Events (20 events):
Event: 4.260 Thread 0x00000173a0f03210 Thread added: 0x00000173a0f03210
Event: 4.260 Thread 0x00000173a0f04550 Thread added: 0x00000173a0f04550
Event: 4.261 Thread 0x00000173a0f05d60 Thread added: 0x00000173a0f05d60
Event: 4.261 Thread 0x00000173a0f04a20 Thread added: 0x00000173a0f04a20
Event: 4.261 Thread 0x00000173a0f04ef0 Thread added: 0x00000173a0f04ef0
Event: 4.262 Thread 0x00000173a0f02870 Thread added: 0x00000173a0f02870
Event: 4.262 Thread 0x00000173a0f08d80 Thread added: 0x00000173a0f08d80
Event: 4.262 Thread 0x00000173a0f083e0 Thread added: 0x00000173a0f083e0
Event: 4.263 Thread 0x00000173a0f09250 Thread added: 0x00000173a0f09250
Event: 4.263 Thread 0x00000173a0f06bd0 Thread added: 0x00000173a0f06bd0
Event: 4.263 Thread 0x00000173a0f0a0c0 Thread added: 0x00000173a0f0a0c0
Event: 4.263 Thread 0x00000173a0f070a0 Thread added: 0x00000173a0f070a0
Event: 4.263 Thread 0x00000173a0c02750 Thread added: 0x00000173a0c02750
Event: 4.263 Thread 0x00000173a0c06ab0 Thread added: 0x00000173a0c06ab0
Event: 4.263 Thread 0x00000173a0c005a0 Thread added: 0x00000173a0c005a0
Event: 4.263 Thread 0x00000173a0c01db0 Thread added: 0x00000173a0c01db0
Event: 4.263 Thread 0x00000173a0c00a70 Thread added: 0x00000173a0c00a70
Event: 4.263 Thread 0x00000173a0c030f0 Thread added: 0x00000173a0c030f0
Event: 4.263 Thread 0x00000173a0c01410 Thread added: 0x00000173a0c01410
Event: 4.263 Thread 0x00000173a0c000d0 Thread added: 0x00000173a0c000d0


Dynamic libraries:
0x00007ff77cc90000 - 0x00007ff77cc9e000 	C:\Program Files\Eclipse Adoptium\jdk-17.0.3.7-hotspot\bin\java.exe
0x00007fff60170000 - 0x00007fff60368000 	C:\windows\SYSTEM32\ntdll.dll
0x00007fff5f530000 - 0x00007fff5f5ed000 	C:\windows\System32\KERNEL32.DLL
0x00007fff5dc90000 - 0x00007fff5df5e000 	C:\windows\System32\KERNELBASE.dll
0x00007fff5d890000 - 0x00007fff5d990000 	C:\windows\System32\ucrtbase.dll
0x00007fff43160000 - 0x00007fff43179000 	C:\Program Files\Eclipse Adoptium\jdk-17.0.3.7-hotspot\bin\VCRUNTIME140.dll
0x00007fff47000000 - 0x00007fff47018000 	C:\Program Files\Eclipse Adoptium\jdk-17.0.3.7-hotspot\bin\jli.dll
0x00007fff5eb90000 - 0x00007fff5ed30000 	C:\windows\System32\USER32.dll
0x00007fff5e1a0000 - 0x00007fff5e1c2000 	C:\windows\System32\win32u.dll
0x00007fff5e970000 - 0x00007fff5e99a000 	C:\windows\System32\GDI32.dll
0x00007fff5cca0000 - 0x00007fff5cf3a000 	C:\windows\WinSxS\amd64_microsoft.windows.common-controls_6595b64144ccf1df_6.0.19041.1110_none_60b5254171f9507e\COMCTL32.dll
0x00007fff5da20000 - 0x00007fff5db2b000 	C:\windows\System32\gdi32full.dll
0x00007fff5e060000 - 0x00007fff5e0fd000 	C:\windows\System32\msvcp_win.dll
0x00007fff5e830000 - 0x00007fff5e8ce000 	C:\windows\System32\msvcrt.dll
0x00007fff5f930000 - 0x00007fff5f960000 	C:\windows\System32\IMM32.DLL
0x00007fff47360000 - 0x00007fff4736c000 	C:\Program Files\Eclipse Adoptium\jdk-17.0.3.7-hotspot\bin\vcruntime140_1.dll
0x00007fff430c0000 - 0x00007fff43151000 	C:\Program Files\Eclipse Adoptium\jdk-17.0.3.7-hotspot\bin\msvcp140.dll
0x00007ffed2650000 - 0x00007ffed3298000 	C:\Program Files\Eclipse Adoptium\jdk-17.0.3.7-hotspot\bin\server\jvm.dll
0x00007fff5e310000 - 0x00007fff5e3be000 	C:\windows\System32\ADVAPI32.dll
0x00007fff5e8d0000 - 0x00007fff5e96c000 	C:\windows\System32\sechost.dll
0x00007fff5f650000 - 0x00007fff5f775000 	C:\windows\System32\RPCRT4.dll
0x00007fff5eb80000 - 0x00007fff5eb88000 	C:\windows\System32\PSAPI.DLL
0x00007fff58cc0000 - 0x00007fff58cc9000 	C:\windows\SYSTEM32\WSOCK32.dll
0x00007fff5fd80000 - 0x00007fff5fdeb000 	C:\windows\System32\WS2_32.dll
0x00007fff527b0000 - 0x00007fff527d7000 	C:\windows\SYSTEM32\WINMM.dll
0x00007fff5a3f0000 - 0x00007fff5a3fa000 	C:\windows\SYSTEM32\VERSION.dll
0x00007fff5baf0000 - 0x00007fff5bb02000 	C:\windows\SYSTEM32\kernel.appcore.dll
0x00007fff46ff0000 - 0x00007fff46ffa000 	C:\Program Files\Eclipse Adoptium\jdk-17.0.3.7-hotspot\bin\jimage.dll
0x00007fff5d240000 - 0x00007fff5d424000 	C:\windows\SYSTEM32\DBGHELP.DLL
0x00007fff5d070000 - 0x00007fff5d09c000 	C:\windows\SYSTEM32\dbgcore.DLL
0x00007fff5d990000 - 0x00007fff5da12000 	C:\windows\System32\bcryptPrimitives.dll
0x00007fff58dc0000 - 0x00007fff58dfb000 	C:\Program Files\Eclipse Adoptium\jdk-17.0.3.7-hotspot\bin\jdwp.dll
0x00007fff42d60000 - 0x00007fff42d85000 	C:\Program Files\Eclipse Adoptium\jdk-17.0.3.7-hotspot\bin\java.dll
0x00007fff42c80000 - 0x00007fff42d56000 	C:\Program Files\Eclipse Adoptium\jdk-17.0.3.7-hotspot\bin\jsvml.dll
0x00007fff5edc0000 - 0x00007fff5f504000 	C:\windows\System32\SHELL32.dll
0x00007fff5b340000 - 0x00007fff5bad4000 	C:\windows\SYSTEM32\windows.storage.dll
0x00007fff5f9c0000 - 0x00007fff5fd14000 	C:\windows\System32\combase.dll
0x00007fff5cc00000 - 0x00007fff5cc30000 	C:\windows\SYSTEM32\Wldp.dll
0x00007fff5e9b0000 - 0x00007fff5ea5d000 	C:\windows\System32\SHCORE.dll
0x00007fff5fd20000 - 0x00007fff5fd75000 	C:\windows\System32\shlwapi.dll
0x00007fff5d7d0000 - 0x00007fff5d7ef000 	C:\windows\SYSTEM32\profapi.dll
0x00007fff58db0000 - 0x00007fff58dbc000 	C:\Program Files\Eclipse Adoptium\jdk-17.0.3.7-hotspot\bin\dt_socket.dll
0x00007fff5c650000 - 0x00007fff5c68b000 	C:\windows\SYSTEM32\IPHLPAPI.DLL
0x00007fff5c960000 - 0x00007fff5c9ca000 	C:\windows\system32\mswsock.dll
0x00007fff42c60000 - 0x00007fff42c79000 	C:\Program Files\Eclipse Adoptium\jdk-17.0.3.7-hotspot\bin\net.dll
0x00007fff546e0000 - 0x00007fff547ea000 	C:\windows\SYSTEM32\WINHTTP.dll
0x00007fff42c40000 - 0x00007fff42c55000 	C:\Program Files\Eclipse Adoptium\jdk-17.0.3.7-hotspot\bin\nio.dll
0x00007fff42c20000 - 0x00007fff42c38000 	C:\Program Files\Eclipse Adoptium\jdk-17.0.3.7-hotspot\bin\zip.dll
0x00007fff44900000 - 0x00007fff44910000 	C:\Program Files\Eclipse Adoptium\jdk-17.0.3.7-hotspot\bin\verify.dll
0x00007fff42bd0000 - 0x00007fff42bf7000 	C:\Users\joefo\.gradle\native\e1d6ef7f7dcc3fd88c89a11ec53ec762bb8ba0a96d01ffa2cd45eb1d1d8dd5c5\windows-amd64\native-platform.dll
0x00007fff3da00000 - 0x00007fff3db44000 	C:\Users\joefo\.gradle\native\5664cfc778a61ccfe75a443a1ab52a65af34e5dc3c78e0209fed803814484fcb\windows-amd64\native-platform-file-events.dll
0x00007fff58d00000 - 0x00007fff58d09000 	C:\Program Files\Eclipse Adoptium\jdk-17.0.3.7-hotspot\bin\management.dll
0x00007fff58cf0000 - 0x00007fff58cfb000 	C:\Program Files\Eclipse Adoptium\jdk-17.0.3.7-hotspot\bin\management_ext.dll
0x00007fff5d620000 - 0x00007fff5d638000 	C:\windows\SYSTEM32\CRYPTSP.dll
0x00007fff5c300000 - 0x00007fff5c334000 	C:\windows\system32\rsaenh.dll
0x00007fff5e100000 - 0x00007fff5e127000 	C:\windows\System32\bcrypt.dll
0x00007fff5d790000 - 0x00007fff5d7be000 	C:\windows\SYSTEM32\USERENV.dll
0x00007fff5cbf0000 - 0x00007fff5cbfc000 	C:\windows\SYSTEM32\CRYPTBASE.dll
0x00007fff5fff0000 - 0x00007fff5fff8000 	C:\windows\System32\NSI.dll
0x00007fff56ad0000 - 0x00007fff56ae7000 	C:\windows\SYSTEM32\dhcpcsvc6.DLL
0x00007fff56ab0000 - 0x00007fff56acd000 	C:\windows\SYSTEM32\dhcpcsvc.DLL
0x00007fff5c690000 - 0x00007fff5c75b000 	C:\windows\SYSTEM32\DNSAPI.dll
0x00007fff42c10000 - 0x00007fff42c1e000 	C:\Program Files\Eclipse Adoptium\jdk-17.0.3.7-hotspot\bin\sunmscapi.dll
0x00007fff5db30000 - 0x00007fff5dc86000 	C:\windows\System32\CRYPT32.dll
0x00007fff5cc70000 - 0x00007fff5cc97000 	C:\windows\SYSTEM32\ncrypt.dll
0x00007fff5cc30000 - 0x00007fff5cc6b000 	C:\windows\SYSTEM32\NTASN1.dll
0x00007fff42c00000 - 0x00007fff42c07000 	C:\windows\system32\wshunix.dll
0x00007fff532c0000 - 0x00007fff532ca000 	C:\Windows\System32\rasadhlp.dll
0x00007fff52e30000 - 0x00007fff52eb0000 	C:\windows\System32\fwpuclnt.dll

dbghelp: loaded successfully - version: 4.0.5 - missing functions: none
symbol engine: initialized successfully - sym options: 0x614 - pdb path: .;C:\Program Files\Eclipse Adoptium\jdk-17.0.3.7-hotspot\bin;C:\windows\SYSTEM32;C:\windows\WinSxS\amd64_microsoft.windows.common-controls_6595b64144ccf1df_6.0.19041.1110_none_60b5254171f9507e;C:\Program Files\Eclipse Adoptium\jdk-17.0.3.7-hotspot\bin\server;C:\Users\joefo\.gradle\native\e1d6ef7f7dcc3fd88c89a11ec53ec762bb8ba0a96d01ffa2cd45eb1d1d8dd5c5\windows-amd64;C:\Users\joefo\.gradle\native\5664cfc778a61ccfe75a443a1ab52a65af34e5dc3c78e0209fed803814484fcb\windows-amd64

VM Arguments:
jvm_args: -agentlib:jdwp=transport=dt_socket,server=n,suspend=y,address=127.0.0.1:64026 --add-opens=java.base/java.util=ALL-UNNAMED --add-opens=java.base/java.lang=ALL-UNNAMED --add-opens=java.base/java.lang.invoke=ALL-UNNAMED --add-opens=java.base/java.util=ALL-UNNAMED --add-opens=java.prefs/java.util.prefs=ALL-UNNAMED --add-opens=java.prefs/java.util.prefs=ALL-UNNAMED --add-opens=java.base/java.nio.charset=ALL-UNNAMED --add-opens=java.base/java.net=ALL-UNNAMED --add-opens=java.base/java.util.concurrent.atomic=ALL-UNNAMED -Xmx3G -Dfile.encoding=windows-1252 -Duser.country=US -Duser.language=en -Duser.variant 
java_command: org.gradle.launcher.daemon.bootstrap.GradleDaemon 7.3
java_class_path (initial): C:\Users\joefo\.gradle\wrapper\dists\gradle-7.3-bin\ddwl0k7mt9g6ak16i1m905vyv\gradle-7.3\lib\gradle-launcher-7.3.jar
Launcher Type: SUN_STANDARD

[Global flags]
     intx CICompilerCount                          = 12                                        {product} {ergonomic}
     uint ConcGCThreads                            = 5                                         {product} {ergonomic}
     uint G1ConcRefinementThreads                  = 18                                        {product} {ergonomic}
   size_t G1HeapRegionSize                         = 2097152                                   {product} {ergonomic}
    uintx GCDrainStackTargetSize                   = 64                                        {product} {ergonomic}
   size_t InitialHeapSize                          = 534773760                                 {product} {ergonomic}
   size_t MarkStackSize                            = 4194304                                   {product} {ergonomic}
   size_t MaxHeapSize                              = 3221225472                                {product} {command line}
   size_t MaxNewSize                               = 1931476992                                {product} {ergonomic}
   size_t MinHeapDeltaBytes                        = 2097152                                   {product} {ergonomic}
   size_t MinHeapSize                              = 8388608                                   {product} {ergonomic}
    uintx NonNMethodCodeHeapSize                   = 7602480                                {pd product} {ergonomic}
    uintx NonProfiledCodeHeapSize                  = 122027880                              {pd product} {ergonomic}
    uintx ProfiledCodeHeapSize                     = 122027880                              {pd product} {ergonomic}
    uintx ReservedCodeCacheSize                    = 251658240                              {pd product} {ergonomic}
     bool SegmentedCodeCache                       = true                                      {product} {ergonomic}
   size_t SoftMaxHeapSize                          = 3221225472                             {manageable} {ergonomic}
     bool UseCompressedClassPointers               = true                           {product lp64_product} {ergonomic}
     bool UseCompressedOops                        = true                           {product lp64_product} {ergonomic}
     bool UseG1GC                                  = true                                      {product} {ergonomic}
     bool UseLargePagesIndividualAllocation        = false                                  {pd product} {ergonomic}

Logging:
Log output configuration:
 #0: stdout all=warning uptime,level,tags
 #1: stderr all=off uptime,level,tags

Environment Variables:
JAVA_HOME=C:\Program Files\Eclipse Adoptium\jdk-17.0.3.7-hotspot\
PATH=C:\Program Files\Common Files\Oracle\Java\javapath;C:\Program Files\Eclipse Adoptium\jdk-17.0.3.7-hotspot\bin;C:\Windows\system32;C:\Windows;C:\Windows\System32\Wbem;C:\Windows\System32\WindowsPowerShell\v1.0\;C:\Windows\System32\OpenSSH\;C:\Program Files (x86)\NVIDIA Corporation\PhysX\Common;C:\Program Files\NVIDIA Corporation\NVIDIA NvDLISR;C:\Program Files\Git\cmd;C:\Users\joefo\AppData\Local\Microsoft\WindowsApps;;C:\Program Files\JetBrains\IntelliJ IDEA Community Edition 2022.1.2\bin;
USERNAME=joefo
OS=Windows_NT
PROCESSOR_IDENTIFIER=Intel64 Family 6 Model 151 Stepping 2, GenuineIntel



---------------  S Y S T E M  ---------------

OS:
 Windows 10 , 64 bit Build 19041 (10.0.19041.1806)
OS uptime: 0 days 3:46 hours

CPU: total 24 (initial active 24) (12 cores per cpu, 2 threads per core) family 6 model 151 stepping 2 microcode 0x12, cx8, cmov, fxsr, ht, mmx, 3dnowpref, sse, sse2, sse3, ssse3, sse4.1, sse4.2, popcnt, lzcnt, tsc, tscinvbit, avx, avx2, aes, erms, clmul, bmi1, bmi2, adx, sha, fma, vzeroupper, clflush, clflushopt, clwb

Memory: 4k page, system-wide physical 32581M (21191M free)
TotalPageFile size 47429M (AvailPageFile size 32515M)
current process WorkingSet (physical memory assigned to process): 598M, peak: 598M
current process commit charge ("private bytes"): 700M, peak: 770M

vm_info: OpenJDK 64-Bit Server VM (17.0.3+7) for windows-amd64 JRE (17.0.3+7), built on Apr 19 2022 16:55:35 by "" with MS VC++ 16.7 (VS2019)

END.
