#
# A fatal error has been detected by the Java Runtime Environment:
#
#  EXCEPTION_ACCESS_VIOLATION (0xc0000005) at pc=0x0000000000000000, pid=21008, tid=7400
#
# JRE version: OpenJDK Runtime Environment Temurin-17.0.3+7 (17.0.3+7) (build 17.0.3+7)
# Java VM: OpenJDK 64-Bit Server VM Temurin-17.0.3+7 (17.0.3+7, mixed mode, sharing, tiered, compressed oops, compressed class ptrs, g1 gc, windows-amd64)
# Problematic frame:
# C  0x0000000000000000
#
# No core dump will be written. Minidumps are not enabled by default on client versions of Windows
#
# If you would like to submit a bug report, please visit:
#   https://github.com/adoptium/adoptium-support/issues
#

---------------  S U M M A R Y ------------

Command Line: --add-opens=java.base/java.util=ALL-UNNAMED --add-opens=java.base/java.lang=ALL-UNNAMED --add-opens=java.base/java.lang.invoke=ALL-UNNAMED --add-opens=java.base/java.util=ALL-UNNAMED --add-opens=java.prefs/java.util.prefs=ALL-UNNAMED --add-opens=java.prefs/java.util.prefs=ALL-UNNAMED --add-opens=java.base/java.nio.charset=ALL-UNNAMED --add-opens=java.base/java.net=ALL-UNNAMED --add-opens=java.base/java.util.concurrent.atomic=ALL-UNNAMED -Xmx3G -Dfile.encoding=windows-1252 -Duser.country=US -Duser.language=en -Duser.variant org.gradle.launcher.daemon.bootstrap.GradleDaemon 7.3

Host: 12th Gen Intel(R) Core(TM) i9-12900KF, 24 cores, 31G,  Windows 10 , 64 bit Build 19041 (10.0.19041.1806)
Time: Mon Jul 25 23:22:14 2022 Mountain Daylight Time elapsed time: 1.090762 seconds (0d 0h 0m 1s)

---------------  T H R E A D  ---------------

Current thread (0x000001c296ee2ee0):  GCTaskThread "GC Thread#7" [stack: 0x000000b91ad00000,0x000000b91ae00000] [id=7400]

Stack: [0x000000b91ad00000,0x000000b91ae00000],  sp=0x000000b91adff7c8,  free space=1021k
Native frames: (J=compiled Java code, j=interpreted, Vv=VM code, C=native code)


siginfo: EXCEPTION_ACCESS_VIOLATION (0xc0000005), data execution prevention violation at address 0x0000000000000000


Register to memory mapping:

RIP=0x0 is NULL
RAX=0x000001c2951aee10 points into unknown readable memory: 0x000000001287821f | 1f 82 87 12 00 00 00 00
RBX=0x0000000000000001 is an unknown value
RCX=0x00000008001969b0 is pointing into metadata
RDX=
[error occurred during error reporting (printing register info), id 0xc0000005, EXCEPTION_ACCESS_VIOLATION (0xc0000005) at pc=0x00007ffa62972341]

Registers:
RAX=0x000001c2951aee10, RBX=0x0000000000000001, RCX=0x00000008001969b0, RDX=0x000000075f211b00
RSP=0x000000b91adff7c8, RBP=0x000000b91adff848, RSI=0x000001c299ff16e0, RDI=0x000001c299ff16e0
R8 =0x0000000000000000, R9 =0x00000008001969b0, R10=0x000000075f211b00, R11=0x0000000757299588
R12=0x000000b91adffb40, R13=0x000000075f211b00, R14=0x00000008001969b0, R15=0x0000000000000000
RIP=0x0000000000000000, EFLAGS=0x0000000000010246

Top of Stack: (sp=0x000000b91adff7c8)
0x000000b91adff7c8:   00007ffa629a5edf 0000000000000000
0x000000b91adff7d8:   0000000000000001 000000b91adff848
0x000000b91adff7e8:   000001c299ff1860 0000000800000000
0x000000b91adff7f8:   0000000800000000 000000075763f0a8
0x000000b91adff808:   0000000800010001 0000000700000000
0x000000b91adff818:   0000000000000001 0000000000000008
0x000000b91adff828:   000000b91adff990 000001c2f3681130
0x000000b91adff838:   000000074085ea00 000001c299ff1860
0x000000b91adff848:   0000000000000000 0000000000000040
0x000000b91adff858:   000001c2f3681130 000000b91adffb40
0x000000b91adff868:   000001c299ff16e0 00000007576a10f4
0x000000b91adff878:   00000007576a10f5 00000000000004dd
0x000000b91adff888:   00007ffa629a6f72 000000075b4f0000
0x000000b91adff898:   0000000000000001 000001c2f3680001
0x000000b91adff8a8:   0000000000000001 000000b91adff930
0x000000b91adff8b8:   0000000000000000 0000000000000300 

Instructions: (pc=0x0000000000000000)
0xffffffffffffff00:   


Stack slot to memory mapping:
stack at sp + 0 slots: 0x00007ffa629a5edf jvm.dll
stack at sp + 1 slots: 0x0 is NULL
stack at sp + 2 slots: 0x0000000000000001 is an unknown value
stack at sp + 3 slots: 0x000000b91adff848 points into unknown readable memory: 0x0000000000000000 | 00 00 00 00 00 00 00 00
stack at sp + 4 slots: 0x000001c299ff1860 points into unknown readable memory: 0x00007ffa62ff6c00 | 00 6c ff 62 fa 7f 00 00
stack at sp + 5 slots: 0x0000000800000000 is pointing into metadata
stack at sp + 6 slots: 0x0000000800000000 is pointing into metadata
stack at sp + 7 slots: 0x000000075763f0a8 is an oop: java.lang.Thread 
{0x000000075763f0a8} - klass: 'java/lang/Thread'
 - ---- fields (total size 46 words):
 - private 'priority' 'I' @12  5
 - private 'eetop' 'J' @16  1935285004224 (97f9a7c0 1c2)
 - private final 'stackSize' 'J' @24  0 (0 0)
 - private final 'tid' 'J' @32  43 (2b 0)
 - private volatile 'threadStatus' 'I' @40  657 (291)
 - private 'daemon' 'Z' @44  false
 - private volatile 'interrupted' 'Z' @45  false
 - private 'stillborn' 'Z' @46  false
 - private volatile 'name' 'Ljava/lang/String;' @48  "jar transforms Thread 2"{0x0000000756c43b60} (ead8876c)
 - private 'target' 'Ljava/lang/Runnable;' @52  a 'org/gradle/internal/concurrent/ThreadFactoryImpl$ManagedThreadRunnable'{0x000000075763f268} (eaec7e4d)
 - private 'group' 'Ljava/lang/ThreadGroup;' @56  a 'java/lang/ThreadGroup'{0x0000000740a131d8} (e814263b)
 - private 'contextClassLoader' 'Ljava/lang/ClassLoader;' @60  a 'org/gradle/internal/classloader/VisitableURLClassLoader'{0x0000000740a07e88} (e8140fd1)
 - private 'inheritedAccessControlContext' 'Ljava/security/AccessControlContext;' @64  a 'java/security/AccessControlContext'{0x0000000756c43af8} (ead8875f)
 - 'threadLocals' 'Ljava/lang/ThreadLocal$ThreadLocalMap;' @68  a 'java/lang/ThreadLocal$ThreadLocalMap'{0x0000000756c43a70} (ead8874e)
 - 'inheritableThreadLocals' 'Ljava/lang/ThreadLocal$ThreadLocalMap;' @72  NULL (0)
 - volatile 'parkBlocker' 'Ljava/lang/Object;' @76  a 'java/util/concurrent/locks/AbstractQueuedSynchronizer$ConditionObject'{0x000000075763bc30} (eaec7786)
 - private volatile 'blocker' 'Lsun/nio/ch/Interruptible;' @80  NULL (0)
 - private final 'blockerLock' 'Ljava/lang/Object;' @84  a 'java/lang/Object'{0x0000000756c43a60} (ead8874c)
 - private volatile 'uncaughtExceptionHandler' 'Ljava/lang/Thread$UncaughtExceptionHandler;' @88  NULL (0)
 - 'threadLocalRandomSeed' 'J' @224  0 (0 0)
 - 'threadLocalRandomProbe' 'I' @232  0
 - 'threadLocalRandomSecondarySeed' 'I' @236  0


---------------  P R O C E S S  ---------------

Threads class SMR info:
_java_thread_list=0x000001c29962b420, length=53, elements={
0x000001c2f366f510, 0x000001c2951bde40, 0x000001c2951bebc0, 0x000001c2951d62e0,
0x000001c2951d9bc0, 0x000001c2951da480, 0x000001c2951dad40, 0x000001c2951db9e0,
0x000001c2951dc390, 0x000001c2951e0cb0, 0x000001c2951fdc80, 0x000001c2959b0590,
0x000001c2959b1070, 0x000001c295a03210, 0x000001c295b19400, 0x000001c296cfe090,
0x000001c296f10690, 0x000001c2976ccc90, 0x000001c298754e50, 0x000001c2991e3250,
0x000001c297673a10, 0x000001c297650500, 0x000001c2977f2c60, 0x000001c298769d40,
0x000001c2977f0de0, 0x000001c2980fd280, 0x000001c297f9b630, 0x000001c297f9b160,
0x000001c297f9bb00, 0x000001c297f9d310, 0x000001c297f9d7e0, 0x000001c297f99e20,
0x000001c297f9c4a0, 0x000001c297f9c970, 0x000001c297f9a2f0, 0x000001c297f9a7c0,
0x000001c297f9ce40, 0x000001c297f9ac90, 0x000001c298719b70, 0x000001c298716680,
0x000001c29871a040, 0x000001c2987161b0, 0x000001c29871a510, 0x000001c298716b50,
0x000001c298718d00, 0x000001c29871a9e0, 0x000001c29871aeb0, 0x000001c29871b380,
0x000001c29871b850, 0x000001c29871bd20, 0x000001c29871c1f0, 0x000001c2987149a0,
0x000001c298714e70
}

Java Threads: ( => current thread )
  0x000001c2f366f510 JavaThread "main" [_thread_blocked, id=9072, stack(0x000000b918f00000,0x000000b919000000)]
  0x000001c2951bde40 JavaThread "Reference Handler" daemon [_thread_blocked, id=1532, stack(0x000000b919600000,0x000000b919700000)]
  0x000001c2951bebc0 JavaThread "Finalizer" daemon [_thread_blocked, id=10080, stack(0x000000b919700000,0x000000b919800000)]
  0x000001c2951d62e0 JavaThread "Signal Dispatcher" daemon [_thread_blocked, id=13520, stack(0x000000b919800000,0x000000b919900000)]
  0x000001c2951d9bc0 JavaThread "Attach Listener" daemon [_thread_blocked, id=11800, stack(0x000000b919900000,0x000000b919a00000)]
  0x000001c2951da480 JavaThread "Service Thread" daemon [_thread_blocked, id=4456, stack(0x000000b919a00000,0x000000b919b00000)]
  0x000001c2951dad40 JavaThread "Monitor Deflation Thread" daemon [_thread_blocked, id=15632, stack(0x000000b919b00000,0x000000b919c00000)]
  0x000001c2951db9e0 JavaThread "C2 CompilerThread0" daemon [_thread_blocked, id=1848, stack(0x000000b919c00000,0x000000b919d00000)]
  0x000001c2951dc390 JavaThread "C1 CompilerThread0" daemon [_thread_blocked, id=3648, stack(0x000000b919d00000,0x000000b919e00000)]
  0x000001c2951e0cb0 JavaThread "Sweeper thread" daemon [_thread_blocked, id=2124, stack(0x000000b919e00000,0x000000b919f00000)]
  0x000001c2951fdc80 JavaThread "C1 CompilerThread1" daemon [_thread_blocked, id=4092, stack(0x000000b919f00000,0x000000b91a000000)]
  0x000001c2959b0590 JavaThread "Common-Cleaner" daemon [_thread_blocked, id=4064, stack(0x000000b91a000000,0x000000b91a100000)]
  0x000001c2959b1070 JavaThread "Notification Thread" daemon [_thread_blocked, id=1956, stack(0x000000b91a100000,0x000000b91a200000)]
  0x000001c295a03210 JavaThread "C2 CompilerThread1" daemon [_thread_in_native, id=13268, stack(0x000000b91a300000,0x000000b91a400000)]
  0x000001c295b19400 JavaThread "C2 CompilerThread2" daemon [_thread_blocked, id=14048, stack(0x000000b91a400000,0x000000b91a500000)]
  0x000001c296cfe090 JavaThread "C1 CompilerThread2" daemon [_thread_blocked, id=16624, stack(0x000000b91a500000,0x000000b91a600000)]
  0x000001c296f10690 JavaThread "C1 CompilerThread3" daemon [_thread_blocked, id=7616, stack(0x000000b91a600000,0x000000b91a700000)]
  0x000001c2976ccc90 JavaThread "C2 CompilerThread3" daemon [_thread_blocked, id=23532, stack(0x000000b91b200000,0x000000b91b300000)]
  0x000001c298754e50 JavaThread "Daemon health stats" [_thread_blocked, id=16500, stack(0x000000b91b300000,0x000000b91b400000)]
  0x000001c2991e3250 JavaThread "Incoming local TCP Connector on port 50958" [_thread_in_native, id=9552, stack(0x000000b91b400000,0x000000b91b500000)]
  0x000001c297673a10 JavaThread "Daemon periodic checks" [_thread_blocked, id=13700, stack(0x000000b91b500000,0x000000b91b600000)]
  0x000001c297650500 JavaThread "Daemon" [_thread_blocked, id=1512, stack(0x000000b91b600000,0x000000b91b700000)]
  0x000001c2977f2c60 JavaThread "Handler for socket connection from /127.0.0.1:50958 to /127.0.0.1:50959" [_thread_in_native, id=6820, stack(0x000000b91b700000,0x000000b91b800000)]
  0x000001c298769d40 JavaThread "Cancel handler" [_thread_blocked, id=17364, stack(0x000000b91b800000,0x000000b91b900000)]
  0x000001c2977f0de0 JavaThread "Daemon worker" [_thread_blocked, id=2288, stack(0x000000b91b900000,0x000000b91ba00000)]
  0x000001c2980fd280 JavaThread "Asynchronous log dispatcher for DefaultDaemonConnection: socket connection from /127.0.0.1:50958 to /127.0.0.1:50959" [_thread_blocked, id=5376, stack(0x000000b91ba00000,0x000000b91bb00000)]
  0x000001c297f9b630 JavaThread "Stdin handler" [_thread_blocked, id=4560, stack(0x000000b91bb00000,0x000000b91bc00000)]
  0x000001c297f9b160 JavaThread "Daemon client event forwarder" [_thread_blocked, id=17236, stack(0x000000b91bc00000,0x000000b91bd00000)]
  0x000001c297f9bb00 JavaThread "Cache worker for journal cache (C:\Users\joefo\.gradle\caches\journal-1)" [_thread_blocked, id=9052, stack(0x000000b91bd00000,0x000000b91be00000)]
  0x000001c297f9d310 JavaThread "File lock request listener" [_thread_in_native, id=12244, stack(0x000000b91be00000,0x000000b91bf00000)]
  0x000001c297f9d7e0 JavaThread "Cache worker for file hash cache (C:\Users\joefo\.gradle\caches\7.3\fileHashes)" [_thread_blocked, id=22968, stack(0x000000b91bf00000,0x000000b91c000000)]
  0x000001c297f99e20 JavaThread "Cache worker for file hash cache (C:\Users\joefo\OneDrive\Desktop\Hexerei\Hexerei-1.18\.gradle\7.3\fileHashes)" [_thread_blocked, id=9772, stack(0x000000b91c000000,0x000000b91c100000)]
  0x000001c297f9c4a0 JavaThread "File watcher server" daemon [_thread_in_native, id=9696, stack(0x000000b91c100000,0x000000b91c200000)]
  0x000001c297f9c970 JavaThread "File watcher consumer" daemon [_thread_blocked, id=8132, stack(0x000000b91c200000,0x000000b91c300000)]
  0x000001c297f9a2f0 JavaThread "jar transforms" [_thread_blocked, id=2248, stack(0x000000b91c300000,0x000000b91c400000)]
  0x000001c297f9a7c0 JavaThread "jar transforms Thread 2" [_thread_blocked, id=19976, stack(0x000000b91c400000,0x000000b91c500000)]
  0x000001c297f9ce40 JavaThread "jar transforms Thread 3" [_thread_blocked, id=22628, stack(0x000000b91c500000,0x000000b91c600000)]
  0x000001c297f9ac90 JavaThread "jar transforms Thread 4" [_thread_blocked, id=22916, stack(0x000000b91c600000,0x000000b91c700000)]
  0x000001c298719b70 JavaThread "jar transforms Thread 5" [_thread_blocked, id=12044, stack(0x000000b91c700000,0x000000b91c800000)]
  0x000001c298716680 JavaThread "jar transforms Thread 6" [_thread_blocked, id=23460, stack(0x000000b91c800000,0x000000b91c900000)]
  0x000001c29871a040 JavaThread "jar transforms Thread 7" [_thread_blocked, id=20904, stack(0x000000b91c900000,0x000000b91ca00000)]
  0x000001c2987161b0 JavaThread "jar transforms Thread 8" [_thread_blocked, id=9924, stack(0x000000b91ca00000,0x000000b91cb00000)]
  0x000001c29871a510 JavaThread "jar transforms Thread 9" [_thread_blocked, id=12220, stack(0x000000b91cb00000,0x000000b91cc00000)]
  0x000001c298716b50 JavaThread "jar transforms Thread 10" [_thread_blocked, id=5388, stack(0x000000b91cc00000,0x000000b91cd00000)]
  0x000001c298718d00 JavaThread "jar transforms Thread 11" [_thread_blocked, id=8200, stack(0x000000b91cd00000,0x000000b91ce00000)]
  0x000001c29871a9e0 JavaThread "jar transforms Thread 12" [_thread_blocked, id=21272, stack(0x000000b91ce00000,0x000000b91cf00000)]
  0x000001c29871aeb0 JavaThread "jar transforms Thread 13" [_thread_blocked, id=3336, stack(0x000000b91cf00000,0x000000b91d000000)]
  0x000001c29871b380 JavaThread "jar transforms Thread 14" [_thread_blocked, id=6080, stack(0x000000b91d000000,0x000000b91d100000)]
  0x000001c29871b850 JavaThread "jar transforms Thread 15" [_thread_blocked, id=23316, stack(0x000000b91d100000,0x000000b91d200000)]
  0x000001c29871bd20 JavaThread "jar transforms Thread 16" [_thread_blocked, id=4288, stack(0x000000b91d200000,0x000000b91d300000)]
  0x000001c29871c1f0 JavaThread "jar transforms Thread 17" [_thread_blocked, id=5444, stack(0x000000b91d300000,0x000000b91d400000)]
  0x000001c2987149a0 JavaThread "Cache worker for checksums cache (C:\Users\joefo\OneDrive\Desktop\Hexerei\Hexerei-1.18\.gradle\7.3\checksums)" [_thread_blocked, id=1272, stack(0x000000b91d400000,0x000000b91d500000)]
  0x000001c298714e70 JavaThread "Cache worker for cache directory md-supplier (C:\Users\joefo\.gradle\caches\7.3\md-supplier)" [_thread_blocked, id=1360, stack(0x000000b91d500000,0x000000b91d600000)]

Other Threads:
  0x000001c2951b8330 VMThread "VM Thread" [stack: 0x000000b919500000,0x000000b919600000] [id=6568]
  0x000001c2f3715660 WatcherThread [stack: 0x000000b91a200000,0x000000b91a300000] [id=3596]
  0x000001c2f36cd080 GCTaskThread "GC Thread#0" [stack: 0x000000b919000000,0x000000b919100000] [id=11760]
  0x000001c29708f410 GCTaskThread "GC Thread#1" [stack: 0x000000b91a700000,0x000000b91a800000] [id=1100]
  0x000001c296ee1c80 GCTaskThread "GC Thread#2" [stack: 0x000000b91a800000,0x000000b91a900000] [id=11208]
  0x000001c296ee1f30 GCTaskThread "GC Thread#3" [stack: 0x000000b91a900000,0x000000b91aa00000] [id=4536]
  0x000001c2971c6b20 GCTaskThread "GC Thread#4" [stack: 0x000000b91aa00000,0x000000b91ab00000] [id=19500]
  0x000001c296ee25b0 GCTaskThread "GC Thread#5" [stack: 0x000000b91ab00000,0x000000b91ac00000] [id=12832]
  0x000001c296ee2c30 GCTaskThread "GC Thread#6" [stack: 0x000000b91ac00000,0x000000b91ad00000] [id=11200]
=>0x000001c296ee2ee0 GCTaskThread "GC Thread#7" [stack: 0x000000b91ad00000,0x000000b91ae00000] [id=7400]
  0x000001c29712ae00 GCTaskThread "GC Thread#8" [stack: 0x000000b91ae00000,0x000000b91af00000] [id=15768]
  0x000001c29712b610 GCTaskThread "GC Thread#9" [stack: 0x000000b91af00000,0x000000b91b000000] [id=6880]
  0x000001c29712b0b0 GCTaskThread "GC Thread#10" [stack: 0x000000b91b000000,0x000000b91b100000] [id=3540]
  0x000001c29712ab50 GCTaskThread "GC Thread#11" [stack: 0x000000b91b100000,0x000000b91b200000] [id=11636]
  0x000001c29b64ca20 GCTaskThread "GC Thread#12" [stack: 0x000000b91d600000,0x000000b91d700000] [id=19612]
  0x000001c29b64c210 GCTaskThread "GC Thread#13" [stack: 0x000000b91d700000,0x000000b91d800000] [id=5412]
  0x000001c29b64bcb0 GCTaskThread "GC Thread#14" [stack: 0x000000b91d800000,0x000000b91d900000] [id=14316]
  0x000001c29b64b1f0 GCTaskThread "GC Thread#15" [stack: 0x000000b91d900000,0x000000b91da00000] [id=1268]
  0x000001c29b64af40 GCTaskThread "GC Thread#16" [stack: 0x000000b91da00000,0x000000b91db00000] [id=1704]
  0x000001c29b64b4a0 GCTaskThread "GC Thread#17" [stack: 0x000000b91db00000,0x000000b91dc00000] [id=12300]
  0x000001c2f368db70 ConcurrentGCThread "G1 Main Marker" [stack: 0x000000b919100000,0x000000b919200000] [id=10372]
  0x000001c2f36da520 ConcurrentGCThread "G1 Conc#0" [stack: 0x000000b919200000,0x000000b919300000] [id=21328]
  0x000001c2f374d360 ConcurrentGCThread "G1 Refine#0" [stack: 0x000000b919300000,0x000000b919400000] [id=22340]
  0x000001c2f374dc90 ConcurrentGCThread "G1 Service" [stack: 0x000000b919400000,0x000000b919500000] [id=5680]

Threads with active compile tasks:
C2 CompilerThread1     1098 2770   !   4       java.lang.ClassLoader::loadClass (121 bytes)
C2 CompilerThread2     1098 2870       4       java.util.jar.JarFile::getVersionedEntry (133 bytes)

VM state: at safepoint (normal execution)

VM Mutex/Monitor currently owned by a thread:  ([mutex/lock_event])
[0x000001c2f3668c70] Threads_lock - owner thread: 0x000001c2951b8330
[0x000001c2f3669690] Heap_lock - owner thread: 0x000001c2977f0de0

Heap address: 0x0000000740000000, size: 3072 MB, Compressed Oops mode: Zero based, Oop shift amount: 3

CDS archive(s) mapped at: [0x0000000800000000-0x0000000800bc0000-0x0000000800bc0000), size 12320768, SharedBaseAddress: 0x0000000800000000, ArchiveRelocationMode: 0.
Compressed class space mapped at: 0x0000000800c00000-0x0000000840c00000, reserved size: 1073741824
Narrow klass base: 0x0000000800000000, Narrow klass shift: 0, Narrow klass range: 0x100000000

GC Precious Log:
 CPUs: 24 total, 24 available
 Memory: 32581M
 Large Page Support: Disabled
 NUMA Support: Disabled
 Compressed Oops: Enabled (Zero based)
 Heap Region Size: 2M
 Heap Min Capacity: 8M
 Heap Initial Capacity: 510M
 Heap Max Capacity: 3G
 Pre-touch: Disabled
 Parallel Workers: 18
 Concurrent Workers: 5
 Concurrent Refinement Workers: 18
 Periodic GC: Disabled

Heap:
 garbage-first heap   total 522240K, used 179032K [0x0000000740000000, 0x0000000800000000)
  region size 2048K, 73 young (149504K), 8 survivors (16384K)
 Metaspace       used 21229K, committed 21504K, reserved 1073152K
  class space    used 3150K, committed 3264K, reserved 1048576K

Heap Regions: E=young(eden), S=young(survivor), O=old, HS=humongous(starts), HC=humongous(continues), CS=collection set, F=free, OA=open archive, CA=closed archive, TAMS=top-at-mark-start (previous, next)
|   0|0x0000000740000000, 0x00000007401d0800, 0x0000000740200000| 90%| O|  |TAMS 0x0000000740000000, 0x00000007401d0800| Untracked 
|   1|0x0000000740200000, 0x0000000740400000, 0x0000000740400000|100%|HS|  |TAMS 0x0000000740200000, 0x0000000740400000| Complete 
|   2|0x0000000740400000, 0x0000000740600000, 0x0000000740600000|100%|HS|  |TAMS 0x0000000740400000, 0x0000000740600000| Complete 
|   3|0x0000000740600000, 0x0000000740800000, 0x0000000740800000|100%|HC|  |TAMS 0x0000000740600000, 0x0000000740800000| Complete 
|   4|0x0000000740800000, 0x0000000740a00000, 0x0000000740a00000|100%| O|  |TAMS 0x0000000740800000, 0x0000000740a00000| Untracked 
|   5|0x0000000740a00000, 0x0000000740c00000, 0x0000000740c00000|100%| O|  |TAMS 0x0000000740a00000, 0x0000000740c00000| Untracked 
|   6|0x0000000740c00000, 0x0000000740e00000, 0x0000000740e00000|100%|HS|  |TAMS 0x0000000740c00000, 0x0000000740e00000| Complete 
|   7|0x0000000740e00000, 0x0000000741000000, 0x0000000741000000|100%|HC|  |TAMS 0x0000000740e00000, 0x0000000741000000| Complete 
|   8|0x0000000741000000, 0x0000000741200000, 0x0000000741200000|100%|HS|  |TAMS 0x0000000741000000, 0x0000000741200000| Complete 
|   9|0x0000000741200000, 0x0000000741400000, 0x0000000741400000|100%|HC|  |TAMS 0x0000000741200000, 0x0000000741400000| Complete 
|  10|0x0000000741400000, 0x0000000741600000, 0x0000000741600000|100%|HS|  |TAMS 0x0000000741400000, 0x0000000741600000| Complete 
|  11|0x0000000741600000, 0x0000000741800000, 0x0000000741800000|100%|HS|  |TAMS 0x0000000741600000, 0x0000000741800000| Complete 
|  12|0x0000000741800000, 0x0000000741a00000, 0x0000000741a00000|100%|HC|  |TAMS 0x0000000741800000, 0x0000000741a00000| Complete 
|  13|0x0000000741a00000, 0x0000000741c00000, 0x0000000741c00000|100%|HC|  |TAMS 0x0000000741a00000, 0x0000000741c00000| Complete 
|  14|0x0000000741c00000, 0x0000000741e00000, 0x0000000741e00000|100%|HC|  |TAMS 0x0000000741c00000, 0x0000000741e00000| Complete 
|  15|0x0000000741e00000, 0x0000000742000000, 0x0000000742000000|100%|HS|  |TAMS 0x0000000741e00000, 0x0000000742000000| Complete 
|  16|0x0000000742000000, 0x0000000742200000, 0x0000000742200000|100%|HC|  |TAMS 0x0000000742000000, 0x0000000742200000| Complete 
|  17|0x0000000742200000, 0x0000000742400000, 0x0000000742400000|100%|HC|  |TAMS 0x0000000742200000, 0x0000000742400000| Complete 
|  18|0x0000000742400000, 0x0000000742600000, 0x0000000742600000|100%|HC|  |TAMS 0x0000000742400000, 0x0000000742600000| Complete 
|  19|0x0000000742600000, 0x0000000742800000, 0x0000000742800000|100%|HC|  |TAMS 0x0000000742600000, 0x0000000742800000| Complete 
|  20|0x0000000742800000, 0x0000000742a00000, 0x0000000742a00000|100%|HS|  |TAMS 0x0000000742800000, 0x0000000742a00000| Complete 
|  21|0x0000000742a00000, 0x0000000742a00000, 0x0000000742c00000|  0%| F|  |TAMS 0x0000000742a00000, 0x0000000742a00000| Untracked 
|  22|0x0000000742c00000, 0x0000000742c00000, 0x0000000742e00000|  0%| F|  |TAMS 0x0000000742c00000, 0x0000000742c00000| Untracked 
|  23|0x0000000742e00000, 0x0000000742e00000, 0x0000000743000000|  0%| F|  |TAMS 0x0000000742e00000, 0x0000000742e00000| Untracked 
|  24|0x0000000743000000, 0x0000000743000000, 0x0000000743200000|  0%| F|  |TAMS 0x0000000743000000, 0x0000000743000000| Untracked 
|  25|0x0000000743200000, 0x0000000743200000, 0x0000000743400000|  0%| F|  |TAMS 0x0000000743200000, 0x0000000743200000| Untracked 
|  26|0x0000000743400000, 0x0000000743400000, 0x0000000743600000|  0%| F|  |TAMS 0x0000000743400000, 0x0000000743400000| Untracked 
|  27|0x0000000743600000, 0x0000000743600000, 0x0000000743800000|  0%| F|  |TAMS 0x0000000743600000, 0x0000000743600000| Untracked 
|  28|0x0000000743800000, 0x0000000743800000, 0x0000000743a00000|  0%| F|  |TAMS 0x0000000743800000, 0x0000000743800000| Untracked 
|  29|0x0000000743a00000, 0x0000000743a00000, 0x0000000743c00000|  0%| F|  |TAMS 0x0000000743a00000, 0x0000000743a00000| Untracked 
|  30|0x0000000743c00000, 0x0000000743c00000, 0x0000000743e00000|  0%| F|  |TAMS 0x0000000743c00000, 0x0000000743c00000| Untracked 
|  31|0x0000000743e00000, 0x0000000743e00000, 0x0000000744000000|  0%| F|  |TAMS 0x0000000743e00000, 0x0000000743e00000| Untracked 
|  32|0x0000000744000000, 0x0000000744000000, 0x0000000744200000|  0%| F|  |TAMS 0x0000000744000000, 0x0000000744000000| Untracked 
|  33|0x0000000744200000, 0x0000000744200000, 0x0000000744400000|  0%| F|  |TAMS 0x0000000744200000, 0x0000000744200000| Untracked 
|  34|0x0000000744400000, 0x0000000744400000, 0x0000000744600000|  0%| F|  |TAMS 0x0000000744400000, 0x0000000744400000| Untracked 
|  35|0x0000000744600000, 0x0000000744600000, 0x0000000744800000|  0%| F|  |TAMS 0x0000000744600000, 0x0000000744600000| Untracked 
|  36|0x0000000744800000, 0x0000000744800000, 0x0000000744a00000|  0%| F|  |TAMS 0x0000000744800000, 0x0000000744800000| Untracked 
|  37|0x0000000744a00000, 0x0000000744a00000, 0x0000000744c00000|  0%| F|  |TAMS 0x0000000744a00000, 0x0000000744a00000| Untracked 
|  38|0x0000000744c00000, 0x0000000744c00000, 0x0000000744e00000|  0%| F|  |TAMS 0x0000000744c00000, 0x0000000744c00000| Untracked 
|  39|0x0000000744e00000, 0x0000000744e00000, 0x0000000745000000|  0%| F|  |TAMS 0x0000000744e00000, 0x0000000744e00000| Untracked 
|  40|0x0000000745000000, 0x0000000745000000, 0x0000000745200000|  0%| F|  |TAMS 0x0000000745000000, 0x0000000745000000| Untracked 
|  41|0x0000000745200000, 0x0000000745200000, 0x0000000745400000|  0%| F|  |TAMS 0x0000000745200000, 0x0000000745200000| Untracked 
|  42|0x0000000745400000, 0x0000000745400000, 0x0000000745600000|  0%| F|  |TAMS 0x0000000745400000, 0x0000000745400000| Untracked 
|  43|0x0000000745600000, 0x0000000745600000, 0x0000000745800000|  0%| F|  |TAMS 0x0000000745600000, 0x0000000745600000| Untracked 
|  44|0x0000000745800000, 0x0000000745800000, 0x0000000745a00000|  0%| F|  |TAMS 0x0000000745800000, 0x0000000745800000| Untracked 
|  45|0x0000000745a00000, 0x0000000745a00000, 0x0000000745c00000|  0%| F|  |TAMS 0x0000000745a00000, 0x0000000745a00000| Untracked 
|  46|0x0000000745c00000, 0x0000000745c00000, 0x0000000745e00000|  0%| F|  |TAMS 0x0000000745c00000, 0x0000000745c00000| Untracked 
|  47|0x0000000745e00000, 0x0000000745e00000, 0x0000000746000000|  0%| F|  |TAMS 0x0000000745e00000, 0x0000000745e00000| Untracked 
|  48|0x0000000746000000, 0x0000000746000000, 0x0000000746200000|  0%| F|  |TAMS 0x0000000746000000, 0x0000000746000000| Untracked 
|  49|0x0000000746200000, 0x0000000746200000, 0x0000000746400000|  0%| F|  |TAMS 0x0000000746200000, 0x0000000746200000| Untracked 
|  50|0x0000000746400000, 0x0000000746400000, 0x0000000746600000|  0%| F|  |TAMS 0x0000000746400000, 0x0000000746400000| Untracked 
|  51|0x0000000746600000, 0x0000000746600000, 0x0000000746800000|  0%| F|  |TAMS 0x0000000746600000, 0x0000000746600000| Untracked 
|  52|0x0000000746800000, 0x0000000746800000, 0x0000000746a00000|  0%| F|  |TAMS 0x0000000746800000, 0x0000000746800000| Untracked 
|  53|0x0000000746a00000, 0x0000000746a00000, 0x0000000746c00000|  0%| F|  |TAMS 0x0000000746a00000, 0x0000000746a00000| Untracked 
|  54|0x0000000746c00000, 0x0000000746c00000, 0x0000000746e00000|  0%| F|  |TAMS 0x0000000746c00000, 0x0000000746c00000| Untracked 
|  55|0x0000000746e00000, 0x0000000746e00000, 0x0000000747000000|  0%| F|  |TAMS 0x0000000746e00000, 0x0000000746e00000| Untracked 
|  56|0x0000000747000000, 0x0000000747000000, 0x0000000747200000|  0%| F|  |TAMS 0x0000000747000000, 0x0000000747000000| Untracked 
|  57|0x0000000747200000, 0x0000000747200000, 0x0000000747400000|  0%| F|  |TAMS 0x0000000747200000, 0x0000000747200000| Untracked 
|  58|0x0000000747400000, 0x0000000747400000, 0x0000000747600000|  0%| F|  |TAMS 0x0000000747400000, 0x0000000747400000| Untracked 
|  59|0x0000000747600000, 0x0000000747600000, 0x0000000747800000|  0%| F|  |TAMS 0x0000000747600000, 0x0000000747600000| Untracked 
|  60|0x0000000747800000, 0x0000000747800000, 0x0000000747a00000|  0%| F|  |TAMS 0x0000000747800000, 0x0000000747800000| Untracked 
|  61|0x0000000747a00000, 0x0000000747a00000, 0x0000000747c00000|  0%| F|  |TAMS 0x0000000747a00000, 0x0000000747a00000| Untracked 
|  62|0x0000000747c00000, 0x0000000747c00000, 0x0000000747e00000|  0%| F|  |TAMS 0x0000000747c00000, 0x0000000747c00000| Untracked 
|  63|0x0000000747e00000, 0x0000000747e00000, 0x0000000748000000|  0%| F|  |TAMS 0x0000000747e00000, 0x0000000747e00000| Untracked 
|  64|0x0000000748000000, 0x0000000748000000, 0x0000000748200000|  0%| F|  |TAMS 0x0000000748000000, 0x0000000748000000| Untracked 
|  65|0x0000000748200000, 0x0000000748200000, 0x0000000748400000|  0%| F|  |TAMS 0x0000000748200000, 0x0000000748200000| Untracked 
|  66|0x0000000748400000, 0x0000000748400000, 0x0000000748600000|  0%| F|  |TAMS 0x0000000748400000, 0x0000000748400000| Untracked 
|  67|0x0000000748600000, 0x0000000748600000, 0x0000000748800000|  0%| F|  |TAMS 0x0000000748600000, 0x0000000748600000| Untracked 
|  68|0x0000000748800000, 0x0000000748800000, 0x0000000748a00000|  0%| F|  |TAMS 0x0000000748800000, 0x0000000748800000| Untracked 
|  69|0x0000000748a00000, 0x0000000748a00000, 0x0000000748c00000|  0%| F|  |TAMS 0x0000000748a00000, 0x0000000748a00000| Untracked 
|  70|0x0000000748c00000, 0x0000000748c00000, 0x0000000748e00000|  0%| F|  |TAMS 0x0000000748c00000, 0x0000000748c00000| Untracked 
|  71|0x0000000748e00000, 0x0000000748e00000, 0x0000000749000000|  0%| F|  |TAMS 0x0000000748e00000, 0x0000000748e00000| Untracked 
|  72|0x0000000749000000, 0x0000000749000000, 0x0000000749200000|  0%| F|  |TAMS 0x0000000749000000, 0x0000000749000000| Untracked 
|  73|0x0000000749200000, 0x0000000749200000, 0x0000000749400000|  0%| F|  |TAMS 0x0000000749200000, 0x0000000749200000| Untracked 
|  74|0x0000000749400000, 0x0000000749400000, 0x0000000749600000|  0%| F|  |TAMS 0x0000000749400000, 0x0000000749400000| Untracked 
|  75|0x0000000749600000, 0x0000000749600000, 0x0000000749800000|  0%| F|  |TAMS 0x0000000749600000, 0x0000000749600000| Untracked 
|  76|0x0000000749800000, 0x0000000749800000, 0x0000000749a00000|  0%| F|  |TAMS 0x0000000749800000, 0x0000000749800000| Untracked 
|  77|0x0000000749a00000, 0x0000000749a00000, 0x0000000749c00000|  0%| F|  |TAMS 0x0000000749a00000, 0x0000000749a00000| Untracked 
|  78|0x0000000749c00000, 0x0000000749c00000, 0x0000000749e00000|  0%| F|  |TAMS 0x0000000749c00000, 0x0000000749c00000| Untracked 
|  79|0x0000000749e00000, 0x0000000749e00000, 0x000000074a000000|  0%| F|  |TAMS 0x0000000749e00000, 0x0000000749e00000| Untracked 
|  80|0x000000074a000000, 0x000000074a000000, 0x000000074a200000|  0%| F|  |TAMS 0x000000074a000000, 0x000000074a000000| Untracked 
|  81|0x000000074a200000, 0x000000074a200000, 0x000000074a400000|  0%| F|  |TAMS 0x000000074a200000, 0x000000074a200000| Untracked 
|  82|0x000000074a400000, 0x000000074a400000, 0x000000074a600000|  0%| F|  |TAMS 0x000000074a400000, 0x000000074a400000| Untracked 
|  83|0x000000074a600000, 0x000000074a600000, 0x000000074a800000|  0%| F|  |TAMS 0x000000074a600000, 0x000000074a600000| Untracked 
|  84|0x000000074a800000, 0x000000074a800000, 0x000000074aa00000|  0%| F|  |TAMS 0x000000074a800000, 0x000000074a800000| Untracked 
|  85|0x000000074aa00000, 0x000000074aa00000, 0x000000074ac00000|  0%| F|  |TAMS 0x000000074aa00000, 0x000000074aa00000| Untracked 
|  86|0x000000074ac00000, 0x000000074ac00000, 0x000000074ae00000|  0%| F|  |TAMS 0x000000074ac00000, 0x000000074ac00000| Untracked 
|  87|0x000000074ae00000, 0x000000074ae00000, 0x000000074b000000|  0%| F|  |TAMS 0x000000074ae00000, 0x000000074ae00000| Untracked 
|  88|0x000000074b000000, 0x000000074b000000, 0x000000074b200000|  0%| F|  |TAMS 0x000000074b000000, 0x000000074b000000| Untracked 
|  89|0x000000074b200000, 0x000000074b200000, 0x000000074b400000|  0%| F|  |TAMS 0x000000074b200000, 0x000000074b200000| Untracked 
|  90|0x000000074b400000, 0x000000074b400000, 0x000000074b600000|  0%| F|  |TAMS 0x000000074b400000, 0x000000074b400000| Untracked 
|  91|0x000000074b600000, 0x000000074b600000, 0x000000074b800000|  0%| F|  |TAMS 0x000000074b600000, 0x000000074b600000| Untracked 
|  92|0x000000074b800000, 0x000000074b800000, 0x000000074ba00000|  0%| F|  |TAMS 0x000000074b800000, 0x000000074b800000| Untracked 
|  93|0x000000074ba00000, 0x000000074ba00000, 0x000000074bc00000|  0%| F|  |TAMS 0x000000074ba00000, 0x000000074ba00000| Untracked 
|  94|0x000000074bc00000, 0x000000074bc00000, 0x000000074be00000|  0%| F|  |TAMS 0x000000074bc00000, 0x000000074bc00000| Untracked 
|  95|0x000000074be00000, 0x000000074be00000, 0x000000074c000000|  0%| F|  |TAMS 0x000000074be00000, 0x000000074be00000| Untracked 
|  96|0x000000074c000000, 0x000000074c000000, 0x000000074c200000|  0%| F|  |TAMS 0x000000074c000000, 0x000000074c000000| Untracked 
|  97|0x000000074c200000, 0x000000074c200000, 0x000000074c400000|  0%| F|  |TAMS 0x000000074c200000, 0x000000074c200000| Untracked 
|  98|0x000000074c400000, 0x000000074c400000, 0x000000074c600000|  0%| F|  |TAMS 0x000000074c400000, 0x000000074c400000| Untracked 
|  99|0x000000074c600000, 0x000000074c600000, 0x000000074c800000|  0%| F|  |TAMS 0x000000074c600000, 0x000000074c600000| Untracked 
| 100|0x000000074c800000, 0x000000074c800000, 0x000000074ca00000|  0%| F|  |TAMS 0x000000074c800000, 0x000000074c800000| Untracked 
| 101|0x000000074ca00000, 0x000000074ca00000, 0x000000074cc00000|  0%| F|  |TAMS 0x000000074ca00000, 0x000000074ca00000| Untracked 
| 102|0x000000074cc00000, 0x000000074cc00000, 0x000000074ce00000|  0%| F|  |TAMS 0x000000074cc00000, 0x000000074cc00000| Untracked 
| 103|0x000000074ce00000, 0x000000074ce00000, 0x000000074d000000|  0%| F|  |TAMS 0x000000074ce00000, 0x000000074ce00000| Untracked 
| 104|0x000000074d000000, 0x000000074d000000, 0x000000074d200000|  0%| F|  |TAMS 0x000000074d000000, 0x000000074d000000| Untracked 
| 105|0x000000074d200000, 0x000000074d200000, 0x000000074d400000|  0%| F|  |TAMS 0x000000074d200000, 0x000000074d200000| Untracked 
| 106|0x000000074d400000, 0x000000074d400000, 0x000000074d600000|  0%| F|  |TAMS 0x000000074d400000, 0x000000074d400000| Untracked 
| 107|0x000000074d600000, 0x000000074d600000, 0x000000074d800000|  0%| F|  |TAMS 0x000000074d600000, 0x000000074d600000| Untracked 
| 108|0x000000074d800000, 0x000000074d800000, 0x000000074da00000|  0%| F|  |TAMS 0x000000074d800000, 0x000000074d800000| Untracked 
| 109|0x000000074da00000, 0x000000074da00000, 0x000000074dc00000|  0%| F|  |TAMS 0x000000074da00000, 0x000000074da00000| Untracked 
| 110|0x000000074dc00000, 0x000000074dc00000, 0x000000074de00000|  0%| F|  |TAMS 0x000000074dc00000, 0x000000074dc00000| Untracked 
| 111|0x000000074de00000, 0x000000074de00000, 0x000000074e000000|  0%| F|  |TAMS 0x000000074de00000, 0x000000074de00000| Untracked 
| 112|0x000000074e000000, 0x000000074e000000, 0x000000074e200000|  0%| F|  |TAMS 0x000000074e000000, 0x000000074e000000| Untracked 
| 113|0x000000074e200000, 0x000000074e200000, 0x000000074e400000|  0%| F|  |TAMS 0x000000074e200000, 0x000000074e200000| Untracked 
| 114|0x000000074e400000, 0x000000074e400000, 0x000000074e600000|  0%| F|  |TAMS 0x000000074e400000, 0x000000074e400000| Untracked 
| 115|0x000000074e600000, 0x000000074e600000, 0x000000074e800000|  0%| F|  |TAMS 0x000000074e600000, 0x000000074e600000| Untracked 
| 116|0x000000074e800000, 0x000000074e800000, 0x000000074ea00000|  0%| F|  |TAMS 0x000000074e800000, 0x000000074e800000| Untracked 
| 117|0x000000074ea00000, 0x000000074ea00000, 0x000000074ec00000|  0%| F|  |TAMS 0x000000074ea00000, 0x000000074ea00000| Untracked 
| 118|0x000000074ec00000, 0x000000074ec00000, 0x000000074ee00000|  0%| F|  |TAMS 0x000000074ec00000, 0x000000074ec00000| Untracked 
| 119|0x000000074ee00000, 0x000000074ee00000, 0x000000074f000000|  0%| F|  |TAMS 0x000000074ee00000, 0x000000074ee00000| Untracked 
| 120|0x000000074f000000, 0x000000074f000000, 0x000000074f200000|  0%| F|  |TAMS 0x000000074f000000, 0x000000074f000000| Untracked 
| 121|0x000000074f200000, 0x000000074f200000, 0x000000074f400000|  0%| F|  |TAMS 0x000000074f200000, 0x000000074f200000| Untracked 
| 122|0x000000074f400000, 0x000000074f400000, 0x000000074f600000|  0%| F|  |TAMS 0x000000074f400000, 0x000000074f400000| Untracked 
| 123|0x000000074f600000, 0x000000074f600000, 0x000000074f800000|  0%| F|  |TAMS 0x000000074f600000, 0x000000074f600000| Untracked 
| 124|0x000000074f800000, 0x000000074f800000, 0x000000074fa00000|  0%| F|  |TAMS 0x000000074f800000, 0x000000074f800000| Untracked 
| 125|0x000000074fa00000, 0x000000074fa00000, 0x000000074fc00000|  0%| F|  |TAMS 0x000000074fa00000, 0x000000074fa00000| Untracked 
| 126|0x000000074fc00000, 0x000000074fc00000, 0x000000074fe00000|  0%| F|  |TAMS 0x000000074fc00000, 0x000000074fc00000| Untracked 
| 127|0x000000074fe00000, 0x000000074fe00000, 0x0000000750000000|  0%| F|  |TAMS 0x000000074fe00000, 0x000000074fe00000| Untracked 
| 128|0x0000000750000000, 0x0000000750000000, 0x0000000750200000|  0%| F|  |TAMS 0x0000000750000000, 0x0000000750000000| Untracked 
| 129|0x0000000750200000, 0x0000000750200000, 0x0000000750400000|  0%| F|  |TAMS 0x0000000750200000, 0x0000000750200000| Untracked 
| 130|0x0000000750400000, 0x0000000750400000, 0x0000000750600000|  0%| F|  |TAMS 0x0000000750400000, 0x0000000750400000| Untracked 
| 131|0x0000000750600000, 0x0000000750600000, 0x0000000750800000|  0%| F|  |TAMS 0x0000000750600000, 0x0000000750600000| Untracked 
| 132|0x0000000750800000, 0x0000000750800000, 0x0000000750a00000|  0%| F|  |TAMS 0x0000000750800000, 0x0000000750800000| Untracked 
| 133|0x0000000750a00000, 0x0000000750a00000, 0x0000000750c00000|  0%| F|  |TAMS 0x0000000750a00000, 0x0000000750a00000| Untracked 
| 134|0x0000000750c00000, 0x0000000750c00000, 0x0000000750e00000|  0%| F|  |TAMS 0x0000000750c00000, 0x0000000750c00000| Untracked 
| 135|0x0000000750e00000, 0x0000000750e00000, 0x0000000751000000|  0%| F|  |TAMS 0x0000000750e00000, 0x0000000750e00000| Untracked 
| 136|0x0000000751000000, 0x0000000751000000, 0x0000000751200000|  0%| F|  |TAMS 0x0000000751000000, 0x0000000751000000| Untracked 
| 137|0x0000000751200000, 0x0000000751200000, 0x0000000751400000|  0%| F|  |TAMS 0x0000000751200000, 0x0000000751200000| Untracked 
| 138|0x0000000751400000, 0x0000000751400000, 0x0000000751600000|  0%| F|  |TAMS 0x0000000751400000, 0x0000000751400000| Untracked 
| 139|0x0000000751600000, 0x0000000751600000, 0x0000000751800000|  0%| F|  |TAMS 0x0000000751600000, 0x0000000751600000| Untracked 
| 140|0x0000000751800000, 0x0000000751800000, 0x0000000751a00000|  0%| F|  |TAMS 0x0000000751800000, 0x0000000751800000| Untracked 
| 141|0x0000000751a00000, 0x0000000751a00000, 0x0000000751c00000|  0%| F|  |TAMS 0x0000000751a00000, 0x0000000751a00000| Untracked 
| 142|0x0000000751c00000, 0x0000000751c00000, 0x0000000751e00000|  0%| F|  |TAMS 0x0000000751c00000, 0x0000000751c00000| Untracked 
| 143|0x0000000751e00000, 0x0000000751e00000, 0x0000000752000000|  0%| F|  |TAMS 0x0000000751e00000, 0x0000000751e00000| Untracked 
| 144|0x0000000752000000, 0x0000000752000000, 0x0000000752200000|  0%| F|  |TAMS 0x0000000752000000, 0x0000000752000000| Untracked 
| 145|0x0000000752200000, 0x0000000752200000, 0x0000000752400000|  0%| F|  |TAMS 0x0000000752200000, 0x0000000752200000| Untracked 
| 146|0x0000000752400000, 0x0000000752400000, 0x0000000752600000|  0%| F|  |TAMS 0x0000000752400000, 0x0000000752400000| Untracked 
| 147|0x0000000752600000, 0x0000000752600000, 0x0000000752800000|  0%| F|  |TAMS 0x0000000752600000, 0x0000000752600000| Untracked 
| 148|0x0000000752800000, 0x0000000752800000, 0x0000000752a00000|  0%| F|  |TAMS 0x0000000752800000, 0x0000000752800000| Untracked 
| 149|0x0000000752a00000, 0x0000000752a00000, 0x0000000752c00000|  0%| F|  |TAMS 0x0000000752a00000, 0x0000000752a00000| Untracked 
| 150|0x0000000752c00000, 0x0000000752c00000, 0x0000000752e00000|  0%| F|  |TAMS 0x0000000752c00000, 0x0000000752c00000| Untracked 
| 151|0x0000000752e00000, 0x0000000752e00000, 0x0000000753000000|  0%| F|  |TAMS 0x0000000752e00000, 0x0000000752e00000| Untracked 
| 152|0x0000000753000000, 0x0000000753000000, 0x0000000753200000|  0%| F|  |TAMS 0x0000000753000000, 0x0000000753000000| Untracked 
| 153|0x0000000753200000, 0x0000000753200000, 0x0000000753400000|  0%| F|  |TAMS 0x0000000753200000, 0x0000000753200000| Untracked 
| 154|0x0000000753400000, 0x0000000753400000, 0x0000000753600000|  0%| F|  |TAMS 0x0000000753400000, 0x0000000753400000| Untracked 
| 155|0x0000000753600000, 0x0000000753600000, 0x0000000753800000|  0%| F|  |TAMS 0x0000000753600000, 0x0000000753600000| Untracked 
| 156|0x0000000753800000, 0x0000000753800000, 0x0000000753a00000|  0%| F|  |TAMS 0x0000000753800000, 0x0000000753800000| Untracked 
| 157|0x0000000753a00000, 0x0000000753a00000, 0x0000000753c00000|  0%| F|  |TAMS 0x0000000753a00000, 0x0000000753a00000| Untracked 
| 158|0x0000000753c00000, 0x0000000753c00000, 0x0000000753e00000|  0%| F|  |TAMS 0x0000000753c00000, 0x0000000753c00000| Untracked 
| 159|0x0000000753e00000, 0x0000000753e00000, 0x0000000754000000|  0%| F|  |TAMS 0x0000000753e00000, 0x0000000753e00000| Untracked 
| 160|0x0000000754000000, 0x0000000754000000, 0x0000000754200000|  0%| F|  |TAMS 0x0000000754000000, 0x0000000754000000| Untracked 
| 161|0x0000000754200000, 0x0000000754200000, 0x0000000754400000|  0%| F|  |TAMS 0x0000000754200000, 0x0000000754200000| Untracked 
| 162|0x0000000754400000, 0x0000000754400000, 0x0000000754600000|  0%| F|  |TAMS 0x0000000754400000, 0x0000000754400000| Untracked 
| 163|0x0000000754600000, 0x0000000754600000, 0x0000000754800000|  0%| F|  |TAMS 0x0000000754600000, 0x0000000754600000| Untracked 
| 164|0x0000000754800000, 0x0000000754800000, 0x0000000754a00000|  0%| F|  |TAMS 0x0000000754800000, 0x0000000754800000| Untracked 
| 165|0x0000000754a00000, 0x0000000754a00000, 0x0000000754c00000|  0%| F|  |TAMS 0x0000000754a00000, 0x0000000754a00000| Untracked 
| 166|0x0000000754c00000, 0x0000000754c00000, 0x0000000754e00000|  0%| F|  |TAMS 0x0000000754c00000, 0x0000000754c00000| Untracked 
| 167|0x0000000754e00000, 0x0000000754e00000, 0x0000000755000000|  0%| F|  |TAMS 0x0000000754e00000, 0x0000000754e00000| Untracked 
| 168|0x0000000755000000, 0x0000000755000000, 0x0000000755200000|  0%| F|  |TAMS 0x0000000755000000, 0x0000000755000000| Untracked 
| 169|0x0000000755200000, 0x0000000755200000, 0x0000000755400000|  0%| F|  |TAMS 0x0000000755200000, 0x0000000755200000| Untracked 
| 170|0x0000000755400000, 0x0000000755400000, 0x0000000755600000|  0%| F|  |TAMS 0x0000000755400000, 0x0000000755400000| Untracked 
| 171|0x0000000755600000, 0x0000000755600000, 0x0000000755800000|  0%| F|  |TAMS 0x0000000755600000, 0x0000000755600000| Untracked 
| 172|0x0000000755800000, 0x0000000755800000, 0x0000000755a00000|  0%| F|  |TAMS 0x0000000755800000, 0x0000000755800000| Untracked 
| 173|0x0000000755a00000, 0x0000000755a00000, 0x0000000755c00000|  0%| F|  |TAMS 0x0000000755a00000, 0x0000000755a00000| Untracked 
| 174|0x0000000755c00000, 0x0000000755c00000, 0x0000000755e00000|  0%| F|  |TAMS 0x0000000755c00000, 0x0000000755c00000| Untracked 
| 175|0x0000000755e00000, 0x0000000755e00000, 0x0000000756000000|  0%| F|  |TAMS 0x0000000755e00000, 0x0000000755e00000| Untracked 
| 176|0x0000000756000000, 0x0000000756000000, 0x0000000756200000|  0%| F|  |TAMS 0x0000000756000000, 0x0000000756000000| Untracked 
| 177|0x0000000756200000, 0x0000000756200000, 0x0000000756400000|  0%| F|  |TAMS 0x0000000756200000, 0x0000000756200000| Untracked 
| 178|0x0000000756400000, 0x0000000756400000, 0x0000000756600000|  0%| F|  |TAMS 0x0000000756400000, 0x0000000756400000| Untracked 
| 179|0x0000000756600000, 0x0000000756600000, 0x0000000756800000|  0%| F|  |TAMS 0x0000000756600000, 0x0000000756600000| Untracked 
| 180|0x0000000756800000, 0x00000007568ed8d0, 0x0000000756a00000| 46%| S|  |TAMS 0x0000000756800000, 0x0000000756800000| Complete 
| 181|0x0000000756a00000, 0x0000000756c00000, 0x0000000756c00000|100%| S|  |TAMS 0x0000000756a00000, 0x0000000756a00000| Complete 
| 182|0x0000000756c00000, 0x0000000756e00000, 0x0000000756e00000|100%| S|  |TAMS 0x0000000756c00000, 0x0000000756c00000| Complete 
| 183|0x0000000756e00000, 0x0000000757000000, 0x0000000757000000|100%| S|  |TAMS 0x0000000756e00000, 0x0000000756e00000| Complete 
| 184|0x0000000757000000, 0x0000000757200000, 0x0000000757200000|100%| S|  |TAMS 0x0000000757000000, 0x0000000757000000| Complete 
| 185|0x0000000757200000, 0x0000000757400000, 0x0000000757400000|100%| S|  |TAMS 0x0000000757200000, 0x0000000757200000| Complete 
| 186|0x0000000757400000, 0x0000000757600000, 0x0000000757600000|100%| S|  |TAMS 0x0000000757400000, 0x0000000757400000| Complete 
| 187|0x0000000757600000, 0x0000000757800000, 0x0000000757800000|100%| S|  |TAMS 0x0000000757600000, 0x0000000757600000| Complete 
| 188|0x0000000757800000, 0x0000000757905a20, 0x0000000757a00000| 51%| E|CS|TAMS 0x0000000757800000, 0x0000000757905a20| Complete 
| 189|0x0000000757a00000, 0x0000000757c00000, 0x0000000757c00000|100%| E|CS|TAMS 0x0000000757a00000, 0x0000000757c00000| Complete 
| 190|0x0000000757c00000, 0x0000000757e00000, 0x0000000757e00000|100%| E|CS|TAMS 0x0000000757c00000, 0x0000000757e00000| Complete 
| 191|0x0000000757e00000, 0x0000000758000000, 0x0000000758000000|100%| E|CS|TAMS 0x0000000757e00000, 0x0000000758000000| Complete 
| 192|0x0000000758000000, 0x0000000758200000, 0x0000000758200000|100%| E|CS|TAMS 0x0000000758000000, 0x0000000758200000| Complete 
| 193|0x0000000758200000, 0x0000000758400000, 0x0000000758400000|100%| E|CS|TAMS 0x0000000758200000, 0x0000000758400000| Complete 
| 194|0x0000000758400000, 0x0000000758600000, 0x0000000758600000|100%| E|CS|TAMS 0x0000000758400000, 0x0000000758600000| Complete 
| 195|0x0000000758600000, 0x0000000758800000, 0x0000000758800000|100%| E|CS|TAMS 0x0000000758600000, 0x0000000758800000| Complete 
| 196|0x0000000758800000, 0x0000000758a00000, 0x0000000758a00000|100%| E|CS|TAMS 0x0000000758800000, 0x0000000758a00000| Complete 
| 197|0x0000000758a00000, 0x0000000758c00000, 0x0000000758c00000|100%| E|CS|TAMS 0x0000000758a00000, 0x0000000758c00000| Complete 
| 198|0x0000000758c00000, 0x0000000758e00000, 0x0000000758e00000|100%| E|CS|TAMS 0x0000000758c00000, 0x0000000758e00000| Complete 
| 199|0x0000000758e00000, 0x0000000759000000, 0x0000000759000000|100%| E|CS|TAMS 0x0000000758e00000, 0x0000000759000000| Complete 
| 200|0x0000000759000000, 0x0000000759200000, 0x0000000759200000|100%| E|CS|TAMS 0x0000000759000000, 0x0000000759200000| Complete 
| 201|0x0000000759200000, 0x0000000759400000, 0x0000000759400000|100%| E|CS|TAMS 0x0000000759200000, 0x0000000759400000| Complete 
| 202|0x0000000759400000, 0x0000000759600000, 0x0000000759600000|100%| E|CS|TAMS 0x0000000759400000, 0x0000000759600000| Complete 
| 203|0x0000000759600000, 0x0000000759800000, 0x0000000759800000|100%| E|CS|TAMS 0x0000000759600000, 0x0000000759800000| Complete 
| 204|0x0000000759800000, 0x0000000759a00000, 0x0000000759a00000|100%| E|CS|TAMS 0x0000000759800000, 0x0000000759a00000| Complete 
| 205|0x0000000759a00000, 0x0000000759c00000, 0x0000000759c00000|100%| E|CS|TAMS 0x0000000759a00000, 0x0000000759c00000| Complete 
| 206|0x0000000759c00000, 0x0000000759e00000, 0x0000000759e00000|100%| E|CS|TAMS 0x0000000759c00000, 0x0000000759e00000| Complete 
| 207|0x0000000759e00000, 0x000000075a000000, 0x000000075a000000|100%| E|CS|TAMS 0x0000000759e00000, 0x000000075a000000| Complete 
| 208|0x000000075a000000, 0x000000075a200000, 0x000000075a200000|100%| E|CS|TAMS 0x000000075a000000, 0x000000075a200000| Complete 
| 209|0x000000075a200000, 0x000000075a400000, 0x000000075a400000|100%| E|CS|TAMS 0x000000075a200000, 0x000000075a400000| Complete 
| 210|0x000000075a400000, 0x000000075a600000, 0x000000075a600000|100%| E|CS|TAMS 0x000000075a400000, 0x000000075a600000| Complete 
| 211|0x000000075a600000, 0x000000075a800000, 0x000000075a800000|100%| E|CS|TAMS 0x000000075a600000, 0x000000075a800000| Complete 
| 212|0x000000075a800000, 0x000000075aa00000, 0x000000075aa00000|100%| E|CS|TAMS 0x000000075a800000, 0x000000075aa00000| Complete 
| 213|0x000000075aa00000, 0x000000075ac00000, 0x000000075ac00000|100%| E|CS|TAMS 0x000000075aa00000, 0x000000075ac00000| Complete 
| 214|0x000000075ac00000, 0x000000075ae00000, 0x000000075ae00000|100%| E|CS|TAMS 0x000000075ac00000, 0x000000075ae00000| Complete 
| 215|0x000000075ae00000, 0x000000075b000000, 0x000000075b000000|100%| E|CS|TAMS 0x000000075ae00000, 0x000000075b000000| Complete 
| 216|0x000000075b000000, 0x000000075b200000, 0x000000075b200000|100%| E|CS|TAMS 0x000000075b000000, 0x000000075b200000| Complete 
| 217|0x000000075b200000, 0x000000075b400000, 0x000000075b400000|100%| E|CS|TAMS 0x000000075b200000, 0x000000075b400000| Complete 
| 218|0x000000075b400000, 0x000000075b600000, 0x000000075b600000|100%| E|CS|TAMS 0x000000075b400000, 0x000000075b600000| Complete 
| 219|0x000000075b600000, 0x000000075b800000, 0x000000075b800000|100%| E|CS|TAMS 0x000000075b600000, 0x000000075b800000| Complete 
| 220|0x000000075b800000, 0x000000075ba00000, 0x000000075ba00000|100%| E|CS|TAMS 0x000000075b800000, 0x000000075ba00000| Complete 
| 221|0x000000075ba00000, 0x000000075bc00000, 0x000000075bc00000|100%| E|CS|TAMS 0x000000075ba00000, 0x000000075bc00000| Complete 
| 222|0x000000075bc00000, 0x000000075be00000, 0x000000075be00000|100%| E|CS|TAMS 0x000000075bc00000, 0x000000075be00000| Complete 
| 223|0x000000075be00000, 0x000000075c000000, 0x000000075c000000|100%| E|CS|TAMS 0x000000075be00000, 0x000000075c000000| Complete 
| 224|0x000000075c000000, 0x000000075c200000, 0x000000075c200000|100%| E|CS|TAMS 0x000000075c000000, 0x000000075c200000| Complete 
| 225|0x000000075c200000, 0x000000075c400000, 0x000000075c400000|100%| E|CS|TAMS 0x000000075c200000, 0x000000075c400000| Complete 
| 226|0x000000075c400000, 0x000000075c600000, 0x000000075c600000|100%| E|CS|TAMS 0x000000075c400000, 0x000000075c600000| Complete 
| 227|0x000000075c600000, 0x000000075c800000, 0x000000075c800000|100%| E|CS|TAMS 0x000000075c600000, 0x000000075c800000| Complete 
| 228|0x000000075c800000, 0x000000075ca00000, 0x000000075ca00000|100%| E|CS|TAMS 0x000000075c800000, 0x000000075ca00000| Complete 
| 229|0x000000075ca00000, 0x000000075cc00000, 0x000000075cc00000|100%| E|CS|TAMS 0x000000075ca00000, 0x000000075cc00000| Complete 
| 230|0x000000075cc00000, 0x000000075ce00000, 0x000000075ce00000|100%| E|CS|TAMS 0x000000075cc00000, 0x000000075ce00000| Complete 
| 231|0x000000075ce00000, 0x000000075d000000, 0x000000075d000000|100%| E|CS|TAMS 0x000000075ce00000, 0x000000075d000000| Complete 
| 232|0x000000075d000000, 0x000000075d200000, 0x000000075d200000|100%| E|CS|TAMS 0x000000075d000000, 0x000000075d200000| Complete 
| 233|0x000000075d200000, 0x000000075d400000, 0x000000075d400000|100%| E|CS|TAMS 0x000000075d200000, 0x000000075d400000| Complete 
| 234|0x000000075d400000, 0x000000075d600000, 0x000000075d600000|100%| E|CS|TAMS 0x000000075d400000, 0x000000075d600000| Complete 
| 235|0x000000075d600000, 0x000000075d800000, 0x000000075d800000|100%| E|CS|TAMS 0x000000075d600000, 0x000000075d800000| Complete 
| 236|0x000000075d800000, 0x000000075da00000, 0x000000075da00000|100%| E|CS|TAMS 0x000000075d800000, 0x000000075da00000| Complete 
| 237|0x000000075da00000, 0x000000075dc00000, 0x000000075dc00000|100%| E|CS|TAMS 0x000000075da00000, 0x000000075dc00000| Complete 
| 238|0x000000075dc00000, 0x000000075de00000, 0x000000075de00000|100%| E|CS|TAMS 0x000000075dc00000, 0x000000075de00000| Complete 
| 239|0x000000075de00000, 0x000000075e000000, 0x000000075e000000|100%| E|CS|TAMS 0x000000075de00000, 0x000000075e000000| Complete 
| 240|0x000000075e000000, 0x000000075e200000, 0x000000075e200000|100%| E|CS|TAMS 0x000000075e000000, 0x000000075e200000| Complete 
| 241|0x000000075e200000, 0x000000075e400000, 0x000000075e400000|100%| E|CS|TAMS 0x000000075e200000, 0x000000075e400000| Complete 
| 242|0x000000075e400000, 0x000000075e600000, 0x000000075e600000|100%| E|CS|TAMS 0x000000075e400000, 0x000000075e600000| Complete 
| 243|0x000000075e600000, 0x000000075e800000, 0x000000075e800000|100%| E|CS|TAMS 0x000000075e600000, 0x000000075e800000| Complete 
| 244|0x000000075e800000, 0x000000075ea00000, 0x000000075ea00000|100%| E|CS|TAMS 0x000000075e800000, 0x000000075ea00000| Complete 
| 245|0x000000075ea00000, 0x000000075ec00000, 0x000000075ec00000|100%| E|CS|TAMS 0x000000075ea00000, 0x000000075ec00000| Complete 
| 246|0x000000075ec00000, 0x000000075ee00000, 0x000000075ee00000|100%| E|CS|TAMS 0x000000075ec00000, 0x000000075ee00000| Complete 
| 247|0x000000075ee00000, 0x000000075f000000, 0x000000075f000000|100%| E|CS|TAMS 0x000000075ee00000, 0x000000075f000000| Complete 
| 248|0x000000075f000000, 0x000000075f200000, 0x000000075f200000|100%| E|CS|TAMS 0x000000075f000000, 0x000000075f200000| Complete 
| 249|0x000000075f200000, 0x000000075f400000, 0x000000075f400000|100%| E|CS|TAMS 0x000000075f200000, 0x000000075f400000| Complete 
| 250|0x000000075f400000, 0x000000075f600000, 0x000000075f600000|100%| E|CS|TAMS 0x000000075f400000, 0x000000075f600000| Complete 
| 251|0x000000075f600000, 0x000000075f800000, 0x000000075f800000|100%| E|CS|TAMS 0x000000075f600000, 0x000000075f800000| Complete 
| 252|0x000000075f800000, 0x000000075fa00000, 0x000000075fa00000|100%| E|CS|TAMS 0x000000075f800000, 0x000000075fa00000| Complete 
| 253|0x000000075fa00000, 0x000000075fc00000, 0x000000075fc00000|100%| E|CS|TAMS 0x000000075fa00000, 0x000000075fc00000| Complete 
| 254|0x000000075fc00000, 0x000000075fe00000, 0x000000075fe00000|100%| E|CS|TAMS 0x000000075fc00000, 0x000000075fe00000| Complete 

Card table byte_map: [0x000001c2fc530000,0x000001c2fcb30000] _byte_map_base: 0x000001c2f8b30000

Marking Bits (Prev, Next): (CMBitMap*) 0x000001c2f36cd5a0, (CMBitMap*) 0x000001c2f36cd5e0
 Prev Bits: [0x000001c28f000000, 0x000001c292000000)
 Next Bits: [0x000001c292000000, 0x000001c295000000)

Polling page: 0x000001c2f1680000

Metaspace:

Usage:
  Non-class:     17.66 MB used.
      Class:      3.08 MB used.
       Both:     20.73 MB used.

Virtual space:
  Non-class space:       24.00 MB reserved,      17.81 MB ( 74%) committed,  3 nodes.
      Class space:        1.00 GB reserved,       3.19 MB ( <1%) committed,  1 nodes.
             Both:        1.02 GB reserved,      21.00 MB (  2%) committed. 

Chunk freelists:
   Non-Class:  1.94 MB
       Class:  768.00 KB
        Both:  2.69 MB

MaxMetaspaceSize: unlimited
CompressedClassSpaceSize: 1.00 GB
Initial GC threshold: 21.00 MB
Current GC threshold: 21.00 MB
CDS: on
MetaspaceReclaimPolicy: balanced
 - commit_granule_bytes: 65536.
 - commit_granule_words: 8192.
 - virtual_space_node_default_size: 1048576.
 - enlarge_chunks_in_place: 1.
 - new_chunks_are_fully_committed: 0.
 - uncommit_free_chunks: 1.
 - use_allocation_guard: 0.
 - handle_deallocations: 1.


Internal statistics:

num_allocs_failed_limit: 3.
num_arena_births: 308.
num_arena_deaths: 0.
num_vsnodes_births: 4.
num_vsnodes_deaths: 0.
num_space_committed: 336.
num_space_uncommitted: 0.
num_chunks_returned_to_freelist: 3.
num_chunks_taken_from_freelist: 1114.
num_chunk_merges: 3.
num_chunk_splits: 716.
num_chunks_enlarged: 475.
num_purges: 0.
num_inconsistent_stats: 0.

CodeHeap 'non-profiled nmethods': size=119168Kb used=1634Kb max_used=1634Kb free=117534Kb
 bounds [0x000001c287ba0000, 0x000001c287e10000, 0x000001c28f000000]
CodeHeap 'profiled nmethods': size=119104Kb used=6096Kb max_used=6096Kb free=113008Kb
 bounds [0x000001c280750000, 0x000001c280d50000, 0x000001c287ba0000]
CodeHeap 'non-nmethods': size=7488Kb used=2917Kb max_used=2975Kb free=4571Kb
 bounds [0x000001c280000000, 0x000001c2802f0000, 0x000001c280750000]
 total_blobs=3407 nmethods=2874 adapters=442
 compilation: enabled
              stopped_count=0, restarted_count=0
 full_count=0

Compilation events (20 events):
Event: 1.076 Thread 0x000001c2951fdc80 nmethod 2866 0x000001c280d40390 code [0x000001c280d40520, 0x000001c280d40668]
Event: 1.078 Thread 0x000001c2951dc390 2867       1       org.gradle.internal.event.DefaultListenerManager::access$100 (5 bytes)
Event: 1.078 Thread 0x000001c2951dc390 nmethod 2867 0x000001c287d37b90 code [0x000001c287d37d20, 0x000001c287d37dd8]
Event: 1.078 Thread 0x000001c2951dc390 2868       3       jdk.internal.org.objectweb.asm.SymbolTable::addUninitializedType (103 bytes)
Event: 1.078 Thread 0x000001c2951db9e0 2869       4       jdk.internal.org.objectweb.asm.Frame::push (109 bytes)
Event: 1.079 Thread 0x000001c2951dc390 nmethod 2868 0x000001c280d40790 code [0x000001c280d409a0, 0x000001c280d40f58]
Event: 1.081 Thread 0x000001c2951db9e0 nmethod 2869 0x000001c287d37e90 code [0x000001c287d38020, 0x000001c287d38678]
Event: 1.083 Thread 0x000001c295b19400 2870       4       java.util.jar.JarFile::getVersionedEntry (133 bytes)
Event: 1.084 Thread 0x000001c296cfe090 2871       3       java.security.AccessControlContext::combine (205 bytes)
Event: 1.084 Thread 0x000001c2951fdc80 2872       3       com.google.common.cache.LongAdder::<init> (5 bytes)
Event: 1.084 Thread 0x000001c296f10690 2873       3       com.google.common.cache.Striped64::<init> (5 bytes)
Event: 1.084 Thread 0x000001c2951dc390 2874       3       com.google.common.cache.LongAddables::create (12 bytes)
Event: 1.084 Thread 0x000001c296f10690 nmethod 2873 0x000001c280d41210 code [0x000001c280d413c0, 0x000001c280d41578]
Event: 1.084 Thread 0x000001c2951dc390 nmethod 2874 0x000001c280d41690 code [0x000001c280d41860, 0x000001c280d41c18]
Event: 1.084 Thread 0x000001c296f10690 2875       3       com.google.common.cache.LongAddables$1::get (5 bytes)
Event: 1.084 Thread 0x000001c2951fdc80 nmethod 2872 0x000001c280d41d90 code [0x000001c280d41f40, 0x000001c280d42178]
Event: 1.084 Thread 0x000001c2951dc390 2876       3       com.google.common.cache.LongAddables$1::get (8 bytes)
Event: 1.084 Thread 0x000001c296cfe090 nmethod 2871 0x000001c280d42290 code [0x000001c280d424c0, 0x000001c280d43098]
Event: 1.084 Thread 0x000001c296f10690 nmethod 2875 0x000001c280d43390 code [0x000001c280d43540, 0x000001c280d43898]
Event: 1.084 Thread 0x000001c2951dc390 nmethod 2876 0x000001c280d43a10 code [0x000001c280d43bc0, 0x000001c280d43e98]

GC Heap History (5 events):
Event: 0.229 GC heap before
{Heap before GC invocations=0 (full 0):
 garbage-first heap   total 522240K, used 32768K [0x0000000740000000, 0x0000000800000000)
  region size 2048K, 12 young (24576K), 0 survivors (0K)
 Metaspace       used 3027K, committed 3200K, reserved 1056768K
  class space    used 378K, committed 448K, reserved 1048576K
}
Event: 0.230 GC heap after
{Heap after GC invocations=1 (full 0):
 garbage-first heap   total 522240K, used 10252K [0x0000000740000000, 0x0000000800000000)
  region size 2048K, 2 young (4096K), 2 survivors (4096K)
 Metaspace       used 3027K, committed 3200K, reserved 1056768K
  class space    used 378K, committed 448K, reserved 1048576K
}
Event: 0.358 GC heap before
{Heap before GC invocations=1 (full 0):
 garbage-first heap   total 522240K, used 36876K [0x0000000740000000, 0x0000000800000000)
  region size 2048K, 16 young (32768K), 2 survivors (4096K)
 Metaspace       used 3947K, committed 4160K, reserved 1056768K
  class space    used 474K, committed 576K, reserved 1048576K
}
Event: 0.359 GC heap after
{Heap after GC invocations=2 (full 0):
 garbage-first heap   total 522240K, used 14146K [0x0000000740000000, 0x0000000800000000)
  region size 2048K, 2 young (4096K), 2 survivors (4096K)
 Metaspace       used 3947K, committed 4160K, reserved 1056768K
  class space    used 474K, committed 576K, reserved 1048576K
}
Event: 1.086 GC heap before
{Heap before GC invocations=2 (full 0):
 garbage-first heap   total 522240K, used 175938K [0x0000000740000000, 0x0000000800000000)
  region size 2048K, 67 young (137216K), 2 survivors (4096K)
 Metaspace       used 21229K, committed 21504K, reserved 1073152K
  class space    used 3150K, committed 3264K, reserved 1048576K
}

Deoptimization events (20 events):
Event: 0.959 Thread 0x000001c2977f0de0 Uncommon trap: trap_request=0xffffffc6 fr.pc=0x000001c287cbc43c relative=0x0000000000005dbc
Event: 0.959 Thread 0x000001c2977f0de0 Uncommon trap: reason=bimorphic_or_optimized_type_check action=maybe_recompile pc=0x000001c287cbc43c method=java.lang.ClassLoader.loadClass(Ljava/lang/String;Z)Ljava/lang/Class; @ 38 c2
Event: 0.959 Thread 0x000001c2977f0de0 DEOPT PACKING pc=0x000001c287cbc43c sp=0x000000b91b9faae0
Event: 0.959 Thread 0x000001c2977f0de0 DEOPT UNPACKING pc=0x000001c2800523a3 sp=0x000000b91b9fab50 mode 2
Event: 0.959 Thread 0x000001c2977f0de0 Uncommon trap: trap_request=0xffffffc6 fr.pc=0x000001c287cbc43c relative=0x0000000000005dbc
Event: 0.959 Thread 0x000001c2977f0de0 Uncommon trap: reason=bimorphic_or_optimized_type_check action=maybe_recompile pc=0x000001c287cbc43c method=java.lang.ClassLoader.loadClass(Ljava/lang/String;Z)Ljava/lang/Class; @ 38 c2
Event: 0.959 Thread 0x000001c2977f0de0 DEOPT PACKING pc=0x000001c287cbc43c sp=0x000000b91b9fbf90
Event: 0.959 Thread 0x000001c2977f0de0 DEOPT UNPACKING pc=0x000001c2800523a3 sp=0x000000b91b9fc000 mode 2
Event: 0.959 Thread 0x000001c2977f0de0 Uncommon trap: trap_request=0xffffff45 fr.pc=0x000001c287cd25d4 relative=0x0000000000006514
Event: 0.959 Thread 0x000001c2977f0de0 Uncommon trap: reason=unstable_if action=reinterpret pc=0x000001c287cd25d4 method=java.net.URLClassLoader.getAndVerifyPackage(Ljava/lang/String;Ljava/util/jar/Manifest;Ljava/net/URL;)Ljava/lang/Package; @ 62 c2
Event: 0.959 Thread 0x000001c2977f0de0 DEOPT PACKING pc=0x000001c287cd25d4 sp=0x000000b91b9fbf60
Event: 0.959 Thread 0x000001c2977f0de0 DEOPT UNPACKING pc=0x000001c2800523a3 sp=0x000000b91b9fbcd8 mode 2
Event: 0.960 Thread 0x000001c2977f0de0 Uncommon trap: trap_request=0xffffff45 fr.pc=0x000001c287cfbec8 relative=0x0000000000005d88
Event: 0.960 Thread 0x000001c2977f0de0 Uncommon trap: reason=unstable_if action=reinterpret pc=0x000001c287cfbec8 method=java.net.URLClassLoader.getAndVerifyPackage(Ljava/lang/String;Ljava/util/jar/Manifest;Ljava/net/URL;)Ljava/lang/Package; @ 62 c2
Event: 0.960 Thread 0x000001c2977f0de0 DEOPT PACKING pc=0x000001c287cfbec8 sp=0x000000b91b9fbbc0
Event: 0.960 Thread 0x000001c2977f0de0 DEOPT UNPACKING pc=0x000001c2800523a3 sp=0x000000b91b9fba70 mode 2
Event: 0.965 Thread 0x000001c2977f0de0 Uncommon trap: trap_request=0xffffff45 fr.pc=0x000001c287d08fe4 relative=0x0000000000005f24
Event: 0.965 Thread 0x000001c2977f0de0 Uncommon trap: reason=unstable_if action=reinterpret pc=0x000001c287d08fe4 method=java.net.URLClassLoader.getAndVerifyPackage(Ljava/lang/String;Ljava/util/jar/Manifest;Ljava/net/URL;)Ljava/lang/Package; @ 62 c2
Event: 0.965 Thread 0x000001c2977f0de0 DEOPT PACKING pc=0x000001c287d08fe4 sp=0x000000b91b9fa2b0
Event: 0.965 Thread 0x000001c2977f0de0 DEOPT UNPACKING pc=0x000001c2800523a3 sp=0x000000b91b9fa1d8 mode 2

Classes unloaded (0 events):
No events

Classes redefined (0 events):
No events

Internal exceptions (20 events):
Event: 1.012 Thread 0x000001c2977f0de0 Exception <a 'java/lang/NoSuchMethodError'{0x00000007589b8c20}: static Lorg/jetbrains/plugins/gradle/model/ExternalLibraryDependency;.<clinit>()V> (0x00000007589b8c20) 
thrown [e:\jenkins\tmp\workspace\build\src\src\hotspot\share\prims\jni.cpp, line 1107]
Event: 1.012 Thread 0x000001c2977f0de0 Exception <a 'java/lang/NoSuchMethodError'{0x00000007589c2280}: static Lorg/jetbrains/plugins/gradle/model/ExternalProjectDependency;.<clinit>()V> (0x00000007589c2280) 
thrown [e:\jenkins\tmp\workspace\build\src\src\hotspot\share\prims\jni.cpp, line 1107]
Event: 1.012 Thread 0x000001c2977f0de0 Exception <a 'java/lang/NoSuchMethodError'{0x00000007589cb900}: static Lorg/jetbrains/plugins/gradle/model/UnresolvedExternalDependency;.<clinit>()V> (0x00000007589cb900) 
thrown [e:\jenkins\tmp\workspace\build\src\src\hotspot\share\prims\jni.cpp, line 1107]
Event: 1.012 Thread 0x000001c2977f0de0 Exception <a 'java/lang/NoSuchMethodError'{0x00000007589d4928}: static Lorg/jetbrains/plugins/gradle/model/FileCollectionDependency;.<clinit>()V> (0x00000007589d4928) 
thrown [e:\jenkins\tmp\workspace\build\src\src\hotspot\share\prims\jni.cpp, line 1107]
Event: 1.015 Thread 0x000001c2977f0de0 Exception <a 'java/lang/NoSuchMethodError'{0x000000075865c6b8}: static Lorg/gradle/tooling/internal/consumer/versioning/VersionDetails;.<clinit>()V> (0x000000075865c6b8) 
thrown [e:\jenkins\tmp\workspace\build\src\src\hotspot\share\prims\jni.cpp, line 1107]
Event: 1.016 Thread 0x000001c2977f0de0 Exception <a 'java/lang/NoSuchMethodError'{0x000000075865f090}: static Lorg/gradle/tooling/internal/consumer/versioning/VersionDetails$R26VersionDetails;.<clinit>()V> (0x000000075865f090) 
thrown [e:\jenkins\tmp\workspace\build\src\src\hotspot\share\prims\jni.cpp, line 1107]
Event: 1.016 Thread 0x000001c2977f0de0 Exception <a 'java/lang/NoSuchMethodError'{0x0000000758660638}: static Lorg/gradle/tooling/internal/consumer/versioning/VersionDetails$R28VersionDetails;.<clinit>()V> (0x0000000758660638) 
thrown [e:\jenkins\tmp\workspace\build\src\src\hotspot\share\prims\jni.cpp, line 1107]
Event: 1.016 Thread 0x000001c2977f0de0 Exception <a 'java/lang/NoSuchMethodError'{0x0000000758661b70}: static Lorg/gradle/tooling/internal/consumer/versioning/VersionDetails$R35VersionDetails;.<clinit>()V> (0x0000000758661b70) 
thrown [e:\jenkins\tmp\workspace\build\src\src\hotspot\share\prims\jni.cpp, line 1107]
Event: 1.016 Thread 0x000001c2977f0de0 Exception <a 'java/lang/NoSuchMethodError'{0x0000000758663270}: static Lorg/gradle/tooling/internal/consumer/versioning/VersionDetails$R44VersionDetails;.<clinit>()V> (0x0000000758663270) 
thrown [e:\jenkins\tmp\workspace\build\src\src\hotspot\share\prims\jni.cpp, line 1107]
Event: 1.016 Thread 0x000001c2977f0de0 Exception <a 'java/lang/NoSuchMethodError'{0x00000007586648a8}: static Lorg/gradle/tooling/internal/consumer/versioning/VersionDetails$R48VersionDetails;.<clinit>()V> (0x00000007586648a8) 
thrown [e:\jenkins\tmp\workspace\build\src\src\hotspot\share\prims\jni.cpp, line 1107]
Event: 1.016 Thread 0x000001c2977f0de0 Exception <a 'java/lang/NoSuchMethodError'{0x0000000758665d80}: static Lorg/gradle/tooling/internal/consumer/versioning/VersionDetails$R51VersionDetails;.<clinit>()V> (0x0000000758665d80) 
thrown [e:\jenkins\tmp\workspace\build\src\src\hotspot\share\prims\jni.cpp, line 1107]
Event: 1.067 Thread 0x000001c2977f0de0 Exception <a 'java/lang/NoSuchMethodError'{0x0000000757ebcad0}: 'java.lang.Object java.lang.invoke.DirectMethodHandle$Holder.invokeSpecialIFC(java.lang.Object, java.lang.Object, java.lang.Object, java.lang.Object)'> (0x0000000757ebcad0) 
thrown [e:\jenkins\tmp\workspace\build\src\src\hotspot\share\interpreter\linkResolver.cpp, line 766]
Event: 1.070 Thread 0x000001c2977f0de0 Exception <a 'java/lang/NoSuchMethodError'{0x0000000757c35488}: 'java.lang.Object java.lang.invoke.DirectMethodHandle$Holder.invokeSpecial(java.lang.Object, java.lang.Object, java.lang.Object, java.lang.Object, java.lang.Object, java.lang.Object, java.lang.Object, java.lang.Object, java.lang.Object, java.lang.Object, java.lang.Object, java.lang.Object, java.lang.Object)'> (0x0000000757c35488) 
thrown [e:\jenkins\tmp\workspace\build\src\src\hotspot\share\interpreter\linkResolver.cpp, line 766]
Event: 1.070 Thread 0x000001c2977f0de0 Exception <a 'java/lang/NoSuchMethodError'{0x0000000757c46f58}: 'java.lang.Object java.lang.invoke.DirectMethodHandle$Holder.newInvokeSpecial(java.lang.Object, java.lang.Object, java.lang.Object, java.lang.Object, java.lang.Object, java.lang.Object, java.lang.Object, java.lang.Object, java.lang.Object, java.lang.Object, java.lang.Object)'> (0x0000000757c46f58) 
thrown [e:\jenkins\tmp\workspace\build\src\src\hotspot\share\interpreter\linkResolver.cpp, line 766]
Event: 1.070 Thread 0x000001c2977f0de0 Exception <a 'java/lang/NoSuchMethodError'{0x0000000757c4ce30}: 'java.lang.Object java.lang.invoke.DirectMethodHandle$Holder.invokeSpecial(java.lang.Object, java.lang.Object, java.lang.Object, java.lang.Object, java.lang.Object, java.lang.Object, java.lang.Object, java.lang.Object, java.lang.Object, java.lang.Object, java.lang.Object, java.lang.Object)'> (0x0000000757c4ce30) 
thrown [e:\jenkins\tmp\workspace\build\src\src\hotspot\share\interpreter\linkResolver.cpp, line 766]
Event: 1.070 Thread 0x000001c2977f0de0 Exception <a 'java/lang/NoSuchMethodError'{0x0000000757c524c8}: 'java.lang.Object java.lang.invoke.Invokers$Holder.linkToTargetMethod(java.lang.Object, java.lang.Object, java.lang.Object, java.lang.Object, java.lang.Object, java.lang.Object, java.lang.Object, java.lang.Object, java.lang.Object, java.lang.Object, java.lang.Object)'> (0x0000000757c524c8) 
thrown [e:\jenkins\tmp\workspace\build\src\src\hotspot\share\interpreter\linkResolver.cpp, line 766]
Event: 1.073 Thread 0x000001c2977f0de0 Exception <a 'java/lang/NoSuchMethodError'{0x0000000757cecd28}: 'java.lang.Object java.lang.invoke.DirectMethodHandle$Holder.invokeSpecial(java.lang.Object, java.lang.Object, java.lang.Object, java.lang.Object, java.lang.Object, java.lang.Object, java.lang.Object, java.lang.Object, java.lang.Object, java.lang.Object, java.lang.Object, java.lang.Object, java.lang.Object, java.lang.Object)'> (0x0000000757cecd28) 
thrown [e:\jenkins\tmp\workspace\build\src\src\hotspot\share\interpreter\linkResolver.cpp, line 
Event: 1.073 Thread 0x000001c2977f0de0 Exception <a 'java/lang/NoSuchMethodError'{0x0000000757cff3a0}: 'java.lang.Object java.lang.invoke.DirectMethodHandle$Holder.newInvokeSpecial(java.lang.Object, java.lang.Object, java.lang.Object, java.lang.Object, java.lang.Object, java.lang.Object, java.lang.Object, java.lang.Object, java.lang.Object, java.lang.Object, java.lang.Object, java.lang.Object)'> (0x0000000757cff3a0) 
thrown [e:\jenkins\tmp\workspace\build\src\src\hotspot\share\interpreter\linkResolver.cpp, line 766]
Event: 1.073 Thread 0x000001c2977f0de0 Exception <a 'java/lang/NoSuchMethodError'{0x0000000757d04fe8}: 'java.lang.Object java.lang.invoke.Invokers$Holder.linkToTargetMethod(java.lang.Object, java.lang.Object, java.lang.Object, java.lang.Object, java.lang.Object, java.lang.Object, java.lang.Object, java.lang.Object, java.lang.Object, java.lang.Object, java.lang.Object, java.lang.Object)'> (0x0000000757d04fe8) 
thrown [e:\jenkins\tmp\workspace\build\src\src\hotspot\share\interpreter\linkResolver.cpp, line 766]
Event: 1.077 Thread 0x000001c2977f0de0 Exception <a 'java/lang/NoSuchMethodError'{0x0000000757d98480}: 'java.lang.Object java.lang.invoke.DirectMethodHandle$Holder.invokeStaticInit(java.lang.Object, java.lang.Object, java.lang.Object, java.lang.Object)'> (0x0000000757d98480) 
thrown [e:\jenkins\tmp\workspace\build\src\src\hotspot\share\interpreter\linkResolver.cpp, line 766]

VM Operations (20 events):
Event: 0.635 Executing VM operation: HandshakeAllThreads done
Event: 0.635 Executing VM operation: HandshakeAllThreads
Event: 0.635 Executing VM operation: HandshakeAllThreads done
Event: 0.651 Executing VM operation: ICBufferFull
Event: 0.652 Executing VM operation: ICBufferFull done
Event: 0.697 Executing VM operation: HandshakeAllThreads
Event: 0.697 Executing VM operation: HandshakeAllThreads done
Event: 0.697 Executing VM operation: HandshakeAllThreads
Event: 0.697 Executing VM operation: HandshakeAllThreads done
Event: 0.934 Executing VM operation: HandshakeAllThreads
Event: 0.934 Executing VM operation: HandshakeAllThreads done
Event: 0.934 Executing VM operation: HandshakeAllThreads
Event: 0.934 Executing VM operation: HandshakeAllThreads done
Event: 0.935 Executing VM operation: ICBufferFull
Event: 0.935 Executing VM operation: ICBufferFull done
Event: 0.960 Executing VM operation: HandshakeAllThreads
Event: 0.960 Executing VM operation: HandshakeAllThreads done
Event: 1.022 Executing VM operation: HandshakeAllThreads
Event: 1.023 Executing VM operation: HandshakeAllThreads done
Event: 1.086 Executing VM operation: CollectForMetadataAllocation

Events (20 events):
Event: 0.975 loading class java/io/ObjectStreamClass$ExceptionInfo
Event: 0.975 loading class java/io/ObjectStreamClass$ExceptionInfo done
Event: 1.019 loading class java/util/concurrent/locks/ReentrantReadWriteLock
Event: 1.020 loading class java/util/concurrent/locks/ReentrantReadWriteLock done
Event: 1.020 loading class java/util/concurrent/locks/ReentrantReadWriteLock$NonfairSync
Event: 1.020 loading class java/util/concurrent/locks/ReentrantReadWriteLock$Sync
Event: 1.020 loading class java/util/concurrent/locks/ReentrantReadWriteLock$Sync done
Event: 1.020 loading class java/util/concurrent/locks/ReentrantReadWriteLock$NonfairSync done
Event: 1.020 loading class java/util/concurrent/locks/ReentrantReadWriteLock$Sync$ThreadLocalHoldCounter
Event: 1.020 loading class java/util/concurrent/locks/ReentrantReadWriteLock$Sync$ThreadLocalHoldCounter done
Event: 1.020 loading class java/util/concurrent/locks/ReentrantReadWriteLock$ReadLock
Event: 1.020 loading class java/util/concurrent/locks/ReentrantReadWriteLock$ReadLock done
Event: 1.020 loading class java/util/concurrent/locks/ReentrantReadWriteLock$WriteLock
Event: 1.020 loading class java/util/concurrent/locks/ReentrantReadWriteLock$WriteLock done
Event: 1.022 loading class java/util/concurrent/Executors$FinalizableDelegatedExecutorService
Event: 1.022 loading class java/util/concurrent/Executors$DelegatedExecutorService
Event: 1.022 loading class java/util/concurrent/Executors$DelegatedExecutorService done
Event: 1.022 loading class java/util/concurrent/Executors$FinalizableDelegatedExecutorService done
Event: 1.064 Thread 0x000001c2987149a0 Thread added: 0x000001c2987149a0
Event: 1.084 Thread 0x000001c298714e70 Thread added: 0x000001c298714e70


Dynamic libraries:
0x00007ff7dc550000 - 0x00007ff7dc55e000 	C:\Program Files\Eclipse Adoptium\jdk-17.0.3.7-hotspot\bin\java.exe
0x00007ffaf1bf0000 - 0x00007ffaf1de8000 	C:\windows\SYSTEM32\ntdll.dll
0x00007ffaf1930000 - 0x00007ffaf19ed000 	C:\windows\System32\KERNEL32.DLL
0x00007ffaef5a0000 - 0x00007ffaef86e000 	C:\windows\System32\KERNELBASE.dll
0x00007ffaef390000 - 0x00007ffaef490000 	C:\windows\System32\ucrtbase.dll
0x00007ffa63390000 - 0x00007ffa633a9000 	C:\Program Files\Eclipse Adoptium\jdk-17.0.3.7-hotspot\bin\VCRUNTIME140.dll
0x00007ffa633b0000 - 0x00007ffa633c8000 	C:\Program Files\Eclipse Adoptium\jdk-17.0.3.7-hotspot\bin\jli.dll
0x00007ffaefe70000 - 0x00007ffaf0010000 	C:\windows\System32\USER32.dll
0x00007ffaef310000 - 0x00007ffaef332000 	C:\windows\System32\win32u.dll
0x00007ffae3bc0000 - 0x00007ffae3e5a000 	C:\windows\WinSxS\amd64_microsoft.windows.common-controls_6595b64144ccf1df_6.0.19041.1110_none_60b5254171f9507e\COMCTL32.dll
0x00007ffaefc50000 - 0x00007ffaefc7a000 	C:\windows\System32\GDI32.dll
0x00007ffaf06d0000 - 0x00007ffaf076e000 	C:\windows\System32\msvcrt.dll
0x00007ffaef490000 - 0x00007ffaef59b000 	C:\windows\System32\gdi32full.dll
0x00007ffaefa90000 - 0x00007ffaefb2d000 	C:\windows\System32\msvcp_win.dll
0x00007ffaf0530000 - 0x00007ffaf0560000 	C:\windows\System32\IMM32.DLL
0x00007ffa85160000 - 0x00007ffa8516c000 	C:\Program Files\Eclipse Adoptium\jdk-17.0.3.7-hotspot\bin\vcruntime140_1.dll
0x00007ffa632f0000 - 0x00007ffa63381000 	C:\Program Files\Eclipse Adoptium\jdk-17.0.3.7-hotspot\bin\msvcp140.dll
0x00007ffa626a0000 - 0x00007ffa632e8000 	C:\Program Files\Eclipse Adoptium\jdk-17.0.3.7-hotspot\bin\server\jvm.dll
0x00007ffaf0cb0000 - 0x00007ffaf0d5e000 	C:\windows\System32\ADVAPI32.dll
0x00007ffaefc80000 - 0x00007ffaefd1c000 	C:\windows\System32\sechost.dll
0x00007ffaf15f0000 - 0x00007ffaf1715000 	C:\windows\System32\RPCRT4.dll
0x00007ffaefd20000 - 0x00007ffaefd28000 	C:\windows\System32\PSAPI.DLL
0x00007ffae59c0000 - 0x00007ffae59e7000 	C:\windows\SYSTEM32\WINMM.dll
0x00007ffaebc30000 - 0x00007ffaebc39000 	C:\windows\SYSTEM32\WSOCK32.dll
0x00007ffae97c0000 - 0x00007ffae97ca000 	C:\windows\SYSTEM32\VERSION.dll
0x00007ffaf0770000 - 0x00007ffaf07db000 	C:\windows\System32\WS2_32.dll
0x00007ffaedbc0000 - 0x00007ffaedbd2000 	C:\windows\SYSTEM32\kernel.appcore.dll
0x00007ffa84bb0000 - 0x00007ffa84bba000 	C:\Program Files\Eclipse Adoptium\jdk-17.0.3.7-hotspot\bin\jimage.dll
0x00007ffaeceb0000 - 0x00007ffaed094000 	C:\windows\SYSTEM32\DBGHELP.DLL
0x00007ffadd6d0000 - 0x00007ffadd6fc000 	C:\windows\SYSTEM32\dbgcore.DLL
0x00007ffaef870000 - 0x00007ffaef8f2000 	C:\windows\System32\bcryptPrimitives.dll
0x00007ffa62670000 - 0x00007ffa62695000 	C:\Program Files\Eclipse Adoptium\jdk-17.0.3.7-hotspot\bin\java.dll
0x00007ffa62590000 - 0x00007ffa62666000 	C:\Program Files\Eclipse Adoptium\jdk-17.0.3.7-hotspot\bin\jsvml.dll
0x00007ffaf0e30000 - 0x00007ffaf1574000 	C:\windows\System32\SHELL32.dll
0x00007ffaed410000 - 0x00007ffaedba4000 	C:\windows\SYSTEM32\windows.storage.dll
0x00007ffaf01d0000 - 0x00007ffaf0524000 	C:\windows\System32\combase.dll
0x00007ffaeed70000 - 0x00007ffaeeda0000 	C:\windows\SYSTEM32\Wldp.dll
0x00007ffaf0010000 - 0x00007ffaf00bd000 	C:\windows\System32\SHCORE.dll
0x00007ffaf0c50000 - 0x00007ffaf0ca5000 	C:\windows\System32\shlwapi.dll
0x00007ffaef250000 - 0x00007ffaef26f000 	C:\windows\SYSTEM32\profapi.dll
0x00007ffa62570000 - 0x00007ffa62589000 	C:\Program Files\Eclipse Adoptium\jdk-17.0.3.7-hotspot\bin\net.dll
0x00007ffae2640000 - 0x00007ffae274a000 	C:\windows\SYSTEM32\WINHTTP.dll
0x00007ffaeead0000 - 0x00007ffaeeb3a000 	C:\windows\system32\mswsock.dll
0x00007ffa62550000 - 0x00007ffa62565000 	C:\Program Files\Eclipse Adoptium\jdk-17.0.3.7-hotspot\bin\nio.dll
0x00007ffa62530000 - 0x00007ffa62548000 	C:\Program Files\Eclipse Adoptium\jdk-17.0.3.7-hotspot\bin\zip.dll
0x00007ffa82ae0000 - 0x00007ffa82af0000 	C:\Program Files\Eclipse Adoptium\jdk-17.0.3.7-hotspot\bin\verify.dll
0x00007ffad1420000 - 0x00007ffad1447000 	C:\Users\joefo\.gradle\native\e1d6ef7f7dcc3fd88c89a11ec53ec762bb8ba0a96d01ffa2cd45eb1d1d8dd5c5\windows-amd64\native-platform.dll
0x00007ffa99620000 - 0x00007ffa99764000 	C:\Users\joefo\.gradle\native\5664cfc778a61ccfe75a443a1ab52a65af34e5dc3c78e0209fed803814484fcb\windows-amd64\native-platform-file-events.dll
0x00007ffac6bd0000 - 0x00007ffac6bd9000 	C:\Program Files\Eclipse Adoptium\jdk-17.0.3.7-hotspot\bin\management.dll
0x00007ffac6bc0000 - 0x00007ffac6bcb000 	C:\Program Files\Eclipse Adoptium\jdk-17.0.3.7-hotspot\bin\management_ext.dll
0x00007ffaeecd0000 - 0x00007ffaeece8000 	C:\windows\SYSTEM32\CRYPTSP.dll
0x00007ffaee3e0000 - 0x00007ffaee414000 	C:\windows\system32\rsaenh.dll
0x00007ffaef900000 - 0x00007ffaef927000 	C:\windows\System32\bcrypt.dll
0x00007ffaef210000 - 0x00007ffaef23e000 	C:\windows\SYSTEM32\USERENV.dll
0x00007ffaeecc0000 - 0x00007ffaeeccc000 	C:\windows\SYSTEM32\CRYPTBASE.dll
0x00007ffaee770000 - 0x00007ffaee7ab000 	C:\windows\SYSTEM32\IPHLPAPI.DLL
0x00007ffaf19f0000 - 0x00007ffaf19f8000 	C:\windows\System32\NSI.dll
0x00007ffae9800000 - 0x00007ffae9817000 	C:\windows\SYSTEM32\dhcpcsvc6.DLL
0x00007ffae97e0000 - 0x00007ffae97fd000 	C:\windows\SYSTEM32\dhcpcsvc.DLL
0x00007ffaee7b0000 - 0x00007ffaee87b000 	C:\windows\SYSTEM32\DNSAPI.dll
0x00007ffac6a10000 - 0x00007ffac6a1e000 	C:\Program Files\Eclipse Adoptium\jdk-17.0.3.7-hotspot\bin\sunmscapi.dll
0x00007ffaef930000 - 0x00007ffaefa86000 	C:\windows\System32\CRYPT32.dll
0x00007ffaeede0000 - 0x00007ffaeee07000 	C:\windows\SYSTEM32\ncrypt.dll
0x00007ffaeeda0000 - 0x00007ffaeeddb000 	C:\windows\SYSTEM32\NTASN1.dll
0x00007ffac5060000 - 0x00007ffac5067000 	C:\windows\system32\wshunix.dll

dbghelp: loaded successfully - version: 4.0.5 - missing functions: none
symbol engine: initialized successfully - sym options: 0x614 - pdb path: .;C:\Program Files\Eclipse Adoptium\jdk-17.0.3.7-hotspot\bin;C:\windows\SYSTEM32;C:\windows\WinSxS\amd64_microsoft.windows.common-controls_6595b64144ccf1df_6.0.19041.1110_none_60b5254171f9507e;C:\Program Files\Eclipse Adoptium\jdk-17.0.3.7-hotspot\bin\server;C:\Users\joefo\.gradle\native\e1d6ef7f7dcc3fd88c89a11ec53ec762bb8ba0a96d01ffa2cd45eb1d1d8dd5c5\windows-amd64;C:\Users\joefo\.gradle\native\5664cfc778a61ccfe75a443a1ab52a65af34e5dc3c78e0209fed803814484fcb\windows-amd64

VM Arguments:
jvm_args: --add-opens=java.base/java.util=ALL-UNNAMED --add-opens=java.base/java.lang=ALL-UNNAMED --add-opens=java.base/java.lang.invoke=ALL-UNNAMED --add-opens=java.base/java.util=ALL-UNNAMED --add-opens=java.prefs/java.util.prefs=ALL-UNNAMED --add-opens=java.prefs/java.util.prefs=ALL-UNNAMED --add-opens=java.base/java.nio.charset=ALL-UNNAMED --add-opens=java.base/java.net=ALL-UNNAMED --add-opens=java.base/java.util.concurrent.atomic=ALL-UNNAMED -Xmx3G -Dfile.encoding=windows-1252 -Duser.country=US -Duser.language=en -Duser.variant 
java_command: org.gradle.launcher.daemon.bootstrap.GradleDaemon 7.3
java_class_path (initial): C:\Users\joefo\.gradle\wrapper\dists\gradle-7.3-bin\ddwl0k7mt9g6ak16i1m905vyv\gradle-7.3\lib\gradle-launcher-7.3.jar
Launcher Type: SUN_STANDARD

[Global flags]
     intx CICompilerCount                          = 12                                        {product} {ergonomic}
     uint ConcGCThreads                            = 5                                         {product} {ergonomic}
     uint G1ConcRefinementThreads                  = 18                                        {product} {ergonomic}
   size_t G1HeapRegionSize                         = 2097152                                   {product} {ergonomic}
    uintx GCDrainStackTargetSize                   = 64                                        {product} {ergonomic}
   size_t InitialHeapSize                          = 534773760                                 {product} {ergonomic}
   size_t MarkStackSize                            = 4194304                                   {product} {ergonomic}
   size_t MaxHeapSize                              = 3221225472                                {product} {command line}
   size_t MaxNewSize                               = 1931476992                                {product} {ergonomic}
   size_t MinHeapDeltaBytes                        = 2097152                                   {product} {ergonomic}
   size_t MinHeapSize                              = 8388608                                   {product} {ergonomic}
    uintx NonNMethodCodeHeapSize                   = 7602480                                {pd product} {ergonomic}
    uintx NonProfiledCodeHeapSize                  = 122027880                              {pd product} {ergonomic}
    uintx ProfiledCodeHeapSize                     = 122027880                              {pd product} {ergonomic}
    uintx ReservedCodeCacheSize                    = 251658240                              {pd product} {ergonomic}
     bool SegmentedCodeCache                       = true                                      {product} {ergonomic}
   size_t SoftMaxHeapSize                          = 3221225472                             {manageable} {ergonomic}
     bool UseCompressedClassPointers               = true                           {product lp64_product} {ergonomic}
     bool UseCompressedOops                        = true                           {product lp64_product} {ergonomic}
     bool UseG1GC                                  = true                                      {product} {ergonomic}
     bool UseLargePagesIndividualAllocation        = false                                  {pd product} {ergonomic}

Logging:
Log output configuration:
 #0: stdout all=warning uptime,level,tags
 #1: stderr all=off uptime,level,tags

Environment Variables:
JAVA_HOME=C:\Program Files\Eclipse Adoptium\jdk-17.0.3.7-hotspot\
PATH=C:\Program Files\Common Files\Oracle\Java\javapath;C:\Program Files\Eclipse Adoptium\jdk-17.0.3.7-hotspot\bin;C:\Windows\system32;C:\Windows;C:\Windows\System32\Wbem;C:\Windows\System32\WindowsPowerShell\v1.0\;C:\Windows\System32\OpenSSH\;C:\Program Files (x86)\NVIDIA Corporation\PhysX\Common;C:\Program Files\NVIDIA Corporation\NVIDIA NvDLISR;C:\Program Files\Git\cmd;C:\Users\joefo\AppData\Local\Microsoft\WindowsApps;;C:\Program Files\JetBrains\IntelliJ IDEA Community Edition 2022.1.2\bin;
USERNAME=joefo
OS=Windows_NT
PROCESSOR_IDENTIFIER=Intel64 Family 6 Model 151 Stepping 2, GenuineIntel



---------------  S Y S T E M  ---------------

OS:
 Windows 10 , 64 bit Build 19041 (10.0.19041.1806)
OS uptime: 0 days 0:09 hours

CPU: total 24 (initial active 24) (12 cores per cpu, 2 threads per core) family 6 model 151 stepping 2 microcode 0x12, cx8, cmov, fxsr, ht, mmx, 3dnowpref, sse, sse2, sse3, ssse3, sse4.1, sse4.2, popcnt, lzcnt, tsc, tscinvbit, avx, avx2, aes, erms, clmul, bmi1, bmi2, adx, sha, fma, vzeroupper, clflush, clflushopt, clwb

Memory: 4k page, system-wide physical 32581M (23388M free)
TotalPageFile size 49989M (AvailPageFile size 37466M)
current process WorkingSet (physical memory assigned to process): 312M, peak: 312M
current process commit charge ("private bytes"): 745M, peak: 745M

vm_info: OpenJDK 64-Bit Server VM (17.0.3+7) for windows-amd64 JRE (17.0.3+7), built on Apr 19 2022 16:55:35 by "" with MS VC++ 16.7 (VS2019)

END.
