#
# A fatal error has been detected by the Java Runtime Environment:
#
#  EXCEPTION_ACCESS_VIOLATION (0xc0000005) at pc=0x0000027e9addeafe, pid=17880, tid=22512
#
# JRE version: OpenJDK Runtime Environment Temurin-17.0.3+7 (17.0.3+7) (build 17.0.3+7)
# Java VM: OpenJDK 64-Bit Server VM Temurin-17.0.3+7 (17.0.3+7, mixed mode, sharing, tiered, compressed oops, compressed class ptrs, g1 gc, windows-amd64)
# Problematic frame:
# j  org.gradle.internal.concurrent.ThreadFactoryImpl$ManagedThreadRunnable.run()V+1031
#
# No core dump will be written. Minidumps are not enabled by default on client versions of Windows
#
# If you would like to submit a bug report, please visit:
#   https://github.com/adoptium/adoptium-support/issues
#

---------------  S U M M A R Y ------------

Command Line: -agentlib:jdwp=transport=dt_socket,server=n,suspend=y,address=127.0.0.1:64023 --add-opens=java.base/java.util=ALL-UNNAMED --add-opens=java.base/java.lang=ALL-UNNAMED --add-opens=java.base/java.lang.invoke=ALL-UNNAMED --add-opens=java.base/java.util=ALL-UNNAMED --add-opens=java.prefs/java.util.prefs=ALL-UNNAMED --add-opens=java.prefs/java.util.prefs=ALL-UNNAMED --add-opens=java.base/java.nio.charset=ALL-UNNAMED --add-opens=java.base/java.net=ALL-UNNAMED --add-opens=java.base/java.util.concurrent.atomic=ALL-UNNAMED -Xmx3G -Dfile.encoding=windows-1252 -Duser.country=US -Duser.language=en -Duser.variant org.gradle.launcher.daemon.bootstrap.GradleDaemon 7.3

Host: 12th Gen Intel(R) Core(TM) i9-12900KF, 24 cores, 31G,  Windows 10 , 64 bit Build 19041 (10.0.19041.1806)
Time: Mon Jul 18 02:49:23 2022 Mountain Daylight Time elapsed time: 136.131453 seconds (0d 0h 2m 16s)

---------------  T H R E A D  ---------------

Current thread (0x0000027ec2f52150):  JavaThread "Unconstrained build operations Thread 112" [_thread_in_Java, id=22512, stack(0x000000fa85000000,0x000000fa85100000)]

Stack: [0x000000fa85000000,0x000000fa85100000],  sp=0x000000fa850f7268,  free space=988k
Native frames: (J=compiled Java code, j=interpreted, Vv=VM code, C=native code)
C  0x0000027e9addeafe


siginfo: EXCEPTION_ACCESS_VIOLATION (0xc0000005), writing address 0x00000000ba1c6590


Register to memory mapping:

RIP=0x0000027e9addeafe is at code_begin+3230 in an Interpreter codelet
exception handling  [0x0000027e9addde60, 0x0000027e9addeda0]  3904 bytes
RAX=0x000000fa850f7268 is pointing into the stack for thread: 0x0000027ec2f52150
RBX=0x000000fa850ff268 is pointing into the stack for thread: 0x0000027ec2f52150
RCX=0x0000000000000001 is an unknown value
RDX=0x000000fa850f7268 is pointing into the stack for thread: 0x0000027ec2f52150
RSP=0x000000fa850f7268 is pointing into the stack for thread: 0x0000027ec2f52150
RBP=0x000000fa850ff2b0 is pointing into the stack for thread: 0x0000027ec2f52150
RSI=0x0000000740de5418 is an oop: java.util.concurrent.atomic.AtomicInteger 
{0x0000000740de5418} - klass: 'java/util/concurrent/atomic/AtomicInteger'
 - ---- fields (total size 2 words):
 - private volatile 'value' 'I' @12  0
RDI=0x0000027ec890f370 is pointing into metadata
R8 =0x0000000000398398 is an unknown value
R9 =0x00000000ba1c6590 is an unknown value
R10=0x0000027eb8ba0690 points into unknown readable memory: 0x0000001e00000003 | 03 00 00 00 1e 00 00 00
R11={method} {0x0000027eb5e4fbb8} 'run' '()V' in 'org/gradle/internal/concurrent/ThreadFactoryImpl$ManagedThreadRunnable'
R12=0x0 is NULL
R13=0x0000027eb5e4ff8f is pointing into metadata
R14=0x000000fa850ff2c0 is pointing into the stack for thread: 0x0000027ec2f52150
R15=0x0000027ec2f52150 is a thread


Registers:
RAX=0x000000fa850f7268, RBX=0x000000fa850ff268, RCX=0x0000000000000001, RDX=0x000000fa850f7268
RSP=0x000000fa850f7268, RBP=0x000000fa850ff2b0, RSI=0x0000000740de5418, RDI=0x0000027ec890f370
R8 =0x0000000000398398, R9 =0x00000000ba1c6590, R10=0x0000027eb8ba0690, R11=0x0000027eb5e4fbb0
R12=0x0000000000000000, R13=0x0000027eb5e4ff8f, R14=0x000000fa850ff2c0, R15=0x0000027ec2f52150
RIP=0x0000027e9addeafe, EFLAGS=0x0000000000010202

Top of Stack: (sp=0x000000fa850f7268)
0x000000fa850f7268:   0000000000398398 0000000000000000
0x000000fa850f7278:   00000000bfdc56a0 0000000000000000
0x000000fa850f7288:   00000000c1313a58 0000000000000000
0x000000fa850f7298:   00000000ba015290 00000000c054fe50
0x000000fa850f72a8:   00000000c054fe18 0000000000000000
0x000000fa850f72b8:   00000000c051af80 0000000000000000
0x000000fa850f72c8:   0000000000000000 00000000c0550928
0x000000fa850f72d8:   00000000ba0f2890 00000000c05508f0
0x000000fa850f72e8:   00000000c051ac20 0000000000000000
0x000000fa850f72f8:   00000000b5fbf938 00000000c05386d8
0x000000fa850f7308:   0000000000000127 00000000c054fde0
0x000000fa850f7318:   00000000c05386a0 00000000c051d440
0x000000fa850f7328:   0000000000d8e568 0000000000000000
0x000000fa850f7338:   00000000ba0f2890 00000000ba1c6998
0x000000fa850f7348:   00000000000bade0 00000000ba1ca590
0x000000fa850f7358:   000000000042e638 00000000ba1cb000 

Instructions: (pc=0x0000027e9addeafe)
0x0000027e9adde9fe:   00 00 00 48 83 ec 20 f7 c4 0f 00 00 00 0f 84 1a
0x0000027e9addea0e:   00 00 00 48 83 ec 08 49 ba e0 c7 af 7f fd 7f 00
0x0000027e9addea1e:   00 41 ff d2 48 83 c4 08 e9 0d 00 00 00 49 ba e0
0x0000027e9addea2e:   c7 af 7f fd 7f 00 00 41 ff d2 48 83 c4 20 ff e0
0x0000027e9addea3e:   49 81 7f 08 00 00 00 00 0f 84 05 00 00 00 e9 af
0x0000027e9addea4e:   24 ff ff 4c 8b 6d c0 4c 8b 75 c8 c3 e9 70 00 00
0x0000027e9addea5e:   00 4c 89 6d c0 48 8d 02 4c 8b 4a 08 48 c7 42 08
0x0000027e9addea6e:   00 00 00 00 4c 8b 00 4d 85 c0 0f 84 4d 00 00 00
0x0000027e9addea7e:   f0 4d 0f b1 01 0f 84 42 00 00 00 4c 89 4a 08 48
0x0000027e9addea8e:   8b ca 48 83 ec 20 f7 c4 0f 00 00 00 0f 84 1a 00
0x0000027e9addea9e:   00 00 48 83 ec 08 49 ba 80 0f b0 7f fd 7f 00 00
0x0000027e9addeaae:   41 ff d2 48 83 c4 08 e9 0d 00 00 00 49 ba 80 0f
0x0000027e9addeabe:   b0 7f fd 7f 00 00 41 ff d2 48 83 c4 20 4c 8b 6d
0x0000027e9addeace:   c0 48 8b 55 b8 48 8d 5d b8 e9 f1 01 00 00 48 8b
0x0000027e9addeade:   d2 4c 89 6d c0 48 8d 02 4c 8b 4a 08 48 c7 42 08
0x0000027e9addeaee:   00 00 00 00 4c 8b 00 4d 85 c0 0f 84 4d 00 00 00
0x0000027e9addeafe:   f0 4d 0f b1 01 0f 84 42 00 00 00 4c 89 4a 08 48
0x0000027e9addeb0e:   8b ca 48 83 ec 20 f7 c4 0f 00 00 00 0f 84 1a 00
0x0000027e9addeb1e:   00 00 48 83 ec 08 49 ba 80 0f b0 7f fd 7f 00 00
0x0000027e9addeb2e:   41 ff d2 48 83 c4 08 e9 0d 00 00 00 49 ba 80 0f
0x0000027e9addeb3e:   b0 7f fd 7f 00 00 41 ff d2 48 83 c4 20 4c 8b 6d
0x0000027e9addeb4e:   c0 e8 05 00 00 00 e9 5d 01 00 00 48 8d 44 24 08
0x0000027e9addeb5e:   4c 89 6d c0 49 8b cf c5 f8 77 49 89 af 98 02 00
0x0000027e9addeb6e:   00 49 89 87 88 02 00 00 48 83 ec 20 f7 c4 0f 00
0x0000027e9addeb7e:   00 00 0f 84 1a 00 00 00 48 83 ec 08 49 ba 10 13
0x0000027e9addeb8e:   b0 7f fd 7f 00 00 41 ff d2 48 83 c4 08 e9 0d 00
0x0000027e9addeb9e:   00 00 49 ba 10 13 b0 7f fd 7f 00 00 41 ff d2 48
0x0000027e9addebae:   83 c4 20 49 c7 87 88 02 00 00 00 00 00 00 49 c7
0x0000027e9addebbe:   87 98 02 00 00 00 00 00 00 49 c7 87 90 02 00 00
0x0000027e9addebce:   00 00 00 00 c5 f8 77 41 8b 8f fc 03 00 00 f7 c1
0x0000027e9addebde:   01 00 00 00 0f 84 49 00 00 00 f7 c1 02 00 00 00
0x0000027e9addebee:   0f 85 3d 00 00 00 48 83 ec 20 f7 c4 0f 00 00 00 


Stack slot to memory mapping:
stack at sp + 0 slots: 0x0000000000398398 is an unknown value
stack at sp + 1 slots: 0x0 is NULL
stack at sp + 2 slots: 0x00000000bfdc56a0 is an unknown value
stack at sp + 3 slots: 0x0 is NULL
stack at sp + 4 slots: 0x00000000c1313a58 is an unknown value
stack at sp + 5 slots: 0x0 is NULL
stack at sp + 6 slots: 0x00000000ba015290 is an unknown value
stack at sp + 7 slots: 0x00000000c054fe50 is an unknown value

exception handling  [0x0000027e9addde60, 0x0000027e9addeda0]  3904 bytes
[MachCode]
  0x0000027e9addde60: 48c7 45f0 | 0000 0000 | 4c8b 6dc0 | 4c8b 75c8 | 4d33 e448 | 8bd0 488b | 65b8 48c7 | 45f0 0000 
  0x0000027e9addde80: 0000 e805 | 0000 00e9 | 6f01 0000 | 488d 4424 | 084c 896d | c049 8bcf | c5f8 7749 | 89af 9802 
  0x0000027e9adddea0: 0000 4989 | 8788 0200 | 0048 83ec | 20f7 c40f | 0000 000f | 841a 0000 | 0048 83ec | 0849 ba90 
  0x0000027e9adddec0: f9af 7ffd | 7f00 0041 | ffd2 4883 | c408 e90d | 0000 0049 | ba90 f9af | 7ffd 7f00 | 0041 ffd2 
  0x0000027e9adddee0: 4883 c420 | 49c7 8788 | 0200 0000 | 0000 0049 | c787 9802 | 0000 0000 | 0000 49c7 | 8790 0200 
  0x0000027e9adddf00: 0000 0000 | 00c5 f877 | 418b 8ffc | 0300 00f7 | c101 0000 | 000f 8449 | 0000 00f7 | c102 0000 
  0x0000027e9adddf20: 000f 853d | 0000 0048 | 83ec 20f7 | c40f 0000 | 000f 841a | 0000 0048 | 83ec 0849 | baf0 c7af 
  0x0000027e9adddf40: 7ffd 7f00 | 0041 ffd2 | 4883 c408 | e90d 0000 | 0049 baf0 | c7af 7ffd | 7f00 0041 | ffd2 4883 
  0x0000027e9adddf60: c420 ffe0 | 498b 8f80 | 0400 0048 | 85c9 0f84 | 5900 0000 | 8b89 8c00 | 0000 83f9 | 010f 854a 
  0x0000027e9adddf80: 0000 0049 | 8b8f 8004 | 0000 8b89 | 9000 0000 | 4883 ec20 | f7c4 0f00 | 0000 0f84 | 1a00 0000 
  0x0000027e9adddfa0: 4883 ec08 | 49ba e0c7 | af7f fd7f | 0000 41ff | d248 83c4 | 08e9 0d00 | 0000 49ba | e0c7 af7f 
  0x0000027e9adddfc0: fd7f 0000 | 41ff d248 | 83c4 20ff | e049 817f | 0800 0000 | 000f 8405 | 0000 00e9 | 202f ffff 
  0x0000027e9adddfe0: 498b 97e0 | 0200 0049 | c787 e002 | 0000 0000 | 0000 4c8b | 6dc0 4c8b | 75c8 c352 | ffe0 488b 
  0x0000027e9adde000: 65b8 48c7 | 45f0 0000 | 0000 418b | 97fc 0300 | 0083 ca02 | 4189 97fc | 0300 0048 | 8b55 0848 
  0x0000027e9adde020: 8bca 4883 | ec20 f7c4 | 0f00 0000 | 0f84 1a00 | 0000 4883 | ec08 49ba | a009 b07f | fd7f 0000 
  0x0000027e9adde040: 41ff d248 | 83c4 08e9 | 0d00 0000 | 49ba a009 | b07f fd7f | 0000 41ff | d248 83c4 | 2085 c00f 
  0x0000027e9adde060: 85ad 0200 | 0048 8b45 | e848 8b40 | 080f b740 | 2cc1 e003 | 4c8b 75c8 | 4c2b f049 | 83c6 084d 
  0x0000027e9adde080: 8bc6 488b | d049 8bcf | 4883 ec20 | f7c4 0f00 | 0000 0f84 | 1a00 0000 | 4883 ec08 | 49ba e034 
  0x0000027e9adde0a0: 9d7f fd7f | 0000 41ff | d248 83c4 | 08e9 0d00 | 0000 49ba | e034 9d7f | fd7f 0000 | 41ff d248 
  0x0000027e9adde0c0: 83c4 2049 | 3baf 4003 | 0000 0f87 | 0500 0000 | e984 0000 | 00c5 f877 | 4989 af98 | 0200 0049 
  0x0000027e9adde0e0: bad5 e0dd | 9a7e 0200 | 004d 8997 | 9002 0000 | 4989 a788 | 0200 0049 | 8bcf 4883 | ec20 f7c4 
  0x0000027e9adde100: 0f00 0000 | 0f84 1a00 | 0000 4883 | ec08 49ba | 50f5 af7f | fd7f 0000 | 41ff d248 | 83c4 08e9 
  0x0000027e9adde120: 0d00 0000 | 49ba 50f5 | af7f fd7f | 0000 41ff | d248 83c4 | 2049 c787 | 8802 0000 | 0000 0000 
  0x0000027e9adde140: 49c7 8798 | 0200 0000 | 0000 0049 | c787 9002 | 0000 0000 | 0000 c5f8 | 7741 8a9f | 6903 0000 
  0x0000027e9adde160: 41c6 8769 | 0300 0000 | 488b 4de8 | 8b49 28f7 | c120 0000 | 000f 848f | 0000 00f6 | c3ff 0f85 
  0x0000027e9adde180: 2201 0000 | 488d 55a8 | 488b 4208 | 4885 c00f | 8505 0000 | 00e9 7000 | 0000 4c89 | 6dc0 488d 
  0x0000027e9adde1a0: 024c 8b4a | 0848 c742 | 0800 0000 | 004c 8b00 | 4d85 c00f | 844d 0000 | 00f0 4d0f | b101 0f84 
  0x0000027e9adde1c0: 4200 0000 | 4c89 4a08 | 488b ca48 | 83ec 20f7 | c40f 0000 | 000f 841a | 0000 0048 | 83ec 0849 
  0x0000027e9adde1e0: ba80 0fb0 | 7ffd 7f00 | 0041 ffd2 | 4883 c408 | e90d 0000 | 0049 ba80 | 0fb0 7ffd | 7f00 0041 
  0x0000027e9adde200: ffd2 4883 | c420 4c8b | 6dc0 488b | 55b8 488d | 5db8 e98a | 0000 0048 | 8bd2 4c89 | 6dc0 488d 
  0x0000027e9adde220: 024c 8b4a | 0848 c742 | 0800 0000 | 004c 8b00 | 4d85 c00f | 844d 0000 | 00f0 4d0f | b101 0f84 
  0x0000027e9adde240: 4200 0000 | 4c89 4a08 | 488b ca48 | 83ec 20f7 | c40f 0000 | 000f 841a | 0000 0048 | 83ec 0849 
  0x0000027e9adde260: ba80 0fb0 | 7ffd 7f00 | 0041 ffd2 | 4883 c408 | e90d 0000 | 0049 ba80 | 0fb0 7ffd | 7f00 0041 
  0x0000027e9adde280: ffd2 4883 | c420 4c8b | 6dc0 e97b | ffff ff48 | 817a 0800 | 0000 000f | 857a ffff | ff48 83c2 
  0x0000027e9adde2a0: 1048 3bd3 | 75e9 49ba | cfb3 2e80 | fd7f 0000 | 4180 3a00 | 0f84 4200 | 0000 488b | 55e8 498b 
  0x0000027e9adde2c0: cf48 83ec | 20f7 c40f | 0000 000f | 841a 0000 | 0048 83ec | 0849 ba70 | b3e5 7ffd | 7f00 0041 
  0x0000027e9adde2e0: ffd2 4883 | c408 e90d | 0000 0049 | ba70 b3e5 | 7ffd 7f00 | 0041 ffd2 | 4883 c420 | 488b 5df8 
  0x0000027e9adde300: c95a 488b | e341 c787 | fc03 0000 | 0400 0000 | ffe2 493b | af40 0300 | 000f 8705 | 0000 00e9 
  0x0000027e9adde320: 8400 0000 | c5f8 7749 | 89af 9802 | 0000 49ba | 24e3 dd9a | 7e02 0000 | 4d89 9790 | 0200 0049 
  0x0000027e9adde340: 89a7 8802 | 0000 498b | cf48 83ec | 20f7 c40f | 0000 000f | 841a 0000 | 0048 83ec | 0849 ba50 
  0x0000027e9adde360: f5af 7ffd | 7f00 0041 | ffd2 4883 | c408 e90d | 0000 0049 | ba50 f5af | 7ffd 7f00 | 0041 ffd2 
  0x0000027e9adde380: 4883 c420 | 49c7 8788 | 0200 0000 | 0000 0049 | c787 9802 | 0000 0000 | 0000 49c7 | 8790 0200 
  0x0000027e9adde3a0: 0000 0000 | 00c5 f877 | 418a 9f69 | 0300 0041 | c687 6903 | 0000 0048 | 8b4d e88b | 4928 f7c1 
  0x0000027e9adde3c0: 2000 0000 | 0f84 8f00 | 0000 f6c3 | ff0f 8522 | 0100 0048 | 8d55 a848 | 8b42 0848 | 85c0 0f85 
  0x0000027e9adde3e0: 0500 0000 | e970 0000 | 004c 896d | c048 8d02 | 4c8b 4a08 | 48c7 4208 | 0000 0000 | 4c8b 004d 
  0x0000027e9adde400: 85c0 0f84 | 4d00 0000 | f04d 0fb1 | 010f 8442 | 0000 004c | 894a 0848 | 8bca 4883 | ec20 f7c4 
  0x0000027e9adde420: 0f00 0000 | 0f84 1a00 | 0000 4883 | ec08 49ba | 800f b07f | fd7f 0000 | 41ff d248 | 83c4 08e9 
  0x0000027e9adde440: 0d00 0000 | 49ba 800f | b07f fd7f | 0000 41ff | d248 83c4 | 204c 8b6d | c048 8b55 | b848 8d5d 
  0x0000027e9adde460: b8e9 8a00 | 0000 488b | d24c 896d | c048 8d02 | 4c8b 4a08 | 48c7 4208 | 0000 0000 | 4c8b 004d 
  0x0000027e9adde480: 85c0 0f84 | 4d00 0000 | f04d 0fb1 | 010f 8442 | 0000 004c | 894a 0848 | 8bca 4883 | ec20 f7c4 
  0x0000027e9adde4a0: 0f00 0000 | 0f84 1a00 | 0000 4883 | ec08 49ba | 800f b07f | fd7f 0000 | 41ff d248 | 83c4 08e9 
  0x0000027e9adde4c0: 0d00 0000 | 49ba 800f | b07f fd7f | 0000 41ff | d248 83c4 | 204c 8b6d | c0e9 7bff | ffff 4881 
  0x0000027e9adde4e0: 7a08 0000 | 0000 0f85 | 7aff ffff | 4883 c210 | 483b d375 | e949 bacf | b32e 80fd | 7f00 0041 
  0x0000027e9adde500: 803a 000f | 8442 0000 | 0048 8b55 | e849 8bcf | 4883 ec20 | f7c4 0f00 | 0000 0f84 | 1a00 0000 
  0x0000027e9adde520: 4883 ec08 | 49ba 70b3 | e57f fd7f | 0000 41ff | d248 83c4 | 08e9 0d00 | 0000 49ba | 70b3 e57f 
  0x0000027e9adde540: fd7f 0000 | 41ff d248 | 83c4 2048 | 8b5d f8c9 | 5a48 8be3 | 488b d44c | 8b45 f0c5 | f877 4989 
  0x0000027e9adde560: af98 0200 | 0049 ba5b | e5dd 9a7e | 0200 004d | 8997 9002 | 0000 4989 | a788 0200 | 0049 8bcf 
  0x0000027e9adde580: 4883 ec20 | f7c4 0f00 | 0000 0f84 | 1a00 0000 | 4883 ec08 | 49ba f016 | b07f fd7f | 0000 41ff 
  0x0000027e9adde5a0: d248 83c4 | 08e9 0d00 | 0000 49ba | f016 b07f | fd7f 0000 | 41ff d248 | 83c4 2049 | c787 8802 
  0x0000027e9adde5c0: 0000 0000 | 0000 49c7 | 8798 0200 | 0000 0000 | 0049 c787 | 9002 0000 | 0000 0000 | c5f8 7748 
  0x0000027e9adde5e0: 8b65 f048 | c745 f000 | 0000 004c | 8b6d c04c | 8b75 c850 | 5348 8b5d | e848 8b43 | 1048 85c0 
  0x0000027e9adde600: 0f84 4f00 | 0000 498b | d548 8bcb | 4883 ec20 | f7c4 0f00 | 0000 0f84 | 1a00 0000 | 4883 ec08 
  0x0000027e9adde620: 49ba 60f5 | af7f fd7f | 0000 41ff | d248 83c4 | 08e9 0d00 | 0000 49ba | 60f5 af7f | fd7f 0000 
  0x0000027e9adde640: 41ff d248 | 83c4 2048 | 8b5b 1048 | 81c3 0801 | 0000 4803 | c348 8945 | d85b 5841 | c787 fc03 
  0x0000027e9adde660: 0000 0000 | 0000 4180 | 7d00 b80f | 8595 0100 | 0048 8b55 | e849 8b06 | e805 0000 | 00e9 7801 
  0x0000027e9adde680: 0000 4d8b | cd4c 8bc2 | 488b d048 | 8d44 2408 | 4c89 6dc0 | 498b cfc5 | f877 4989 | af98 0200 
  0x0000027e9adde6a0: 0049 8987 | 8802 0000 | 4883 ec20 | f7c4 0f00 | 0000 0f84 | 1a00 0000 | 4883 ec08 | 49ba 500c 
  0x0000027e9adde6c0: b07f fd7f | 0000 41ff | d248 83c4 | 08e9 0d00 | 0000 49ba | 500c b07f | fd7f 0000 | 41ff d248 
  0x0000027e9adde6e0: 83c4 2049 | c787 8802 | 0000 0000 | 0000 49c7 | 8798 0200 | 0000 0000 | 0049 c787 | 9002 0000 
  0x0000027e9adde700: 0000 0000 | c5f8 7741 | 8b8f fc03 | 0000 f7c1 | 0100 0000 | 0f84 4900 | 0000 f7c1 | 0200 0000 
  0x0000027e9adde720: 0f85 3d00 | 0000 4883 | ec20 f7c4 | 0f00 0000 | 0f84 1a00 | 0000 4883 | ec08 49ba | f0c7 af7f 
  0x0000027e9adde740: fd7f 0000 | 41ff d248 | 83c4 08e9 | 0d00 0000 | 49ba f0c7 | af7f fd7f | 0000 41ff | d248 83c4 
  0x0000027e9adde760: 20ff e049 | 8b8f 8004 | 0000 4885 | c90f 8459 | 0000 008b | 898c 0000 | 0083 f901 | 0f85 4a00 
  0x0000027e9adde780: 0000 498b | 8f80 0400 | 008b 8990 | 0000 0048 | 83ec 20f7 | c40f 0000 | 000f 841a | 0000 0048 
  0x0000027e9adde7a0: 83ec 0849 | bae0 c7af | 7ffd 7f00 | 0041 ffd2 | 4883 c408 | e90d 0000 | 0049 bae0 | c7af 7ffd 
  0x0000027e9adde7c0: 7f00 0041 | ffd2 4883 | c420 ffe0 | 4981 7f08 | 0000 0000 | 0f84 0500 | 0000 e921 | 27ff ff49 
  0x0000027e9adde7e0: 8b87 e002 | 0000 49c7 | 87e0 0200 | 0000 0000 | 004c 8b6d | c04c 8b75 | c8c3 4885 | c00f 8403 
  0x0000027e9adde800: 0000 0048 | 8903 410f | b65d 0049 | ba30 1d31 | 80fd 7f00 | 0041 ff24 | da58 4989 | 87e0 0200 
  0x0000027e9adde820: 0049 3baf | 4003 0000 | 0f87 0500 | 0000 e984 | 0000 00c5 | f877 4989 | af98 0200 | 0049 ba33 
  0x0000027e9adde840: e8dd 9a7e | 0200 004d | 8997 9002 | 0000 4989 | a788 0200 | 0049 8bcf | 4883 ec20 | f7c4 0f00 
  0x0000027e9adde860: 0000 0f84 | 1a00 0000 | 4883 ec08 | 49ba 50f5 | af7f fd7f | 0000 41ff | d248 83c4 | 08e9 0d00 
  0x0000027e9adde880: 0000 49ba | 50f5 af7f | fd7f 0000 | 41ff d248 | 83c4 2049 | c787 8802 | 0000 0000 | 0000 49c7 
  0x0000027e9adde8a0: 8798 0200 | 0000 0000 | 0049 c787 | 9002 0000 | 0000 0000 | c5f8 7741 | 8a9f 6903 | 0000 41c6 
  0x0000027e9adde8c0: 8769 0300 | 0000 488b | 4de8 8b49 | 28f7 c120 | 0000 000f | 84f6 0100 | 00f6 c3ff | 0f85 f003 
  0x0000027e9adde8e0: 0000 488d | 55a8 488b | 4208 4885 | c00f 856c | 0100 00e8 | 0500 0000 | e95d 0100 | 0048 8d44 
  0x0000027e9adde900: 2408 4c89 | 6dc0 498b | cfc5 f877 | 4989 af98 | 0200 0049 | 8987 8802 | 0000 4883 | ec20 f7c4 
  0x0000027e9adde920: 0f00 0000 | 0f84 1a00 | 0000 4883 | ec08 49ba | 1013 b07f | fd7f 0000 | 41ff d248 | 83c4 08e9 
  0x0000027e9adde940: 0d00 0000 | 49ba 1013 | b07f fd7f | 0000 41ff | d248 83c4 | 2049 c787 | 8802 0000 | 0000 0000 
  0x0000027e9adde960: 49c7 8798 | 0200 0000 | 0000 0049 | c787 9002 | 0000 0000 | 0000 c5f8 | 7741 8b8f | fc03 0000 
  0x0000027e9adde980: f7c1 0100 | 0000 0f84 | 4900 0000 | f7c1 0200 | 0000 0f85 | 3d00 0000 | 4883 ec20 | f7c4 0f00 
  0x0000027e9adde9a0: 0000 0f84 | 1a00 0000 | 4883 ec08 | 49ba f0c7 | af7f fd7f | 0000 41ff | d248 83c4 | 08e9 0d00 
  0x0000027e9adde9c0: 0000 49ba | f0c7 af7f | fd7f 0000 | 41ff d248 | 83c4 20ff | e049 8b8f | 8004 0000 | 4885 c90f 
  0x0000027e9adde9e0: 8459 0000 | 008b 898c | 0000 0083 | f901 0f85 | 4a00 0000 | 498b 8f80 | 0400 008b | 8990 0000 
  0x0000027e9addea00: 0048 83ec | 20f7 c40f | 0000 000f | 841a 0000 | 0048 83ec | 0849 bae0 | c7af 7ffd | 7f00 0041 
  0x0000027e9addea20: ffd2 4883 | c408 e90d | 0000 0049 | bae0 c7af | 7ffd 7f00 | 0041 ffd2 | 4883 c420 | ffe0 4981 
  0x0000027e9addea40: 7f08 0000 | 0000 0f84 | 0500 0000 | e9af 24ff | ff4c 8b6d | c04c 8b75 | c8c3 e970 | 0000 004c 
  0x0000027e9addea60: 896d c048 | 8d02 4c8b | 4a08 48c7 | 4208 0000 | 0000 4c8b | 004d 85c0 | 0f84 4d00 | 0000 f04d 
  0x0000027e9addea80: 0fb1 010f | 8442 0000 | 004c 894a | 0848 8bca | 4883 ec20 | f7c4 0f00 | 0000 0f84 | 1a00 0000 
  0x0000027e9addeaa0: 4883 ec08 | 49ba 800f | b07f fd7f | 0000 41ff | d248 83c4 | 08e9 0d00 | 0000 49ba | 800f b07f 
  0x0000027e9addeac0: fd7f 0000 | 41ff d248 | 83c4 204c | 8b6d c048 | 8b55 b848 | 8d5d b8e9 | f101 0000 | 488b d24c 
  0x0000027e9addeae0: 896d c048 | 8d02 4c8b | 4a08 48c7 | 4208 0000 | 0000 4c8b | 004d 85c0 | 0f84 4d00 | 0000 f04d 
  0x0000027e9addeb00: 0fb1 010f | 8442 0000 | 004c 894a | 0848 8bca | 4883 ec20 | f7c4 0f00 | 0000 0f84 | 1a00 0000 
  0x0000027e9addeb20: 4883 ec08 | 49ba 800f | b07f fd7f | 0000 41ff | d248 83c4 | 08e9 0d00 | 0000 49ba | 800f b07f 
  0x0000027e9addeb40: fd7f 0000 | 41ff d248 | 83c4 204c | 8b6d c0e8 | 0500 0000 | e95d 0100 | 0048 8d44 | 2408 4c89 
  0x0000027e9addeb60: 6dc0 498b | cfc5 f877 | 4989 af98 | 0200 0049 | 8987 8802 | 0000 4883 | ec20 f7c4 | 0f00 0000 
  0x0000027e9addeb80: 0f84 1a00 | 0000 4883 | ec08 49ba | 1013 b07f | fd7f 0000 | 41ff d248 | 83c4 08e9 | 0d00 0000 
  0x0000027e9addeba0: 49ba 1013 | b07f fd7f | 0000 41ff | d248 83c4 | 2049 c787 | 8802 0000 | 0000 0000 | 49c7 8798 
  0x0000027e9addebc0: 0200 0000 | 0000 0049 | c787 9002 | 0000 0000 | 0000 c5f8 | 7741 8b8f | fc03 0000 | f7c1 0100 
  0x0000027e9addebe0: 0000 0f84 | 4900 0000 | f7c1 0200 | 0000 0f85 | 3d00 0000 | 4883 ec20 | f7c4 0f00 | 0000 0f84 
  0x0000027e9addec00: 1a00 0000 | 4883 ec08 | 49ba f0c7 | af7f fd7f | 0000 41ff | d248 83c4 | 08e9 0d00 | 0000 49ba 
  0x0000027e9addec20: f0c7 af7f | fd7f 0000 | 41ff d248 | 83c4 20ff | e049 8b8f | 8004 0000 | 4885 c90f | 8459 0000 
  0x0000027e9addec40: 008b 898c | 0000 0083 | f901 0f85 | 4a00 0000 | 498b 8f80 | 0400 008b | 8990 0000 | 0048 83ec 
  0x0000027e9addec60: 20f7 c40f | 0000 000f | 841a 0000 | 0048 83ec | 0849 bae0 | c7af 7ffd | 7f00 0041 | ffd2 4883 
  0x0000027e9addec80: c408 e90d | 0000 0049 | bae0 c7af | 7ffd 7f00 | 0041 ffd2 | 4883 c420 | ffe0 4981 | 7f08 0000 
  0x0000027e9addeca0: 0000 0f84 | 0500 0000 | e953 22ff | ff4c 8b6d | c04c 8b75 | c8c3 e914 | feff ff48 | 817a 0800 
  0x0000027e9addecc0: 0000 000f | 8513 feff | ff48 83c2 | 1048 3bd3 | 75e9 49ba | cfb3 2e80 | fd7f 0000 | 4180 3a00 
  0x0000027e9addece0: 0f84 4200 | 0000 488b | 55e8 498b | cf48 83ec | 20f7 c40f | 0000 000f | 841a 0000 | 0048 83ec 
  0x0000027e9added00: 0849 ba70 | b3e5 7ffd | 7f00 0041 | ffd2 4883 | c408 e90d | 0000 0049 | ba70 b3e5 | 7ffd 7f00 
  0x0000027e9added20: 0041 ffd2 | 4883 c420 | 488b 5df8 | c95a 488b | e349 8b87 | e002 0000 | 49c7 87e0 | 0200 0000 
  0x0000027e9added40: 0000 0050 | 5249 8bcf | 4883 ec20 | f7c4 0f00 | 0000 0f84 | 1a00 0000 | 4883 ec08 | 49ba 00b4 
  0x0000027e9added60: e57f fd7f | 0000 41ff | d248 83c4 | 08e9 0d00 | 0000 49ba | 00b4 e57f | fd7f 0000 | 41ff d248 
  0x0000027e9added80: 83c4 2048 | 8bd8 5a58 | ffe3 660f | 1f44 0000 | 0000 0000 | 0000 0000 | 0000 0000 | 0000 0000 
[/MachCode]

---------------  P R O C E S S  ---------------

Threads class SMR info:
_java_thread_list=0x0000027ebe111630, length=66, elements={
0x0000027e932e3710, 0x0000027eb5392ad0, 0x0000027eb5393990, 0x0000027eb53aa780,
0x0000027eb53ae2c0, 0x0000027eb53aeb80, 0x0000027eb53af440, 0x0000027eb53b0030,
0x0000027eb54a4fa0, 0x0000027eb54a58a0, 0x0000027eb564d940, 0x0000027eb56652a0,
0x0000027eb5673c30, 0x0000027eb89e54b0, 0x0000027eb85defc0, 0x0000027eb87fe020,
0x0000027eb839d4b0, 0x0000027eb7c323d0, 0x0000027eb7fce850, 0x0000027eb7ea13e0,
0x0000027eb777dbc0, 0x0000027eb777b070, 0x0000027eb777b540, 0x0000027eb777d6f0,
0x0000027eb777c3b0, 0x0000027eb8a73b10, 0x0000027eb8a75cc0, 0x0000027eb8a6f7b0,
0x0000027eb8a6fc80, 0x0000027eb8a70af0, 0x0000027eb8a71490, 0x0000027eb8a744b0,
0x0000027eb8a72ca0, 0x0000027eb8a71960, 0x0000027eb8a73170, 0x0000027ebac3c530,
0x0000027ebac3ca00, 0x0000027ebac3d3a0, 0x0000027ebac3f080, 0x0000027ebac3dd40,
0x0000027ebac3f550, 0x0000027ebac3e210, 0x0000027ebac3fa20, 0x0000027ebac3d870,
0x0000027ebac3e6e0, 0x0000027ebe0e78e0, 0x0000027ebe0e8750, 0x0000027ebe0e9f60,
0x0000027ebe0e6f40, 0x0000027ebe0e7410, 0x0000027ebe0e3580, 0x0000027ebe0e60d0,
0x0000027ebe0ea430, 0x0000027ebe0e65a0, 0x0000027ebe0e2be0, 0x0000027ebe0e95c0,
0x0000027ebe0e5c00, 0x0000027ebe0e5260, 0x0000027ebe0e7db0, 0x0000027ebe0e9a90,
0x0000027ebe0e30b0, 0x0000027ebe0e90f0, 0x0000027ec2f52150, 0x0000027eb8d02c30,
0x0000027eb8cffea0, 0x0000027eb8d008c0
}

Java Threads: ( => current thread )
  0x0000027e932e3710 JavaThread "main" [_thread_blocked, id=5568, stack(0x000000faf7000000,0x000000faf7100000)]
  0x0000027eb5392ad0 JavaThread "Reference Handler" daemon [_thread_blocked, id=3392, stack(0x000000faf7700000,0x000000faf7800000)]
  0x0000027eb5393990 JavaThread "Finalizer" daemon [_thread_blocked, id=10584, stack(0x000000faf7800000,0x000000faf7900000)]
  0x0000027eb53aa780 JavaThread "Signal Dispatcher" daemon [_thread_blocked, id=22808, stack(0x000000faf7900000,0x000000faf7a00000)]
  0x0000027eb53ae2c0 JavaThread "Attach Listener" daemon [_thread_blocked, id=16688, stack(0x000000faf7a00000,0x000000faf7b00000)]
  0x0000027eb53aeb80 JavaThread "Service Thread" daemon [_thread_blocked, id=6884, stack(0x000000faf7b00000,0x000000faf7c00000)]
  0x0000027eb53af440 JavaThread "Monitor Deflation Thread" daemon [_thread_blocked, id=15460, stack(0x000000faf7c00000,0x000000faf7d00000)]
  0x0000027eb53b0030 JavaThread "C2 CompilerThread0" daemon [_thread_in_native, id=18016, stack(0x000000faf7d00000,0x000000faf7e00000)]
  0x0000027eb54a4fa0 JavaThread "C1 CompilerThread0" daemon [_thread_blocked, id=25036, stack(0x000000faf7e00000,0x000000faf7f00000)]
  0x0000027eb54a58a0 JavaThread "Sweeper thread" daemon [_thread_blocked, id=23448, stack(0x000000faf7f00000,0x000000faf8000000)]
  0x0000027eb564d940 JavaThread "Common-Cleaner" daemon [_thread_blocked, id=25880, stack(0x000000faf8200000,0x000000faf8300000)]
  0x0000027eb56652a0 JavaThread "JDWP Event Helper Thread" daemon [_thread_blocked, id=6648, stack(0x000000faf8400000,0x000000faf8500000)]
  0x0000027eb5673c30 JavaThread "Notification Thread" daemon [_thread_blocked, id=1636, stack(0x000000faf8600000,0x000000faf8700000)]
  0x0000027eb89e54b0 JavaThread "Daemon health stats" [_thread_blocked, id=20880, stack(0x000000faf9700000,0x000000faf9800000)]
  0x0000027eb85defc0 JavaThread "Incoming local TCP Connector on port 64030" [_thread_in_native, id=5124, stack(0x000000faf9800000,0x000000faf9900000)]
  0x0000027eb87fe020 JavaThread "Daemon periodic checks" [_thread_blocked, id=3612, stack(0x000000faf9900000,0x000000faf9a00000)]
  0x0000027eb839d4b0 JavaThread "Daemon" [_thread_blocked, id=7044, stack(0x000000faf9a00000,0x000000faf9b00000)]
  0x0000027eb7c323d0 JavaThread "Handler for socket connection from /127.0.0.1:64030 to /127.0.0.1:64031" [_thread_blocked, id=25856, stack(0x000000faf9b00000,0x000000faf9c00000)]
  0x0000027eb7fce850 JavaThread "Cancel handler" [_thread_blocked, id=21604, stack(0x000000faf9c00000,0x000000faf9d00000)]
  0x0000027eb7ea13e0 JavaThread "Daemon worker" [_thread_blocked, id=8612, stack(0x000000faf9d00000,0x000000faf9e00000)]
  0x0000027eb777dbc0 JavaThread "Cache worker for journal cache (C:\Users\joefo\.gradle\caches\journal-1)" [_thread_blocked, id=28532, stack(0x000000fafa100000,0x000000fafa200000)]
  0x0000027eb777b070 JavaThread "File lock request listener" [_thread_in_native, id=23792, stack(0x000000fafa200000,0x000000fafa300000)]
  0x0000027eb777b540 JavaThread "Cache worker for file hash cache (C:\Users\joefo\.gradle\caches\7.3\fileHashes)" [_thread_blocked, id=25196, stack(0x000000fafa300000,0x000000fafa400000)]
  0x0000027eb777d6f0 JavaThread "File watcher server" daemon [_thread_in_native, id=5216, stack(0x000000fafa500000,0x000000fafa600000)]
  0x0000027eb777c3b0 JavaThread "File watcher consumer" daemon [_thread_blocked, id=26156, stack(0x000000fafa600000,0x000000fafa700000)]
  0x0000027eb8a73b10 JavaThread "Cache worker for execution history cache (C:\Users\joefo\.gradle\caches\7.3\executionHistory)" [_thread_blocked, id=21092, stack(0x000000fafb400000,0x000000fafb500000)]
  0x0000027eb8a75cc0 JavaThread "jar transforms" [_thread_blocked, id=22836, stack(0x000000fafb500000,0x000000fafb600000)]
  0x0000027eb8a6f7b0 JavaThread "jar transforms Thread 2" [_thread_blocked, id=25328, stack(0x000000fafb600000,0x000000fafb700000)]
  0x0000027eb8a6fc80 JavaThread "Cache worker for file content cache (C:\Users\joefo\.gradle\caches\7.3\fileContent)" [_thread_blocked, id=9324, stack(0x000000fafb800000,0x000000fafb900000)]
  0x0000027eb8a70af0 JavaThread "jar transforms Thread 3" [_thread_blocked, id=16708, stack(0x000000fafb900000,0x000000fafba00000)]
  0x0000027eb8a71490 JavaThread "jar transforms Thread 4" [_thread_blocked, id=21056, stack(0x000000fafba00000,0x000000fafbb00000)]
  0x0000027eb8a744b0 JavaThread "jar transforms Thread 5" [_thread_blocked, id=9272, stack(0x000000fafbb00000,0x000000fafbc00000)]
  0x0000027eb8a72ca0 JavaThread "jar transforms Thread 6" [_thread_blocked, id=8408, stack(0x000000fafbc00000,0x000000fafbd00000)]
  0x0000027eb8a71960 JavaThread "jar transforms Thread 7" [_thread_blocked, id=28368, stack(0x000000fafbd00000,0x000000fafbe00000)]
  0x0000027eb8a73170 JavaThread "jar transforms Thread 8" [_thread_blocked, id=11420, stack(0x000000fafbf00000,0x000000fafc000000)]
  0x0000027ebac3c530 JavaThread "jar transforms Thread 9" [_thread_blocked, id=26072, stack(0x000000fafe200000,0x000000fafe300000)]
  0x0000027ebac3ca00 JavaThread "jar transforms Thread 10" [_thread_blocked, id=20896, stack(0x000000fafe300000,0x000000fafe400000)]
  0x0000027ebac3d3a0 JavaThread "jar transforms Thread 11" [_thread_blocked, id=8032, stack(0x000000fafe400000,0x000000fafe500000)]
  0x0000027ebac3f080 JavaThread "jar transforms Thread 12" [_thread_blocked, id=7496, stack(0x000000fafe500000,0x000000fafe600000)]
  0x0000027ebac3dd40 JavaThread "jar transforms Thread 13" [_thread_blocked, id=21020, stack(0x000000fafe600000,0x000000fafe700000)]
  0x0000027ebac3f550 JavaThread "jar transforms Thread 14" [_thread_blocked, id=28316, stack(0x000000fafe700000,0x000000fafe800000)]
  0x0000027ebac3e210 JavaThread "jar transforms Thread 15" [_thread_blocked, id=10320, stack(0x000000fafe800000,0x000000fafe900000)]
  0x0000027ebac3fa20 JavaThread "jar transforms Thread 16" [_thread_blocked, id=19388, stack(0x000000fafe900000,0x000000fafea00000)]
  0x0000027ebac3d870 JavaThread "jar transforms Thread 17" [_thread_blocked, id=14192, stack(0x000000fafea00000,0x000000fafeb00000)]
  0x0000027ebac3e6e0 JavaThread "jar transforms Thread 18" [_thread_blocked, id=24276, stack(0x000000fafeb00000,0x000000fafec00000)]
  0x0000027ebe0e78e0 JavaThread "jar transforms Thread 19" [_thread_blocked, id=26860, stack(0x000000fafec00000,0x000000fafed00000)]
  0x0000027ebe0e8750 JavaThread "jar transforms Thread 20" [_thread_blocked, id=19536, stack(0x000000fafed00000,0x000000fafee00000)]
  0x0000027ebe0e9f60 JavaThread "jar transforms Thread 21" [_thread_blocked, id=22876, stack(0x000000fafee00000,0x000000fafef00000)]
  0x0000027ebe0e6f40 JavaThread "jar transforms Thread 22" [_thread_blocked, id=26044, stack(0x000000fafef00000,0x000000faff000000)]
  0x0000027ebe0e7410 JavaThread "jar transforms Thread 23" [_thread_blocked, id=19584, stack(0x000000faff000000,0x000000faff100000)]
  0x0000027ebe0e3580 JavaThread "jar transforms Thread 24" [_thread_blocked, id=228, stack(0x000000faff100000,0x000000faff200000)]
  0x0000027ebe0e60d0 JavaThread "Memory manager" [_thread_blocked, id=17732, stack(0x000000faf9600000,0x000000faf9700000)]
  0x0000027ebe0ea430 JavaThread "ForkJoinPool.commonPool-worker-1" daemon [_thread_blocked, id=25052, stack(0x000000faff600000,0x000000faff700000)]
  0x0000027ebe0e65a0 JavaThread "ForkJoinPool.commonPool-worker-2" daemon [_thread_blocked, id=1840, stack(0x000000faff700000,0x000000faff800000)]
  0x0000027ebe0e2be0 JavaThread "ForkJoinPool.commonPool-worker-3" daemon [_thread_blocked, id=20304, stack(0x000000faff800000,0x000000faff900000)]
  0x0000027ebe0e95c0 JavaThread "ForkJoinPool.commonPool-worker-4" daemon [_thread_blocked, id=18988, stack(0x000000faff900000,0x000000faffa00000)]
  0x0000027ebe0e5c00 JavaThread "ForkJoinPool.commonPool-worker-6" daemon [_thread_blocked, id=26220, stack(0x000000faffb00000,0x000000faffc00000)]
  0x0000027ebe0e5260 JavaThread "ForkJoinPool.commonPool-worker-7" daemon [_thread_blocked, id=27340, stack(0x000000faffc00000,0x000000faffd00000)]
  0x0000027ebe0e7db0 JavaThread "ForkJoinPool.commonPool-worker-9" daemon [_thread_blocked, id=26324, stack(0x000000faffe00000,0x000000fafff00000)]
  0x0000027ebe0e9a90 JavaThread "Exec process" [_thread_in_native, id=13128, stack(0x000000fafff00000,0x000000fb00000000)]
  0x0000027ebe0e30b0 JavaThread "Exec process Thread 2" [_thread_blocked, id=22084, stack(0x000000fa80000000,0x000000fa80100000)]
  0x0000027ebe0e90f0 JavaThread "Exec process Thread 3" [_thread_blocked, id=27064, stack(0x000000fa80100000,0x000000fa80200000)]
=>0x0000027ec2f52150 JavaThread "Unconstrained build operations Thread 112" [_thread_in_Java, id=22512, stack(0x000000fa85000000,0x000000fa85100000)]
  0x0000027eb8d02c30 JavaThread "C1 CompilerThread1" daemon [_thread_blocked, id=20888, stack(0x000000fa8a000000,0x000000fa8a100000)]
  0x0000027eb8cffea0 JavaThread "C2 CompilerThread1" daemon [_thread_blocked, id=13196, stack(0x000000fa8a100000,0x000000fa8a200000)]
  0x0000027eb8d008c0 JavaThread "C2 CompilerThread2" daemon [_thread_blocked, id=22432, stack(0x000000fa8a200000,0x000000fa8a300000)]

Other Threads:
  0x0000027eb538e710 VMThread "VM Thread" [stack: 0x000000faf7600000,0x000000faf7700000] [id=28444]
  0x0000027eb5686d80 WatcherThread [stack: 0x000000faf8700000,0x000000faf8800000] [id=21868]
  0x0000027e9333d470 GCTaskThread "GC Thread#0" [stack: 0x000000faf7100000,0x000000faf7200000] [id=22128]
  0x0000027eb6bc3b20 GCTaskThread "GC Thread#1" [stack: 0x000000faf8b00000,0x000000faf8c00000] [id=27300]
  0x0000027eb6f97690 GCTaskThread "GC Thread#2" [stack: 0x000000faf8c00000,0x000000faf8d00000] [id=10636]
  0x0000027eb6c2d3a0 GCTaskThread "GC Thread#3" [stack: 0x000000faf8d00000,0x000000faf8e00000] [id=25596]
  0x0000027eb6c2d650 GCTaskThread "GC Thread#4" [stack: 0x000000faf8e00000,0x000000faf8f00000] [id=21808]
  0x0000027eb6ce6170 GCTaskThread "GC Thread#5" [stack: 0x000000faf8f00000,0x000000faf9000000] [id=22272]
  0x0000027eb6ce69d0 GCTaskThread "GC Thread#6" [stack: 0x000000faf9000000,0x000000faf9100000] [id=2308]
  0x0000027eb6ce6f30 GCTaskThread "GC Thread#7" [stack: 0x000000faf9100000,0x000000faf9200000] [id=7724]
  0x0000027eb6ce7490 GCTaskThread "GC Thread#8" [stack: 0x000000faf9200000,0x000000faf9300000] [id=9416]
  0x0000027eb6ce71e0 GCTaskThread "GC Thread#9" [stack: 0x000000faf9300000,0x000000faf9400000] [id=22840]
  0x0000027eb6ce6720 GCTaskThread "GC Thread#10" [stack: 0x000000faf9400000,0x000000faf9500000] [id=5236]
  0x0000027eb6ce6c80 GCTaskThread "GC Thread#11" [stack: 0x000000faf9500000,0x000000faf9600000] [id=24552]
  0x0000027eb93f2880 GCTaskThread "GC Thread#12" [stack: 0x000000fafaa00000,0x000000fafab00000] [id=20588]
  0x0000027eb93efad0 GCTaskThread "GC Thread#13" [stack: 0x000000fafab00000,0x000000fafac00000] [id=27764]
  0x0000027eb93f0af0 GCTaskThread "GC Thread#14" [stack: 0x000000fafac00000,0x000000fafad00000] [id=21844]
  0x0000027eb93f0030 GCTaskThread "GC Thread#15" [stack: 0x000000fafad00000,0x000000fafae00000] [id=25512]
  0x0000027eb93f15b0 GCTaskThread "GC Thread#16" [stack: 0x000000fafae00000,0x000000fafaf00000] [id=19544]
  0x0000027eb93f2de0 GCTaskThread "GC Thread#17" [stack: 0x000000fafaf00000,0x000000fafb000000] [id=22612]
  0x0000027e932fefa0 ConcurrentGCThread "G1 Main Marker" [stack: 0x000000faf7200000,0x000000faf7300000] [id=4560]
  0x0000027e9334c930 ConcurrentGCThread "G1 Conc#0" [stack: 0x000000faf7300000,0x000000faf7400000] [id=27272]
  0x0000027eb93efd80 ConcurrentGCThread "G1 Conc#1" [stack: 0x000000fafb000000,0x000000fafb100000] [id=21492]
  0x0000027eb93f1b10 ConcurrentGCThread "G1 Conc#2" [stack: 0x000000fafb100000,0x000000fafb200000] [id=1208]
  0x0000027eb93f02e0 ConcurrentGCThread "G1 Conc#3" [stack: 0x000000fafb200000,0x000000fafb300000] [id=20400]
  0x0000027eb93f1860 ConcurrentGCThread "G1 Conc#4" [stack: 0x000000fafb300000,0x000000fafb400000] [id=2348]
  0x0000027e933be880 ConcurrentGCThread "G1 Refine#0" [stack: 0x000000faf7400000,0x000000faf7500000] [id=27312]
  0x0000027eb5329880 ConcurrentGCThread "G1 Service" [stack: 0x000000faf7500000,0x000000faf7600000] [id=26780]

Threads with active compile tasks:
C2 CompilerThread0   136154 10758       4       org.gradle.internal.logging.text.AbstractLineChoppingStyledTextOutput::doAppend (43 bytes)

VM state: not at safepoint (normal execution)

VM Mutex/Monitor currently owned by a thread: None

Heap address: 0x0000000740000000, size: 3072 MB, Compressed Oops mode: Zero based, Oop shift amount: 3

CDS archive(s) mapped at: [0x0000000800000000-0x0000000800bc0000-0x0000000800bc0000), size 12320768, SharedBaseAddress: 0x0000000800000000, ArchiveRelocationMode: 0.
Compressed class space mapped at: 0x0000000800c00000-0x0000000840c00000, reserved size: 1073741824
Narrow klass base: 0x0000000800000000, Narrow klass shift: 0, Narrow klass range: 0x100000000

GC Precious Log:
 CPUs: 24 total, 24 available
 Memory: 32581M
 Large Page Support: Disabled
 NUMA Support: Disabled
 Compressed Oops: Enabled (Zero based)
 Heap Region Size: 2M
 Heap Min Capacity: 8M
 Heap Initial Capacity: 510M
 Heap Max Capacity: 3G
 Pre-touch: Disabled
 Parallel Workers: 18
 Concurrent Workers: 5
 Concurrent Refinement Workers: 18
 Periodic GC: Disabled

Heap:
 garbage-first heap   total 212992K, used 138443K [0x0000000740000000, 0x0000000800000000)
  region size 2048K, 46 young (94208K), 7 survivors (14336K)
 Metaspace       used 62526K, committed 63168K, reserved 1105920K
  class space    used 8493K, committed 8768K, reserved 1048576K

Heap Regions: E=young(eden), S=young(survivor), O=old, HS=humongous(starts), HC=humongous(continues), CS=collection set, F=free, OA=open archive, CA=closed archive, TAMS=top-at-mark-start (previous, next)
|   0|0x0000000740000000, 0x00000007401e8600, 0x0000000740200000| 95%| O|  |TAMS 0x00000007401e8600, 0x0000000740000000| Untracked 
|   1|0x0000000740200000, 0x0000000740400000, 0x0000000740400000|100%|HS|  |TAMS 0x0000000740400000, 0x0000000740200000| Complete 
|   2|0x0000000740400000, 0x0000000740600000, 0x0000000740600000|100%|HS|  |TAMS 0x0000000740600000, 0x0000000740400000| Complete 
|   3|0x0000000740600000, 0x0000000740800000, 0x0000000740800000|100%|HC|  |TAMS 0x0000000740800000, 0x0000000740600000| Complete 
|   4|0x0000000740800000, 0x0000000740a00000, 0x0000000740a00000|100%| O|  |TAMS 0x0000000740a00000, 0x0000000740800000| Untracked 
|   5|0x0000000740a00000, 0x0000000740c00000, 0x0000000740c00000|100%| O|  |TAMS 0x0000000740c00000, 0x0000000740a00000| Untracked 
|   6|0x0000000740c00000, 0x0000000740e00000, 0x0000000740e00000|100%| O|  |TAMS 0x0000000740e00000, 0x0000000740c00000| Untracked 
|   7|0x0000000740e00000, 0x0000000741000000, 0x0000000741000000|100%| O|  |TAMS 0x0000000741000000, 0x0000000740e00000| Untracked 
|   8|0x0000000741000000, 0x0000000741200000, 0x0000000741200000|100%| O|  |TAMS 0x0000000741200000, 0x0000000741000000| Untracked 
|   9|0x0000000741200000, 0x0000000741400000, 0x0000000741400000|100%| O|  |TAMS 0x0000000741400000, 0x0000000741200000| Untracked 
|  10|0x0000000741400000, 0x0000000741600000, 0x0000000741600000|100%| O|  |TAMS 0x0000000741600000, 0x0000000741400000| Untracked 
|  11|0x0000000741600000, 0x0000000741600000, 0x0000000741800000|  0%| F|  |TAMS 0x0000000741600000, 0x0000000741600000| Untracked 
|  12|0x0000000741800000, 0x0000000741a00000, 0x0000000741a00000|100%| O|  |TAMS 0x0000000741a00000, 0x0000000741800000| Untracked 
|  13|0x0000000741a00000, 0x0000000741c00000, 0x0000000741c00000|100%| O|  |TAMS 0x0000000741c00000, 0x0000000741a00000| Untracked 
|  14|0x0000000741c00000, 0x0000000741e00000, 0x0000000741e00000|100%| O|  |TAMS 0x0000000741e00000, 0x0000000741c00000| Untracked 
|  15|0x0000000741e00000, 0x0000000742000000, 0x0000000742000000|100%| O|  |TAMS 0x0000000742000000, 0x0000000741e00000| Untracked 
|  16|0x0000000742000000, 0x0000000742200000, 0x0000000742200000|100%| O|  |TAMS 0x0000000742200000, 0x0000000742000000| Untracked 
|  17|0x0000000742200000, 0x0000000742400000, 0x0000000742400000|100%| O|  |TAMS 0x0000000742400000, 0x0000000742200000| Untracked 
|  18|0x0000000742400000, 0x0000000742600000, 0x0000000742600000|100%| O|  |TAMS 0x0000000742600000, 0x0000000742400000| Untracked 
|  19|0x0000000742600000, 0x0000000742600000, 0x0000000742800000|  0%| F|  |TAMS 0x0000000742600000, 0x0000000742600000| Untracked 
|  20|0x0000000742800000, 0x0000000742800000, 0x0000000742a00000|  0%| F|  |TAMS 0x0000000742800000, 0x0000000742800000| Untracked 
|  21|0x0000000742a00000, 0x0000000742a00000, 0x0000000742c00000|  0%| F|  |TAMS 0x0000000742a00000, 0x0000000742a00000| Untracked 
|  22|0x0000000742c00000, 0x0000000742c00000, 0x0000000742e00000|  0%| F|  |TAMS 0x0000000742c00000, 0x0000000742c00000| Untracked 
|  23|0x0000000742e00000, 0x0000000742e00000, 0x0000000743000000|  0%| F|  |TAMS 0x0000000742e00000, 0x0000000742e00000| Untracked 
|  24|0x0000000743000000, 0x0000000743000000, 0x0000000743200000|  0%| F|  |TAMS 0x0000000743000000, 0x0000000743000000| Untracked 
|  25|0x0000000743200000, 0x0000000743200000, 0x0000000743400000|  0%| F|  |TAMS 0x0000000743200000, 0x0000000743200000| Untracked 
|  26|0x0000000743400000, 0x0000000743400000, 0x0000000743600000|  0%| F|  |TAMS 0x0000000743400000, 0x0000000743400000| Untracked 
|  27|0x0000000743600000, 0x0000000743600000, 0x0000000743800000|  0%| F|  |TAMS 0x0000000743600000, 0x0000000743600000| Untracked 
|  28|0x0000000743800000, 0x00000007438fed88, 0x0000000743a00000| 49%| S|CS|TAMS 0x0000000743800000, 0x0000000743800000| Complete 
|  29|0x0000000743a00000, 0x0000000743c00000, 0x0000000743c00000|100%| S|CS|TAMS 0x0000000743a00000, 0x0000000743a00000| Complete 
|  30|0x0000000743c00000, 0x0000000743e00000, 0x0000000743e00000|100%| S|CS|TAMS 0x0000000743c00000, 0x0000000743c00000| Complete 
|  31|0x0000000743e00000, 0x0000000744000000, 0x0000000744000000|100%| S|CS|TAMS 0x0000000743e00000, 0x0000000743e00000| Complete 
|  32|0x0000000744000000, 0x0000000744200000, 0x0000000744200000|100%| S|CS|TAMS 0x0000000744000000, 0x0000000744000000| Complete 
|  33|0x0000000744200000, 0x0000000744400000, 0x0000000744400000|100%| S|CS|TAMS 0x0000000744200000, 0x0000000744200000| Complete 
|  34|0x0000000744400000, 0x0000000744600000, 0x0000000744600000|100%| S|CS|TAMS 0x0000000744400000, 0x0000000744400000| Complete 
|  35|0x0000000744600000, 0x0000000744600000, 0x0000000744800000|  0%| F|  |TAMS 0x0000000744600000, 0x0000000744600000| Untracked 
|  36|0x0000000744800000, 0x0000000744800000, 0x0000000744a00000|  0%| F|  |TAMS 0x0000000744800000, 0x0000000744800000| Untracked 
|  37|0x0000000744a00000, 0x0000000744a00000, 0x0000000744c00000|  0%| F|  |TAMS 0x0000000744a00000, 0x0000000744a00000| Untracked 
|  38|0x0000000744c00000, 0x0000000744c00000, 0x0000000744e00000|  0%| F|  |TAMS 0x0000000744c00000, 0x0000000744c00000| Untracked 
|  39|0x0000000744e00000, 0x0000000744e00000, 0x0000000745000000|  0%| F|  |TAMS 0x0000000744e00000, 0x0000000744e00000| Untracked 
|  40|0x0000000745000000, 0x0000000745000000, 0x0000000745200000|  0%| F|  |TAMS 0x0000000745000000, 0x0000000745000000| Untracked 
|  41|0x0000000745200000, 0x0000000745200000, 0x0000000745400000|  0%| F|  |TAMS 0x0000000745200000, 0x0000000745200000| Untracked 
|  42|0x0000000745400000, 0x0000000745400000, 0x0000000745600000|  0%| F|  |TAMS 0x0000000745400000, 0x0000000745400000| Untracked 
|  43|0x0000000745600000, 0x0000000745600000, 0x0000000745800000|  0%| F|  |TAMS 0x0000000745600000, 0x0000000745600000| Untracked 
|  44|0x0000000745800000, 0x0000000745800000, 0x0000000745a00000|  0%| F|  |TAMS 0x0000000745800000, 0x0000000745800000| Untracked 
|  45|0x0000000745a00000, 0x0000000745a00000, 0x0000000745c00000|  0%| F|  |TAMS 0x0000000745a00000, 0x0000000745a00000| Untracked 
|  46|0x0000000745c00000, 0x0000000745c00000, 0x0000000745e00000|  0%| F|  |TAMS 0x0000000745c00000, 0x0000000745c00000| Untracked 
|  47|0x0000000745e00000, 0x0000000745e00000, 0x0000000746000000|  0%| F|  |TAMS 0x0000000745e00000, 0x0000000745e00000| Untracked 
|  48|0x0000000746000000, 0x0000000746000000, 0x0000000746200000|  0%| F|  |TAMS 0x0000000746000000, 0x0000000746000000| Untracked 
|  49|0x0000000746200000, 0x0000000746200000, 0x0000000746400000|  0%| F|  |TAMS 0x0000000746200000, 0x0000000746200000| Untracked 
|  50|0x0000000746400000, 0x0000000746400000, 0x0000000746600000|  0%| F|  |TAMS 0x0000000746400000, 0x0000000746400000| Untracked 
|  51|0x0000000746600000, 0x0000000746600000, 0x0000000746800000|  0%| F|  |TAMS 0x0000000746600000, 0x0000000746600000| Untracked 
|  52|0x0000000746800000, 0x0000000746800000, 0x0000000746a00000|  0%| F|  |TAMS 0x0000000746800000, 0x0000000746800000| Untracked 
|  53|0x0000000746a00000, 0x0000000746a00000, 0x0000000746c00000|  0%| F|  |TAMS 0x0000000746a00000, 0x0000000746a00000| Untracked 
|  54|0x0000000746c00000, 0x0000000746c00000, 0x0000000746e00000|  0%| F|  |TAMS 0x0000000746c00000, 0x0000000746c00000| Untracked 
|  55|0x0000000746e00000, 0x0000000746e00000, 0x0000000747000000|  0%| F|  |TAMS 0x0000000746e00000, 0x0000000746e00000| Untracked 
|  56|0x0000000747000000, 0x0000000747000000, 0x0000000747200000|  0%| F|  |TAMS 0x0000000747000000, 0x0000000747000000| Untracked 
|  57|0x0000000747200000, 0x0000000747200000, 0x0000000747400000|  0%| F|  |TAMS 0x0000000747200000, 0x0000000747200000| Untracked 
|  58|0x0000000747400000, 0x00000007474ddd38, 0x0000000747600000| 43%| E|  |TAMS 0x0000000747400000, 0x0000000747400000| Complete 
|  59|0x0000000747600000, 0x0000000747800000, 0x0000000747800000|100%| E|CS|TAMS 0x0000000747600000, 0x0000000747600000| Complete 
|  60|0x0000000747800000, 0x0000000747a00000, 0x0000000747a00000|100%| E|CS|TAMS 0x0000000747800000, 0x0000000747800000| Complete 
|  61|0x0000000747a00000, 0x0000000747c00000, 0x0000000747c00000|100%| E|CS|TAMS 0x0000000747a00000, 0x0000000747a00000| Complete 
|  62|0x0000000747c00000, 0x0000000747e00000, 0x0000000747e00000|100%| E|CS|TAMS 0x0000000747c00000, 0x0000000747c00000| Complete 
|  63|0x0000000747e00000, 0x0000000748000000, 0x0000000748000000|100%| E|CS|TAMS 0x0000000747e00000, 0x0000000747e00000| Complete 
|  64|0x0000000748000000, 0x0000000748200000, 0x0000000748200000|100%| E|CS|TAMS 0x0000000748000000, 0x0000000748000000| Complete 
|  65|0x0000000748200000, 0x0000000748400000, 0x0000000748400000|100%| E|CS|TAMS 0x0000000748200000, 0x0000000748200000| Complete 
|  66|0x0000000748400000, 0x0000000748600000, 0x0000000748600000|100%| E|CS|TAMS 0x0000000748400000, 0x0000000748400000| Complete 
|  67|0x0000000748600000, 0x0000000748800000, 0x0000000748800000|100%| E|CS|TAMS 0x0000000748600000, 0x0000000748600000| Complete 
|  68|0x0000000748800000, 0x0000000748a00000, 0x0000000748a00000|100%| E|CS|TAMS 0x0000000748800000, 0x0000000748800000| Complete 
|  69|0x0000000748a00000, 0x0000000748c00000, 0x0000000748c00000|100%| E|CS|TAMS 0x0000000748a00000, 0x0000000748a00000| Complete 
|  70|0x0000000748c00000, 0x0000000748e00000, 0x0000000748e00000|100%| E|CS|TAMS 0x0000000748c00000, 0x0000000748c00000| Complete 
|  71|0x0000000748e00000, 0x0000000749000000, 0x0000000749000000|100%| E|CS|TAMS 0x0000000748e00000, 0x0000000748e00000| Complete 
|  72|0x0000000749000000, 0x0000000749200000, 0x0000000749200000|100%| E|CS|TAMS 0x0000000749000000, 0x0000000749000000| Complete 
|  73|0x0000000749200000, 0x0000000749400000, 0x0000000749400000|100%| E|CS|TAMS 0x0000000749200000, 0x0000000749200000| Complete 
|  74|0x0000000749400000, 0x0000000749600000, 0x0000000749600000|100%| O|  |TAMS 0x0000000749600000, 0x0000000749400000| Untracked 
|  75|0x0000000749600000, 0x0000000749800000, 0x0000000749800000|100%| O|  |TAMS 0x0000000749800000, 0x0000000749600000| Untracked 
|  76|0x0000000749800000, 0x0000000749a00000, 0x0000000749a00000|100%| O|  |TAMS 0x0000000749a00000, 0x0000000749800000| Untracked 
|  77|0x0000000749a00000, 0x0000000749c00000, 0x0000000749c00000|100%| O|  |TAMS 0x0000000749c00000, 0x0000000749a00000| Untracked 
|  78|0x0000000749c00000, 0x0000000749e00000, 0x0000000749e00000|100%| O|  |TAMS 0x0000000749e00000, 0x0000000749c00000| Untracked 
|  79|0x0000000749e00000, 0x000000074a000000, 0x000000074a000000|100%| O|  |TAMS 0x000000074a000000, 0x0000000749e00000| Untracked 
|  80|0x000000074a000000, 0x000000074a04ba00, 0x000000074a200000| 14%| O|  |TAMS 0x000000074a04ba00, 0x000000074a000000| Untracked 
|  81|0x000000074a200000, 0x000000074a400000, 0x000000074a400000|100%| E|CS|TAMS 0x000000074a200000, 0x000000074a200000| Complete 
|  82|0x000000074a400000, 0x000000074a600000, 0x000000074a600000|100%| E|CS|TAMS 0x000000074a400000, 0x000000074a400000| Complete 
|  83|0x000000074a600000, 0x000000074a800000, 0x000000074a800000|100%| E|CS|TAMS 0x000000074a600000, 0x000000074a600000| Complete 
|  84|0x000000074a800000, 0x000000074aa00000, 0x000000074aa00000|100%| E|CS|TAMS 0x000000074a800000, 0x000000074a800000| Complete 
|  85|0x000000074aa00000, 0x000000074ac00000, 0x000000074ac00000|100%| E|  |TAMS 0x000000074aa00000, 0x000000074aa00000| Complete 
|  86|0x000000074ac00000, 0x000000074ae00000, 0x000000074ae00000|100%| E|CS|TAMS 0x000000074ac00000, 0x000000074ac00000| Complete 
|  87|0x000000074ae00000, 0x000000074b000000, 0x000000074b000000|100%| E|CS|TAMS 0x000000074ae00000, 0x000000074ae00000| Complete 
|  88|0x000000074b000000, 0x000000074b200000, 0x000000074b200000|100%| E|CS|TAMS 0x000000074b000000, 0x000000074b000000| Complete 
|  89|0x000000074b200000, 0x000000074b400000, 0x000000074b400000|100%| E|CS|TAMS 0x000000074b200000, 0x000000074b200000| Complete 
|  90|0x000000074b400000, 0x000000074b600000, 0x000000074b600000|100%| E|CS|TAMS 0x000000074b400000, 0x000000074b400000| Complete 
|  91|0x000000074b600000, 0x000000074b800000, 0x000000074b800000|100%| E|CS|TAMS 0x000000074b600000, 0x000000074b600000| Complete 
|  92|0x000000074b800000, 0x000000074ba00000, 0x000000074ba00000|100%| E|CS|TAMS 0x000000074b800000, 0x000000074b800000| Complete 
|  93|0x000000074ba00000, 0x000000074bc00000, 0x000000074bc00000|100%| E|CS|TAMS 0x000000074ba00000, 0x000000074ba00000| Complete 
|  94|0x000000074bc00000, 0x000000074be00000, 0x000000074be00000|100%| E|CS|TAMS 0x000000074bc00000, 0x000000074bc00000| Complete 
|  95|0x000000074be00000, 0x000000074c000000, 0x000000074c000000|100%| E|CS|TAMS 0x000000074be00000, 0x000000074be00000| Complete 
|  96|0x000000074c000000, 0x000000074c200000, 0x000000074c200000|100%| E|CS|TAMS 0x000000074c000000, 0x000000074c000000| Complete 
|  97|0x000000074c200000, 0x000000074c400000, 0x000000074c400000|100%| E|CS|TAMS 0x000000074c200000, 0x000000074c200000| Complete 
| 118|0x000000074ec00000, 0x000000074ee00000, 0x000000074ee00000|100%| E|CS|TAMS 0x000000074ec00000, 0x000000074ec00000| Complete 
| 122|0x000000074f400000, 0x000000074f600000, 0x000000074f600000|100%| E|CS|TAMS 0x000000074f400000, 0x000000074f400000| Complete 
| 123|0x000000074f600000, 0x000000074f800000, 0x000000074f800000|100%| E|CS|TAMS 0x000000074f600000, 0x000000074f600000| Complete 
| 124|0x000000074f800000, 0x000000074fa00000, 0x000000074fa00000|100%| E|CS|TAMS 0x000000074f800000, 0x000000074f800000| Complete 
| 200|0x0000000759000000, 0x0000000759200000, 0x0000000759200000|100%| E|CS|TAMS 0x0000000759000000, 0x0000000759000000| Complete 
| 254|0x000000075fc00000, 0x000000075fe00000, 0x000000075fe00000|100%| E|CS|TAMS 0x000000075fc00000, 0x000000075fc00000| Complete 

Card table byte_map: [0x0000027eab1c0000,0x0000027eab7c0000] _byte_map_base: 0x0000027ea77c0000

Marking Bits (Prev, Next): (CMBitMap*) 0x0000027e9333f9f0, (CMBitMap*) 0x0000027e9333f9b0
 Prev Bits: [0x0000027eaedc0000, 0x0000027eb1dc0000)
 Next Bits: [0x0000027eabdc0000, 0x0000027eaedc0000)

Polling page: 0x0000027e90f30000

Metaspace:

Usage:
  Non-class:     52.77 MB used.
      Class:      8.29 MB used.
       Both:     61.06 MB used.

Virtual space:
  Non-class space:       56.00 MB reserved,      53.12 MB ( 95%) committed,  7 nodes.
      Class space:        1.00 GB reserved,       8.56 MB ( <1%) committed,  1 nodes.
             Both:        1.05 GB reserved,      61.69 MB (  6%) committed. 

Chunk freelists:
   Non-Class:  2.00 MB
       Class:  3.38 MB
        Both:  5.38 MB

MaxMetaspaceSize: unlimited
CompressedClassSpaceSize: 1.00 GB
Initial GC threshold: 21.00 MB
Current GC threshold: 97.94 MB
CDS: on
MetaspaceReclaimPolicy: balanced
 - commit_granule_bytes: 65536.
 - commit_granule_words: 8192.
 - virtual_space_node_default_size: 1048576.
 - enlarge_chunks_in_place: 1.
 - new_chunks_are_fully_committed: 0.
 - uncommit_free_chunks: 1.
 - use_allocation_guard: 0.
 - handle_deallocations: 1.


Internal statistics:

num_allocs_failed_limit: 9.
num_arena_births: 766.
num_arena_deaths: 0.
num_vsnodes_births: 8.
num_vsnodes_deaths: 0.
num_space_committed: 987.
num_space_uncommitted: 0.
num_chunks_returned_to_freelist: 9.
num_chunks_taken_from_freelist: 3114.
num_chunk_merges: 9.
num_chunk_splits: 1961.
num_chunks_enlarged: 1200.
num_purges: 0.
num_inconsistent_stats: 0.

CodeHeap 'non-profiled nmethods': size=119168Kb used=7500Kb max_used=7500Kb free=111667Kb
 bounds [0x0000027ea2970000, 0x0000027ea30d0000, 0x0000027ea9dd0000]
CodeHeap 'profiled nmethods': size=119104Kb used=19480Kb max_used=19480Kb free=99623Kb
 bounds [0x0000027e9b520000, 0x0000027e9c830000, 0x0000027ea2970000]
CodeHeap 'non-nmethods': size=7488Kb used=3007Kb max_used=4251Kb free=4480Kb
 bounds [0x0000027e9add0000, 0x0000027e9b200000, 0x0000027e9b520000]
 total_blobs=10479 nmethods=9580 adapters=810
 compilation: enabled
              stopped_count=0, restarted_count=0
 full_count=0

Compilation events (20 events):
Event: 136.125 Thread 0x0000027eb8d008c0 10866       4       java.util.concurrent.locks.ReentrantLock$Sync::lock (13 bytes)
Event: 136.126 Thread 0x0000027eb54a4fa0 10870   !   3       java.lang.ThreadGroup::remove (94 bytes)
Event: 136.126 Thread 0x0000027eb54a4fa0 nmethod 10870 0x0000027e9c81f110 code [0x0000027e9c81f300, 0x0000027e9c81f988]
Event: 136.127 Thread 0x0000027eb54a4fa0 10871       3       java.util.HashSet::iterator (13 bytes)
Event: 136.127 Thread 0x0000027eb8d02c30 10873       3       java.util.concurrent.LinkedBlockingQueue::size (8 bytes)
Event: 136.127 Thread 0x0000027eb54a4fa0 nmethod 10871 0x0000027e9c81fc90 code [0x0000027e9c81fe40, 0x0000027e9c8200f8]
Event: 136.127 Thread 0x0000027eb54a4fa0 10874       3       java.util.concurrent.ThreadPoolExecutor::runStateLessThan (11 bytes)
Event: 136.127 Thread 0x0000027eb54a4fa0 nmethod 10874 0x0000027e9c820210 code [0x0000027e9c8203a0, 0x0000027e9c8204f8]
Event: 136.127 Thread 0x0000027eb8d02c30 nmethod 10873 0x0000027e9c820590 code [0x0000027e9c820720, 0x0000027e9c820858]
Event: 136.127 Thread 0x0000027eb8d02c30 10875   !   3       java.util.concurrent.ThreadPoolExecutor::addWorker (289 bytes)
Event: 136.128 Thread 0x0000027eb8d02c30 nmethod 10875 0x0000027e9c820910 code [0x0000027e9c820ce0, 0x0000027e9c8230a8]
Event: 136.128 Thread 0x0000027eb8d008c0 nmethod 10866 0x0000027ea30c1a90 code [0x0000027ea30c1c20, 0x0000027ea30c2028]
Event: 136.128 Thread 0x0000027eb8d008c0 10872       4       java.util.HashMap::keySet (25 bytes)
Event: 136.129 Thread 0x0000027eb8cffea0 nmethod 10865 0x0000027ea30c2210 code [0x0000027ea30c23a0, 0x0000027ea30c27c8]
Event: 136.129 Thread 0x0000027eb8d008c0 nmethod 10872 0x0000027ea30c2a10 code [0x0000027ea30c2ba0, 0x0000027ea30c2d58]
Event: 136.130 Thread 0x0000027eb8d02c30 10876       3       java.lang.Exception::<init> (5 bytes)
Event: 136.130 Thread 0x0000027eb54a4fa0 10877       3       java.lang.Throwable::<init> (29 bytes)
Event: 136.130 Thread 0x0000027eb54a4fa0 nmethod 10877 0x0000027e9c823f90 code [0x0000027e9c824140, 0x0000027e9c8244c8]
Event: 136.130 Thread 0x0000027eb8d02c30 nmethod 10876 0x0000027e9c824590 code [0x0000027e9c824760, 0x0000027e9c824b48]
Event: 136.130 Thread 0x0000027eb8cffea0 10878 %     4       java.util.HashMap$HashIterator::<init> @ 48 (79 bytes)

GC Heap History (20 events):
Event: 1.555 GC heap before
{Heap before GC invocations=4 (full 0):
 garbage-first heap   total 81920K, used 64456K [0x0000000740000000, 0x0000000800000000)
  region size 2048K, 28 young (57344K), 6 survivors (12288K)
 Metaspace       used 29174K, committed 29504K, reserved 1081344K
  class space    used 4063K, committed 4224K, reserved 1048576K
}
Event: 1.559 GC heap after
{Heap after GC invocations=5 (full 0):
 garbage-first heap   total 86016K, used 27391K [0x0000000740000000, 0x0000000800000000)
  region size 2048K, 7 young (14336K), 7 survivors (14336K)
 Metaspace       used 29174K, committed 29504K, reserved 1081344K
  class space    used 4063K, committed 4224K, reserved 1048576K
}
Event: 1.561 GC heap before
{Heap before GC invocations=5 (full 0):
 garbage-first heap   total 86016K, used 29439K [0x0000000740000000, 0x0000000800000000)
  region size 2048K, 8 young (16384K), 7 survivors (14336K)
 Metaspace       used 29174K, committed 29504K, reserved 1081344K
  class space    used 4063K, committed 4224K, reserved 1048576K
}
Event: 1.564 GC heap after
{Heap after GC invocations=6 (full 0):
 garbage-first heap   total 86016K, used 26666K [0x0000000740000000, 0x0000000800000000)
  region size 2048K, 1 young (2048K), 1 survivors (2048K)
 Metaspace       used 29174K, committed 29504K, reserved 1081344K
  class space    used 4063K, committed 4224K, reserved 1048576K
}
Event: 1.760 GC heap before
{Heap before GC invocations=6 (full 0):
 garbage-first heap   total 86016K, used 57386K [0x0000000740000000, 0x0000000800000000)
  region size 2048K, 16 young (32768K), 1 survivors (2048K)
 Metaspace       used 32534K, committed 32832K, reserved 1081344K
  class space    used 4438K, committed 4544K, reserved 1048576K
}
Event: 1.761 GC heap after
{Heap after GC invocations=7 (full 0):
 garbage-first heap   total 86016K, used 29190K [0x0000000740000000, 0x0000000800000000)
  region size 2048K, 2 young (4096K), 2 survivors (4096K)
 Metaspace       used 32534K, committed 32832K, reserved 1081344K
  class space    used 4438K, committed 4544K, reserved 1048576K
}
Event: 1.957 GC heap before
{Heap before GC invocations=7 (full 0):
 garbage-first heap   total 86016K, used 53766K [0x0000000740000000, 0x0000000800000000)
  region size 2048K, 15 young (30720K), 2 survivors (4096K)
 Metaspace       used 35579K, committed 35968K, reserved 1081344K
  class space    used 4930K, committed 5120K, reserved 1048576K
}
Event: 1.958 GC heap after
{Heap after GC invocations=8 (full 0):
 garbage-first heap   total 86016K, used 31014K [0x0000000740000000, 0x0000000800000000)
  region size 2048K, 3 young (6144K), 3 survivors (6144K)
 Metaspace       used 35579K, committed 35968K, reserved 1081344K
  class space    used 4930K, committed 5120K, reserved 1048576K
}
Event: 2.071 GC heap before
{Heap before GC invocations=9 (full 0):
 garbage-first heap   total 86016K, used 59686K [0x0000000740000000, 0x0000000800000000)
  region size 2048K, 18 young (36864K), 3 survivors (6144K)
 Metaspace       used 37196K, committed 37632K, reserved 1081344K
  class space    used 5079K, committed 5312K, reserved 1048576K
}
Event: 2.073 GC heap after
{Heap after GC invocations=10 (full 0):
 garbage-first heap   total 86016K, used 33783K [0x0000000740000000, 0x0000000800000000)
  region size 2048K, 3 young (6144K), 3 survivors (6144K)
 Metaspace       used 37196K, committed 37632K, reserved 1081344K
  class space    used 5079K, committed 5312K, reserved 1048576K
}
Event: 2.089 GC heap before
{Heap before GC invocations=10 (full 0):
 garbage-first heap   total 86016K, used 35831K [0x0000000740000000, 0x0000000800000000)
  region size 2048K, 4 young (8192K), 3 survivors (6144K)
 Metaspace       used 37447K, committed 37824K, reserved 1081344K
  class space    used 5109K, committed 5312K, reserved 1048576K
}
Event: 2.091 GC heap after
{Heap after GC invocations=11 (full 0):
 garbage-first heap   total 305152K, used 33633K [0x0000000740000000, 0x0000000800000000)
  region size 2048K, 1 young (2048K), 1 survivors (2048K)
 Metaspace       used 37447K, committed 37824K, reserved 1081344K
  class space    used 5109K, committed 5312K, reserved 1048576K
}
Event: 3.608 GC heap before
{Heap before GC invocations=11 (full 0):
 garbage-first heap   total 305152K, used 238433K [0x0000000740000000, 0x0000000800000000)
  region size 2048K, 89 young (182272K), 1 survivors (2048K)
 Metaspace       used 55044K, committed 55552K, reserved 1097728K
  class space    used 7489K, committed 7744K, reserved 1048576K
}
Event: 3.612 GC heap after
{Heap after GC invocations=12 (full 0):
 garbage-first heap   total 305152K, used 49399K [0x0000000740000000, 0x0000000800000000)
  region size 2048K, 8 young (16384K), 8 survivors (16384K)
 Metaspace       used 55044K, committed 55552K, reserved 1097728K
  class space    used 7489K, committed 7744K, reserved 1048576K
}
Event: 3.969 GC heap before
{Heap before GC invocations=12 (full 0):
 garbage-first heap   total 305152K, used 200951K [0x0000000740000000, 0x0000000800000000)
  region size 2048K, 35 young (71680K), 8 survivors (16384K)
 Metaspace       used 57653K, committed 58240K, reserved 1105920K
  class space    used 7803K, committed 8064K, reserved 1048576K
}
Event: 3.973 GC heap after
{Heap after GC invocations=13 (full 0):
 garbage-first heap   total 305152K, used 55208K [0x0000000740000000, 0x0000000800000000)
  region size 2048K, 3 young (6144K), 3 survivors (6144K)
 Metaspace       used 57653K, committed 58240K, reserved 1105920K
  class space    used 7803K, committed 8064K, reserved 1048576K
}
Event: 4.206 GC heap before
{Heap before GC invocations=13 (full 0):
 garbage-first heap   total 305152K, used 180136K [0x0000000740000000, 0x0000000800000000)
  region size 2048K, 27 young (55296K), 3 survivors (6144K)
 Metaspace       used 59514K, committed 60096K, reserved 1105920K
  class space    used 8025K, committed 8320K, reserved 1048576K
}
Event: 4.208 GC heap after
{Heap after GC invocations=14 (full 0):
 garbage-first heap   total 305152K, used 57552K [0x0000000740000000, 0x0000000800000000)
  region size 2048K, 4 young (8192K), 4 survivors (8192K)
 Metaspace       used 59514K, committed 60096K, reserved 1105920K
  class space    used 8025K, committed 8320K, reserved 1048576K
}
Event: 6.211 GC heap before
{Heap before GC invocations=15 (full 0):
 garbage-first heap   total 212992K, used 174288K [0x0000000740000000, 0x0000000800000000)
  region size 2048K, 62 young (126976K), 4 survivors (8192K)
 Metaspace       used 61559K, committed 62208K, reserved 1105920K
  class space    used 8382K, committed 8640K, reserved 1048576K
}
Event: 6.214 GC heap after
{Heap after GC invocations=16 (full 0):
 garbage-first heap   total 212992K, used 62667K [0x0000000740000000, 0x0000000800000000)
  region size 2048K, 7 young (14336K), 7 survivors (14336K)
 Metaspace       used 61559K, committed 62208K, reserved 1105920K
  class space    used 8382K, committed 8640K, reserved 1048576K
}

Deoptimization events (20 events):
Event: 136.130 Thread 0x0000027ebf700780 DEOPT PACKING pc=0x0000027e9b531d44 sp=0x000000fa815ff060
Event: 136.130 Thread 0x0000027ebf700780 DEOPT UNPACKING pc=0x0000027e9ae22b43 sp=0x000000fa815fe588 mode 1
Event: 136.130 Thread 0x0000027eb8c1a870 DEOPT PACKING pc=0x0000027e9b531d44 sp=0x000000fa85cff280
Event: 136.130 Thread 0x0000027eb8c1a870 DEOPT UNPACKING pc=0x0000027e9ae22b43 sp=0x000000fa85cfe7a8 mode 1
Event: 136.130 Thread 0x0000027ec2f52150 DEOPT PACKING pc=0x0000027e9b531d44 sp=0x000000fa850fef60
Event: 136.130 Thread 0x0000027ec2f52150 DEOPT UNPACKING pc=0x0000027e9ae22b43 sp=0x000000fa850fe488 mode 1
Event: 136.130 Thread 0x0000027ec2f53490 DEOPT PACKING pc=0x0000027e9b531d44 sp=0x000000fa851ff260
Event: 136.130 Thread 0x0000027ec2f53490 DEOPT UNPACKING pc=0x0000027e9ae22b43 sp=0x000000fa851fe788 mode 1
Event: 136.130 Thread 0x0000027ec2f50470 DEOPT PACKING pc=0x0000027e9b531d44 sp=0x000000fa845ff400
Event: 136.130 Thread 0x0000027ec2f50470 DEOPT UNPACKING pc=0x0000027e9ae22b43 sp=0x000000fa845fe928 mode 1
Event: 136.130 Thread 0x0000027ec2f53e30 DEOPT PACKING pc=0x0000027e9b531d44 sp=0x000000fa853fee70
Event: 136.130 Thread 0x0000027ec2f53e30 DEOPT UNPACKING pc=0x0000027e9ae22b43 sp=0x000000fa853fe398 mode 1
Event: 136.130 Thread 0x0000027eb8c1f570 DEOPT PACKING pc=0x0000027e9b531d44 sp=0x000000fa85efeea0
Event: 136.130 Thread 0x0000027eb8c1f570 DEOPT UNPACKING pc=0x0000027e9ae22b43 sp=0x000000fa85efe3c8 mode 1
Event: 136.130 Thread 0x0000027eb7ea13e0 DEOPT PACKING pc=0x0000027e9c0d22c4 sp=0x000000faf9dfc6d0
Event: 136.130 Thread 0x0000027eb7ea13e0 DEOPT UNPACKING pc=0x0000027e9ae22b43 sp=0x000000faf9dfbbb8 mode 1
Event: 136.130 Thread 0x0000027eb7ea13e0 DEOPT PACKING pc=0x0000027e9c10fd29 sp=0x000000faf9dfc640
Event: 136.130 Thread 0x0000027eb7ea13e0 DEOPT UNPACKING pc=0x0000027e9ae22b43 sp=0x000000faf9dfbb38 mode 1
Event: 136.130 Thread 0x0000027eb7ea13e0 DEOPT PACKING pc=0x0000027e9c0d22c4 sp=0x000000faf9dfc7b0
Event: 136.130 Thread 0x0000027eb7ea13e0 DEOPT UNPACKING pc=0x0000027e9ae22b43 sp=0x000000faf9dfbc98 mode 1

Classes unloaded (0 events):
No events

Classes redefined (0 events):
No events

Internal exceptions (20 events):
Event: 4.309 Thread 0x0000027eb777ba10 Exception <a 'java/lang/NoSuchMethodError'{0x000000074beea590}: static Lorg/gradle/internal/build/event/types/AbstractResult;.<clinit>()V> (0x000000074beea590) 
thrown [e:\jenkins\tmp\workspace\build\src\src\hotspot\share\prims\jni.cpp, line 1107]
Event: 4.310 Thread 0x0000027eb777ba10 Exception <a 'java/lang/NoSuchMethodError'{0x000000074bf02058}: static [Ljava/lang/Object;.<clinit>()V> (0x000000074bf02058) 
thrown [e:\jenkins\tmp\workspace\build\src\src\hotspot\share\prims\jni.cpp, line 1107]
Event: 4.317 Thread 0x0000027ebe1f57f0 Exception <a 'java/lang/NoSuchMethodError'{0x000000074bfa31f8}: 'void java.lang.invoke.DirectMethodHandle$Holder.invokeInterface(java.lang.Object, java.lang.Object, java.lang.Object, java.lang.Object)'> (0x000000074bfa31f8) 
thrown [e:\jenkins\tmp\workspace\build\src\src\hotspot\share\interpreter\linkResolver.cpp, line 766]
Event: 4.321 Thread 0x0000027ebe1f57f0 Exception <a 'java/lang/NoSuchMethodError'{0x000000074bc40990}: 'int java.lang.invoke.DirectMethodHandle$Holder.invokeStaticInit(java.lang.Object, java.lang.Object, java.lang.Object, java.lang.Object, java.lang.Object)'> (0x000000074bc40990) 
thrown [e:\jenkins\tmp\workspace\build\src\src\hotspot\share\interpreter\linkResolver.cpp, line 766]
Event: 4.333 Thread 0x0000027ebe1f57f0 Exception <a 'java/lang/NoSuchMethodError'{0x000000074bcd3e60}: 'java.lang.Object java.lang.invoke.DirectMethodHandle$Holder.invokeInterface(java.lang.Object, java.lang.Object, int)'> (0x000000074bcd3e60) 
thrown [e:\jenkins\tmp\workspace\build\src\src\hotspot\share\interpreter\linkResolver.cpp, line 766]
Event: 4.334 Thread 0x0000027ebe1f57f0 Exception <a 'java/lang/NoSuchMethodError'{0x000000074bce4908}: 'void java.lang.invoke.DirectMethodHandle$Holder.invokeStatic(java.lang.Object, java.lang.Object, java.lang.Object, int)'> (0x000000074bce4908) 
thrown [e:\jenkins\tmp\workspace\build\src\src\hotspot\share\interpreter\linkResolver.cpp, line 766]
Event: 4.373 Thread 0x0000027ebe1f57f0 Exception <a 'java/lang/NoSuchMethodError'{0x000000074b72fc30}: static Ljava/lang/Object;.<clinit>()V> (0x000000074b72fc30) 
thrown [e:\jenkins\tmp\workspace\build\src\src\hotspot\share\prims\jni.cpp, line 1107]
Event: 6.366 Thread 0x0000027ebe1f3640 Exception <a 'java/lang/ClassNotFoundException'{0x00000007493aff08}: com/intellij/openapi/externalSystem/rt/execution/ForkedDebuggerHelperBeanInfo> (0x00000007493aff08) 
thrown [e:\jenkins\tmp\workspace\build\src\src\hotspot\share\classfile\systemDictionary.cpp, line 256]
Event: 6.366 Thread 0x0000027ebe1f3640 Exception <a 'java/lang/ClassNotFoundException'{0x00000007493b7990}: com/intellij/openapi/externalSystem/rt/execution/ForkedDebuggerHelperCustomizer> (0x00000007493b7990) 
thrown [e:\jenkins\tmp\workspace\build\src\src\hotspot\share\classfile\systemDictionary.cpp, line 256]
Event: 6.367 Thread 0x0000027ebe1f3640 Exception <a 'java/net/SocketException'{0x00000007493ca300}: Socket is not connected: shutdown> (0x00000007493ca300) 
thrown [e:\jenkins\tmp\workspace\build\src\src\hotspot\share\prims\jni.cpp, line 535]
Event: 6.373 Thread 0x0000027ebe1f3640 Exception <a 'java/lang/ClassNotFoundException'{0x000000074908a6e0}: org/gradle/api/internal/file/collections/DefaultConfigurableFileCollectionBeanInfo> (0x000000074908a6e0) 
thrown [e:\jenkins\tmp\workspace\build\src\src\hotspot\share\classfile\systemDictionary.cpp, line 256]
Event: 6.373 Thread 0x0000027ebe1f3640 Exception <a 'java/lang/ClassNotFoundException'{0x000000074909aab0}: org/gradle/api/internal/file/collections/DefaultConfigurableFileCollectionCustomizer> (0x000000074909aab0) 
thrown [e:\jenkins\tmp\workspace\build\src\src\hotspot\share\classfile\systemDictionary.cpp, line 256]
Event: 136.056 Thread 0x0000027eb7c323d0 Exception <a 'sun/net/ConnectionResetException'{0x00000007484000d0}: Connection reset> (0x00000007484000d0) 
thrown [e:\jenkins\tmp\workspace\build\src\src\hotspot\share\prims\jni.cpp, line 535]
Event: 136.062 Thread 0x0000027eb777ea30 Exception <a 'java/io/IOException'{0x000000074eceb8c8}: Connection reset by peer> (0x000000074eceb8c8) 
thrown [e:\jenkins\tmp\workspace\build\src\src\hotspot\share\prims\jni.cpp, line 535]
Event: 136.065 Thread 0x0000027ebe1f3640 Exception <a 'java/lang/reflect/InvocationTargetException'{0x00000007485c5ac0}> (0x00000007485c5ac0) 
thrown [e:\jenkins\tmp\workspace\build\src\src\hotspot\share\runtime\reflection.cpp, line 1121]
Event: 136.071 Thread 0x0000027eb777ba10 Exception <a 'java/lang/NoSuchMethodError'{0x0000000748222520}: static Lorg/gradle/internal/build/event/types/DefaultTaskFailureResult;.<clinit>()V> (0x0000000748222520) 
thrown [e:\jenkins\tmp\workspace\build\src\src\hotspot\share\prims\jni.cpp, line 1107]
Event: 136.073 Thread 0x0000027eb777ba10 Exception <a 'java/lang/NoSuchMethodError'{0x0000000748231500}: static Lorg/gradle/internal/build/event/types/DefaultFailure;.<clinit>()V> (0x0000000748231500) 
thrown [e:\jenkins\tmp\workspace\build\src\src\hotspot\share\prims\jni.cpp, line 1107]
Event: 136.073 Thread 0x0000027eb777ba10 Exception <a 'java/io/IOException'{0x0000000748232fb8}: Connection reset by peer> (0x0000000748232fb8) 
thrown [e:\jenkins\tmp\workspace\build\src\src\hotspot\share\prims\jni.cpp, line 535]
Event: 136.074 Thread 0x0000027eb777ba10 Exception <a 'java/io/IOException'{0x0000000748233c08}: Connection reset by peer> (0x0000000748233c08) 
thrown [e:\jenkins\tmp\workspace\build\src\src\hotspot\share\prims\jni.cpp, line 535]
Event: 136.130 Thread 0x0000027ec2f52150 Exception <a 'java/lang/ArrayIndexOutOfBoundsException'{0x00000007474973b0}: Index -2062552480 out of bounds for length 638> (0x00000007474973b0) 
thrown [e:\jenkins\tmp\workspace\build\src\src\hotspot\share\interpreter\interpreterRuntime.cpp, line 428]

VM Operations (20 events):
Event: 71.124 Executing VM operation: Cleanup
Event: 71.124 Executing VM operation: Cleanup done
Event: 81.204 Executing VM operation: Cleanup
Event: 81.204 Executing VM operation: Cleanup done
Event: 88.275 Executing VM operation: Cleanup
Event: 88.275 Executing VM operation: Cleanup done
Event: 134.640 Executing VM operation: Cleanup
Event: 134.640 Executing VM operation: Cleanup done
Event: 136.040 Executing VM operation: ChangeBreakpoints
Event: 136.040 Executing VM operation: ChangeBreakpoints done
Event: 136.064 Executing VM operation: HandshakeAllThreads
Event: 136.064 Executing VM operation: HandshakeAllThreads done
Event: 136.066 Executing VM operation: HandshakeAllThreads
Event: 136.066 Executing VM operation: HandshakeAllThreads done
Event: 136.068 Executing VM operation: HandshakeAllThreads
Event: 136.068 Executing VM operation: HandshakeAllThreads done
Event: 136.082 Executing VM operation: HandshakeAllThreads
Event: 136.082 Executing VM operation: HandshakeAllThreads done
Event: 136.084 Executing VM operation: HandshakeAllThreads
Event: 136.084 Executing VM operation: HandshakeAllThreads done

Events (20 events):
Event: 136.129 Thread 0x0000027eb8c02830 Thread exited: 0x0000027eb8c02830
Event: 136.130 Thread 0x0000027ec38b0820 Thread exited: 0x0000027ec38b0820
Event: 136.130 Thread 0x0000027eb8c049e0 Thread exited: 0x0000027eb8c049e0
Event: 136.130 Thread 0x0000027ec38b2500 Thread exited: 0x0000027ec38b2500
Event: 136.130 Thread 0x0000027ec3789340 Thread exited: 0x0000027ec3789340
Event: 136.130 Thread 0x0000027eb8c1e700 Thread exited: 0x0000027eb8c1e700
Event: 136.130 Thread 0x0000027ebef68080 Thread exited: 0x0000027ebef68080
Event: 136.130 Thread 0x0000027ec2f55640 Thread exited: 0x0000027ec2f55640
Event: 136.130 Thread 0x0000027ebe1f6190 Thread exited: 0x0000027ebe1f6190
Event: 136.130 Thread 0x0000027eb8c04510 Thread exited: 0x0000027eb8c04510
Event: 136.130 Thread 0x0000027ebf7032d0 Thread exited: 0x0000027ebf7032d0
Event: 136.130 Thread 0x0000027ebef6a230 Thread exited: 0x0000027ebef6a230
Event: 136.130 Thread 0x0000027ec2f517b0 Thread exited: 0x0000027ec2f517b0
Event: 136.130 Thread 0x0000027ec3787190 Thread exited: 0x0000027ec3787190
Event: 136.130 Thread 0x0000027ebf700780 Thread exited: 0x0000027ebf700780
Event: 136.130 Thread 0x0000027eb8c1a870 Thread exited: 0x0000027eb8c1a870
Event: 136.130 Thread 0x0000027ec2f53490 Thread exited: 0x0000027ec2f53490
Event: 136.130 Thread 0x0000027ec2f50470 Thread exited: 0x0000027ec2f50470
Event: 136.130 Thread 0x0000027ec2f53e30 Thread exited: 0x0000027ec2f53e30
Event: 136.130 Thread 0x0000027eb8c1f570 Thread exited: 0x0000027eb8c1f570


Dynamic libraries:
0x00007ff74ac20000 - 0x00007ff74ac2e000 	C:\Program Files\Eclipse Adoptium\jdk-17.0.3.7-hotspot\bin\java.exe
0x00007ffe19d90000 - 0x00007ffe19f88000 	C:\windows\SYSTEM32\ntdll.dll
0x00007ffe19a30000 - 0x00007ffe19aed000 	C:\windows\System32\KERNEL32.DLL
0x00007ffe17590000 - 0x00007ffe1785e000 	C:\windows\System32\KERNELBASE.dll
0x00007ffe17b90000 - 0x00007ffe17c90000 	C:\windows\System32\ucrtbase.dll
0x00007ffe14460000 - 0x00007ffe14479000 	C:\Program Files\Eclipse Adoptium\jdk-17.0.3.7-hotspot\bin\VCRUNTIME140.dll
0x00007ffe14480000 - 0x00007ffe14498000 	C:\Program Files\Eclipse Adoptium\jdk-17.0.3.7-hotspot\bin\jli.dll
0x00007ffe192d0000 - 0x00007ffe19470000 	C:\windows\System32\USER32.dll
0x00007ffe17560000 - 0x00007ffe17582000 	C:\windows\System32\win32u.dll
0x00007ffe03dc0000 - 0x00007ffe0405a000 	C:\windows\WinSxS\amd64_microsoft.windows.common-controls_6595b64144ccf1df_6.0.19041.1110_none_60b5254171f9507e\COMCTL32.dll
0x00007ffe18d70000 - 0x00007ffe18d9a000 	C:\windows\System32\GDI32.dll
0x00007ffe17ea0000 - 0x00007ffe17f3e000 	C:\windows\System32\msvcrt.dll
0x00007ffe17a50000 - 0x00007ffe17b5b000 	C:\windows\System32\gdi32full.dll
0x00007ffe178f0000 - 0x00007ffe1798d000 	C:\windows\System32\msvcp_win.dll
0x00007ffe18b50000 - 0x00007ffe18b80000 	C:\windows\System32\IMM32.DLL
0x00007ffe14970000 - 0x00007ffe1497c000 	C:\Program Files\Eclipse Adoptium\jdk-17.0.3.7-hotspot\bin\vcruntime140_1.dll
0x00007ffe08e90000 - 0x00007ffe08f21000 	C:\Program Files\Eclipse Adoptium\jdk-17.0.3.7-hotspot\bin\msvcp140.dll
0x00007ffd7f780000 - 0x00007ffd803c8000 	C:\Program Files\Eclipse Adoptium\jdk-17.0.3.7-hotspot\bin\server\jvm.dll
0x00007ffe17df0000 - 0x00007ffe17e9e000 	C:\windows\System32\ADVAPI32.dll
0x00007ffe19470000 - 0x00007ffe1950c000 	C:\windows\System32\sechost.dll
0x00007ffe19c20000 - 0x00007ffe19d45000 	C:\windows\System32\RPCRT4.dll
0x00007ffe17f40000 - 0x00007ffe17f48000 	C:\windows\System32\PSAPI.DLL
0x00007ffe14510000 - 0x00007ffe14519000 	C:\windows\SYSTEM32\WSOCK32.dll
0x00007ffe11730000 - 0x00007ffe1173a000 	C:\windows\SYSTEM32\VERSION.dll
0x00007ffe0ad80000 - 0x00007ffe0ada7000 	C:\windows\SYSTEM32\WINMM.dll
0x00007ffe18da0000 - 0x00007ffe18e0b000 	C:\windows\System32\WS2_32.dll
0x00007ffe15d90000 - 0x00007ffe15da2000 	C:\windows\SYSTEM32\kernel.appcore.dll
0x00007ffe144d0000 - 0x00007ffe144da000 	C:\Program Files\Eclipse Adoptium\jdk-17.0.3.7-hotspot\bin\jimage.dll
0x00007ffe150a0000 - 0x00007ffe15284000 	C:\windows\SYSTEM32\DBGHELP.DLL
0x00007ffe05660000 - 0x00007ffe0568c000 	C:\windows\SYSTEM32\dbgcore.DLL
0x00007ffe17860000 - 0x00007ffe178e2000 	C:\windows\System32\bcryptPrimitives.dll
0x00007ffe14420000 - 0x00007ffe1445b000 	C:\Program Files\Eclipse Adoptium\jdk-17.0.3.7-hotspot\bin\jdwp.dll
0x00007ffe143f0000 - 0x00007ffe14415000 	C:\Program Files\Eclipse Adoptium\jdk-17.0.3.7-hotspot\bin\java.dll
0x00007ffe03b10000 - 0x00007ffe03be6000 	C:\Program Files\Eclipse Adoptium\jdk-17.0.3.7-hotspot\bin\jsvml.dll
0x00007ffe17f50000 - 0x00007ffe18694000 	C:\windows\System32\SHELL32.dll
0x00007ffe155b0000 - 0x00007ffe15d44000 	C:\windows\SYSTEM32\windows.storage.dll
0x00007ffe187e0000 - 0x00007ffe18b34000 	C:\windows\System32\combase.dll
0x00007ffe16f10000 - 0x00007ffe16f40000 	C:\windows\SYSTEM32\Wldp.dll
0x00007ffe19220000 - 0x00007ffe192cd000 	C:\windows\System32\SHCORE.dll
0x00007ffe18720000 - 0x00007ffe18775000 	C:\windows\System32\shlwapi.dll
0x00007ffe173f0000 - 0x00007ffe1740f000 	C:\windows\SYSTEM32\profapi.dll
0x00007ffe143e0000 - 0x00007ffe143ec000 	C:\Program Files\Eclipse Adoptium\jdk-17.0.3.7-hotspot\bin\dt_socket.dll
0x00007ffe16910000 - 0x00007ffe1694b000 	C:\windows\SYSTEM32\IPHLPAPI.DLL
0x00007ffe16c70000 - 0x00007ffe16cda000 	C:\windows\system32\mswsock.dll
0x00007ffe0a4c0000 - 0x00007ffe0a4d9000 	C:\Program Files\Eclipse Adoptium\jdk-17.0.3.7-hotspot\bin\net.dll
0x00007ffe10890000 - 0x00007ffe1099a000 	C:\windows\SYSTEM32\WINHTTP.dll
0x00007ffe08e70000 - 0x00007ffe08e85000 	C:\Program Files\Eclipse Adoptium\jdk-17.0.3.7-hotspot\bin\nio.dll
0x00007ffe08b70000 - 0x00007ffe08b88000 	C:\Program Files\Eclipse Adoptium\jdk-17.0.3.7-hotspot\bin\zip.dll
0x00007ffe08e60000 - 0x00007ffe08e70000 	C:\Program Files\Eclipse Adoptium\jdk-17.0.3.7-hotspot\bin\verify.dll
0x00007ffddfae0000 - 0x00007ffddfb07000 	C:\Users\joefo\.gradle\native\e1d6ef7f7dcc3fd88c89a11ec53ec762bb8ba0a96d01ffa2cd45eb1d1d8dd5c5\windows-amd64\native-platform.dll
0x00007ffe039c0000 - 0x00007ffe03b04000 	C:\Users\joefo\.gradle\native\5664cfc778a61ccfe75a443a1ab52a65af34e5dc3c78e0209fed803814484fcb\windows-amd64\native-platform-file-events.dll
0x00007ffe08b60000 - 0x00007ffe08b69000 	C:\Program Files\Eclipse Adoptium\jdk-17.0.3.7-hotspot\bin\management.dll
0x00007ffe08b50000 - 0x00007ffe08b5b000 	C:\Program Files\Eclipse Adoptium\jdk-17.0.3.7-hotspot\bin\management_ext.dll
0x00007ffe16e70000 - 0x00007ffe16e88000 	C:\windows\SYSTEM32\CRYPTSP.dll
0x00007ffe16580000 - 0x00007ffe165b4000 	C:\windows\system32\rsaenh.dll
0x00007ffe17b60000 - 0x00007ffe17b87000 	C:\windows\System32\bcrypt.dll
0x00007ffe173b0000 - 0x00007ffe173de000 	C:\windows\SYSTEM32\USERENV.dll
0x00007ffe16e60000 - 0x00007ffe16e6c000 	C:\windows\SYSTEM32\CRYPTBASE.dll
0x00007ffe18d60000 - 0x00007ffe18d68000 	C:\windows\System32\NSI.dll
0x00007ffe11990000 - 0x00007ffe119a7000 	C:\windows\SYSTEM32\dhcpcsvc6.DLL
0x00007ffe117d0000 - 0x00007ffe117ed000 	C:\windows\SYSTEM32\dhcpcsvc.DLL
0x00007ffe16950000 - 0x00007ffe16a1b000 	C:\windows\SYSTEM32\DNSAPI.dll
0x00007ffe08b40000 - 0x00007ffe08b4e000 	C:\Program Files\Eclipse Adoptium\jdk-17.0.3.7-hotspot\bin\sunmscapi.dll
0x00007ffe17c90000 - 0x00007ffe17de6000 	C:\windows\System32\CRYPT32.dll
0x00007ffe16f80000 - 0x00007ffe16fa7000 	C:\windows\SYSTEM32\ncrypt.dll
0x00007ffe16f40000 - 0x00007ffe16f7b000 	C:\windows\SYSTEM32\NTASN1.dll
0x00007ffe04f80000 - 0x00007ffe04f87000 	C:\windows\system32\wshunix.dll
0x00007ffe105e0000 - 0x00007ffe105ea000 	C:\Windows\System32\rasadhlp.dll
0x00007ffe10120000 - 0x00007ffe101a0000 	C:\windows\System32\fwpuclnt.dll

dbghelp: loaded successfully - version: 4.0.5 - missing functions: none
symbol engine: initialized successfully - sym options: 0x614 - pdb path: .;C:\Program Files\Eclipse Adoptium\jdk-17.0.3.7-hotspot\bin;C:\windows\SYSTEM32;C:\windows\WinSxS\amd64_microsoft.windows.common-controls_6595b64144ccf1df_6.0.19041.1110_none_60b5254171f9507e;C:\Program Files\Eclipse Adoptium\jdk-17.0.3.7-hotspot\bin\server;C:\Users\joefo\.gradle\native\e1d6ef7f7dcc3fd88c89a11ec53ec762bb8ba0a96d01ffa2cd45eb1d1d8dd5c5\windows-amd64;C:\Users\joefo\.gradle\native\5664cfc778a61ccfe75a443a1ab52a65af34e5dc3c78e0209fed803814484fcb\windows-amd64

VM Arguments:
jvm_args: -agentlib:jdwp=transport=dt_socket,server=n,suspend=y,address=127.0.0.1:64023 --add-opens=java.base/java.util=ALL-UNNAMED --add-opens=java.base/java.lang=ALL-UNNAMED --add-opens=java.base/java.lang.invoke=ALL-UNNAMED --add-opens=java.base/java.util=ALL-UNNAMED --add-opens=java.prefs/java.util.prefs=ALL-UNNAMED --add-opens=java.prefs/java.util.prefs=ALL-UNNAMED --add-opens=java.base/java.nio.charset=ALL-UNNAMED --add-opens=java.base/java.net=ALL-UNNAMED --add-opens=java.base/java.util.concurrent.atomic=ALL-UNNAMED -Xmx3G -Dfile.encoding=windows-1252 -Duser.country=US -Duser.language=en -Duser.variant 
java_command: org.gradle.launcher.daemon.bootstrap.GradleDaemon 7.3
java_class_path (initial): C:\Users\joefo\.gradle\wrapper\dists\gradle-7.3-bin\ddwl0k7mt9g6ak16i1m905vyv\gradle-7.3\lib\gradle-launcher-7.3.jar
Launcher Type: SUN_STANDARD

[Global flags]
     intx CICompilerCount                          = 12                                        {product} {ergonomic}
     uint ConcGCThreads                            = 5                                         {product} {ergonomic}
     uint G1ConcRefinementThreads                  = 18                                        {product} {ergonomic}
   size_t G1HeapRegionSize                         = 2097152                                   {product} {ergonomic}
    uintx GCDrainStackTargetSize                   = 64                                        {product} {ergonomic}
   size_t InitialHeapSize                          = 534773760                                 {product} {ergonomic}
   size_t MarkStackSize                            = 4194304                                   {product} {ergonomic}
   size_t MaxHeapSize                              = 3221225472                                {product} {command line}
   size_t MaxNewSize                               = 1931476992                                {product} {ergonomic}
   size_t MinHeapDeltaBytes                        = 2097152                                   {product} {ergonomic}
   size_t MinHeapSize                              = 8388608                                   {product} {ergonomic}
    uintx NonNMethodCodeHeapSize                   = 7602480                                {pd product} {ergonomic}
    uintx NonProfiledCodeHeapSize                  = 122027880                              {pd product} {ergonomic}
    uintx ProfiledCodeHeapSize                     = 122027880                              {pd product} {ergonomic}
    uintx ReservedCodeCacheSize                    = 251658240                              {pd product} {ergonomic}
     bool SegmentedCodeCache                       = true                                      {product} {ergonomic}
   size_t SoftMaxHeapSize                          = 3221225472                             {manageable} {ergonomic}
     bool UseCompressedClassPointers               = true                           {product lp64_product} {ergonomic}
     bool UseCompressedOops                        = true                           {product lp64_product} {ergonomic}
     bool UseG1GC                                  = true                                      {product} {ergonomic}
     bool UseLargePagesIndividualAllocation        = false                                  {pd product} {ergonomic}

Logging:
Log output configuration:
 #0: stdout all=warning uptime,level,tags
 #1: stderr all=off uptime,level,tags

Environment Variables:
JAVA_HOME=C:\Program Files\Eclipse Adoptium\jdk-17.0.3.7-hotspot\
PATH=C:\Program Files\Common Files\Oracle\Java\javapath;C:\Program Files\Eclipse Adoptium\jdk-17.0.3.7-hotspot\bin;C:\Windows\system32;C:\Windows;C:\Windows\System32\Wbem;C:\Windows\System32\WindowsPowerShell\v1.0\;C:\Windows\System32\OpenSSH\;C:\Program Files (x86)\NVIDIA Corporation\PhysX\Common;C:\Program Files\NVIDIA Corporation\NVIDIA NvDLISR;C:\Program Files\Git\cmd;C:\Users\joefo\AppData\Local\Microsoft\WindowsApps;;C:\Program Files\JetBrains\IntelliJ IDEA Community Edition 2022.1.2\bin;
USERNAME=joefo
OS=Windows_NT
PROCESSOR_IDENTIFIER=Intel64 Family 6 Model 151 Stepping 2, GenuineIntel



---------------  S Y S T E M  ---------------

OS:
 Windows 10 , 64 bit Build 19041 (10.0.19041.1806)
OS uptime: 1 days 1:42 hours

CPU: total 24 (initial active 24) (12 cores per cpu, 2 threads per core) family 6 model 151 stepping 2 microcode 0x12, cx8, cmov, fxsr, ht, mmx, 3dnowpref, sse, sse2, sse3, ssse3, sse4.1, sse4.2, popcnt, lzcnt, tsc, tscinvbit, avx, avx2, aes, erms, clmul, bmi1, bmi2, adx, sha, fma, vzeroupper, clflush, clflushopt, clwb

Memory: 4k page, system-wide physical 32581M (15352M free)
TotalPageFile size 47429M (AvailPageFile size 19385M)
current process WorkingSet (physical memory assigned to process): 444M, peak: 689M
current process commit charge ("private bytes"): 508M, peak: 763M

vm_info: OpenJDK 64-Bit Server VM (17.0.3+7) for windows-amd64 JRE (17.0.3+7), built on Apr 19 2022 16:55:35 by "" with MS VC++ 16.7 (VS2019)

END.
