#
# A fatal error has been detected by the Java Runtime Environment:
#
#  Internal Error (machnode.cpp:445), pid=10548, tid=3368
#  Error: ShouldNotCall()
#
# JRE version: OpenJDK Runtime Environment Temurin-17.0.3+7 (17.0.3+7) (build 17.0.3+7)
# Java VM: OpenJDK 64-Bit Server VM Temurin-17.0.3+7 (17.0.3+7, mixed mode, sharing, tiered, compressed oops, compressed class ptrs, g1 gc, windows-amd64)
# No core dump will be written. Minidumps are not enabled by default on client versions of Windows
#
# If you would like to submit a bug report, please visit:
#   https://github.com/adoptium/adoptium-support/issues
#

---------------  S U M M A R Y ------------

Command Line: --add-opens=java.base/java.util=ALL-UNNAMED --add-opens=java.base/java.lang=ALL-UNNAMED --add-opens=java.base/java.lang.invoke=ALL-UNNAMED --add-opens=java.base/java.util=ALL-UNNAMED --add-opens=java.prefs/java.util.prefs=ALL-UNNAMED --add-opens=java.prefs/java.util.prefs=ALL-UNNAMED --add-opens=java.base/java.nio.charset=ALL-UNNAMED --add-opens=java.base/java.net=ALL-UNNAMED --add-opens=java.base/java.util.concurrent.atomic=ALL-UNNAMED -Xmx3G -Dfile.encoding=windows-1252 -Duser.country=US -Duser.language=en -Duser.variant org.gradle.launcher.daemon.bootstrap.GradleDaemon 7.3

Host: 12th Gen Intel(R) Core(TM) i9-12900KF, 24 cores, 31G,  Windows 10 , 64 bit Build 19041 (10.0.19041.1806)
Time: Mon Jul 25 23:21:53 2022 Mountain Daylight Time elapsed time: 0.939910 seconds (0d 0h 0m 0s)

---------------  T H R E A D  ---------------

Current thread (0x0000023761666130):  JavaThread "C2 CompilerThread0" daemon [_thread_in_native, id=3368, stack(0x0000007b33b00000,0x0000007b33c00000)]


Current CompileTask:
C2:    939 2386   !   4       java.net.URLClassLoader$1::run (81 bytes)

Stack: [0x0000007b33b00000,0x0000007b33c00000]
Native frames: (J=compiled Java code, j=interpreted, Vv=VM code, C=native code)
V  [jvm.dll+0x675efa]
V  [jvm.dll+0x830a24]
V  [jvm.dll+0x8321ce]
V  [jvm.dll+0x8327e7]
V  [jvm.dll+0x2453ec]
V  [jvm.dll+0x245303]
V  [jvm.dll+0x594a05]
V  [jvm.dll+0x1be0fe]
V  [jvm.dll+0x1bba0c]
V  [jvm.dll+0x2184b9]
V  [jvm.dll+0x217781]
V  [jvm.dll+0x1a3ccd]
V  [jvm.dll+0x227178]
V  [jvm.dll+0x2252bc]
V  [jvm.dll+0x7e673b]
V  [jvm.dll+0x7e0cfa]
V  [jvm.dll+0x674d85]
C  [ucrtbase.dll+0x21bb2]
C  [KERNEL32.DLL+0x17034]
C  [ntdll.dll+0x52651]


---------------  P R O C E S S  ---------------

Threads class SMR info:
_java_thread_list=0x00000237670c87a0, length=34, elements={
0x000002373f674ab0, 0x0000023761646c80, 0x0000023761648a10, 0x0000023761663b00,
0x00000237616643c0, 0x0000023761664c80, 0x0000023761665540, 0x0000023761666130,
0x0000023761668a40, 0x0000023761754f70, 0x0000023761827770, 0x00000237618d7340,
0x00000237618d8a50, 0x000002376194ca30, 0x0000023762bfd470, 0x00000237631d5220,
0x0000023762fcf0e0, 0x0000023763e096a0, 0x0000023763e559e0, 0x000002376443f780,
0x0000023764af6390, 0x0000023764225c50, 0x0000023764a681f0, 0x00000237634e1890,
0x0000023763ef7dd0, 0x0000023762e6a620, 0x0000023762e67fa0, 0x0000023762e692e0,
0x0000023762e6a150, 0x0000023762e69c80, 0x0000023762e68470, 0x0000023762e697b0,
0x0000023762e6b490, 0x0000023762e6b960
}

Java Threads: ( => current thread )
  0x000002373f674ab0 JavaThread "main" [_thread_blocked, id=4452, stack(0x0000007b32e00000,0x0000007b32f00000)]
  0x0000023761646c80 JavaThread "Reference Handler" daemon [_thread_blocked, id=5896, stack(0x0000007b33500000,0x0000007b33600000)]
  0x0000023761648a10 JavaThread "Finalizer" daemon [_thread_blocked, id=9112, stack(0x0000007b33600000,0x0000007b33700000)]
  0x0000023761663b00 JavaThread "Signal Dispatcher" daemon [_thread_blocked, id=21908, stack(0x0000007b33700000,0x0000007b33800000)]
  0x00000237616643c0 JavaThread "Attach Listener" daemon [_thread_blocked, id=21916, stack(0x0000007b33800000,0x0000007b33900000)]
  0x0000023761664c80 JavaThread "Service Thread" daemon [_thread_blocked, id=7636, stack(0x0000007b33900000,0x0000007b33a00000)]
  0x0000023761665540 JavaThread "Monitor Deflation Thread" daemon [_thread_blocked, id=7464, stack(0x0000007b33a00000,0x0000007b33b00000)]
=>0x0000023761666130 JavaThread "C2 CompilerThread0" daemon [_thread_in_native, id=3368, stack(0x0000007b33b00000,0x0000007b33c00000)]
  0x0000023761668a40 JavaThread "C1 CompilerThread0" daemon [_thread_blocked, id=17152, stack(0x0000007b33c00000,0x0000007b33d00000)]
  0x0000023761754f70 JavaThread "Sweeper thread" daemon [_thread_blocked, id=12800, stack(0x0000007b33d00000,0x0000007b33e00000)]
  0x0000023761827770 JavaThread "C1 CompilerThread1" daemon [_thread_blocked, id=18196, stack(0x0000007b33e00000,0x0000007b33f00000)]
  0x00000237618d7340 JavaThread "Common-Cleaner" daemon [_thread_blocked, id=21776, stack(0x0000007b33f00000,0x0000007b34000000)]
  0x00000237618d8a50 JavaThread "Notification Thread" daemon [_thread_blocked, id=4416, stack(0x0000007b34000000,0x0000007b34100000)]
  0x000002376194ca30 JavaThread "C2 CompilerThread1" daemon [_thread_blocked, id=8600, stack(0x0000007b34200000,0x0000007b34300000)]
  0x0000023762bfd470 JavaThread "C2 CompilerThread2" daemon [_thread_in_native, id=6104, stack(0x0000007b34300000,0x0000007b34400000)]
  0x00000237631d5220 JavaThread "C1 CompilerThread2" daemon [_thread_blocked, id=4312, stack(0x0000007b34400000,0x0000007b34500000)]
  0x0000023762fcf0e0 JavaThread "C1 CompilerThread3" daemon [_thread_blocked, id=14900, stack(0x0000007b34500000,0x0000007b34600000)]
  0x0000023763e096a0 JavaThread "C2 CompilerThread3" daemon [_thread_blocked, id=19148, stack(0x0000007b35100000,0x0000007b35200000)]
  0x0000023763e559e0 JavaThread "Daemon health stats" [_thread_blocked, id=22996, stack(0x0000007b35200000,0x0000007b35300000)]
  0x000002376443f780 JavaThread "Incoming local TCP Connector on port 50942" [_thread_in_native, id=20932, stack(0x0000007b35300000,0x0000007b35400000)]
  0x0000023764af6390 JavaThread "Daemon periodic checks" [_thread_blocked, id=8312, stack(0x0000007b35400000,0x0000007b35500000)]
  0x0000023764225c50 JavaThread "Daemon" [_thread_blocked, id=21068, stack(0x0000007b35500000,0x0000007b35600000)]
  0x0000023764a681f0 JavaThread "Handler for socket connection from /127.0.0.1:50942 to /127.0.0.1:50943" [_thread_in_native, id=5212, stack(0x0000007b35600000,0x0000007b35700000)]
  0x00000237634e1890 JavaThread "Cancel handler" [_thread_blocked, id=2548, stack(0x0000007b35700000,0x0000007b35800000)]
  0x0000023763ef7dd0 JavaThread "Daemon worker" [_thread_in_vm, id=3376, stack(0x0000007b35800000,0x0000007b35900000)]
  0x0000023762e6a620 JavaThread "Asynchronous log dispatcher for DefaultDaemonConnection: socket connection from /127.0.0.1:50942 to /127.0.0.1:50943" [_thread_blocked, id=5164, stack(0x0000007b35900000,0x0000007b35a00000)]
  0x0000023762e67fa0 JavaThread "Stdin handler" [_thread_blocked, id=23420, stack(0x0000007b35a00000,0x0000007b35b00000)]
  0x0000023762e692e0 JavaThread "Daemon client event forwarder" [_thread_blocked, id=5812, stack(0x0000007b35b00000,0x0000007b35c00000)]
  0x0000023762e6a150 JavaThread "Cache worker for journal cache (C:\Users\joefo\.gradle\caches\journal-1)" [_thread_blocked, id=9980, stack(0x0000007b35c00000,0x0000007b35d00000)]
  0x0000023762e69c80 JavaThread "File lock request listener" [_thread_in_native, id=6752, stack(0x0000007b35d00000,0x0000007b35e00000)]
  0x0000023762e68470 JavaThread "Cache worker for file hash cache (C:\Users\joefo\.gradle\caches\7.3\fileHashes)" [_thread_blocked, id=9656, stack(0x0000007b35e00000,0x0000007b35f00000)]
  0x0000023762e697b0 JavaThread "Cache worker for file hash cache (C:\Users\joefo\OneDrive\Desktop\Hexerei\Hexerei-1.18\.gradle\7.3\fileHashes)" [_thread_blocked, id=22392, stack(0x0000007b35f00000,0x0000007b36000000)]
  0x0000023762e6b490 JavaThread "File watcher server" daemon [_thread_in_native, id=23312, stack(0x0000007b36000000,0x0000007b36100000)]
  0x0000023762e6b960 JavaThread "File watcher consumer" daemon [_thread_blocked, id=6784, stack(0x0000007b36100000,0x0000007b36200000)]

Other Threads:
  0x0000023761642170 VMThread "VM Thread" [stack: 0x0000007b33400000,0x0000007b33500000] [id=18232]
  0x000002373f729660 WatcherThread [stack: 0x0000007b34100000,0x0000007b34200000] [id=14876]
  0x000002373f6ce050 GCTaskThread "GC Thread#0" [stack: 0x0000007b32f00000,0x0000007b33000000] [id=700]
  0x0000023762e6cf80 GCTaskThread "GC Thread#1" [stack: 0x0000007b34600000,0x0000007b34700000] [id=16924]
  0x0000023763259300 GCTaskThread "GC Thread#2" [stack: 0x0000007b34700000,0x0000007b34800000] [id=13620]
  0x00000237632595b0 GCTaskThread "GC Thread#3" [stack: 0x0000007b34800000,0x0000007b34900000] [id=23272]
  0x00000237629341b0 GCTaskThread "GC Thread#4" [stack: 0x0000007b34900000,0x0000007b34a00000] [id=23256]
  0x0000023762934c70 GCTaskThread "GC Thread#5" [stack: 0x0000007b34a00000,0x0000007b34b00000] [id=1412]
  0x00000237628c2050 GCTaskThread "GC Thread#6" [stack: 0x0000007b34b00000,0x0000007b34c00000] [id=11204]
  0x00000237628c2300 GCTaskThread "GC Thread#7" [stack: 0x0000007b34c00000,0x0000007b34d00000] [id=3524]
  0x00000237628c25b0 GCTaskThread "GC Thread#8" [stack: 0x0000007b34d00000,0x0000007b34e00000] [id=1812]
  0x00000237628c2860 GCTaskThread "GC Thread#9" [stack: 0x0000007b34e00000,0x0000007b34f00000] [id=9804]
  0x00000237628c2b10 GCTaskThread "GC Thread#10" [stack: 0x0000007b34f00000,0x0000007b35000000] [id=3500]
  0x0000023763225960 GCTaskThread "GC Thread#11" [stack: 0x0000007b35000000,0x0000007b35100000] [id=21080]
  0x000002373f68f830 ConcurrentGCThread "G1 Main Marker" [stack: 0x0000007b33000000,0x0000007b33100000] [id=23268]
  0x000002373f6dbc90 ConcurrentGCThread "G1 Conc#0" [stack: 0x0000007b33100000,0x0000007b33200000] [id=9708]
  0x000002373f74e470 ConcurrentGCThread "G1 Refine#0" [stack: 0x0000007b33200000,0x0000007b33300000] [id=8076]
  0x00000237615d8620 ConcurrentGCThread "G1 Service" [stack: 0x0000007b33300000,0x0000007b33400000] [id=2684]

Threads with active compile tasks:
C2 CompilerThread0      945 2386   !   4       java.net.URLClassLoader$1::run (81 bytes)
C2 CompilerThread2      945 2385       4       java.net.URLClassLoader$1::run (5 bytes)

VM state: not at safepoint (normal execution)

VM Mutex/Monitor currently owned by a thread: None

Heap address: 0x0000000740000000, size: 3072 MB, Compressed Oops mode: Zero based, Oop shift amount: 3

CDS archive(s) mapped at: [0x0000000800000000-0x0000000800bc0000-0x0000000800bc0000), size 12320768, SharedBaseAddress: 0x0000000800000000, ArchiveRelocationMode: 0.
Compressed class space mapped at: 0x0000000800c00000-0x0000000840c00000, reserved size: 1073741824
Narrow klass base: 0x0000000800000000, Narrow klass shift: 0, Narrow klass range: 0x100000000

GC Precious Log:
 CPUs: 24 total, 24 available
 Memory: 32581M
 Large Page Support: Disabled
 NUMA Support: Disabled
 Compressed Oops: Enabled (Zero based)
 Heap Region Size: 2M
 Heap Min Capacity: 8M
 Heap Initial Capacity: 510M
 Heap Max Capacity: 3G
 Pre-touch: Disabled
 Parallel Workers: 18
 Concurrent Workers: 5
 Concurrent Refinement Workers: 18
 Periodic GC: Disabled

Heap:
 garbage-first heap   total 522240K, used 102229K [0x0000000740000000, 0x0000000800000000)
  region size 2048K, 46 young (94208K), 2 survivors (4096K)
 Metaspace       used 18624K, committed 18880K, reserved 1073152K
  class space    used 2703K, committed 2816K, reserved 1048576K

Heap Regions: E=young(eden), S=young(survivor), O=old, HS=humongous(starts), HC=humongous(continues), CS=collection set, F=free, OA=open archive, CA=closed archive, TAMS=top-at-mark-start (previous, next)
|   0|0x0000000740000000, 0x0000000740200000, 0x0000000740200000|100%| O|  |TAMS 0x0000000740000000, 0x0000000740000000| Untracked 
|   1|0x0000000740200000, 0x00000007403d5400, 0x0000000740400000| 91%| O|  |TAMS 0x0000000740200000, 0x0000000740200000| Untracked 
|   2|0x0000000740400000, 0x0000000740600000, 0x0000000740600000|100%|HS|  |TAMS 0x0000000740400000, 0x0000000740400000| Complete 
|   3|0x0000000740600000, 0x0000000740800000, 0x0000000740800000|100%|HC|  |TAMS 0x0000000740600000, 0x0000000740600000| Complete 
|   4|0x0000000740800000, 0x0000000740a00000, 0x0000000740a00000|100%| O|  |TAMS 0x0000000740800000, 0x0000000740800000| Untracked 
|   5|0x0000000740a00000, 0x0000000740a00000, 0x0000000740c00000|  0%| F|  |TAMS 0x0000000740a00000, 0x0000000740a00000| Untracked 
|   6|0x0000000740c00000, 0x0000000740c00000, 0x0000000740e00000|  0%| F|  |TAMS 0x0000000740c00000, 0x0000000740c00000| Untracked 
|   7|0x0000000740e00000, 0x0000000740e00000, 0x0000000741000000|  0%| F|  |TAMS 0x0000000740e00000, 0x0000000740e00000| Untracked 
|   8|0x0000000741000000, 0x0000000741000000, 0x0000000741200000|  0%| F|  |TAMS 0x0000000741000000, 0x0000000741000000| Untracked 
|   9|0x0000000741200000, 0x0000000741200000, 0x0000000741400000|  0%| F|  |TAMS 0x0000000741200000, 0x0000000741200000| Untracked 
|  10|0x0000000741400000, 0x0000000741400000, 0x0000000741600000|  0%| F|  |TAMS 0x0000000741400000, 0x0000000741400000| Untracked 
|  11|0x0000000741600000, 0x0000000741600000, 0x0000000741800000|  0%| F|  |TAMS 0x0000000741600000, 0x0000000741600000| Untracked 
|  12|0x0000000741800000, 0x0000000741800000, 0x0000000741a00000|  0%| F|  |TAMS 0x0000000741800000, 0x0000000741800000| Untracked 
|  13|0x0000000741a00000, 0x0000000741a00000, 0x0000000741c00000|  0%| F|  |TAMS 0x0000000741a00000, 0x0000000741a00000| Untracked 
|  14|0x0000000741c00000, 0x0000000741c00000, 0x0000000741e00000|  0%| F|  |TAMS 0x0000000741c00000, 0x0000000741c00000| Untracked 
|  15|0x0000000741e00000, 0x0000000741e00000, 0x0000000742000000|  0%| F|  |TAMS 0x0000000741e00000, 0x0000000741e00000| Untracked 
|  16|0x0000000742000000, 0x0000000742000000, 0x0000000742200000|  0%| F|  |TAMS 0x0000000742000000, 0x0000000742000000| Untracked 
|  17|0x0000000742200000, 0x0000000742200000, 0x0000000742400000|  0%| F|  |TAMS 0x0000000742200000, 0x0000000742200000| Untracked 
|  18|0x0000000742400000, 0x0000000742400000, 0x0000000742600000|  0%| F|  |TAMS 0x0000000742400000, 0x0000000742400000| Untracked 
|  19|0x0000000742600000, 0x0000000742600000, 0x0000000742800000|  0%| F|  |TAMS 0x0000000742600000, 0x0000000742600000| Untracked 
|  20|0x0000000742800000, 0x0000000742800000, 0x0000000742a00000|  0%| F|  |TAMS 0x0000000742800000, 0x0000000742800000| Untracked 
|  21|0x0000000742a00000, 0x0000000742a00000, 0x0000000742c00000|  0%| F|  |TAMS 0x0000000742a00000, 0x0000000742a00000| Untracked 
|  22|0x0000000742c00000, 0x0000000742c00000, 0x0000000742e00000|  0%| F|  |TAMS 0x0000000742c00000, 0x0000000742c00000| Untracked 
|  23|0x0000000742e00000, 0x0000000742e00000, 0x0000000743000000|  0%| F|  |TAMS 0x0000000742e00000, 0x0000000742e00000| Untracked 
|  24|0x0000000743000000, 0x0000000743000000, 0x0000000743200000|  0%| F|  |TAMS 0x0000000743000000, 0x0000000743000000| Untracked 
|  25|0x0000000743200000, 0x0000000743200000, 0x0000000743400000|  0%| F|  |TAMS 0x0000000743200000, 0x0000000743200000| Untracked 
|  26|0x0000000743400000, 0x0000000743400000, 0x0000000743600000|  0%| F|  |TAMS 0x0000000743400000, 0x0000000743400000| Untracked 
|  27|0x0000000743600000, 0x0000000743600000, 0x0000000743800000|  0%| F|  |TAMS 0x0000000743600000, 0x0000000743600000| Untracked 
|  28|0x0000000743800000, 0x0000000743800000, 0x0000000743a00000|  0%| F|  |TAMS 0x0000000743800000, 0x0000000743800000| Untracked 
|  29|0x0000000743a00000, 0x0000000743a00000, 0x0000000743c00000|  0%| F|  |TAMS 0x0000000743a00000, 0x0000000743a00000| Untracked 
|  30|0x0000000743c00000, 0x0000000743c00000, 0x0000000743e00000|  0%| F|  |TAMS 0x0000000743c00000, 0x0000000743c00000| Untracked 
|  31|0x0000000743e00000, 0x0000000743e00000, 0x0000000744000000|  0%| F|  |TAMS 0x0000000743e00000, 0x0000000743e00000| Untracked 
|  32|0x0000000744000000, 0x0000000744000000, 0x0000000744200000|  0%| F|  |TAMS 0x0000000744000000, 0x0000000744000000| Untracked 
|  33|0x0000000744200000, 0x0000000744200000, 0x0000000744400000|  0%| F|  |TAMS 0x0000000744200000, 0x0000000744200000| Untracked 
|  34|0x0000000744400000, 0x0000000744400000, 0x0000000744600000|  0%| F|  |TAMS 0x0000000744400000, 0x0000000744400000| Untracked 
|  35|0x0000000744600000, 0x0000000744600000, 0x0000000744800000|  0%| F|  |TAMS 0x0000000744600000, 0x0000000744600000| Untracked 
|  36|0x0000000744800000, 0x0000000744800000, 0x0000000744a00000|  0%| F|  |TAMS 0x0000000744800000, 0x0000000744800000| Untracked 
|  37|0x0000000744a00000, 0x0000000744a00000, 0x0000000744c00000|  0%| F|  |TAMS 0x0000000744a00000, 0x0000000744a00000| Untracked 
|  38|0x0000000744c00000, 0x0000000744c00000, 0x0000000744e00000|  0%| F|  |TAMS 0x0000000744c00000, 0x0000000744c00000| Untracked 
|  39|0x0000000744e00000, 0x0000000744e00000, 0x0000000745000000|  0%| F|  |TAMS 0x0000000744e00000, 0x0000000744e00000| Untracked 
|  40|0x0000000745000000, 0x0000000745000000, 0x0000000745200000|  0%| F|  |TAMS 0x0000000745000000, 0x0000000745000000| Untracked 
|  41|0x0000000745200000, 0x0000000745200000, 0x0000000745400000|  0%| F|  |TAMS 0x0000000745200000, 0x0000000745200000| Untracked 
|  42|0x0000000745400000, 0x0000000745400000, 0x0000000745600000|  0%| F|  |TAMS 0x0000000745400000, 0x0000000745400000| Untracked 
|  43|0x0000000745600000, 0x0000000745600000, 0x0000000745800000|  0%| F|  |TAMS 0x0000000745600000, 0x0000000745600000| Untracked 
|  44|0x0000000745800000, 0x0000000745800000, 0x0000000745a00000|  0%| F|  |TAMS 0x0000000745800000, 0x0000000745800000| Untracked 
|  45|0x0000000745a00000, 0x0000000745a00000, 0x0000000745c00000|  0%| F|  |TAMS 0x0000000745a00000, 0x0000000745a00000| Untracked 
|  46|0x0000000745c00000, 0x0000000745c00000, 0x0000000745e00000|  0%| F|  |TAMS 0x0000000745c00000, 0x0000000745c00000| Untracked 
|  47|0x0000000745e00000, 0x0000000745e00000, 0x0000000746000000|  0%| F|  |TAMS 0x0000000745e00000, 0x0000000745e00000| Untracked 
|  48|0x0000000746000000, 0x0000000746000000, 0x0000000746200000|  0%| F|  |TAMS 0x0000000746000000, 0x0000000746000000| Untracked 
|  49|0x0000000746200000, 0x0000000746200000, 0x0000000746400000|  0%| F|  |TAMS 0x0000000746200000, 0x0000000746200000| Untracked 
|  50|0x0000000746400000, 0x0000000746400000, 0x0000000746600000|  0%| F|  |TAMS 0x0000000746400000, 0x0000000746400000| Untracked 
|  51|0x0000000746600000, 0x0000000746600000, 0x0000000746800000|  0%| F|  |TAMS 0x0000000746600000, 0x0000000746600000| Untracked 
|  52|0x0000000746800000, 0x0000000746800000, 0x0000000746a00000|  0%| F|  |TAMS 0x0000000746800000, 0x0000000746800000| Untracked 
|  53|0x0000000746a00000, 0x0000000746a00000, 0x0000000746c00000|  0%| F|  |TAMS 0x0000000746a00000, 0x0000000746a00000| Untracked 
|  54|0x0000000746c00000, 0x0000000746c00000, 0x0000000746e00000|  0%| F|  |TAMS 0x0000000746c00000, 0x0000000746c00000| Untracked 
|  55|0x0000000746e00000, 0x0000000746e00000, 0x0000000747000000|  0%| F|  |TAMS 0x0000000746e00000, 0x0000000746e00000| Untracked 
|  56|0x0000000747000000, 0x0000000747000000, 0x0000000747200000|  0%| F|  |TAMS 0x0000000747000000, 0x0000000747000000| Untracked 
|  57|0x0000000747200000, 0x0000000747200000, 0x0000000747400000|  0%| F|  |TAMS 0x0000000747200000, 0x0000000747200000| Untracked 
|  58|0x0000000747400000, 0x0000000747400000, 0x0000000747600000|  0%| F|  |TAMS 0x0000000747400000, 0x0000000747400000| Untracked 
|  59|0x0000000747600000, 0x0000000747600000, 0x0000000747800000|  0%| F|  |TAMS 0x0000000747600000, 0x0000000747600000| Untracked 
|  60|0x0000000747800000, 0x0000000747800000, 0x0000000747a00000|  0%| F|  |TAMS 0x0000000747800000, 0x0000000747800000| Untracked 
|  61|0x0000000747a00000, 0x0000000747a00000, 0x0000000747c00000|  0%| F|  |TAMS 0x0000000747a00000, 0x0000000747a00000| Untracked 
|  62|0x0000000747c00000, 0x0000000747c00000, 0x0000000747e00000|  0%| F|  |TAMS 0x0000000747c00000, 0x0000000747c00000| Untracked 
|  63|0x0000000747e00000, 0x0000000747e00000, 0x0000000748000000|  0%| F|  |TAMS 0x0000000747e00000, 0x0000000747e00000| Untracked 
|  64|0x0000000748000000, 0x0000000748000000, 0x0000000748200000|  0%| F|  |TAMS 0x0000000748000000, 0x0000000748000000| Untracked 
|  65|0x0000000748200000, 0x0000000748200000, 0x0000000748400000|  0%| F|  |TAMS 0x0000000748200000, 0x0000000748200000| Untracked 
|  66|0x0000000748400000, 0x0000000748400000, 0x0000000748600000|  0%| F|  |TAMS 0x0000000748400000, 0x0000000748400000| Untracked 
|  67|0x0000000748600000, 0x0000000748600000, 0x0000000748800000|  0%| F|  |TAMS 0x0000000748600000, 0x0000000748600000| Untracked 
|  68|0x0000000748800000, 0x0000000748800000, 0x0000000748a00000|  0%| F|  |TAMS 0x0000000748800000, 0x0000000748800000| Untracked 
|  69|0x0000000748a00000, 0x0000000748a00000, 0x0000000748c00000|  0%| F|  |TAMS 0x0000000748a00000, 0x0000000748a00000| Untracked 
|  70|0x0000000748c00000, 0x0000000748c00000, 0x0000000748e00000|  0%| F|  |TAMS 0x0000000748c00000, 0x0000000748c00000| Untracked 
|  71|0x0000000748e00000, 0x0000000748e00000, 0x0000000749000000|  0%| F|  |TAMS 0x0000000748e00000, 0x0000000748e00000| Untracked 
|  72|0x0000000749000000, 0x0000000749000000, 0x0000000749200000|  0%| F|  |TAMS 0x0000000749000000, 0x0000000749000000| Untracked 
|  73|0x0000000749200000, 0x0000000749200000, 0x0000000749400000|  0%| F|  |TAMS 0x0000000749200000, 0x0000000749200000| Untracked 
|  74|0x0000000749400000, 0x0000000749400000, 0x0000000749600000|  0%| F|  |TAMS 0x0000000749400000, 0x0000000749400000| Untracked 
|  75|0x0000000749600000, 0x0000000749600000, 0x0000000749800000|  0%| F|  |TAMS 0x0000000749600000, 0x0000000749600000| Untracked 
|  76|0x0000000749800000, 0x0000000749800000, 0x0000000749a00000|  0%| F|  |TAMS 0x0000000749800000, 0x0000000749800000| Untracked 
|  77|0x0000000749a00000, 0x0000000749a00000, 0x0000000749c00000|  0%| F|  |TAMS 0x0000000749a00000, 0x0000000749a00000| Untracked 
|  78|0x0000000749c00000, 0x0000000749c00000, 0x0000000749e00000|  0%| F|  |TAMS 0x0000000749c00000, 0x0000000749c00000| Untracked 
|  79|0x0000000749e00000, 0x0000000749e00000, 0x000000074a000000|  0%| F|  |TAMS 0x0000000749e00000, 0x0000000749e00000| Untracked 
|  80|0x000000074a000000, 0x000000074a000000, 0x000000074a200000|  0%| F|  |TAMS 0x000000074a000000, 0x000000074a000000| Untracked 
|  81|0x000000074a200000, 0x000000074a200000, 0x000000074a400000|  0%| F|  |TAMS 0x000000074a200000, 0x000000074a200000| Untracked 
|  82|0x000000074a400000, 0x000000074a400000, 0x000000074a600000|  0%| F|  |TAMS 0x000000074a400000, 0x000000074a400000| Untracked 
|  83|0x000000074a600000, 0x000000074a600000, 0x000000074a800000|  0%| F|  |TAMS 0x000000074a600000, 0x000000074a600000| Untracked 
|  84|0x000000074a800000, 0x000000074a800000, 0x000000074aa00000|  0%| F|  |TAMS 0x000000074a800000, 0x000000074a800000| Untracked 
|  85|0x000000074aa00000, 0x000000074aa00000, 0x000000074ac00000|  0%| F|  |TAMS 0x000000074aa00000, 0x000000074aa00000| Untracked 
|  86|0x000000074ac00000, 0x000000074ac00000, 0x000000074ae00000|  0%| F|  |TAMS 0x000000074ac00000, 0x000000074ac00000| Untracked 
|  87|0x000000074ae00000, 0x000000074ae00000, 0x000000074b000000|  0%| F|  |TAMS 0x000000074ae00000, 0x000000074ae00000| Untracked 
|  88|0x000000074b000000, 0x000000074b000000, 0x000000074b200000|  0%| F|  |TAMS 0x000000074b000000, 0x000000074b000000| Untracked 
|  89|0x000000074b200000, 0x000000074b200000, 0x000000074b400000|  0%| F|  |TAMS 0x000000074b200000, 0x000000074b200000| Untracked 
|  90|0x000000074b400000, 0x000000074b400000, 0x000000074b600000|  0%| F|  |TAMS 0x000000074b400000, 0x000000074b400000| Untracked 
|  91|0x000000074b600000, 0x000000074b600000, 0x000000074b800000|  0%| F|  |TAMS 0x000000074b600000, 0x000000074b600000| Untracked 
|  92|0x000000074b800000, 0x000000074b800000, 0x000000074ba00000|  0%| F|  |TAMS 0x000000074b800000, 0x000000074b800000| Untracked 
|  93|0x000000074ba00000, 0x000000074ba00000, 0x000000074bc00000|  0%| F|  |TAMS 0x000000074ba00000, 0x000000074ba00000| Untracked 
|  94|0x000000074bc00000, 0x000000074bc00000, 0x000000074be00000|  0%| F|  |TAMS 0x000000074bc00000, 0x000000074bc00000| Untracked 
|  95|0x000000074be00000, 0x000000074be00000, 0x000000074c000000|  0%| F|  |TAMS 0x000000074be00000, 0x000000074be00000| Untracked 
|  96|0x000000074c000000, 0x000000074c000000, 0x000000074c200000|  0%| F|  |TAMS 0x000000074c000000, 0x000000074c000000| Untracked 
|  97|0x000000074c200000, 0x000000074c200000, 0x000000074c400000|  0%| F|  |TAMS 0x000000074c200000, 0x000000074c200000| Untracked 
|  98|0x000000074c400000, 0x000000074c400000, 0x000000074c600000|  0%| F|  |TAMS 0x000000074c400000, 0x000000074c400000| Untracked 
|  99|0x000000074c600000, 0x000000074c600000, 0x000000074c800000|  0%| F|  |TAMS 0x000000074c600000, 0x000000074c600000| Untracked 
| 100|0x000000074c800000, 0x000000074c800000, 0x000000074ca00000|  0%| F|  |TAMS 0x000000074c800000, 0x000000074c800000| Untracked 
| 101|0x000000074ca00000, 0x000000074ca00000, 0x000000074cc00000|  0%| F|  |TAMS 0x000000074ca00000, 0x000000074ca00000| Untracked 
| 102|0x000000074cc00000, 0x000000074cc00000, 0x000000074ce00000|  0%| F|  |TAMS 0x000000074cc00000, 0x000000074cc00000| Untracked 
| 103|0x000000074ce00000, 0x000000074ce00000, 0x000000074d000000|  0%| F|  |TAMS 0x000000074ce00000, 0x000000074ce00000| Untracked 
| 104|0x000000074d000000, 0x000000074d000000, 0x000000074d200000|  0%| F|  |TAMS 0x000000074d000000, 0x000000074d000000| Untracked 
| 105|0x000000074d200000, 0x000000074d200000, 0x000000074d400000|  0%| F|  |TAMS 0x000000074d200000, 0x000000074d200000| Untracked 
| 106|0x000000074d400000, 0x000000074d400000, 0x000000074d600000|  0%| F|  |TAMS 0x000000074d400000, 0x000000074d400000| Untracked 
| 107|0x000000074d600000, 0x000000074d600000, 0x000000074d800000|  0%| F|  |TAMS 0x000000074d600000, 0x000000074d600000| Untracked 
| 108|0x000000074d800000, 0x000000074d800000, 0x000000074da00000|  0%| F|  |TAMS 0x000000074d800000, 0x000000074d800000| Untracked 
| 109|0x000000074da00000, 0x000000074da00000, 0x000000074dc00000|  0%| F|  |TAMS 0x000000074da00000, 0x000000074da00000| Untracked 
| 110|0x000000074dc00000, 0x000000074dc00000, 0x000000074de00000|  0%| F|  |TAMS 0x000000074dc00000, 0x000000074dc00000| Untracked 
| 111|0x000000074de00000, 0x000000074de00000, 0x000000074e000000|  0%| F|  |TAMS 0x000000074de00000, 0x000000074de00000| Untracked 
| 112|0x000000074e000000, 0x000000074e000000, 0x000000074e200000|  0%| F|  |TAMS 0x000000074e000000, 0x000000074e000000| Untracked 
| 113|0x000000074e200000, 0x000000074e200000, 0x000000074e400000|  0%| F|  |TAMS 0x000000074e200000, 0x000000074e200000| Untracked 
| 114|0x000000074e400000, 0x000000074e400000, 0x000000074e600000|  0%| F|  |TAMS 0x000000074e400000, 0x000000074e400000| Untracked 
| 115|0x000000074e600000, 0x000000074e600000, 0x000000074e800000|  0%| F|  |TAMS 0x000000074e600000, 0x000000074e600000| Untracked 
| 116|0x000000074e800000, 0x000000074e800000, 0x000000074ea00000|  0%| F|  |TAMS 0x000000074e800000, 0x000000074e800000| Untracked 
| 117|0x000000074ea00000, 0x000000074ea00000, 0x000000074ec00000|  0%| F|  |TAMS 0x000000074ea00000, 0x000000074ea00000| Untracked 
| 118|0x000000074ec00000, 0x000000074ec00000, 0x000000074ee00000|  0%| F|  |TAMS 0x000000074ec00000, 0x000000074ec00000| Untracked 
| 119|0x000000074ee00000, 0x000000074ee00000, 0x000000074f000000|  0%| F|  |TAMS 0x000000074ee00000, 0x000000074ee00000| Untracked 
| 120|0x000000074f000000, 0x000000074f000000, 0x000000074f200000|  0%| F|  |TAMS 0x000000074f000000, 0x000000074f000000| Untracked 
| 121|0x000000074f200000, 0x000000074f200000, 0x000000074f400000|  0%| F|  |TAMS 0x000000074f200000, 0x000000074f200000| Untracked 
| 122|0x000000074f400000, 0x000000074f400000, 0x000000074f600000|  0%| F|  |TAMS 0x000000074f400000, 0x000000074f400000| Untracked 
| 123|0x000000074f600000, 0x000000074f600000, 0x000000074f800000|  0%| F|  |TAMS 0x000000074f600000, 0x000000074f600000| Untracked 
| 124|0x000000074f800000, 0x000000074f800000, 0x000000074fa00000|  0%| F|  |TAMS 0x000000074f800000, 0x000000074f800000| Untracked 
| 125|0x000000074fa00000, 0x000000074fa00000, 0x000000074fc00000|  0%| F|  |TAMS 0x000000074fa00000, 0x000000074fa00000| Untracked 
| 126|0x000000074fc00000, 0x000000074fc00000, 0x000000074fe00000|  0%| F|  |TAMS 0x000000074fc00000, 0x000000074fc00000| Untracked 
| 127|0x000000074fe00000, 0x000000074fe00000, 0x0000000750000000|  0%| F|  |TAMS 0x000000074fe00000, 0x000000074fe00000| Untracked 
| 128|0x0000000750000000, 0x0000000750000000, 0x0000000750200000|  0%| F|  |TAMS 0x0000000750000000, 0x0000000750000000| Untracked 
| 129|0x0000000750200000, 0x0000000750200000, 0x0000000750400000|  0%| F|  |TAMS 0x0000000750200000, 0x0000000750200000| Untracked 
| 130|0x0000000750400000, 0x0000000750400000, 0x0000000750600000|  0%| F|  |TAMS 0x0000000750400000, 0x0000000750400000| Untracked 
| 131|0x0000000750600000, 0x0000000750600000, 0x0000000750800000|  0%| F|  |TAMS 0x0000000750600000, 0x0000000750600000| Untracked 
| 132|0x0000000750800000, 0x0000000750800000, 0x0000000750a00000|  0%| F|  |TAMS 0x0000000750800000, 0x0000000750800000| Untracked 
| 133|0x0000000750a00000, 0x0000000750a00000, 0x0000000750c00000|  0%| F|  |TAMS 0x0000000750a00000, 0x0000000750a00000| Untracked 
| 134|0x0000000750c00000, 0x0000000750c00000, 0x0000000750e00000|  0%| F|  |TAMS 0x0000000750c00000, 0x0000000750c00000| Untracked 
| 135|0x0000000750e00000, 0x0000000750e00000, 0x0000000751000000|  0%| F|  |TAMS 0x0000000750e00000, 0x0000000750e00000| Untracked 
| 136|0x0000000751000000, 0x0000000751000000, 0x0000000751200000|  0%| F|  |TAMS 0x0000000751000000, 0x0000000751000000| Untracked 
| 137|0x0000000751200000, 0x0000000751200000, 0x0000000751400000|  0%| F|  |TAMS 0x0000000751200000, 0x0000000751200000| Untracked 
| 138|0x0000000751400000, 0x0000000751400000, 0x0000000751600000|  0%| F|  |TAMS 0x0000000751400000, 0x0000000751400000| Untracked 
| 139|0x0000000751600000, 0x0000000751600000, 0x0000000751800000|  0%| F|  |TAMS 0x0000000751600000, 0x0000000751600000| Untracked 
| 140|0x0000000751800000, 0x0000000751800000, 0x0000000751a00000|  0%| F|  |TAMS 0x0000000751800000, 0x0000000751800000| Untracked 
| 141|0x0000000751a00000, 0x0000000751a00000, 0x0000000751c00000|  0%| F|  |TAMS 0x0000000751a00000, 0x0000000751a00000| Untracked 
| 142|0x0000000751c00000, 0x0000000751c00000, 0x0000000751e00000|  0%| F|  |TAMS 0x0000000751c00000, 0x0000000751c00000| Untracked 
| 143|0x0000000751e00000, 0x0000000751e00000, 0x0000000752000000|  0%| F|  |TAMS 0x0000000751e00000, 0x0000000751e00000| Untracked 
| 144|0x0000000752000000, 0x0000000752000000, 0x0000000752200000|  0%| F|  |TAMS 0x0000000752000000, 0x0000000752000000| Untracked 
| 145|0x0000000752200000, 0x0000000752200000, 0x0000000752400000|  0%| F|  |TAMS 0x0000000752200000, 0x0000000752200000| Untracked 
| 146|0x0000000752400000, 0x0000000752400000, 0x0000000752600000|  0%| F|  |TAMS 0x0000000752400000, 0x0000000752400000| Untracked 
| 147|0x0000000752600000, 0x0000000752600000, 0x0000000752800000|  0%| F|  |TAMS 0x0000000752600000, 0x0000000752600000| Untracked 
| 148|0x0000000752800000, 0x0000000752800000, 0x0000000752a00000|  0%| F|  |TAMS 0x0000000752800000, 0x0000000752800000| Untracked 
| 149|0x0000000752a00000, 0x0000000752a00000, 0x0000000752c00000|  0%| F|  |TAMS 0x0000000752a00000, 0x0000000752a00000| Untracked 
| 150|0x0000000752c00000, 0x0000000752c00000, 0x0000000752e00000|  0%| F|  |TAMS 0x0000000752c00000, 0x0000000752c00000| Untracked 
| 151|0x0000000752e00000, 0x0000000752e00000, 0x0000000753000000|  0%| F|  |TAMS 0x0000000752e00000, 0x0000000752e00000| Untracked 
| 152|0x0000000753000000, 0x0000000753000000, 0x0000000753200000|  0%| F|  |TAMS 0x0000000753000000, 0x0000000753000000| Untracked 
| 153|0x0000000753200000, 0x0000000753200000, 0x0000000753400000|  0%| F|  |TAMS 0x0000000753200000, 0x0000000753200000| Untracked 
| 154|0x0000000753400000, 0x0000000753400000, 0x0000000753600000|  0%| F|  |TAMS 0x0000000753400000, 0x0000000753400000| Untracked 
| 155|0x0000000753600000, 0x0000000753600000, 0x0000000753800000|  0%| F|  |TAMS 0x0000000753600000, 0x0000000753600000| Untracked 
| 156|0x0000000753800000, 0x0000000753800000, 0x0000000753a00000|  0%| F|  |TAMS 0x0000000753800000, 0x0000000753800000| Untracked 
| 157|0x0000000753a00000, 0x0000000753a00000, 0x0000000753c00000|  0%| F|  |TAMS 0x0000000753a00000, 0x0000000753a00000| Untracked 
| 158|0x0000000753c00000, 0x0000000753c00000, 0x0000000753e00000|  0%| F|  |TAMS 0x0000000753c00000, 0x0000000753c00000| Untracked 
| 159|0x0000000753e00000, 0x0000000753e00000, 0x0000000754000000|  0%| F|  |TAMS 0x0000000753e00000, 0x0000000753e00000| Untracked 
| 160|0x0000000754000000, 0x0000000754000000, 0x0000000754200000|  0%| F|  |TAMS 0x0000000754000000, 0x0000000754000000| Untracked 
| 161|0x0000000754200000, 0x0000000754200000, 0x0000000754400000|  0%| F|  |TAMS 0x0000000754200000, 0x0000000754200000| Untracked 
| 162|0x0000000754400000, 0x0000000754400000, 0x0000000754600000|  0%| F|  |TAMS 0x0000000754400000, 0x0000000754400000| Untracked 
| 163|0x0000000754600000, 0x0000000754600000, 0x0000000754800000|  0%| F|  |TAMS 0x0000000754600000, 0x0000000754600000| Untracked 
| 164|0x0000000754800000, 0x0000000754800000, 0x0000000754a00000|  0%| F|  |TAMS 0x0000000754800000, 0x0000000754800000| Untracked 
| 165|0x0000000754a00000, 0x0000000754a00000, 0x0000000754c00000|  0%| F|  |TAMS 0x0000000754a00000, 0x0000000754a00000| Untracked 
| 166|0x0000000754c00000, 0x0000000754c00000, 0x0000000754e00000|  0%| F|  |TAMS 0x0000000754c00000, 0x0000000754c00000| Untracked 
| 167|0x0000000754e00000, 0x0000000754e00000, 0x0000000755000000|  0%| F|  |TAMS 0x0000000754e00000, 0x0000000754e00000| Untracked 
| 168|0x0000000755000000, 0x0000000755000000, 0x0000000755200000|  0%| F|  |TAMS 0x0000000755000000, 0x0000000755000000| Untracked 
| 169|0x0000000755200000, 0x0000000755200000, 0x0000000755400000|  0%| F|  |TAMS 0x0000000755200000, 0x0000000755200000| Untracked 
| 170|0x0000000755400000, 0x0000000755400000, 0x0000000755600000|  0%| F|  |TAMS 0x0000000755400000, 0x0000000755400000| Untracked 
| 171|0x0000000755600000, 0x0000000755600000, 0x0000000755800000|  0%| F|  |TAMS 0x0000000755600000, 0x0000000755600000| Untracked 
| 172|0x0000000755800000, 0x0000000755800000, 0x0000000755a00000|  0%| F|  |TAMS 0x0000000755800000, 0x0000000755800000| Untracked 
| 173|0x0000000755a00000, 0x0000000755a00000, 0x0000000755c00000|  0%| F|  |TAMS 0x0000000755a00000, 0x0000000755a00000| Untracked 
| 174|0x0000000755c00000, 0x0000000755c00000, 0x0000000755e00000|  0%| F|  |TAMS 0x0000000755c00000, 0x0000000755c00000| Untracked 
| 175|0x0000000755e00000, 0x0000000755e00000, 0x0000000756000000|  0%| F|  |TAMS 0x0000000755e00000, 0x0000000755e00000| Untracked 
| 176|0x0000000756000000, 0x0000000756000000, 0x0000000756200000|  0%| F|  |TAMS 0x0000000756000000, 0x0000000756000000| Untracked 
| 177|0x0000000756200000, 0x0000000756200000, 0x0000000756400000|  0%| F|  |TAMS 0x0000000756200000, 0x0000000756200000| Untracked 
| 178|0x0000000756400000, 0x0000000756400000, 0x0000000756600000|  0%| F|  |TAMS 0x0000000756400000, 0x0000000756400000| Untracked 
| 179|0x0000000756600000, 0x0000000756600000, 0x0000000756800000|  0%| F|  |TAMS 0x0000000756600000, 0x0000000756600000| Untracked 
| 180|0x0000000756800000, 0x0000000756800000, 0x0000000756a00000|  0%| F|  |TAMS 0x0000000756800000, 0x0000000756800000| Untracked 
| 181|0x0000000756a00000, 0x0000000756a00000, 0x0000000756c00000|  0%| F|  |TAMS 0x0000000756a00000, 0x0000000756a00000| Untracked 
| 182|0x0000000756c00000, 0x0000000756c00000, 0x0000000756e00000|  0%| F|  |TAMS 0x0000000756c00000, 0x0000000756c00000| Untracked 
| 183|0x0000000756e00000, 0x0000000756e00000, 0x0000000757000000|  0%| F|  |TAMS 0x0000000756e00000, 0x0000000756e00000| Untracked 
| 184|0x0000000757000000, 0x0000000757000000, 0x0000000757200000|  0%| F|  |TAMS 0x0000000757000000, 0x0000000757000000| Untracked 
| 185|0x0000000757200000, 0x0000000757200000, 0x0000000757400000|  0%| F|  |TAMS 0x0000000757200000, 0x0000000757200000| Untracked 
| 186|0x0000000757400000, 0x0000000757400000, 0x0000000757600000|  0%| F|  |TAMS 0x0000000757400000, 0x0000000757400000| Untracked 
| 187|0x0000000757600000, 0x0000000757600000, 0x0000000757800000|  0%| F|  |TAMS 0x0000000757600000, 0x0000000757600000| Untracked 
| 188|0x0000000757800000, 0x0000000757800000, 0x0000000757a00000|  0%| F|  |TAMS 0x0000000757800000, 0x0000000757800000| Untracked 
| 189|0x0000000757a00000, 0x0000000757a00000, 0x0000000757c00000|  0%| F|  |TAMS 0x0000000757a00000, 0x0000000757a00000| Untracked 
| 190|0x0000000757c00000, 0x0000000757c00000, 0x0000000757e00000|  0%| F|  |TAMS 0x0000000757c00000, 0x0000000757c00000| Untracked 
| 191|0x0000000757e00000, 0x0000000757e00000, 0x0000000758000000|  0%| F|  |TAMS 0x0000000757e00000, 0x0000000757e00000| Untracked 
| 192|0x0000000758000000, 0x0000000758000000, 0x0000000758200000|  0%| F|  |TAMS 0x0000000758000000, 0x0000000758000000| Untracked 
| 193|0x0000000758200000, 0x0000000758200000, 0x0000000758400000|  0%| F|  |TAMS 0x0000000758200000, 0x0000000758200000| Untracked 
| 194|0x0000000758400000, 0x0000000758400000, 0x0000000758600000|  0%| F|  |TAMS 0x0000000758400000, 0x0000000758400000| Untracked 
| 195|0x0000000758600000, 0x0000000758600000, 0x0000000758800000|  0%| F|  |TAMS 0x0000000758600000, 0x0000000758600000| Untracked 
| 196|0x0000000758800000, 0x0000000758800000, 0x0000000758a00000|  0%| F|  |TAMS 0x0000000758800000, 0x0000000758800000| Untracked 
| 197|0x0000000758a00000, 0x0000000758a00000, 0x0000000758c00000|  0%| F|  |TAMS 0x0000000758a00000, 0x0000000758a00000| Untracked 
| 198|0x0000000758c00000, 0x0000000758c00000, 0x0000000758e00000|  0%| F|  |TAMS 0x0000000758c00000, 0x0000000758c00000| Untracked 
| 199|0x0000000758e00000, 0x0000000758e00000, 0x0000000759000000|  0%| F|  |TAMS 0x0000000758e00000, 0x0000000758e00000| Untracked 
| 200|0x0000000759000000, 0x0000000759000000, 0x0000000759200000|  0%| F|  |TAMS 0x0000000759000000, 0x0000000759000000| Untracked 
| 201|0x0000000759200000, 0x0000000759200000, 0x0000000759400000|  0%| F|  |TAMS 0x0000000759200000, 0x0000000759200000| Untracked 
| 202|0x0000000759400000, 0x0000000759400000, 0x0000000759600000|  0%| F|  |TAMS 0x0000000759400000, 0x0000000759400000| Untracked 
| 203|0x0000000759600000, 0x0000000759600000, 0x0000000759800000|  0%| F|  |TAMS 0x0000000759600000, 0x0000000759600000| Untracked 
| 204|0x0000000759800000, 0x0000000759800000, 0x0000000759a00000|  0%| F|  |TAMS 0x0000000759800000, 0x0000000759800000| Untracked 
| 205|0x0000000759a00000, 0x0000000759a00000, 0x0000000759c00000|  0%| F|  |TAMS 0x0000000759a00000, 0x0000000759a00000| Untracked 
| 206|0x0000000759c00000, 0x0000000759c00000, 0x0000000759e00000|  0%| F|  |TAMS 0x0000000759c00000, 0x0000000759c00000| Untracked 
| 207|0x0000000759e00000, 0x0000000759e00000, 0x000000075a000000|  0%| F|  |TAMS 0x0000000759e00000, 0x0000000759e00000| Untracked 
| 208|0x000000075a000000, 0x000000075a000000, 0x000000075a200000|  0%| F|  |TAMS 0x000000075a000000, 0x000000075a000000| Untracked 
| 209|0x000000075a200000, 0x000000075a400000, 0x000000075a400000|100%| E|  |TAMS 0x000000075a200000, 0x000000075a200000| Complete 
| 210|0x000000075a400000, 0x000000075a600000, 0x000000075a600000|100%| E|CS|TAMS 0x000000075a400000, 0x000000075a400000| Complete 
| 211|0x000000075a600000, 0x000000075a800000, 0x000000075a800000|100%| E|CS|TAMS 0x000000075a600000, 0x000000075a600000| Complete 
| 212|0x000000075a800000, 0x000000075aa00000, 0x000000075aa00000|100%| E|CS|TAMS 0x000000075a800000, 0x000000075a800000| Complete 
| 213|0x000000075aa00000, 0x000000075ac00000, 0x000000075ac00000|100%| E|CS|TAMS 0x000000075aa00000, 0x000000075aa00000| Complete 
| 214|0x000000075ac00000, 0x000000075ae00000, 0x000000075ae00000|100%| E|CS|TAMS 0x000000075ac00000, 0x000000075ac00000| Complete 
| 215|0x000000075ae00000, 0x000000075b000000, 0x000000075b000000|100%| E|CS|TAMS 0x000000075ae00000, 0x000000075ae00000| Complete 
| 216|0x000000075b000000, 0x000000075b200000, 0x000000075b200000|100%| E|CS|TAMS 0x000000075b000000, 0x000000075b000000| Complete 
| 217|0x000000075b200000, 0x000000075b400000, 0x000000075b400000|100%| E|CS|TAMS 0x000000075b200000, 0x000000075b200000| Complete 
| 218|0x000000075b400000, 0x000000075b600000, 0x000000075b600000|100%| E|CS|TAMS 0x000000075b400000, 0x000000075b400000| Complete 
| 219|0x000000075b600000, 0x000000075b800000, 0x000000075b800000|100%| E|CS|TAMS 0x000000075b600000, 0x000000075b600000| Complete 
| 220|0x000000075b800000, 0x000000075ba00000, 0x000000075ba00000|100%| E|CS|TAMS 0x000000075b800000, 0x000000075b800000| Complete 
| 221|0x000000075ba00000, 0x000000075bc00000, 0x000000075bc00000|100%| E|CS|TAMS 0x000000075ba00000, 0x000000075ba00000| Complete 
| 222|0x000000075bc00000, 0x000000075be00000, 0x000000075be00000|100%| E|CS|TAMS 0x000000075bc00000, 0x000000075bc00000| Complete 
| 223|0x000000075be00000, 0x000000075c000000, 0x000000075c000000|100%| E|CS|TAMS 0x000000075be00000, 0x000000075be00000| Complete 
| 224|0x000000075c000000, 0x000000075c200000, 0x000000075c200000|100%| E|CS|TAMS 0x000000075c000000, 0x000000075c000000| Complete 
| 225|0x000000075c200000, 0x000000075c400000, 0x000000075c400000|100%| E|CS|TAMS 0x000000075c200000, 0x000000075c200000| Complete 
| 226|0x000000075c400000, 0x000000075c600000, 0x000000075c600000|100%| E|CS|TAMS 0x000000075c400000, 0x000000075c400000| Complete 
| 227|0x000000075c600000, 0x000000075c800000, 0x000000075c800000|100%| E|CS|TAMS 0x000000075c600000, 0x000000075c600000| Complete 
| 228|0x000000075c800000, 0x000000075ca00000, 0x000000075ca00000|100%| E|CS|TAMS 0x000000075c800000, 0x000000075c800000| Complete 
| 229|0x000000075ca00000, 0x000000075cc00000, 0x000000075cc00000|100%| E|CS|TAMS 0x000000075ca00000, 0x000000075ca00000| Complete 
| 230|0x000000075cc00000, 0x000000075ce00000, 0x000000075ce00000|100%| E|CS|TAMS 0x000000075cc00000, 0x000000075cc00000| Complete 
| 231|0x000000075ce00000, 0x000000075d000000, 0x000000075d000000|100%| E|CS|TAMS 0x000000075ce00000, 0x000000075ce00000| Complete 
| 232|0x000000075d000000, 0x000000075d200000, 0x000000075d200000|100%| E|CS|TAMS 0x000000075d000000, 0x000000075d000000| Complete 
| 233|0x000000075d200000, 0x000000075d400000, 0x000000075d400000|100%| E|CS|TAMS 0x000000075d200000, 0x000000075d200000| Complete 
| 234|0x000000075d400000, 0x000000075d600000, 0x000000075d600000|100%| E|CS|TAMS 0x000000075d400000, 0x000000075d400000| Complete 
| 235|0x000000075d600000, 0x000000075d800000, 0x000000075d800000|100%| E|CS|TAMS 0x000000075d600000, 0x000000075d600000| Complete 
| 236|0x000000075d800000, 0x000000075da00000, 0x000000075da00000|100%| E|CS|TAMS 0x000000075d800000, 0x000000075d800000| Complete 
| 237|0x000000075da00000, 0x000000075dc00000, 0x000000075dc00000|100%| S|CS|TAMS 0x000000075da00000, 0x000000075da00000| Complete 
| 238|0x000000075dc00000, 0x000000075de00000, 0x000000075de00000|100%| S|CS|TAMS 0x000000075dc00000, 0x000000075dc00000| Complete 
| 239|0x000000075de00000, 0x000000075e000000, 0x000000075e000000|100%| E|CS|TAMS 0x000000075de00000, 0x000000075de00000| Complete 
| 240|0x000000075e000000, 0x000000075e200000, 0x000000075e200000|100%| E|CS|TAMS 0x000000075e000000, 0x000000075e000000| Complete 
| 241|0x000000075e200000, 0x000000075e400000, 0x000000075e400000|100%| E|CS|TAMS 0x000000075e200000, 0x000000075e200000| Complete 
| 242|0x000000075e400000, 0x000000075e600000, 0x000000075e600000|100%| E|CS|TAMS 0x000000075e400000, 0x000000075e400000| Complete 
| 243|0x000000075e600000, 0x000000075e800000, 0x000000075e800000|100%| E|CS|TAMS 0x000000075e600000, 0x000000075e600000| Complete 
| 244|0x000000075e800000, 0x000000075ea00000, 0x000000075ea00000|100%| E|CS|TAMS 0x000000075e800000, 0x000000075e800000| Complete 
| 245|0x000000075ea00000, 0x000000075ec00000, 0x000000075ec00000|100%| E|CS|TAMS 0x000000075ea00000, 0x000000075ea00000| Complete 
| 246|0x000000075ec00000, 0x000000075ee00000, 0x000000075ee00000|100%| E|CS|TAMS 0x000000075ec00000, 0x000000075ec00000| Complete 
| 247|0x000000075ee00000, 0x000000075f000000, 0x000000075f000000|100%| E|CS|TAMS 0x000000075ee00000, 0x000000075ee00000| Complete 
| 248|0x000000075f000000, 0x000000075f200000, 0x000000075f200000|100%| E|CS|TAMS 0x000000075f000000, 0x000000075f000000| Complete 
| 249|0x000000075f200000, 0x000000075f400000, 0x000000075f400000|100%| E|CS|TAMS 0x000000075f200000, 0x000000075f200000| Complete 
| 250|0x000000075f400000, 0x000000075f600000, 0x000000075f600000|100%| E|CS|TAMS 0x000000075f400000, 0x000000075f400000| Complete 
| 251|0x000000075f600000, 0x000000075f800000, 0x000000075f800000|100%| E|CS|TAMS 0x000000075f600000, 0x000000075f600000| Complete 
| 252|0x000000075f800000, 0x000000075fa00000, 0x000000075fa00000|100%| E|CS|TAMS 0x000000075f800000, 0x000000075f800000| Complete 
| 253|0x000000075fa00000, 0x000000075fc00000, 0x000000075fc00000|100%| E|CS|TAMS 0x000000075fa00000, 0x000000075fa00000| Complete 
| 254|0x000000075fc00000, 0x000000075fe00000, 0x000000075fe00000|100%| E|CS|TAMS 0x000000075fc00000, 0x000000075fc00000| Complete 

Card table byte_map: [0x0000023757540000,0x0000023757b40000] _byte_map_base: 0x0000023753b40000

Marking Bits (Prev, Next): (CMBitMap*) 0x000002373f6ce570, (CMBitMap*) 0x000002373f6ce5b0
 Prev Bits: [0x0000023758140000, 0x000002375b140000)
 Next Bits: [0x000002375b140000, 0x000002375e140000)

Polling page: 0x000002373d570000

Metaspace:

Usage:
  Non-class:     15.59 MB used.
      Class:      2.65 MB used.
       Both:     18.24 MB used.

Virtual space:
  Non-class space:       24.00 MB reserved,      15.75 MB ( 66%) committed,  3 nodes.
      Class space:        1.00 GB reserved,       2.81 MB ( <1%) committed,  1 nodes.
             Both:        1.02 GB reserved,      18.56 MB (  2%) committed. 

Chunk freelists:
   Non-Class:  3.66 MB
       Class:  1.17 MB
        Both:  4.83 MB

MaxMetaspaceSize: unlimited
CompressedClassSpaceSize: 1.00 GB
Initial GC threshold: 21.00 MB
Current GC threshold: 21.00 MB
CDS: on
MetaspaceReclaimPolicy: balanced
 - commit_granule_bytes: 65536.
 - commit_granule_words: 8192.
 - virtual_space_node_default_size: 1048576.
 - enlarge_chunks_in_place: 1.
 - new_chunks_are_fully_committed: 0.
 - uncommit_free_chunks: 1.
 - use_allocation_guard: 0.
 - handle_deallocations: 1.


Internal statistics:

num_allocs_failed_limit: 0.
num_arena_births: 196.
num_arena_deaths: 0.
num_vsnodes_births: 4.
num_vsnodes_deaths: 0.
num_space_committed: 297.
num_space_uncommitted: 0.
num_chunks_returned_to_freelist: 0.
num_chunks_taken_from_freelist: 832.
num_chunk_merges: 0.
num_chunk_splits: 564.
num_chunks_enlarged: 426.
num_purges: 0.
num_inconsistent_stats: 0.

CodeHeap 'non-profiled nmethods': size=119168Kb used=1332Kb max_used=1332Kb free=117835Kb
 bounds [0x000002374ed00000, 0x000002374ef70000, 0x0000023756160000]
CodeHeap 'profiled nmethods': size=119104Kb used=5476Kb max_used=5476Kb free=113627Kb
 bounds [0x00000237478b0000, 0x0000023747e10000, 0x000002374ed00000]
CodeHeap 'non-nmethods': size=7488Kb used=2902Kb max_used=2986Kb free=4585Kb
 bounds [0x0000023747160000, 0x0000023747460000, 0x00000237478b0000]
 total_blobs=3064 nmethods=2550 adapters=423
 compilation: enabled
              stopped_count=0, restarted_count=0
 full_count=0

Compilation events (20 events):
Event: 0.922 Thread 0x00000237631d5220 nmethod 2526 0x0000023747df6890 code [0x0000023747df6b40, 0x0000023747df7828]
Event: 0.924 Thread 0x0000023761668a40 2528       3       java.lang.reflect.Constructor::getRoot (5 bytes)
Event: 0.924 Thread 0x0000023761668a40 nmethod 2528 0x0000023747df7c90 code [0x0000023747df7e20, 0x0000023747df7f38]
Event: 0.925 Thread 0x0000023761668a40 2529       3       jdk.internal.misc.VM::initLevel (4 bytes)
Event: 0.925 Thread 0x0000023761668a40 nmethod 2529 0x0000023747df8010 code [0x0000023747df81a0, 0x0000023747df8298]
Event: 0.927 Thread 0x0000023761668a40 2530       3       java.lang.invoke.Invokers$Holder::linkToTargetMethod (10 bytes)
Event: 0.927 Thread 0x0000023761668a40 nmethod 2530 0x0000023747df8310 code [0x0000023747df84c0, 0x0000023747df8918]
Event: 0.927 Thread 0x0000023761668a40 2531       3       jdk.internal.misc.Unsafe::getAndAddInt (27 bytes)
Event: 0.927 Thread 0x0000023761668a40 nmethod 2531 0x0000023747df8a10 code [0x0000023747df8bc0, 0x0000023747df8e08]
Event: 0.927 Thread 0x0000023761668a40 2532       3       java.lang.invoke.LambdaForm::returnType (26 bytes)
Event: 0.927 Thread 0x0000023761668a40 nmethod 2532 0x0000023747df8f10 code [0x0000023747df90c0, 0x0000023747df9278]
Event: 0.928 Thread 0x0000023763e096a0 2533       4       java.util.jar.Attributes::getValue (9 bytes)
Event: 0.929 Thread 0x00000237631d5220 2534       3       java.io.WinNTFileSystem::resolve (275 bytes)
Event: 0.930 Thread 0x0000023763e096a0 nmethod 2533 0x000002374ee4a510 code [0x000002374ee4a6c0, 0x000002374ee4a998]
Event: 0.930 Thread 0x00000237631d5220 nmethod 2534 0x0000023747df9390 code [0x0000023747df98c0, 0x0000023747dfc5d8]
Event: 0.930 Thread 0x0000023761827770 2535       1       java.util.concurrent.ConcurrentHashMap$MapEntry::getKey (5 bytes)
Event: 0.930 Thread 0x0000023761827770 nmethod 2535 0x000002374ee4ac90 code [0x000002374ee4ae20, 0x000002374ee4aef8]
Event: 0.931 Thread 0x000002376194ca30 2536       4       java.io.File::equals (28 bytes)
Event: 0.935 Thread 0x000002376194ca30 nmethod 2536 0x000002374ee4af90 code [0x000002374ee4b140, 0x000002374ee4b878]
Event: 0.939 Thread 0x00000237631d5220 2537       3       jdk.internal.reflect.ReflectionFactory::newMethodAccessor (120 bytes)

GC Heap History (4 events):
Event: 0.229 GC heap before
{Heap before GC invocations=0 (full 0):
 garbage-first heap   total 522240K, used 32768K [0x0000000740000000, 0x0000000800000000)
  region size 2048K, 12 young (24576K), 0 survivors (0K)
 Metaspace       used 3022K, committed 3200K, reserved 1056768K
  class space    used 378K, committed 448K, reserved 1048576K
}
Event: 0.231 GC heap after
{Heap after GC invocations=1 (full 0):
 garbage-first heap   total 522240K, used 10135K [0x0000000740000000, 0x0000000800000000)
  region size 2048K, 2 young (4096K), 2 survivors (4096K)
 Metaspace       used 3022K, committed 3200K, reserved 1056768K
  class space    used 378K, committed 448K, reserved 1048576K
}
Event: 0.354 GC heap before
{Heap before GC invocations=1 (full 0):
 garbage-first heap   total 522240K, used 38807K [0x0000000740000000, 0x0000000800000000)
  region size 2048K, 16 young (32768K), 2 survivors (4096K)
 Metaspace       used 3947K, committed 4160K, reserved 1056768K
  class space    used 474K, committed 576K, reserved 1048576K
}
Event: 0.355 GC heap after
{Heap after GC invocations=2 (full 0):
 garbage-first heap   total 522240K, used 14165K [0x0000000740000000, 0x0000000800000000)
  region size 2048K, 2 young (4096K), 2 survivors (4096K)
 Metaspace       used 3947K, committed 4160K, reserved 1056768K
  class space    used 474K, committed 576K, reserved 1048576K
}

Deoptimization events (20 events):
Event: 0.793 Thread 0x0000023763ef7dd0 DEOPT PACKING pc=0x000002374ed4a1a8 sp=0x0000007b358fbcb0
Event: 0.793 Thread 0x0000023763ef7dd0 DEOPT UNPACKING pc=0x00000237471b23a3 sp=0x0000007b358fbc40 mode 2
Event: 0.798 Thread 0x0000023763ef7dd0 Uncommon trap: trap_request=0xffffff45 fr.pc=0x000002374eda5f94 relative=0x00000000000003d4
Event: 0.798 Thread 0x0000023763ef7dd0 Uncommon trap: reason=unstable_if action=reinterpret pc=0x000002374eda5f94 method=java.util.concurrent.ConcurrentHashMap.get(Ljava/lang/Object;)Ljava/lang/Object; @ 76 c2
Event: 0.798 Thread 0x0000023763ef7dd0 DEOPT PACKING pc=0x000002374eda5f94 sp=0x0000007b358fb1d0
Event: 0.798 Thread 0x0000023763ef7dd0 DEOPT UNPACKING pc=0x00000237471b23a3 sp=0x0000007b358fb148 mode 2
Event: 0.823 Thread 0x0000023763ef7dd0 Uncommon trap: trap_request=0xffffff45 fr.pc=0x000002374edc3094 relative=0x00000000000015b4
Event: 0.823 Thread 0x0000023763ef7dd0 Uncommon trap: reason=unstable_if action=reinterpret pc=0x000002374edc3094 method=java.util.concurrent.ConcurrentHashMap.transfer([Ljava/util/concurrent/ConcurrentHashMap$Node;[Ljava/util/concurrent/ConcurrentHashMap$Node;)V @ 26 c2
Event: 0.823 Thread 0x0000023763ef7dd0 DEOPT PACKING pc=0x000002374edc3094 sp=0x0000007b358fb270
Event: 0.823 Thread 0x0000023763ef7dd0 DEOPT UNPACKING pc=0x00000237471b23a3 sp=0x0000007b358fb1e0 mode 2
Event: 0.830 Thread 0x0000023763ef7dd0 DEOPT PACKING pc=0x0000023747d837fd sp=0x0000007b358f72b0
Event: 0.830 Thread 0x0000023763ef7dd0 DEOPT UNPACKING pc=0x00000237471b2b43 sp=0x0000007b358f67c0 mode 0
Event: 0.833 Thread 0x0000023763ef7dd0 DEOPT PACKING pc=0x0000023747d8381e sp=0x0000007b358fa3a0
Event: 0.833 Thread 0x0000023763ef7dd0 DEOPT UNPACKING pc=0x00000237471b2b43 sp=0x0000007b358f98b0 mode 0
Event: 0.835 Thread 0x0000023763ef7dd0 DEOPT PACKING pc=0x0000023747d8381e sp=0x0000007b358f7110
Event: 0.835 Thread 0x0000023763ef7dd0 DEOPT UNPACKING pc=0x00000237471b2b43 sp=0x0000007b358f6620 mode 0
Event: 0.908 Thread 0x0000023763ef7dd0 Uncommon trap: trap_request=0xffffff76 fr.pc=0x000002374ee2a68c relative=0x000000000000016c
Event: 0.908 Thread 0x0000023763ef7dd0 Uncommon trap: reason=predicate action=maybe_recompile pc=0x000002374ee2a68c method=com.google.common.base.CharMatcher.indexIn(Ljava/lang/CharSequence;I)I @ 19 c2
Event: 0.908 Thread 0x0000023763ef7dd0 DEOPT PACKING pc=0x000002374ee2a68c sp=0x0000007b358fb850
Event: 0.908 Thread 0x0000023763ef7dd0 DEOPT UNPACKING pc=0x00000237471b23a3 sp=0x0000007b358fb7e0 mode 2

Classes unloaded (0 events):
No events

Classes redefined (0 events):
No events

Internal exceptions (20 events):
Event: 0.719 Thread 0x0000023763ef7dd0 Exception <a 'java/lang/NoSuchMethodError'{0x000000075c422078}: 'java.lang.Object java.lang.invoke.DirectMethodHandle$Holder.invokeInterface(java.lang.Object, java.lang.Object, java.lang.Object)'> (0x000000075c422078) 
thrown [e:\jenkins\tmp\workspace\build\src\src\hotspot\share\interpreter\linkResolver.cpp, line 766]
Event: 0.719 Thread 0x0000023763ef7dd0 Exception <a 'java/lang/IncompatibleClassChangeError'{0x000000075c425f50}: Found class java.lang.Object, but interface was expected> (0x000000075c425f50) 
thrown [e:\jenkins\tmp\workspace\build\src\src\hotspot\share\interpreter\linkResolver.cpp, line 833]
Event: 0.735 Thread 0x0000023763ef7dd0 Exception <a 'java/lang/NoSuchMethodError'{0x000000075c2d4968}: 'int java.lang.invoke.DirectMethodHandle$Holder.invokeStatic(java.lang.Object, java.lang.Object, java.lang.Object, java.lang.Object)'> (0x000000075c2d4968) 
thrown [e:\jenkins\tmp\workspace\build\src\src\hotspot\share\interpreter\linkResolver.cpp, line 766]
Event: 0.735 Thread 0x0000023763ef7dd0 Exception <a 'java/lang/NoSuchMethodError'{0x000000075c2d8838}: 'java.lang.Object java.lang.invoke.Invokers$Holder.invokeExact_MT(java.lang.Object, java.lang.Object, java.lang.Object, java.lang.Object, java.lang.Object, java.lang.Object)'> (0x000000075c2d8838) 
thrown [e:\jenkins\tmp\workspace\build\src\src\hotspot\share\interpreter\linkResolver.cpp, line 766]
Event: 0.747 Thread 0x0000023763ef7dd0 Exception <a 'java/lang/NoSuchMethodError'{0x000000075c12c088}: 'java.lang.Object java.lang.invoke.DirectMethodHandle$Holder.invokeInterface(java.lang.Object, java.lang.Object)'> (0x000000075c12c088) 
thrown [e:\jenkins\tmp\workspace\build\src\src\hotspot\share\interpreter\linkResolver.cpp, line 766]
Event: 0.757 Thread 0x0000023763ef7dd0 Exception <a 'java/lang/NoSuchMethodError'{0x000000075bf5ba40}: 'java.lang.Object java.lang.invoke.DirectMethodHandle$Holder.invokeSpecial(java.lang.Object, java.lang.Object, java.lang.Object, java.lang.Object, java.lang.Object, java.lang.Object, java.lang.Object, java.lang.Object, java.lang.Object)'> (0x000000075bf5ba40) 
thrown [e:\jenkins\tmp\workspace\build\src\src\hotspot\share\interpreter\linkResolver.cpp, line 766]
Event: 0.774 Thread 0x0000023763ef7dd0 Exception <a 'java/lang/NoSuchMethodError'{0x000000075bb4b350}: 'void java.lang.invoke.DirectMethodHandle$Holder.invokeStatic(java.lang.Object, java.lang.Object)'> (0x000000075bb4b350) 
thrown [e:\jenkins\tmp\workspace\build\src\src\hotspot\share\interpreter\linkResolver.cpp, line 766]
Event: 0.776 Thread 0x0000023763ef7dd0 Exception <a 'java/lang/NoSuchMethodError'{0x000000075bb8cc10}: 'java.lang.Object java.lang.invoke.DirectMethodHandle$Holder.invokeVirtual(java.lang.Object, java.lang.Object, java.lang.Object, java.lang.Object)'> (0x000000075bb8cc10) 
thrown [e:\jenkins\tmp\workspace\build\src\src\hotspot\share\interpreter\linkResolver.cpp, line 766]
Event: 0.795 Thread 0x0000023763ef7dd0 Exception <a 'java/lang/NoSuchMethodError'{0x000000075b61edb0}: 'java.lang.Object java.lang.invoke.DirectMethodHandle$Holder.newInvokeSpecial(java.lang.Object, java.lang.Object, java.lang.Object, java.lang.Object, java.lang.Object)'> (0x000000075b61edb0) 
thrown [e:\jenkins\tmp\workspace\build\src\src\hotspot\share\interpreter\linkResolver.cpp, line 766]
Event: 0.816 Thread 0x0000023763ef7dd0 Exception <a 'java/lang/NoSuchMethodError'{0x000000075b7b3820}: 'void java.lang.invoke.DirectMethodHandle$Holder.invokeSpecial(java.lang.Object, java.lang.Object, java.lang.Object, java.lang.Object, java.lang.Object, java.lang.Object)'> (0x000000075b7b3820) 
thrown [e:\jenkins\tmp\workspace\build\src\src\hotspot\share\interpreter\linkResolver.cpp, line 766]
Event: 0.820 Thread 0x0000023763ef7dd0 Exception <a 'java/lang/NoSuchMethodError'{0x000000075b41bd50}: 'void java.lang.invoke.DirectMethodHandle$Holder.invokeSpecial(java.lang.Object, java.lang.Object, java.lang.Object, java.lang.Object, java.lang.Object, java.lang.Object, java.lang.Object)'> (0x000000075b41bd50) 
thrown [e:\jenkins\tmp\workspace\build\src\src\hotspot\share\interpreter\linkResolver.cpp, line 766]
Event: 0.821 Thread 0x0000023763ef7dd0 Exception <a 'java/lang/NoSuchMethodError'{0x000000075b4244e0}: 'java.lang.Object java.lang.invoke.DirectMethodHandle$Holder.newInvokeSpecial(java.lang.Object, java.lang.Object, java.lang.Object, java.lang.Object, java.lang.Object, java.lang.Object)'> (0x000000075b4244e0) 
thrown [e:\jenkins\tmp\workspace\build\src\src\hotspot\share\interpreter\linkResolver.cpp, line 766]
Event: 0.844 Thread 0x0000023763ef7dd0 Exception <a 'java/lang/NoSuchMethodError'{0x000000075b364578}: 'java.lang.Object java.lang.invoke.Invokers$Holder.invoker(java.lang.Object, java.lang.Object, java.lang.Object, java.lang.Object, java.lang.Object, java.lang.Object)'> (0x000000075b364578) 
thrown [e:\jenkins\tmp\workspace\build\src\src\hotspot\share\interpreter\linkResolver.cpp, line 766]
Event: 0.859 Thread 0x0000023763ef7dd0 Exception <a 'java/lang/NoSuchMethodError'{0x000000075b184578}: 'int java.lang.invoke.DirectMethodHandle$Holder.invokeStaticInit(java.lang.Object, java.lang.Object, java.lang.Object)'> (0x000000075b184578) 
thrown [e:\jenkins\tmp\workspace\build\src\src\hotspot\share\interpreter\linkResolver.cpp, line 766]
Event: 0.885 Thread 0x0000023763ef7dd0 Exception <a 'java/lang/NoSuchMethodError'{0x000000075ad8c4d8}: 'void java.lang.invoke.DirectMethodHandle$Holder.invokeStaticInit(java.lang.Object, java.lang.Object)'> (0x000000075ad8c4d8) 
thrown [e:\jenkins\tmp\workspace\build\src\src\hotspot\share\interpreter\linkResolver.cpp, line 766]
Event: 0.916 Thread 0x0000023763ef7dd0 Exception <a 'java/lang/NoSuchMethodError'{0x000000075a97d908}: 'void java.lang.invoke.DirectMethodHandle$Holder.invokeStatic(java.lang.Object, java.lang.Object, java.lang.Object, java.lang.Object)'> (0x000000075a97d908) 
thrown [e:\jenkins\tmp\workspace\build\src\src\hotspot\share\interpreter\linkResolver.cpp, line 766]
Event: 0.917 Thread 0x0000023763ef7dd0 Exception <a 'java/lang/NoSuchMethodError'{0x000000075a99de98}: 'java.lang.Object java.lang.invoke.DirectMethodHandle$Holder.invokeVirtual(java.lang.Object, java.lang.Object, java.lang.Object)'> (0x000000075a99de98) 
thrown [e:\jenkins\tmp\workspace\build\src\src\hotspot\share\interpreter\linkResolver.cpp, line 766]
Event: 0.918 Thread 0x0000023763ef7dd0 Exception <a 'java/lang/NoSuchMethodError'{0x000000075a9a8930}: 'java.lang.Object java.lang.invoke.DirectMethodHandle$Holder.invokeStaticInit(java.lang.Object, java.lang.Object, java.lang.Object)'> (0x000000075a9a8930) 
thrown [e:\jenkins\tmp\workspace\build\src\src\hotspot\share\interpreter\linkResolver.cpp, line 766]
Event: 0.918 Thread 0x0000023763ef7dd0 Exception <a 'java/lang/NoSuchMethodError'{0x000000075a9ba4c0}: 'int java.lang.invoke.DirectMethodHandle$Holder.invokeVirtual(java.lang.Object, java.lang.Object)'> (0x000000075a9ba4c0) 
thrown [e:\jenkins\tmp\workspace\build\src\src\hotspot\share\interpreter\linkResolver.cpp, line 766]
Event: 0.920 Thread 0x0000023763ef7dd0 Exception <a 'java/lang/NoSuchMethodError'{0x000000075a9ef218}: 'int java.lang.invoke.DirectMethodHandle$Holder.invokeVirtual(java.lang.Object, java.lang.Object, java.lang.Object)'> (0x000000075a9ef218) 
thrown [e:\jenkins\tmp\workspace\build\src\src\hotspot\share\interpreter\linkResolver.cpp, line 766]

VM Operations (20 events):
Event: 0.456 Executing VM operation: HandshakeAllThreads
Event: 0.456 Executing VM operation: HandshakeAllThreads done
Event: 0.464 Executing VM operation: HandshakeAllThreads
Event: 0.464 Executing VM operation: HandshakeAllThreads done
Event: 0.472 Executing VM operation: HandshakeAllThreads
Event: 0.472 Executing VM operation: HandshakeAllThreads done
Event: 0.522 Executing VM operation: HandshakeAllThreads
Event: 0.522 Executing VM operation: HandshakeAllThreads done
Event: 0.580 Executing VM operation: HandshakeAllThreads
Event: 0.580 Executing VM operation: HandshakeAllThreads done
Event: 0.656 Executing VM operation: HandshakeAllThreads
Event: 0.656 Executing VM operation: HandshakeAllThreads done
Event: 0.656 Executing VM operation: HandshakeAllThreads
Event: 0.656 Executing VM operation: HandshakeAllThreads done
Event: 0.689 Executing VM operation: ICBufferFull
Event: 0.689 Executing VM operation: ICBufferFull done
Event: 0.707 Executing VM operation: HandshakeAllThreads
Event: 0.707 Executing VM operation: HandshakeAllThreads done
Event: 0.707 Executing VM operation: HandshakeAllThreads
Event: 0.707 Executing VM operation: HandshakeAllThreads done

Events (20 events):
Event: 0.913 Thread 0x0000023762e6b490 Thread added: 0x0000023762e6b490
Event: 0.913 loading class java/util/concurrent/locks/AbstractQueuedSynchronizer$SharedNode
Event: 0.913 loading class java/util/concurrent/locks/AbstractQueuedSynchronizer$SharedNode done
Event: 0.915 loading class java/io/InterruptedIOException
Event: 0.915 loading class java/io/InterruptedIOException done
Event: 0.916 Thread 0x0000023762e6b960 Thread added: 0x0000023762e6b960
Event: 0.919 loading class java/util/ArrayDeque$DeqSpliterator
Event: 0.919 loading class java/util/ArrayDeque$DeqSpliterator done
Event: 0.920 loading class java/util/stream/MatchOps$MatchKind
Event: 0.920 loading class java/util/stream/MatchOps$MatchKind done
Event: 0.920 loading class java/util/stream/MatchOps
Event: 0.920 loading class java/util/stream/MatchOps done
Event: 0.920 loading class java/util/stream/MatchOps$MatchOp
Event: 0.920 loading class java/util/stream/MatchOps$MatchOp done
Event: 0.920 loading class java/util/stream/MatchOps$BooleanTerminalSink
Event: 0.920 loading class java/util/stream/MatchOps$BooleanTerminalSink done
Event: 0.920 loading class java/util/stream/MatchOps$1MatchSink
Event: 0.920 loading class java/util/stream/MatchOps$1MatchSink done
Event: 0.932 loading class java/io/StringReader
Event: 0.932 loading class java/io/StringReader done


Dynamic libraries:
0x00007ff7dc550000 - 0x00007ff7dc55e000 	C:\Program Files\Eclipse Adoptium\jdk-17.0.3.7-hotspot\bin\java.exe
0x00007ffaf1bf0000 - 0x00007ffaf1de8000 	C:\windows\SYSTEM32\ntdll.dll
0x00007ffaf1930000 - 0x00007ffaf19ed000 	C:\windows\System32\KERNEL32.DLL
0x00007ffaef5a0000 - 0x00007ffaef86e000 	C:\windows\System32\KERNELBASE.dll
0x00007ffaef390000 - 0x00007ffaef490000 	C:\windows\System32\ucrtbase.dll
0x00007ffa633b0000 - 0x00007ffa633c8000 	C:\Program Files\Eclipse Adoptium\jdk-17.0.3.7-hotspot\bin\jli.dll
0x00007ffa63390000 - 0x00007ffa633a9000 	C:\Program Files\Eclipse Adoptium\jdk-17.0.3.7-hotspot\bin\VCRUNTIME140.dll
0x00007ffaefe70000 - 0x00007ffaf0010000 	C:\windows\System32\USER32.dll
0x00007ffaef310000 - 0x00007ffaef332000 	C:\windows\System32\win32u.dll
0x00007ffaefc50000 - 0x00007ffaefc7a000 	C:\windows\System32\GDI32.dll
0x00007ffaef490000 - 0x00007ffaef59b000 	C:\windows\System32\gdi32full.dll
0x00007ffae3bc0000 - 0x00007ffae3e5a000 	C:\windows\WinSxS\amd64_microsoft.windows.common-controls_6595b64144ccf1df_6.0.19041.1110_none_60b5254171f9507e\COMCTL32.dll
0x00007ffaefa90000 - 0x00007ffaefb2d000 	C:\windows\System32\msvcp_win.dll
0x00007ffaf06d0000 - 0x00007ffaf076e000 	C:\windows\System32\msvcrt.dll
0x00007ffaf0530000 - 0x00007ffaf0560000 	C:\windows\System32\IMM32.DLL
0x00007ffa85160000 - 0x00007ffa8516c000 	C:\Program Files\Eclipse Adoptium\jdk-17.0.3.7-hotspot\bin\vcruntime140_1.dll
0x00007ffa632f0000 - 0x00007ffa63381000 	C:\Program Files\Eclipse Adoptium\jdk-17.0.3.7-hotspot\bin\msvcp140.dll
0x00007ffa626a0000 - 0x00007ffa632e8000 	C:\Program Files\Eclipse Adoptium\jdk-17.0.3.7-hotspot\bin\server\jvm.dll
0x00007ffaf0cb0000 - 0x00007ffaf0d5e000 	C:\windows\System32\ADVAPI32.dll
0x00007ffaefc80000 - 0x00007ffaefd1c000 	C:\windows\System32\sechost.dll
0x00007ffaf15f0000 - 0x00007ffaf1715000 	C:\windows\System32\RPCRT4.dll
0x00007ffaefd20000 - 0x00007ffaefd28000 	C:\windows\System32\PSAPI.DLL
0x00007ffae59c0000 - 0x00007ffae59e7000 	C:\windows\SYSTEM32\WINMM.dll
0x00007ffaebc30000 - 0x00007ffaebc39000 	C:\windows\SYSTEM32\WSOCK32.dll
0x00007ffaf0770000 - 0x00007ffaf07db000 	C:\windows\System32\WS2_32.dll
0x00007ffae97c0000 - 0x00007ffae97ca000 	C:\windows\SYSTEM32\VERSION.dll
0x00007ffaedbc0000 - 0x00007ffaedbd2000 	C:\windows\SYSTEM32\kernel.appcore.dll
0x00007ffa84bb0000 - 0x00007ffa84bba000 	C:\Program Files\Eclipse Adoptium\jdk-17.0.3.7-hotspot\bin\jimage.dll
0x00007ffaeceb0000 - 0x00007ffaed094000 	C:\windows\SYSTEM32\DBGHELP.DLL
0x00007ffadd6d0000 - 0x00007ffadd6fc000 	C:\windows\SYSTEM32\dbgcore.DLL
0x00007ffaef870000 - 0x00007ffaef8f2000 	C:\windows\System32\bcryptPrimitives.dll
0x00007ffa62670000 - 0x00007ffa62695000 	C:\Program Files\Eclipse Adoptium\jdk-17.0.3.7-hotspot\bin\java.dll
0x00007ffa62590000 - 0x00007ffa62666000 	C:\Program Files\Eclipse Adoptium\jdk-17.0.3.7-hotspot\bin\jsvml.dll
0x00007ffaf0e30000 - 0x00007ffaf1574000 	C:\windows\System32\SHELL32.dll
0x00007ffaed410000 - 0x00007ffaedba4000 	C:\windows\SYSTEM32\windows.storage.dll
0x00007ffaf01d0000 - 0x00007ffaf0524000 	C:\windows\System32\combase.dll
0x00007ffaeed70000 - 0x00007ffaeeda0000 	C:\windows\SYSTEM32\Wldp.dll
0x00007ffaf0010000 - 0x00007ffaf00bd000 	C:\windows\System32\SHCORE.dll
0x00007ffaf0c50000 - 0x00007ffaf0ca5000 	C:\windows\System32\shlwapi.dll
0x00007ffaef250000 - 0x00007ffaef26f000 	C:\windows\SYSTEM32\profapi.dll
0x00007ffa62570000 - 0x00007ffa62589000 	C:\Program Files\Eclipse Adoptium\jdk-17.0.3.7-hotspot\bin\net.dll
0x00007ffae2640000 - 0x00007ffae274a000 	C:\windows\SYSTEM32\WINHTTP.dll
0x00007ffaeead0000 - 0x00007ffaeeb3a000 	C:\windows\system32\mswsock.dll
0x00007ffa62550000 - 0x00007ffa62565000 	C:\Program Files\Eclipse Adoptium\jdk-17.0.3.7-hotspot\bin\nio.dll
0x00007ffa62530000 - 0x00007ffa62548000 	C:\Program Files\Eclipse Adoptium\jdk-17.0.3.7-hotspot\bin\zip.dll
0x00007ffa82ae0000 - 0x00007ffa82af0000 	C:\Program Files\Eclipse Adoptium\jdk-17.0.3.7-hotspot\bin\verify.dll
0x00007ffad1420000 - 0x00007ffad1447000 	C:\Users\joefo\.gradle\native\e1d6ef7f7dcc3fd88c89a11ec53ec762bb8ba0a96d01ffa2cd45eb1d1d8dd5c5\windows-amd64\native-platform.dll
0x00007ffa99620000 - 0x00007ffa99764000 	C:\Users\joefo\.gradle\native\5664cfc778a61ccfe75a443a1ab52a65af34e5dc3c78e0209fed803814484fcb\windows-amd64\native-platform-file-events.dll
0x00007ffac6a10000 - 0x00007ffac6a19000 	C:\Program Files\Eclipse Adoptium\jdk-17.0.3.7-hotspot\bin\management.dll
0x00007ffac5060000 - 0x00007ffac506b000 	C:\Program Files\Eclipse Adoptium\jdk-17.0.3.7-hotspot\bin\management_ext.dll
0x00007ffaeecd0000 - 0x00007ffaeece8000 	C:\windows\SYSTEM32\CRYPTSP.dll
0x00007ffaee3e0000 - 0x00007ffaee414000 	C:\windows\system32\rsaenh.dll
0x00007ffaef900000 - 0x00007ffaef927000 	C:\windows\System32\bcrypt.dll
0x00007ffaef210000 - 0x00007ffaef23e000 	C:\windows\SYSTEM32\USERENV.dll
0x00007ffaeecc0000 - 0x00007ffaeeccc000 	C:\windows\SYSTEM32\CRYPTBASE.dll
0x00007ffaee770000 - 0x00007ffaee7ab000 	C:\windows\SYSTEM32\IPHLPAPI.DLL
0x00007ffaf19f0000 - 0x00007ffaf19f8000 	C:\windows\System32\NSI.dll
0x00007ffae9800000 - 0x00007ffae9817000 	C:\windows\SYSTEM32\dhcpcsvc6.DLL
0x00007ffae97e0000 - 0x00007ffae97fd000 	C:\windows\SYSTEM32\dhcpcsvc.DLL
0x00007ffaee7b0000 - 0x00007ffaee87b000 	C:\windows\SYSTEM32\DNSAPI.dll
0x00007ffac3270000 - 0x00007ffac327e000 	C:\Program Files\Eclipse Adoptium\jdk-17.0.3.7-hotspot\bin\sunmscapi.dll
0x00007ffaef930000 - 0x00007ffaefa86000 	C:\windows\System32\CRYPT32.dll
0x00007ffaeede0000 - 0x00007ffaeee07000 	C:\windows\SYSTEM32\ncrypt.dll
0x00007ffaeeda0000 - 0x00007ffaeeddb000 	C:\windows\SYSTEM32\NTASN1.dll
0x00007ffac2000000 - 0x00007ffac2007000 	C:\windows\system32\wshunix.dll

dbghelp: loaded successfully - version: 4.0.5 - missing functions: none
symbol engine: initialized successfully - sym options: 0x614 - pdb path: .;C:\Program Files\Eclipse Adoptium\jdk-17.0.3.7-hotspot\bin;C:\windows\SYSTEM32;C:\windows\WinSxS\amd64_microsoft.windows.common-controls_6595b64144ccf1df_6.0.19041.1110_none_60b5254171f9507e;C:\Program Files\Eclipse Adoptium\jdk-17.0.3.7-hotspot\bin\server;C:\Users\joefo\.gradle\native\e1d6ef7f7dcc3fd88c89a11ec53ec762bb8ba0a96d01ffa2cd45eb1d1d8dd5c5\windows-amd64;C:\Users\joefo\.gradle\native\5664cfc778a61ccfe75a443a1ab52a65af34e5dc3c78e0209fed803814484fcb\windows-amd64

VM Arguments:
jvm_args: --add-opens=java.base/java.util=ALL-UNNAMED --add-opens=java.base/java.lang=ALL-UNNAMED --add-opens=java.base/java.lang.invoke=ALL-UNNAMED --add-opens=java.base/java.util=ALL-UNNAMED --add-opens=java.prefs/java.util.prefs=ALL-UNNAMED --add-opens=java.prefs/java.util.prefs=ALL-UNNAMED --add-opens=java.base/java.nio.charset=ALL-UNNAMED --add-opens=java.base/java.net=ALL-UNNAMED --add-opens=java.base/java.util.concurrent.atomic=ALL-UNNAMED -Xmx3G -Dfile.encoding=windows-1252 -Duser.country=US -Duser.language=en -Duser.variant 
java_command: org.gradle.launcher.daemon.bootstrap.GradleDaemon 7.3
java_class_path (initial): C:\Users\joefo\.gradle\wrapper\dists\gradle-7.3-bin\ddwl0k7mt9g6ak16i1m905vyv\gradle-7.3\lib\gradle-launcher-7.3.jar
Launcher Type: SUN_STANDARD

[Global flags]
     intx CICompilerCount                          = 12                                        {product} {ergonomic}
     uint ConcGCThreads                            = 5                                         {product} {ergonomic}
     uint G1ConcRefinementThreads                  = 18                                        {product} {ergonomic}
   size_t G1HeapRegionSize                         = 2097152                                   {product} {ergonomic}
    uintx GCDrainStackTargetSize                   = 64                                        {product} {ergonomic}
   size_t InitialHeapSize                          = 534773760                                 {product} {ergonomic}
   size_t MarkStackSize                            = 4194304                                   {product} {ergonomic}
   size_t MaxHeapSize                              = 3221225472                                {product} {command line}
   size_t MaxNewSize                               = 1931476992                                {product} {ergonomic}
   size_t MinHeapDeltaBytes                        = 2097152                                   {product} {ergonomic}
   size_t MinHeapSize                              = 8388608                                   {product} {ergonomic}
    uintx NonNMethodCodeHeapSize                   = 7602480                                {pd product} {ergonomic}
    uintx NonProfiledCodeHeapSize                  = 122027880                              {pd product} {ergonomic}
    uintx ProfiledCodeHeapSize                     = 122027880                              {pd product} {ergonomic}
    uintx ReservedCodeCacheSize                    = 251658240                              {pd product} {ergonomic}
     bool SegmentedCodeCache                       = true                                      {product} {ergonomic}
   size_t SoftMaxHeapSize                          = 3221225472                             {manageable} {ergonomic}
     bool UseCompressedClassPointers               = true                           {product lp64_product} {ergonomic}
     bool UseCompressedOops                        = true                           {product lp64_product} {ergonomic}
     bool UseG1GC                                  = true                                      {product} {ergonomic}
     bool UseLargePagesIndividualAllocation        = false                                  {pd product} {ergonomic}

Logging:
Log output configuration:
 #0: stdout all=warning uptime,level,tags
 #1: stderr all=off uptime,level,tags

Environment Variables:
JAVA_HOME=C:\Program Files\Eclipse Adoptium\jdk-17.0.3.7-hotspot\
CLASSPATH=C:\Users\joefo\OneDrive\Desktop\Hexerei\Hexerei-1.18\\gradle\wrapper\gradle-wrapper.jar
PATH=C:\Program Files\Common Files\Oracle\Java\javapath;C:\Program Files\Eclipse Adoptium\jdk-17.0.3.7-hotspot\bin;C:\Windows\system32;C:\Windows;C:\Windows\System32\Wbem;C:\Windows\System32\WindowsPowerShell\v1.0\;C:\Windows\System32\OpenSSH\;C:\Program Files (x86)\NVIDIA Corporation\PhysX\Common;C:\Program Files\NVIDIA Corporation\NVIDIA NvDLISR;C:\Program Files\Git\cmd;C:\Users\joefo\AppData\Local\Microsoft\WindowsApps;;C:\Program Files\JetBrains\IntelliJ IDEA Community Edition 2022.1.2\bin;
USERNAME=joefo
OS=Windows_NT
PROCESSOR_IDENTIFIER=Intel64 Family 6 Model 151 Stepping 2, GenuineIntel



---------------  S Y S T E M  ---------------

OS:
 Windows 10 , 64 bit Build 19041 (10.0.19041.1806)
OS uptime: 0 days 0:09 hours

CPU: total 24 (initial active 24) (12 cores per cpu, 2 threads per core) family 6 model 151 stepping 2 microcode 0x12, cx8, cmov, fxsr, ht, mmx, 3dnowpref, sse, sse2, sse3, ssse3, sse4.1, sse4.2, popcnt, lzcnt, tsc, tscinvbit, avx, avx2, aes, erms, clmul, bmi1, bmi2, adx, sha, fma, vzeroupper, clflush, clflushopt, clwb

Memory: 4k page, system-wide physical 32581M (23419M free)
TotalPageFile size 49989M (AvailPageFile size 37400M)
current process WorkingSet (physical memory assigned to process): 245M, peak: 245M
current process commit charge ("private bytes"): 740M, peak: 743M

vm_info: OpenJDK 64-Bit Server VM (17.0.3+7) for windows-amd64 JRE (17.0.3+7), built on Apr 19 2022 16:55:35 by "" with MS VC++ 16.7 (VS2019)

END.
