#
# A fatal error has been detected by the Java Runtime Environment:
#
#  EXCEPTION_ACCESS_VIOLATION (0xc0000005) at pc=0x00007ffbbcc77150, pid=8688, tid=6772
#
# JRE version: OpenJDK Runtime Environment Temurin-17.0.3+7 (17.0.3+7) (build 17.0.3+7)
# Java VM: OpenJDK 64-Bit Server VM Temurin-17.0.3+7 (17.0.3+7, mixed mode, sharing, tiered, compressed oops, compressed class ptrs, g1 gc, windows-amd64)
# Problematic frame:
# V  [jvm.dll+0x357150]
#
# No core dump will be written. Minidumps are not enabled by default on client versions of Windows
#
# If you would like to submit a bug report, please visit:
#   https://github.com/adoptium/adoptium-support/issues
#

---------------  S U M M A R Y ------------

Command Line: -agentlib:jdwp=transport=dt_socket,server=n,suspend=y,address=127.0.0.1:53210 --add-opens=java.base/java.util=ALL-UNNAMED --add-opens=java.base/java.lang=ALL-UNNAMED --add-opens=java.base/java.lang.invoke=ALL-UNNAMED --add-opens=java.base/java.util=ALL-UNNAMED --add-opens=java.prefs/java.util.prefs=ALL-UNNAMED --add-opens=java.prefs/java.util.prefs=ALL-UNNAMED --add-opens=java.base/java.nio.charset=ALL-UNNAMED --add-opens=java.base/java.net=ALL-UNNAMED --add-opens=java.base/java.util.concurrent.atomic=ALL-UNNAMED -Xmx3G -Dfile.encoding=windows-1252 -Duser.country=US -Duser.language=en -Duser.variant org.gradle.launcher.daemon.bootstrap.GradleDaemon 7.3

Host: 12th Gen Intel(R) Core(TM) i9-12900KF, 24 cores, 31G,  Windows 10 , 64 bit Build 19041 (10.0.19041.1806)
Time: Mon Jul 18 16:52:25 2022 Mountain Daylight Time elapsed time: 3.480212 seconds (0d 0h 0m 3s)

---------------  T H R E A D  ---------------

Current thread (0x000001ff1e219630):  GCTaskThread "GC Thread#11" [stack: 0x000000f49bf00000,0x000000f49c000000] [id=6772]

Stack: [0x000000f49bf00000,0x000000f49c000000],  sp=0x000000f49bfff5c0,  free space=1021k
Native frames: (J=compiled Java code, j=interpreted, Vv=VM code, C=native code)
V  [jvm.dll+0x357150]
V  [jvm.dll+0x30672c]
V  [jvm.dll+0x305fe8]
V  [jvm.dll+0x306f72]
V  [jvm.dll+0x2da3bf]
V  [jvm.dll+0x2dabca]
V  [jvm.dll+0x2dacc7]
V  [jvm.dll+0x2e028b]
V  [jvm.dll+0x85de5b]
V  [jvm.dll+0x85dea6]
V  [jvm.dll+0x7e0cfa]
V  [jvm.dll+0x674d85]
C  [ucrtbase.dll+0x21bb2]
C  [KERNEL32.DLL+0x17034]
C  [ntdll.dll+0x52651]


siginfo: EXCEPTION_ACCESS_VIOLATION (0xc0000005), reading address 0x000000083d4195e8


Register to memory mapping:

RIP=0x00007ffbbcc77150 jvm.dll
RAX=0x0000000024189128 is an unknown value
RBX=0x0000000000000001 is an unknown value
RCX=0x000001ff29aa7e30 points into unknown readable memory: 0x00007ffbbd276c00 | 00 6c 27 bd fb 7f 00 00
RDX=0x0000000749bb84c0 points into unknown readable memory: 0x0000000749bb84c3 | c3 84 bb 49 07 00 00 00
RSP=0x000000f49bfff5c0 points into unknown readable memory: 0x0000000749bb8464 | 64 84 bb 49 07 00 00 00
RBP=0x000001ff29aa7cb0 points into unknown readable memory: 0x00007ffbbd276c48 | 48 6c 27 bd fb 7f 00 00
RSI=0x000001ff29aa7e30 points into unknown readable memory: 0x00007ffbbd276c00 | 00 6c 27 bd fb 7f 00 00
RDI=0x000000083d4195e8 is an unknown value
R8 =0x0000000800163828 is pointing into metadata
R9 =0x00000000000001ff is an unknown value
R10=0x0000000007a56bb8 is an unknown value
R11=0x0 is NULL
R12=0x0000000004e2d1c4 is an unknown value
R13=0x0000000749bb84c0 points into unknown readable memory: 0x0000000749bb84c3 | c3 84 bb 49 07 00 00 00
R14=0x0000000920dac168 is an unknown value
R15=0x0000000749bb84c0 points into unknown readable memory: 0x0000000749bb84c3 | c3 84 bb 49 07 00 00 00


Registers:
RAX=0x0000000024189128, RBX=0x0000000000000001, RCX=0x000001ff29aa7e30, RDX=0x0000000749bb84c0
RSP=0x000000f49bfff5c0, RBP=0x000001ff29aa7cb0, RSI=0x000001ff29aa7e30, RDI=0x000000083d4195e8
R8 =0x0000000800163828, R9 =0x00000000000001ff, R10=0x0000000007a56bb8, R11=0x0000000000000000
R12=0x0000000004e2d1c4, R13=0x0000000749bb84c0, R14=0x0000000920dac168, R15=0x0000000749bb84c0
RIP=0x00007ffbbcc77150, EFLAGS=0x0000000000010283

Top of Stack: (sp=0x000000f49bfff5c0)
0x000000f49bfff5c0:   0000000749bb8464 00007ffbbcc25170
0x000000f49bfff5d0:   0000000749bb8454 000001ff29aa7cb0
0x000000f49bfff5e0:   0000000000000000 0000000749bb84c0
0x000000f49bfff5f0:   0000000000000001 00007ffbbcc2672c
0x000000f49bfff600:   000001ff29aa7cb0 0000000800163828
0x000000f49bfff610:   0000000000000000 000001ff25708210
0x000000f49bfff620:   0000000743bda858 0000000800163828
0x000000f49bfff630:   000001ff29aa7cb0 000000f49bfff6c8
0x000000f49bfff640:   0000000000000001 00007ffbbcc25fe8
0x000000f49bfff650:   00000000021271d5 0000000000000000
0x000000f49bfff660:   0000000800163828 0000000000000000
0x000000f49bfff670:   0000000000000000 00007ffb00000000
0x000000f49bfff680:   0000000000000001 0000000000000100
0x000000f49bfff690:   000001ff00000000 0000000000000001
0x000000f49bfff6a0:   000001ff7a6e44e0 000001ff7bae1fdc
0x000000f49bfff6b0:   0000000000000000 0000000000000000 

Instructions: (pc=0x00007ffbbcc77150)
0x00007ffbbcc77050:   20 01 00 00 4d 03 d1 49 03 c2 4c 89 74 24 48 4c
0x00007ffbbcc77060:   89 7c 24 50 4c 8b fa 4b 8d 3c d0 4d 8d 34 c0 49
0x00007ffbbcc77070:   3b fe 73 40 48 89 74 24 40 0f 1f 80 00 00 00 00
0x00007ffbbcc77080:   48 63 1f 8b 47 04 49 03 df 48 8d 34 c3 48 3b de
0x00007ffbbcc77090:   73 14 48 8b d3 48 8b cd e8 93 18 00 00 48 83 c3
0x00007ffbbcc770a0:   08 48 3b de 72 ec 48 83 c7 08 49 3b fe 72 d1 48
0x00007ffbbcc770b0:   8b 74 24 40 48 63 1d 55 4f 81 00 49 8b cf 49 03
0x00007ffbbcc770c0:   df e8 ca c4 03 00 4c 8b 7c 24 50 4c 8b 74 24 48
0x00007ffbbcc770d0:   48 63 c8 48 8d 3c cb 48 3b df 73 18 0f 1f 40 00
0x00007ffbbcc770e0:   48 8b d3 48 8b cd e8 45 18 00 00 48 83 c3 08 48
0x00007ffbbcc770f0:   3b df 72 ec 48 83 c4 20 5f 5d 5b c3 cc cc cc cc
0x00007ffbbcc77100:   40 53 56 57 48 83 ec 20 4d 63 90 a0 00 00 00 48
0x00007ffbbcc77110:   8b f1 4d 63 88 24 01 00 00 49 83 c2 39 41 8b 80
0x00007ffbbcc77120:   20 01 00 00 4d 03 d1 49 03 c2 4c 89 74 24 48 4c
0x00007ffbbcc77130:   89 7c 24 50 4c 8b fa 4b 8d 3c d0 4d 8d 34 c0 49
0x00007ffbbcc77140:   3b fe 73 4d 48 89 6c 24 40 0f 1f 80 00 00 00 00
0x00007ffbbcc77150:   48 63 1f 8b 47 04 49 03 df 48 8d 2c 83 48 3b dd
0x00007ffbbcc77160:   73 21 48 8b 4e 10 48 8b d3 48 8b 01 ff 10 48 8b
0x00007ffbbcc77170:   4e 18 48 8b d3 48 8b 01 ff 10 48 83 c3 04 48 3b
0x00007ffbbcc77180:   dd 72 df 48 83 c7 08 49 3b fe 72 c4 48 8b 6c 24
0x00007ffbbcc77190:   40 48 63 1d 78 4e 81 00 49 8b cf 49 03 df e8 ed
0x00007ffbbcc771a0:   c3 03 00 4c 8b 7c 24 50 4c 8b 74 24 48 48 63 c8
0x00007ffbbcc771b0:   48 8d 3c 8b 48 3b df 73 28 0f 1f 80 00 00 00 00
0x00007ffbbcc771c0:   48 8b 4e 10 48 8b d3 48 8b 01 ff 10 48 8b 4e 18
0x00007ffbbcc771d0:   48 8b d3 48 8b 01 ff 10 48 83 c3 04 48 3b df 72
0x00007ffbbcc771e0:   df 48 83 c4 20 5f 5e 5b c3 cc cc cc cc cc cc cc
0x00007ffbbcc771f0:   40 53 55 57 48 83 ec 20 4d 63 90 a0 00 00 00 48
0x00007ffbbcc77200:   8b e9 4d 63 88 24 01 00 00 49 83 c2 39 41 8b 80
0x00007ffbbcc77210:   20 01 00 00 4d 03 d1 49 03 c2 4c 89 74 24 48 4c
0x00007ffbbcc77220:   89 7c 24 50 4c 8b fa 4b 8d 3c d0 4d 8d 34 c0 49
0x00007ffbbcc77230:   3b fe 73 40 48 89 74 24 40 0f 1f 80 00 00 00 00
0x00007ffbbcc77240:   48 63 1f 8b 47 04 49 03 df 48 8d 34 83 48 3b de 


Stack slot to memory mapping:
stack at sp + 0 slots: 0x0000000749bb8464 is pointing into object: [Ljava.util.Hashtable$Entry; 
{0x0000000749bb8428} - klass: 'java/util/Hashtable$Entry'[]
 - length: 11
stack at sp + 1 slots: 0x00007ffbbcc25170 jvm.dll
stack at sp + 2 slots: 0x0000000749bb8454 is pointing into object: [Ljava.util.Hashtable$Entry; 
{0x0000000749bb8428} - klass: 'java/util/Hashtable$Entry'[]
 - length: 11
stack at sp + 3 slots: 0x000001ff29aa7cb0 points into unknown readable memory: 0x00007ffbbd276c48 | 48 6c 27 bd fb 7f 00 00
stack at sp + 4 slots: 0x0 is NULL
stack at sp + 5 slots: 0x0000000749bb84c0 points into unknown readable memory: 0x0000000749bb84c3 | c3 84 bb 49 07 00 00 00
stack at sp + 6 slots: 0x0000000000000001 is an unknown value
stack at sp + 7 slots: 0x00007ffbbcc2672c jvm.dll


---------------  P R O C E S S  ---------------

Threads class SMR info:
_java_thread_list=0x000001ff2c9f10c0, length=118, elements={
0x000001ff7a614470, 0x000001ff1c79b3e0, 0x000001ff1c79bea0, 0x000001ff1c7b1c00,
0x000001ff1c7b24c0, 0x000001ff1c7b2d80, 0x000001ff1c7b3e50, 0x000001ff1c7b6c60,
0x000001ff1c7b7d70, 0x000001ff1c7ba300, 0x000001ff1c9d8460, 0x000001ff1c9f80e0,
0x000001ff1c9fb230, 0x000001ff1ca03b80, 0x000001ff1ca0bc20, 0x000001ff1ca1c710,
0x000001ff1ca1d410, 0x000001ff1ca29ff0, 0x000001ff1e7557c0, 0x000001ff1e82d040,
0x000001ff1f052670, 0x000001ff1f659990, 0x000001ff1f728fa0, 0x000001ff1f4acd00,
0x000001ff1f4ab9c0, 0x000001ff1f4abe90, 0x000001ff1f4ad1d0, 0x000001ff1f4ab020,
0x000001ff1f4aa680, 0x000001ff1f4ac360, 0x000001ff1f4ac830, 0x000001ff1f4aab50,
0x000001ff1f4a9ce0, 0x000001ff1f4aa1b0, 0x000001ff20996960, 0x000001ff20999980,
0x000001ff20996490, 0x000001ff20996e30, 0x000001ff20997300, 0x000001ff20997ca0,
0x000001ff209994b0, 0x000001ff20998b10, 0x000001ff2099b190, 0x000001ff2099a7f0,
0x000001ff20994c80, 0x000001ff209947b0, 0x000001ff20995af0, 0x000001ff2099acc0,
0x000001ff20995fc0, 0x000001ff20995150, 0x000001ff20995620, 0x000001ff2099b660,
0x000001ff20993e10, 0x000001ff222d26e0, 0x000001ff222d0ed0, 0x000001ff222d43c0,
0x000001ff222d6f10, 0x000001ff222d3080, 0x000001ff222d4890, 0x000001ff222d6570,
0x000001ff222d3550, 0x000001ff222d4d60, 0x000001ff222d2bb0, 0x000001ff222d1d40,
0x000001ff222d5230, 0x000001ff222d3a20, 0x000001ff222d13a0, 0x000001ff222d5700,
0x000001ff222d3ef0, 0x000001ff222d73e0, 0x000001ff222d0060, 0x000001ff222d5bd0,
0x000001ff222d60a0, 0x000001ff222d2210, 0x000001ff222d6a40, 0x000001ff222d78b0,
0x000001ff222d0530, 0x000001ff222d0a00, 0x000001ff222d1870, 0x000001ff24ffaba0,
0x000001ff24ff89f0, 0x000001ff24ff9860, 0x000001ff24ff8050, 0x000001ff24ff6d10,
0x000001ff24ffc3b0, 0x000001ff24ff9d30, 0x000001ff24ff5500, 0x000001ff24ff8ec0,
0x000001ff24ffa200, 0x000001ff24ffa6d0, 0x000001ff24ff71e0, 0x000001ff24ffc880,
0x000001ff24ffb070, 0x000001ff24ffb540, 0x000001ff24ffba10, 0x000001ff24ff6370,
0x000001ff24ff6840, 0x000001ff24ffbee0, 0x000001ff24ff76b0, 0x000001ff1d530cb0,
0x000001ff1d5307a0, 0x000001ff24ff5030, 0x000001ff1d52da10, 0x000001ff1d52fd80,
0x000001ff2a7a2b50, 0x000001ff2a7a7c50, 0x000001ff24ff5ea0, 0x000001ff24ff8520,
0x000001ff29869b00, 0x000001ff29868c90, 0x000001ff2986a4a0, 0x000001ff2986a970,
0x000001ff29869160, 0x000001ff29867e20, 0x000001ff29869630, 0x000001ff29866fb0,
0x000001ff298682f0, 0x000001ff29869fd0
}

Java Threads: ( => current thread )
  0x000001ff7a614470 JavaThread "main" [_thread_blocked, id=12212, stack(0x000000f499a00000,0x000000f499b00000)]
  0x000001ff1c79b3e0 JavaThread "Reference Handler" daemon [_thread_blocked, id=4792, stack(0x000000f49a100000,0x000000f49a200000)]
  0x000001ff1c79bea0 JavaThread "Finalizer" daemon [_thread_blocked, id=1664, stack(0x000000f49a200000,0x000000f49a300000)]
  0x000001ff1c7b1c00 JavaThread "Signal Dispatcher" daemon [_thread_blocked, id=15748, stack(0x000000f49a300000,0x000000f49a400000)]
  0x000001ff1c7b24c0 JavaThread "Attach Listener" daemon [_thread_blocked, id=18840, stack(0x000000f49a400000,0x000000f49a500000)]
  0x000001ff1c7b2d80 JavaThread "Service Thread" daemon [_thread_blocked, id=1756, stack(0x000000f49a500000,0x000000f49a600000)]
  0x000001ff1c7b3e50 JavaThread "Monitor Deflation Thread" daemon [_thread_blocked, id=12228, stack(0x000000f49a600000,0x000000f49a700000)]
  0x000001ff1c7b6c60 JavaThread "C2 CompilerThread0" daemon [_thread_blocked, id=8396, stack(0x000000f49a700000,0x000000f49a800000)]
  0x000001ff1c7b7d70 JavaThread "C1 CompilerThread0" daemon [_thread_blocked, id=4484, stack(0x000000f49a800000,0x000000f49a900000)]
  0x000001ff1c7ba300 JavaThread "Sweeper thread" daemon [_thread_blocked, id=4660, stack(0x000000f49a900000,0x000000f49aa00000)]
  0x000001ff1c9d8460 JavaThread "C1 CompilerThread1" daemon [_thread_blocked, id=11728, stack(0x000000f49aa00000,0x000000f49ab00000)]
  0x000001ff1c9f80e0 JavaThread "C1 CompilerThread2" daemon [_thread_blocked, id=18468, stack(0x000000f49ab00000,0x000000f49ac00000)]
  0x000001ff1c9fb230 JavaThread "C1 CompilerThread3" daemon [_thread_blocked, id=6020, stack(0x000000f49ac00000,0x000000f49ad00000)]
  0x000001ff1ca03b80 JavaThread "Common-Cleaner" daemon [_thread_blocked, id=17036, stack(0x000000f49ad00000,0x000000f49ae00000)]
  0x000001ff1ca0bc20 JavaThread "JDWP Transport Listener: dt_socket" daemon [_thread_blocked, id=14996, stack(0x000000f49ae00000,0x000000f49af00000)]
  0x000001ff1ca1c710 JavaThread "JDWP Event Helper Thread" daemon [_thread_blocked, id=9628, stack(0x000000f49af00000,0x000000f49b000000)]
  0x000001ff1ca1d410 JavaThread "JDWP Command Reader" daemon [_thread_in_native, id=13600, stack(0x000000f49b000000,0x000000f49b100000)]
  0x000001ff1ca29ff0 JavaThread "Notification Thread" daemon [_thread_blocked, id=5364, stack(0x000000f49b100000,0x000000f49b200000)]
  0x000001ff1e7557c0 JavaThread "Daemon health stats" [_thread_blocked, id=4388, stack(0x000000f49c100000,0x000000f49c200000)]
  0x000001ff1e82d040 JavaThread "Incoming local TCP Connector on port 53215" [_thread_in_native, id=10172, stack(0x000000f49c200000,0x000000f49c300000)]
  0x000001ff1f052670 JavaThread "Daemon periodic checks" [_thread_blocked, id=19080, stack(0x000000f49c300000,0x000000f49c400000)]
  0x000001ff1f659990 JavaThread "Daemon" [_thread_blocked, id=11020, stack(0x000000f49c400000,0x000000f49c500000)]
  0x000001ff1f728fa0 JavaThread "Handler for socket connection from /127.0.0.1:53215 to /127.0.0.1:53216" [_thread_in_native, id=3232, stack(0x000000f49c500000,0x000000f49c600000)]
  0x000001ff1f4acd00 JavaThread "Cancel handler" [_thread_blocked, id=10072, stack(0x000000f49c600000,0x000000f49c700000)]
  0x000001ff1f4ab9c0 JavaThread "Daemon worker" [_thread_blocked, id=10032, stack(0x000000f49c700000,0x000000f49c800000)]
  0x000001ff1f4abe90 JavaThread "Asynchronous log dispatcher for DefaultDaemonConnection: socket connection from /127.0.0.1:53215 to /127.0.0.1:53216" [_thread_blocked, id=7804, stack(0x000000f49c800000,0x000000f49c900000)]
  0x000001ff1f4ad1d0 JavaThread "Stdin handler" [_thread_blocked, id=9676, stack(0x000000f49c900000,0x000000f49ca00000)]
  0x000001ff1f4ab020 JavaThread "Daemon client event forwarder" [_thread_blocked, id=16956, stack(0x000000f49ca00000,0x000000f49cb00000)]
  0x000001ff1f4aa680 JavaThread "Cache worker for journal cache (C:\Users\joefo\.gradle\caches\journal-1)" [_thread_blocked, id=3204, stack(0x000000f49cb00000,0x000000f49cc00000)]
  0x000001ff1f4ac360 JavaThread "File lock request listener" [_thread_in_native, id=16524, stack(0x000000f49cc00000,0x000000f49cd00000)]
  0x000001ff1f4ac830 JavaThread "Cache worker for file hash cache (C:\Users\joefo\.gradle\caches\7.3\fileHashes)" [_thread_blocked, id=11204, stack(0x000000f49cd00000,0x000000f49ce00000)]
  0x000001ff1f4aab50 JavaThread "Cache worker for file hash cache (C:\Users\joefo\OneDrive\Desktop\Hexerei\Hexerei-1.18\.gradle\7.3\fileHashes)" [_thread_blocked, id=13164, stack(0x000000f49ce00000,0x000000f49cf00000)]
  0x000001ff1f4a9ce0 JavaThread "File watcher server" daemon [_thread_in_native, id=13500, stack(0x000000f49cf00000,0x000000f49d000000)]
  0x000001ff1f4aa1b0 JavaThread "File watcher consumer" daemon [_thread_blocked, id=7960, stack(0x000000f49d000000,0x000000f49d100000)]
  0x000001ff20996960 JavaThread "Cache worker for checksums cache (C:\Users\joefo\OneDrive\Desktop\Hexerei\Hexerei-1.18\.gradle\7.3\checksums)" [_thread_blocked, id=15072, stack(0x000000f49d100000,0x000000f49d200000)]
  0x000001ff20999980 JavaThread "Cache worker for cache directory md-supplier (C:\Users\joefo\.gradle\caches\7.3\md-supplier)" [_thread_blocked, id=11960, stack(0x000000f49d200000,0x000000f49d300000)]
  0x000001ff20996490 JavaThread "Cache worker for cache directory md-rule (C:\Users\joefo\.gradle\caches\7.3\md-rule)" [_thread_blocked, id=21080, stack(0x000000f49d300000,0x000000f49d400000)]
  0x000001ff20996e30 JavaThread "Cache worker for execution history cache (C:\Users\joefo\.gradle\caches\7.3\executionHistory)" [_thread_blocked, id=6684, stack(0x000000f49de00000,0x000000f49df00000)]
  0x000001ff20997300 JavaThread "jar transforms" [_thread_blocked, id=9636, stack(0x000000f49df00000,0x000000f49e000000)]
  0x000001ff20997ca0 JavaThread "jar transforms Thread 2" [_thread_blocked, id=3180, stack(0x000000f49e000000,0x000000f49e100000)]
  0x000001ff209994b0 JavaThread "Cache worker for file content cache (C:\Users\joefo\.gradle\caches\7.3\fileContent)" [_thread_blocked, id=21040, stack(0x000000f49e300000,0x000000f49e400000)]
  0x000001ff20998b10 JavaThread "jar transforms Thread 3" [_thread_blocked, id=12356, stack(0x000000f49e400000,0x000000f49e500000)]
  0x000001ff2099b190 JavaThread "jar transforms Thread 4" [_thread_blocked, id=8704, stack(0x000000f49e500000,0x000000f49e600000)]
  0x000001ff2099a7f0 JavaThread "jar transforms Thread 5" [_thread_blocked, id=10596, stack(0x000000f49e600000,0x000000f49e700000)]
  0x000001ff20994c80 JavaThread "jar transforms Thread 6" [_thread_blocked, id=6428, stack(0x000000f49e700000,0x000000f49e800000)]
  0x000001ff209947b0 JavaThread "jar transforms Thread 7" [_thread_blocked, id=9028, stack(0x000000f49e800000,0x000000f49e900000)]
  0x000001ff20995af0 JavaThread "Cache worker for dependencies-accessors (C:\Users\joefo\OneDrive\Desktop\Hexerei\Hexerei-1.18\.gradle\7.3\dependencies-accessors)" [_thread_blocked, id=16584, stack(0x000000f49e900000,0x000000f49ea00000)]
  0x000001ff2099acc0 JavaThread "jar transforms Thread 8" [_thread_blocked, id=12140, stack(0x000000f49ea00000,0x000000f49eb00000)]
  0x000001ff20995fc0 JavaThread "Cache worker for Build Output Cleanup Cache (C:\Users\joefo\OneDrive\Desktop\Hexerei\Hexerei-1.18\.gradle\buildOutputCleanup)" [_thread_blocked, id=17864, stack(0x000000f49eb00000,0x000000f49ec00000)]
  0x000001ff20995150 JavaThread "Unconstrained build operations" [_thread_blocked, id=10368, stack(0x000000f49ec00000,0x000000f49ed00000)]
  0x000001ff20995620 JavaThread "Unconstrained build operations Thread 2" [_thread_blocked, id=18852, stack(0x000000f49ed00000,0x000000f49ee00000)]
  0x000001ff2099b660 JavaThread "Unconstrained build operations Thread 3" [_thread_blocked, id=10776, stack(0x000000f49ee00000,0x000000f49ef00000)]
  0x000001ff20993e10 JavaThread "Unconstrained build operations Thread 4" [_thread_blocked, id=21492, stack(0x000000f49ef00000,0x000000f49f000000)]
  0x000001ff222d26e0 JavaThread "Unconstrained build operations Thread 5" [_thread_blocked, id=16124, stack(0x000000f49f000000,0x000000f49f100000)]
  0x000001ff222d0ed0 JavaThread "Unconstrained build operations Thread 6" [_thread_blocked, id=14196, stack(0x000000f49f100000,0x000000f49f200000)]
  0x000001ff222d43c0 JavaThread "Unconstrained build operations Thread 7" [_thread_blocked, id=15684, stack(0x000000f49f200000,0x000000f49f300000)]
  0x000001ff222d6f10 JavaThread "Unconstrained build operations Thread 8" [_thread_blocked, id=10760, stack(0x000000f49f300000,0x000000f49f400000)]
  0x000001ff222d3080 JavaThread "Unconstrained build operations Thread 9" [_thread_blocked, id=12236, stack(0x000000f49f400000,0x000000f49f500000)]
  0x000001ff222d4890 JavaThread "Unconstrained build operations Thread 10" [_thread_blocked, id=1344, stack(0x000000f49f500000,0x000000f49f600000)]
  0x000001ff222d6570 JavaThread "Unconstrained build operations Thread 11" [_thread_blocked, id=13196, stack(0x000000f49f600000,0x000000f49f700000)]
  0x000001ff222d3550 JavaThread "Unconstrained build operations Thread 12" [_thread_blocked, id=7680, stack(0x000000f49f700000,0x000000f49f800000)]
  0x000001ff222d4d60 JavaThread "Unconstrained build operations Thread 13" [_thread_blocked, id=4612, stack(0x000000f49f800000,0x000000f49f900000)]
  0x000001ff222d2bb0 JavaThread "Unconstrained build operations Thread 14" [_thread_blocked, id=7932, stack(0x000000f49f900000,0x000000f49fa00000)]
  0x000001ff222d1d40 JavaThread "Unconstrained build operations Thread 15" [_thread_blocked, id=12120, stack(0x000000f49fa00000,0x000000f49fb00000)]
  0x000001ff222d5230 JavaThread "Unconstrained build operations Thread 16" [_thread_blocked, id=10164, stack(0x000000f49fb00000,0x000000f49fc00000)]
  0x000001ff222d3a20 JavaThread "Unconstrained build operations Thread 17" [_thread_blocked, id=7976, stack(0x000000f49fc00000,0x000000f49fd00000)]
  0x000001ff222d13a0 JavaThread "Unconstrained build operations Thread 18" [_thread_blocked, id=9680, stack(0x000000f49fd00000,0x000000f49fe00000)]
  0x000001ff222d5700 JavaThread "Unconstrained build operations Thread 19" [_thread_blocked, id=9112, stack(0x000000f49fe00000,0x000000f49ff00000)]
  0x000001ff222d3ef0 JavaThread "Unconstrained build operations Thread 20" [_thread_blocked, id=11368, stack(0x000000f49ff00000,0x000000f4a0000000)]
  0x000001ff222d73e0 JavaThread "Unconstrained build operations Thread 21" [_thread_blocked, id=1576, stack(0x000000f4a0000000,0x000000f4a0100000)]
  0x000001ff222d0060 JavaThread "Unconstrained build operations Thread 22" [_thread_blocked, id=10044, stack(0x000000f4a0100000,0x000000f4a0200000)]
  0x000001ff222d5bd0 JavaThread "Unconstrained build operations Thread 23" [_thread_blocked, id=15740, stack(0x000000f4a0200000,0x000000f4a0300000)]
  0x000001ff222d60a0 JavaThread "Unconstrained build operations Thread 24" [_thread_blocked, id=5952, stack(0x000000f4a0300000,0x000000f4a0400000)]
  0x000001ff222d2210 JavaThread "Unconstrained build operations Thread 25" [_thread_blocked, id=4416, stack(0x000000f4a0400000,0x000000f4a0500000)]
  0x000001ff222d6a40 JavaThread "Unconstrained build operations Thread 26" [_thread_blocked, id=11240, stack(0x000000f4a0500000,0x000000f4a0600000)]
  0x000001ff222d78b0 JavaThread "Unconstrained build operations Thread 27" [_thread_blocked, id=13032, stack(0x000000f4a0600000,0x000000f4a0700000)]
  0x000001ff222d0530 JavaThread "Unconstrained build operations Thread 28" [_thread_blocked, id=3044, stack(0x000000f4a0700000,0x000000f4a0800000)]
  0x000001ff222d0a00 JavaThread "Unconstrained build operations Thread 29" [_thread_blocked, id=6416, stack(0x000000f4a0800000,0x000000f4a0900000)]
  0x000001ff222d1870 JavaThread "Unconstrained build operations Thread 30" [_thread_blocked, id=3952, stack(0x000000f4a0900000,0x000000f4a0a00000)]
  0x000001ff24ffaba0 JavaThread "Unconstrained build operations Thread 31" [_thread_blocked, id=18152, stack(0x000000f4a0a00000,0x000000f4a0b00000)]
  0x000001ff24ff89f0 JavaThread "Unconstrained build operations Thread 32" [_thread_blocked, id=13580, stack(0x000000f4a0b00000,0x000000f4a0c00000)]
  0x000001ff24ff9860 JavaThread "Unconstrained build operations Thread 33" [_thread_blocked, id=16568, stack(0x000000f4a0c00000,0x000000f4a0d00000)]
  0x000001ff24ff8050 JavaThread "jar transforms Thread 9" [_thread_blocked, id=13476, stack(0x000000f4a0d00000,0x000000f4a0e00000)]
  0x000001ff24ff6d10 JavaThread "jar transforms Thread 10" [_thread_blocked, id=4160, stack(0x000000f4a0e00000,0x000000f4a0f00000)]
  0x000001ff24ffc3b0 JavaThread "jar transforms Thread 11" [_thread_blocked, id=17480, stack(0x000000f4a0f00000,0x000000f4a1000000)]
  0x000001ff24ff9d30 JavaThread "jar transforms Thread 12" [_thread_blocked, id=13232, stack(0x000000f4a1000000,0x000000f4a1100000)]
  0x000001ff24ff5500 JavaThread "jar transforms Thread 13" [_thread_blocked, id=1660, stack(0x000000f4a1100000,0x000000f4a1200000)]
  0x000001ff24ff8ec0 JavaThread "jar transforms Thread 14" [_thread_blocked, id=16556, stack(0x000000f4a1200000,0x000000f4a1300000)]
  0x000001ff24ffa200 JavaThread "jar transforms Thread 15" [_thread_blocked, id=21148, stack(0x000000f4a1300000,0x000000f4a1400000)]
  0x000001ff24ffa6d0 JavaThread "jar transforms Thread 16" [_thread_blocked, id=6216, stack(0x000000f4a1400000,0x000000f4a1500000)]
  0x000001ff24ff71e0 JavaThread "jar transforms Thread 17" [_thread_blocked, id=3536, stack(0x000000f4a1500000,0x000000f4a1600000)]
  0x000001ff24ffc880 JavaThread "jar transforms Thread 18" [_thread_blocked, id=11412, stack(0x000000f4a1600000,0x000000f4a1700000)]
  0x000001ff24ffb070 JavaThread "jar transforms Thread 19" [_thread_blocked, id=9892, stack(0x000000f4a1700000,0x000000f4a1800000)]
  0x000001ff24ffb540 JavaThread "jar transforms Thread 20" [_thread_blocked, id=3068, stack(0x000000f4a1800000,0x000000f4a1900000)]
  0x000001ff24ffba10 JavaThread "jar transforms Thread 21" [_thread_blocked, id=7820, stack(0x000000f4a1900000,0x000000f4a1a00000)]
  0x000001ff24ff6370 JavaThread "jar transforms Thread 22" [_thread_blocked, id=11184, stack(0x000000f4a1a00000,0x000000f4a1b00000)]
  0x000001ff24ff6840 JavaThread "jar transforms Thread 23" [_thread_blocked, id=12692, stack(0x000000f4a1b00000,0x000000f4a1c00000)]
  0x000001ff24ffbee0 JavaThread "jar transforms Thread 24" [_thread_blocked, id=7752, stack(0x000000f4a1c00000,0x000000f4a1d00000)]
  0x000001ff24ff76b0 JavaThread "Keep-Alive-Timer" daemon [_thread_blocked, id=7844, stack(0x000000f49e200000,0x000000f49e300000)]
  0x000001ff1d530cb0 JavaThread "C2 CompilerThread1" daemon [_thread_blocked, id=1820, stack(0x000000f49b300000,0x000000f49b400000)]
  0x000001ff1d5307a0 JavaThread "C2 CompilerThread2" daemon [_thread_blocked, id=3140, stack(0x000000f49b400000,0x000000f49b500000)]
  0x000001ff24ff5030 JavaThread "Memory manager" [_thread_blocked, id=6196, stack(0x000000f49c000000,0x000000f49c100000)]
  0x000001ff1d52da10 JavaThread "C2 CompilerThread3" daemon [_thread_blocked, id=5964, stack(0x000000f49e100000,0x000000f49e200000)]
  0x000001ff1d52fd80 JavaThread "C2 CompilerThread4" daemon [_thread_blocked, id=16852, stack(0x000000f4a1d00000,0x000000f4a1e00000)]
  0x000001ff2a7a2b50 JavaThread "C2 CompilerThread5" daemon [_thread_blocked, id=3056, stack(0x000000f4a1e00000,0x000000f4a1f00000)]
  0x000001ff2a7a7c50 JavaThread "C2 CompilerThread6" daemon [_thread_blocked, id=20240, stack(0x000000f4a1f00000,0x000000f4a2000000)]
  0x000001ff24ff5ea0 JavaThread "ForkJoinPool.commonPool-worker-1" daemon [_thread_blocked, id=13548, stack(0x000000f4a2000000,0x000000f4a2100000)]
  0x000001ff24ff8520 JavaThread "ForkJoinPool.commonPool-worker-2" daemon [_thread_blocked, id=21036, stack(0x000000f4a2100000,0x000000f4a2200000)]
  0x000001ff29869b00 JavaThread "ForkJoinPool.commonPool-worker-3" daemon [_thread_blocked, id=6652, stack(0x000000f4a2200000,0x000000f4a2300000)]
  0x000001ff29868c90 JavaThread "ForkJoinPool.commonPool-worker-4" daemon [_thread_blocked, id=9364, stack(0x000000f4a2300000,0x000000f4a2400000)]
  0x000001ff2986a4a0 JavaThread "ForkJoinPool.commonPool-worker-5" daemon [_thread_blocked, id=2788, stack(0x000000f4a2400000,0x000000f4a2500000)]
  0x000001ff2986a970 JavaThread "ForkJoinPool.commonPool-worker-6" daemon [_thread_blocked, id=8988, stack(0x000000f4a2500000,0x000000f4a2600000)]
  0x000001ff29869160 JavaThread "ForkJoinPool.commonPool-worker-7" daemon [_thread_blocked, id=21200, stack(0x000000f4a2600000,0x000000f4a2700000)]
  0x000001ff29867e20 JavaThread "ForkJoinPool.commonPool-worker-8" daemon [_thread_blocked, id=19212, stack(0x000000f4a2700000,0x000000f4a2800000)]
  0x000001ff29869630 JavaThread "ForkJoinPool.commonPool-worker-9" daemon [_thread_blocked, id=7360, stack(0x000000f4a2800000,0x000000f4a2900000)]
  0x000001ff29866fb0 JavaThread "Exec process" [_thread_blocked, id=17400, stack(0x000000f4a2900000,0x000000f4a2a00000)]
  0x000001ff298682f0 JavaThread "Exec process Thread 2" [_thread_blocked, id=15892, stack(0x000000f4a2a00000,0x000000f4a2b00000)]
  0x000001ff29869fd0 JavaThread "Exec process Thread 3" [_thread_blocked, id=7800, stack(0x000000f4a2b00000,0x000000f4a2c00000)]

Other Threads:
  0x000001ff1c794600 VMThread "VM Thread" [stack: 0x000000f49a000000,0x000000f49a100000] [id=8120]
  0x000001ff7a6cc4d0 WatcherThread [stack: 0x000000f49b200000,0x000000f49b300000] [id=9252]
  0x000001ff7a66fbf0 GCTaskThread "GC Thread#0" [stack: 0x000000f499b00000,0x000000f499c00000] [id=1172]
  0x000001ff1e051050 GCTaskThread "GC Thread#1" [stack: 0x000000f49b500000,0x000000f49b600000] [id=7824]
  0x000001ff1dde5270 GCTaskThread "GC Thread#2" [stack: 0x000000f49b600000,0x000000f49b700000] [id=8124]
  0x000001ff1dde5520 GCTaskThread "GC Thread#3" [stack: 0x000000f49b700000,0x000000f49b800000] [id=10756]
  0x000001ff1dde5be0 GCTaskThread "GC Thread#4" [stack: 0x000000f49b800000,0x000000f49b900000] [id=10780]
  0x000001ff1ddd8a50 GCTaskThread "GC Thread#5" [stack: 0x000000f49b900000,0x000000f49ba00000] [id=4840]
  0x000001ff1ddd8d00 GCTaskThread "GC Thread#6" [stack: 0x000000f49ba00000,0x000000f49bb00000] [id=14024]
  0x000001ff1e215ff0 GCTaskThread "GC Thread#7" [stack: 0x000000f49bb00000,0x000000f49bc00000] [id=10260]
  0x000001ff1e218680 GCTaskThread "GC Thread#8" [stack: 0x000000f49bc00000,0x000000f49bd00000] [id=17056]
  0x000001ff1e218930 GCTaskThread "GC Thread#9" [stack: 0x000000f49bd00000,0x000000f49be00000] [id=6736]
  0x000001ff1e219380 GCTaskThread "GC Thread#10" [stack: 0x000000f49be00000,0x000000f49bf00000] [id=10088]
=>0x000001ff1e219630 GCTaskThread "GC Thread#11" [stack: 0x000000f49bf00000,0x000000f49c000000] [id=6772]
  0x000001ff1e4549b0 GCTaskThread "GC Thread#12" [stack: 0x000000f49d400000,0x000000f49d500000] [id=3504]
  0x000001ff221dc200 GCTaskThread "GC Thread#13" [stack: 0x000000f49d500000,0x000000f49d600000] [id=20388]
  0x000001ff221dd220 GCTaskThread "GC Thread#14" [stack: 0x000000f49d600000,0x000000f49d700000] [id=13948]
  0x000001ff221dda30 GCTaskThread "GC Thread#15" [stack: 0x000000f49d700000,0x000000f49d800000] [id=14268]
  0x000001ff221db490 GCTaskThread "GC Thread#16" [stack: 0x000000f49d800000,0x000000f49d900000] [id=13436]
  0x000001ff221db9f0 GCTaskThread "GC Thread#17" [stack: 0x000000f49d900000,0x000000f49da00000] [id=1984]
  0x000001ff7a631080 ConcurrentGCThread "G1 Main Marker" [stack: 0x000000f499c00000,0x000000f499d00000] [id=1232]
  0x000001ff7a67e840 ConcurrentGCThread "G1 Conc#0" [stack: 0x000000f499d00000,0x000000f499e00000] [id=16320]
  0x000001ff221ddce0 ConcurrentGCThread "G1 Conc#1" [stack: 0x000000f49da00000,0x000000f49db00000] [id=3132]
  0x000001ff221daf30 ConcurrentGCThread "G1 Conc#2" [stack: 0x000000f49db00000,0x000000f49dc00000] [id=10732]
  0x000001ff221dbca0 ConcurrentGCThread "G1 Conc#3" [stack: 0x000000f49dc00000,0x000000f49dd00000] [id=5848]
  0x000001ff221db1e0 ConcurrentGCThread "G1 Conc#4" [stack: 0x000000f49dd00000,0x000000f49de00000] [id=21108]
  0x000001ff1c72a390 ConcurrentGCThread "G1 Refine#0" [stack: 0x000000f499e00000,0x000000f499f00000] [id=15904]
  0x000001ff1c72aa60 ConcurrentGCThread "G1 Service" [stack: 0x000000f499f00000,0x000000f49a000000] [id=4356]

Threads with active compile tasks:
C2 CompilerThread0     3498 6692 %     4       org.gradle.internal.instantiation.generator.AbstractClassGenerator::inspectType @ 107 (560 bytes)
C2 CompilerThread2     3498 6677       4       org.gradle.internal.logging.text.AbstractLineChoppingStyledTextOutput::doAppend (43 bytes)
C2 CompilerThread3     3498 6714 %     4       com.google.gson.stream.JsonReader::nextQuotedValue @ 23 (271 bytes)

VM state: at safepoint (normal execution)

VM Mutex/Monitor currently owned by a thread:  ([mutex/lock_event])
[0x000001ff7a612c00] Threads_lock - owner thread: 0x000001ff1c794600
[0x000001ff7a612660] Heap_lock - owner thread: 0x000001ff1f4ab9c0

Heap address: 0x0000000740000000, size: 3072 MB, Compressed Oops mode: Zero based, Oop shift amount: 3

CDS archive(s) mapped at: [0x0000000800000000-0x0000000800bc0000-0x0000000800bc0000), size 12320768, SharedBaseAddress: 0x0000000800000000, ArchiveRelocationMode: 0.
Compressed class space mapped at: 0x0000000800c00000-0x0000000840c00000, reserved size: 1073741824
Narrow klass base: 0x0000000800000000, Narrow klass shift: 0, Narrow klass range: 0x100000000

GC Precious Log:
 CPUs: 24 total, 24 available
 Memory: 32581M
 Large Page Support: Disabled
 NUMA Support: Disabled
 Compressed Oops: Enabled (Zero based)
 Heap Region Size: 2M
 Heap Min Capacity: 8M
 Heap Initial Capacity: 510M
 Heap Max Capacity: 3G
 Pre-touch: Disabled
 Parallel Workers: 18
 Concurrent Workers: 5
 Concurrent Refinement Workers: 18
 Periodic GC: Disabled

Heap:
 garbage-first heap   total 305152K, used 238312K [0x0000000740000000, 0x0000000800000000)
  region size 2048K, 91 young (186368K), 3 survivors (6144K)
 Metaspace       used 55042K, committed 55616K, reserved 1097728K
  class space    used 7497K, committed 7744K, reserved 1048576K

Heap Regions: E=young(eden), S=young(survivor), O=old, HS=humongous(starts), HC=humongous(continues), CS=collection set, F=free, OA=open archive, CA=closed archive, TAMS=top-at-mark-start (previous, next)
|   0|0x0000000740000000, 0x0000000740200000, 0x0000000740200000|100%| O|  |TAMS 0x0000000740000000, 0x0000000740000000| Untracked 
|   1|0x0000000740200000, 0x0000000740400000, 0x0000000740400000|100%|HS|  |TAMS 0x0000000740200000, 0x0000000740200000| Complete 
|   2|0x0000000740400000, 0x0000000740600000, 0x0000000740600000|100%|HS|  |TAMS 0x0000000740600000, 0x0000000740400000| Complete 
|   3|0x0000000740600000, 0x0000000740800000, 0x0000000740800000|100%|HC|  |TAMS 0x0000000740800000, 0x0000000740600000| Complete 
|   4|0x0000000740800000, 0x0000000740a00000, 0x0000000740a00000|100%| O|  |TAMS 0x0000000740a00000, 0x0000000740800000| Untracked 
|   5|0x0000000740a00000, 0x0000000740c00000, 0x0000000740c00000|100%| O|  |TAMS 0x0000000740c00000, 0x0000000740a00000| Untracked 
|   6|0x0000000740c00000, 0x0000000740e00000, 0x0000000740e00000|100%| O|  |TAMS 0x0000000740e00000, 0x0000000740c00000| Untracked 
|   7|0x0000000740e00000, 0x0000000741000000, 0x0000000741000000|100%| O|  |TAMS 0x0000000740e00000, 0x0000000740e00000| Untracked 
|   8|0x0000000741000000, 0x0000000741200000, 0x0000000741200000|100%| O|  |TAMS 0x0000000741000000, 0x0000000741000000| Untracked 
|   9|0x0000000741200000, 0x0000000741400000, 0x0000000741400000|100%| O|  |TAMS 0x0000000741200000, 0x0000000741200000| Untracked 
|  10|0x0000000741400000, 0x0000000741600000, 0x0000000741600000|100%| O|  |TAMS 0x0000000741400000, 0x0000000741400000| Untracked 
|  11|0x0000000741600000, 0x0000000741800000, 0x0000000741800000|100%|HS|  |TAMS 0x0000000741600000, 0x0000000741600000| Complete 
|  12|0x0000000741800000, 0x0000000741a00000, 0x0000000741a00000|100%| O|  |TAMS 0x0000000741a00000, 0x0000000741800000| Untracked 
|  13|0x0000000741a00000, 0x0000000741c00000, 0x0000000741c00000|100%| O|  |TAMS 0x0000000741c00000, 0x0000000741a00000| Untracked 
|  14|0x0000000741c00000, 0x0000000741e00000, 0x0000000741e00000|100%| O|  |TAMS 0x0000000741e00000, 0x0000000741c00000| Untracked 
|  15|0x0000000741e00000, 0x0000000742000000, 0x0000000742000000|100%| O|  |TAMS 0x0000000742000000, 0x0000000741e00000| Untracked 
|  16|0x0000000742000000, 0x0000000742200000, 0x0000000742200000|100%| O|  |TAMS 0x0000000742200000, 0x0000000742000000| Untracked 
|  17|0x0000000742200000, 0x0000000742400000, 0x0000000742400000|100%| O|  |TAMS 0x0000000742400000, 0x0000000742200000| Untracked 
|  18|0x0000000742400000, 0x0000000742600000, 0x0000000742600000|100%| O|  |TAMS 0x0000000742550800, 0x0000000742400000| Untracked 
|  19|0x0000000742600000, 0x0000000742800000, 0x0000000742800000|100%|HS|  |TAMS 0x0000000742600000, 0x0000000742600000| Complete 
|  20|0x0000000742800000, 0x0000000742a00000, 0x0000000742a00000|100%|HC|  |TAMS 0x0000000742800000, 0x0000000742800000| Complete 
|  21|0x0000000742a00000, 0x0000000742c00000, 0x0000000742c00000|100%|HC|  |TAMS 0x0000000742a00000, 0x0000000742a00000| Complete 
|  22|0x0000000742c00000, 0x0000000742e00000, 0x0000000742e00000|100%|HC|  |TAMS 0x0000000742c00000, 0x0000000742c00000| Complete 
|  23|0x0000000742e00000, 0x0000000743000000, 0x0000000743000000|100%|HS|  |TAMS 0x0000000742e00000, 0x0000000742e00000| Complete 
|  24|0x0000000743000000, 0x0000000743200000, 0x0000000743200000|100%|HC|  |TAMS 0x0000000743000000, 0x0000000743000000| Complete 
|  25|0x0000000743200000, 0x0000000743400000, 0x0000000743400000|100%|HS|  |TAMS 0x0000000743200000, 0x0000000743200000| Complete 
|  26|0x0000000743400000, 0x0000000743600000, 0x0000000743600000|100%|HC|  |TAMS 0x0000000743400000, 0x0000000743400000| Complete 
|  27|0x0000000743600000, 0x0000000743800000, 0x0000000743800000|100%|HS|  |TAMS 0x0000000743600000, 0x0000000743600000| Complete 
|  28|0x0000000743800000, 0x0000000743a00000, 0x0000000743a00000|100%|HS|  |TAMS 0x0000000743800000, 0x0000000743800000| Complete 
|  29|0x0000000743a00000, 0x0000000743c00000, 0x0000000743c00000|100%| O|  |TAMS 0x0000000743a00000, 0x0000000743a00000| Untracked 
|  30|0x0000000743c00000, 0x0000000743c00000, 0x0000000743e00000|  0%| F|  |TAMS 0x0000000743c00000, 0x0000000743c00000| Untracked 
|  31|0x0000000743e00000, 0x0000000743e00000, 0x0000000744000000|  0%| F|  |TAMS 0x0000000743e00000, 0x0000000743e00000| Untracked 
|  32|0x0000000744000000, 0x0000000744000000, 0x0000000744200000|  0%| F|  |TAMS 0x0000000744000000, 0x0000000744000000| Untracked 
|  33|0x0000000744200000, 0x0000000744200000, 0x0000000744400000|  0%| F|  |TAMS 0x0000000744200000, 0x0000000744200000| Untracked 
|  34|0x0000000744400000, 0x0000000744400000, 0x0000000744600000|  0%| F|  |TAMS 0x0000000744400000, 0x0000000744400000| Untracked 
|  35|0x0000000744600000, 0x0000000744600000, 0x0000000744800000|  0%| F|  |TAMS 0x0000000744600000, 0x0000000744600000| Untracked 
|  36|0x0000000744800000, 0x0000000744800000, 0x0000000744a00000|  0%| F|  |TAMS 0x0000000744800000, 0x0000000744800000| Untracked 
|  37|0x0000000744a00000, 0x0000000744a00000, 0x0000000744c00000|  0%| F|  |TAMS 0x0000000744a00000, 0x0000000744a00000| Untracked 
|  38|0x0000000744c00000, 0x0000000744c00000, 0x0000000744e00000|  0%| F|  |TAMS 0x0000000744c00000, 0x0000000744c00000| Untracked 
|  39|0x0000000744e00000, 0x0000000744e00000, 0x0000000745000000|  0%| F|  |TAMS 0x0000000744e00000, 0x0000000744e00000| Untracked 
|  40|0x0000000745000000, 0x0000000745000000, 0x0000000745200000|  0%| F|  |TAMS 0x0000000745000000, 0x0000000745000000| Untracked 
|  41|0x0000000745200000, 0x0000000745200000, 0x0000000745400000|  0%| F|  |TAMS 0x0000000745200000, 0x0000000745200000| Untracked 
|  42|0x0000000745400000, 0x0000000745400000, 0x0000000745600000|  0%| F|  |TAMS 0x0000000745400000, 0x0000000745400000| Untracked 
|  43|0x0000000745600000, 0x0000000745600000, 0x0000000745800000|  0%| F|  |TAMS 0x0000000745600000, 0x0000000745600000| Untracked 
|  44|0x0000000745800000, 0x0000000745800000, 0x0000000745a00000|  0%| F|  |TAMS 0x0000000745800000, 0x0000000745800000| Untracked 
|  45|0x0000000745a00000, 0x0000000745a00000, 0x0000000745c00000|  0%| F|  |TAMS 0x0000000745a00000, 0x0000000745a00000| Untracked 
|  46|0x0000000745c00000, 0x0000000745c00000, 0x0000000745e00000|  0%| F|  |TAMS 0x0000000745c00000, 0x0000000745c00000| Untracked 
|  47|0x0000000745e00000, 0x0000000745e00000, 0x0000000746000000|  0%| F|  |TAMS 0x0000000745e00000, 0x0000000745e00000| Untracked 
|  48|0x0000000746000000, 0x0000000746000000, 0x0000000746200000|  0%| F|  |TAMS 0x0000000746000000, 0x0000000746000000| Untracked 
|  49|0x0000000746200000, 0x0000000746200000, 0x0000000746400000|  0%| F|  |TAMS 0x0000000746200000, 0x0000000746200000| Untracked 
|  50|0x0000000746400000, 0x0000000746400000, 0x0000000746600000|  0%| F|  |TAMS 0x0000000746400000, 0x0000000746400000| Untracked 
|  51|0x0000000746600000, 0x0000000746600000, 0x0000000746800000|  0%| F|  |TAMS 0x0000000746600000, 0x0000000746600000| Untracked 
|  52|0x0000000746800000, 0x0000000746800000, 0x0000000746a00000|  0%| F|  |TAMS 0x0000000746800000, 0x0000000746800000| Untracked 
|  53|0x0000000746a00000, 0x0000000746a00000, 0x0000000746c00000|  0%| F|  |TAMS 0x0000000746a00000, 0x0000000746a00000| Untracked 
|  54|0x0000000746c00000, 0x0000000746c00000, 0x0000000746e00000|  0%| F|  |TAMS 0x0000000746c00000, 0x0000000746c00000| Untracked 
|  55|0x0000000746e00000, 0x0000000746e00000, 0x0000000747000000|  0%| F|  |TAMS 0x0000000746e00000, 0x0000000746e00000| Untracked 
|  56|0x0000000747000000, 0x0000000747000000, 0x0000000747200000|  0%| F|  |TAMS 0x0000000747000000, 0x0000000747000000| Untracked 
|  57|0x0000000747200000, 0x0000000747400000, 0x0000000747400000|100%| S|  |TAMS 0x0000000747200000, 0x0000000747200000| Complete 
|  58|0x0000000747400000, 0x0000000747600000, 0x0000000747600000|100%| S|  |TAMS 0x0000000747400000, 0x0000000747400000| Complete 
|  59|0x0000000747600000, 0x0000000747800000, 0x0000000747800000|100%| S|  |TAMS 0x0000000747600000, 0x0000000747600000| Complete 
|  60|0x0000000747800000, 0x0000000747a00000, 0x0000000747a00000|100%| E|CS|TAMS 0x0000000747800000, 0x0000000747800000| Complete 
|  61|0x0000000747a00000, 0x0000000747c00000, 0x0000000747c00000|100%| E|CS|TAMS 0x0000000747a00000, 0x0000000747a00000| Complete 
|  62|0x0000000747c00000, 0x0000000747e00000, 0x0000000747e00000|100%| E|CS|TAMS 0x0000000747c00000, 0x0000000747c00000| Complete 
|  63|0x0000000747e00000, 0x0000000748000000, 0x0000000748000000|100%| E|CS|TAMS 0x0000000747e00000, 0x0000000747e00000| Complete 
|  64|0x0000000748000000, 0x0000000748200000, 0x0000000748200000|100%| E|CS|TAMS 0x0000000748000000, 0x0000000748000000| Complete 
|  65|0x0000000748200000, 0x0000000748400000, 0x0000000748400000|100%| E|CS|TAMS 0x0000000748200000, 0x0000000748200000| Complete 
|  66|0x0000000748400000, 0x0000000748600000, 0x0000000748600000|100%| E|CS|TAMS 0x0000000748400000, 0x0000000748400000| Complete 
|  67|0x0000000748600000, 0x0000000748800000, 0x0000000748800000|100%| E|CS|TAMS 0x0000000748600000, 0x0000000748600000| Complete 
|  68|0x0000000748800000, 0x0000000748a00000, 0x0000000748a00000|100%| E|CS|TAMS 0x0000000748800000, 0x0000000748800000| Complete 
|  69|0x0000000748a00000, 0x0000000748c00000, 0x0000000748c00000|100%| E|CS|TAMS 0x0000000748a00000, 0x0000000748a00000| Complete 
|  70|0x0000000748c00000, 0x0000000748e00000, 0x0000000748e00000|100%| E|CS|TAMS 0x0000000748c00000, 0x0000000748c00000| Complete 
|  71|0x0000000748e00000, 0x0000000749000000, 0x0000000749000000|100%| E|CS|TAMS 0x0000000748e00000, 0x0000000748e00000| Complete 
|  72|0x0000000749000000, 0x0000000749200000, 0x0000000749200000|100%| E|CS|TAMS 0x0000000749000000, 0x0000000749000000| Complete 
|  73|0x0000000749200000, 0x0000000749400000, 0x0000000749400000|100%| E|CS|TAMS 0x0000000749200000, 0x0000000749200000| Complete 
|  74|0x0000000749400000, 0x0000000749600000, 0x0000000749600000|100%| E|CS|TAMS 0x0000000749400000, 0x0000000749400000| Complete 
|  75|0x0000000749600000, 0x0000000749800000, 0x0000000749800000|100%| E|CS|TAMS 0x0000000749600000, 0x0000000749600000| Complete 
|  76|0x0000000749800000, 0x0000000749a00000, 0x0000000749a00000|100%| E|CS|TAMS 0x0000000749800000, 0x0000000749800000| Complete 
|  77|0x0000000749a00000, 0x0000000749c00000, 0x0000000749c00000|100%| E|CS|TAMS 0x0000000749a00000, 0x0000000749a00000| Complete 
|  78|0x0000000749c00000, 0x0000000749e00000, 0x0000000749e00000|100%| E|CS|TAMS 0x0000000749c00000, 0x0000000749c00000| Complete 
|  79|0x0000000749e00000, 0x000000074a000000, 0x000000074a000000|100%| E|CS|TAMS 0x0000000749e00000, 0x0000000749e00000| Complete 
|  80|0x000000074a000000, 0x000000074a200000, 0x000000074a200000|100%| E|CS|TAMS 0x000000074a000000, 0x000000074a000000| Complete 
|  81|0x000000074a200000, 0x000000074a400000, 0x000000074a400000|100%| E|CS|TAMS 0x000000074a200000, 0x000000074a200000| Complete 
|  82|0x000000074a400000, 0x000000074a600000, 0x000000074a600000|100%| E|CS|TAMS 0x000000074a400000, 0x000000074a400000| Complete 
|  83|0x000000074a600000, 0x000000074a800000, 0x000000074a800000|100%| E|CS|TAMS 0x000000074a600000, 0x000000074a600000| Complete 
|  84|0x000000074a800000, 0x000000074aa00000, 0x000000074aa00000|100%| E|CS|TAMS 0x000000074a800000, 0x000000074a800000| Complete 
|  85|0x000000074aa00000, 0x000000074ac00000, 0x000000074ac00000|100%| E|CS|TAMS 0x000000074aa00000, 0x000000074aa00000| Complete 
|  86|0x000000074ac00000, 0x000000074ae00000, 0x000000074ae00000|100%| E|CS|TAMS 0x000000074ac00000, 0x000000074ac00000| Complete 
|  87|0x000000074ae00000, 0x000000074b000000, 0x000000074b000000|100%| E|CS|TAMS 0x000000074ae00000, 0x000000074ae00000| Complete 
|  88|0x000000074b000000, 0x000000074b200000, 0x000000074b200000|100%| E|CS|TAMS 0x000000074b000000, 0x000000074b000000| Complete 
|  89|0x000000074b200000, 0x000000074b400000, 0x000000074b400000|100%| E|CS|TAMS 0x000000074b200000, 0x000000074b200000| Complete 
|  90|0x000000074b400000, 0x000000074b600000, 0x000000074b600000|100%| E|CS|TAMS 0x000000074b400000, 0x000000074b400000| Complete 
|  91|0x000000074b600000, 0x000000074b800000, 0x000000074b800000|100%| E|CS|TAMS 0x000000074b600000, 0x000000074b600000| Complete 
|  92|0x000000074b800000, 0x000000074ba00000, 0x000000074ba00000|100%| E|CS|TAMS 0x000000074b800000, 0x000000074b800000| Complete 
|  93|0x000000074ba00000, 0x000000074bc00000, 0x000000074bc00000|100%| E|CS|TAMS 0x000000074ba00000, 0x000000074ba00000| Complete 
|  94|0x000000074bc00000, 0x000000074be00000, 0x000000074be00000|100%| E|CS|TAMS 0x000000074bc00000, 0x000000074bc00000| Complete 
|  95|0x000000074be00000, 0x000000074c000000, 0x000000074c000000|100%| E|CS|TAMS 0x000000074be00000, 0x000000074be00000| Complete 
|  96|0x000000074c000000, 0x000000074c200000, 0x000000074c200000|100%| E|CS|TAMS 0x000000074c000000, 0x000000074c000000| Complete 
|  97|0x000000074c200000, 0x000000074c400000, 0x000000074c400000|100%| E|CS|TAMS 0x000000074c200000, 0x000000074c200000| Complete 
|  98|0x000000074c400000, 0x000000074c600000, 0x000000074c600000|100%| E|CS|TAMS 0x000000074c400000, 0x000000074c400000| Complete 
|  99|0x000000074c600000, 0x000000074c800000, 0x000000074c800000|100%| E|CS|TAMS 0x000000074c600000, 0x000000074c600000| Complete 
| 100|0x000000074c800000, 0x000000074ca00000, 0x000000074ca00000|100%| E|CS|TAMS 0x000000074c800000, 0x000000074c800000| Complete 
| 101|0x000000074ca00000, 0x000000074cc00000, 0x000000074cc00000|100%| E|CS|TAMS 0x000000074ca00000, 0x000000074ca00000| Complete 
| 102|0x000000074cc00000, 0x000000074ce00000, 0x000000074ce00000|100%| E|CS|TAMS 0x000000074cc00000, 0x000000074cc00000| Complete 
| 103|0x000000074ce00000, 0x000000074d000000, 0x000000074d000000|100%| E|CS|TAMS 0x000000074ce00000, 0x000000074ce00000| Complete 
| 104|0x000000074d000000, 0x000000074d200000, 0x000000074d200000|100%| E|CS|TAMS 0x000000074d000000, 0x000000074d000000| Complete 
| 105|0x000000074d200000, 0x000000074d400000, 0x000000074d400000|100%| E|CS|TAMS 0x000000074d200000, 0x000000074d200000| Complete 
| 106|0x000000074d400000, 0x000000074d600000, 0x000000074d600000|100%| E|CS|TAMS 0x000000074d400000, 0x000000074d400000| Complete 
| 107|0x000000074d600000, 0x000000074d800000, 0x000000074d800000|100%| E|CS|TAMS 0x000000074d600000, 0x000000074d600000| Complete 
| 108|0x000000074d800000, 0x000000074da00000, 0x000000074da00000|100%| E|CS|TAMS 0x000000074d800000, 0x000000074d800000| Complete 
| 109|0x000000074da00000, 0x000000074dc00000, 0x000000074dc00000|100%| E|CS|TAMS 0x000000074da00000, 0x000000074da00000| Complete 
| 110|0x000000074dc00000, 0x000000074de00000, 0x000000074de00000|100%| E|CS|TAMS 0x000000074dc00000, 0x000000074dc00000| Complete 
| 111|0x000000074de00000, 0x000000074e000000, 0x000000074e000000|100%| E|CS|TAMS 0x000000074de00000, 0x000000074de00000| Complete 
| 112|0x000000074e000000, 0x000000074e200000, 0x000000074e200000|100%| E|CS|TAMS 0x000000074e000000, 0x000000074e000000| Complete 
| 113|0x000000074e200000, 0x000000074e400000, 0x000000074e400000|100%| E|CS|TAMS 0x000000074e200000, 0x000000074e200000| Complete 
| 114|0x000000074e400000, 0x000000074e600000, 0x000000074e600000|100%| E|CS|TAMS 0x000000074e400000, 0x000000074e400000| Complete 
| 115|0x000000074e600000, 0x000000074e800000, 0x000000074e800000|100%| E|CS|TAMS 0x000000074e600000, 0x000000074e600000| Complete 
| 116|0x000000074e800000, 0x000000074ea00000, 0x000000074ea00000|100%| E|CS|TAMS 0x000000074e800000, 0x000000074e800000| Complete 
| 117|0x000000074ea00000, 0x000000074ec00000, 0x000000074ec00000|100%| E|CS|TAMS 0x000000074ea00000, 0x000000074ea00000| Complete 
| 118|0x000000074ec00000, 0x000000074ee00000, 0x000000074ee00000|100%| E|CS|TAMS 0x000000074ec00000, 0x000000074ec00000| Complete 
| 119|0x000000074ee00000, 0x000000074f000000, 0x000000074f000000|100%| E|CS|TAMS 0x000000074ee00000, 0x000000074ee00000| Complete 
| 120|0x000000074f000000, 0x000000074f200000, 0x000000074f200000|100%| E|CS|TAMS 0x000000074f000000, 0x000000074f000000| Complete 
| 121|0x000000074f200000, 0x000000074f400000, 0x000000074f400000|100%| E|CS|TAMS 0x000000074f200000, 0x000000074f200000| Complete 
| 122|0x000000074f400000, 0x000000074f600000, 0x000000074f600000|100%| E|CS|TAMS 0x000000074f400000, 0x000000074f400000| Complete 
| 123|0x000000074f600000, 0x000000074f800000, 0x000000074f800000|100%| E|CS|TAMS 0x000000074f600000, 0x000000074f600000| Complete 
| 124|0x000000074f800000, 0x000000074fa00000, 0x000000074fa00000|100%| E|CS|TAMS 0x000000074f800000, 0x000000074f800000| Complete 
| 125|0x000000074fa00000, 0x000000074fc00000, 0x000000074fc00000|100%| E|CS|TAMS 0x000000074fa00000, 0x000000074fa00000| Complete 
| 126|0x000000074fc00000, 0x000000074fe00000, 0x000000074fe00000|100%| E|CS|TAMS 0x000000074fc00000, 0x000000074fc00000| Complete 
| 127|0x000000074fe00000, 0x0000000750000000, 0x0000000750000000|100%| E|CS|TAMS 0x000000074fe00000, 0x000000074fe00000| Complete 
| 128|0x0000000750000000, 0x0000000750200000, 0x0000000750200000|100%| E|CS|TAMS 0x0000000750000000, 0x0000000750000000| Complete 
| 129|0x0000000750200000, 0x0000000750400000, 0x0000000750400000|100%| E|CS|TAMS 0x0000000750200000, 0x0000000750200000| Complete 
| 130|0x0000000750400000, 0x0000000750600000, 0x0000000750600000|100%| E|CS|TAMS 0x0000000750400000, 0x0000000750400000| Complete 
| 131|0x0000000750600000, 0x0000000750800000, 0x0000000750800000|100%| E|CS|TAMS 0x0000000750600000, 0x0000000750600000| Complete 
| 132|0x0000000750800000, 0x0000000750a00000, 0x0000000750a00000|100%| E|CS|TAMS 0x0000000750800000, 0x0000000750800000| Complete 
| 133|0x0000000750a00000, 0x0000000750c00000, 0x0000000750c00000|100%| E|CS|TAMS 0x0000000750a00000, 0x0000000750a00000| Complete 
| 134|0x0000000750c00000, 0x0000000750e00000, 0x0000000750e00000|100%| E|CS|TAMS 0x0000000750c00000, 0x0000000750c00000| Complete 
| 135|0x0000000750e00000, 0x0000000751000000, 0x0000000751000000|100%| E|CS|TAMS 0x0000000750e00000, 0x0000000750e00000| Complete 
| 136|0x0000000751000000, 0x0000000751200000, 0x0000000751200000|100%| E|CS|TAMS 0x0000000751000000, 0x0000000751000000| Complete 
| 137|0x0000000751200000, 0x0000000751400000, 0x0000000751400000|100%| E|CS|TAMS 0x0000000751200000, 0x0000000751200000| Complete 
| 138|0x0000000751400000, 0x0000000751600000, 0x0000000751600000|100%| E|CS|TAMS 0x0000000751400000, 0x0000000751400000| Complete 
| 139|0x0000000751600000, 0x0000000751800000, 0x0000000751800000|100%| E|CS|TAMS 0x0000000751600000, 0x0000000751600000| Complete 
| 140|0x0000000751800000, 0x0000000751a00000, 0x0000000751a00000|100%| E|CS|TAMS 0x0000000751800000, 0x0000000751800000| Complete 
| 141|0x0000000751a00000, 0x0000000751c00000, 0x0000000751c00000|100%| E|CS|TAMS 0x0000000751a00000, 0x0000000751a00000| Complete 
| 193|0x0000000758200000, 0x0000000758400000, 0x0000000758400000|100%| E|CS|TAMS 0x0000000758200000, 0x0000000758200000| Complete 
| 194|0x0000000758400000, 0x0000000758600000, 0x0000000758600000|100%| E|CS|TAMS 0x0000000758400000, 0x0000000758400000| Complete 
| 195|0x0000000758600000, 0x0000000758800000, 0x0000000758800000|100%| E|CS|TAMS 0x0000000758600000, 0x0000000758600000| Complete 
| 196|0x0000000758800000, 0x0000000758a00000, 0x0000000758a00000|100%| E|CS|TAMS 0x0000000758800000, 0x0000000758800000| Complete 
| 197|0x0000000758a00000, 0x0000000758c00000, 0x0000000758c00000|100%| E|CS|TAMS 0x0000000758a00000, 0x0000000758a00000| Complete 
| 198|0x0000000758c00000, 0x0000000758c895e0, 0x0000000758e00000| 26%| E|CS|TAMS 0x0000000758c00000, 0x0000000758c00000| Complete 
| 254|0x000000075fc00000, 0x000000075fe00000, 0x000000075fe00000|100%| E|CS|TAMS 0x000000075fc00000, 0x000000075fc00000| Complete 

Card table byte_map: [0x000001ff7bad0000,0x000001ff7c0d0000] _byte_map_base: 0x000001ff780d0000

Marking Bits (Prev, Next): (CMBitMap*) 0x000001ff7a671120, (CMBitMap*) 0x000001ff7a671160
 Prev Bits: [0x000001ff7c6d0000, 0x000001ff7f6d0000)
 Next Bits: [0x000001ff16a10000, 0x000001ff19a10000)

Polling page: 0x000001ff782b0000

Metaspace:

Usage:
  Non-class:     46.43 MB used.
      Class:      7.32 MB used.
       Both:     53.75 MB used.

Virtual space:
  Non-class space:       48.00 MB reserved,      46.75 MB ( 97%) committed,  6 nodes.
      Class space:        1.00 GB reserved,       7.56 MB ( <1%) committed,  1 nodes.
             Both:        1.05 GB reserved,      54.31 MB (  5%) committed. 

Chunk freelists:
   Non-Class:  1008.00 KB
       Class:  322.00 KB
        Both:  1.30 MB

MaxMetaspaceSize: unlimited
CompressedClassSpaceSize: 1.00 GB
Initial GC threshold: 21.00 MB
Current GC threshold: 58.69 MB
CDS: on
MetaspaceReclaimPolicy: balanced
 - commit_granule_bytes: 65536.
 - commit_granule_words: 8192.
 - virtual_space_node_default_size: 1048576.
 - enlarge_chunks_in_place: 1.
 - new_chunks_are_fully_committed: 0.
 - uncommit_free_chunks: 1.
 - use_allocation_guard: 0.
 - handle_deallocations: 1.


Internal statistics:

num_allocs_failed_limit: 6.
num_arena_births: 580.
num_arena_deaths: 0.
num_vsnodes_births: 7.
num_vsnodes_deaths: 0.
num_space_committed: 869.
num_space_uncommitted: 0.
num_chunks_returned_to_freelist: 6.
num_chunks_taken_from_freelist: 2525.
num_chunk_merges: 6.
num_chunk_splits: 1644.
num_chunks_enlarged: 1081.
num_purges: 0.
num_inconsistent_stats: 0.

CodeHeap 'non-profiled nmethods': size=119168Kb used=4840Kb max_used=4840Kb free=114327Kb
 bounds [0x000001ff0f5b0000, 0x000001ff0fa70000, 0x000001ff16a10000]
CodeHeap 'profiled nmethods': size=119104Kb used=12774Kb max_used=12774Kb free=106329Kb
 bounds [0x000001ff08160000, 0x000001ff08de0000, 0x000001ff0f5b0000]
CodeHeap 'non-nmethods': size=7488Kb used=4126Kb max_used=4238Kb free=3361Kb
 bounds [0x000001ff07a10000, 0x000001ff07e50000, 0x000001ff08160000]
 total_blobs=6860 nmethods=5973 adapters=795
 compilation: enabled
              stopped_count=0, restarted_count=0
 full_count=0

Compilation events (20 events):
Event: 3.461 Thread 0x000001ff1c7b7d70 nmethod 6706 0x000001ff08dcda90 code [0x000001ff08dce720, 0x000001ff08dd4868]
Event: 3.461 Thread 0x000001ff2a7a2b50 6716       4       java.net.URI$Parser::scan (76 bytes)
Event: 3.462 Thread 0x000001ff1c9d8460 nmethod 6715 0x000001ff08dd6a90 code [0x000001ff08dd6ce0, 0x000001ff08dd74e8]
Event: 3.464 Thread 0x000001ff2a7a2b50 nmethod 6716 0x000001ff0fa5f590 code [0x000001ff0fa5f740, 0x000001ff0fa5f9f8]
Event: 3.465 Thread 0x000001ff1c9fb230 6717       3       java.lang.Boolean::hashCode (8 bytes)
Event: 3.465 Thread 0x000001ff1c9fb230 nmethod 6717 0x000001ff08dd7810 code [0x000001ff08dd79c0, 0x000001ff08dd7bb8]
Event: 3.465 Thread 0x000001ff1c9d8460 6718       3       org.apache.http.message.ParserCursor::atEnd (17 bytes)
Event: 3.465 Thread 0x000001ff1c9fb230 6719       3       org.apache.http.message.ParserCursor::updatePos (100 bytes)
Event: 3.466 Thread 0x000001ff1c7b7d70 6720       3       java.nio.StringCharBuffer::get (19 bytes)
Event: 3.466 Thread 0x000001ff2a7a2b50 6721       4       java.nio.charset.CoderResult::isUnderflow (13 bytes)
Event: 3.466 Thread 0x000001ff1c9d8460 nmethod 6718 0x000001ff08dd7c90 code [0x000001ff08dd7e20, 0x000001ff08dd7f98]
Event: 3.466 Thread 0x000001ff1c7b7d70 nmethod 6720 0x000001ff08dd8010 code [0x000001ff08dd81e0, 0x000001ff08dd84f8]
Event: 3.466 Thread 0x000001ff2a7a2b50 nmethod 6721 0x000001ff0fa5fd10 code [0x000001ff0fa5fe80, 0x000001ff0fa5ff18]
Event: 3.466 Thread 0x000001ff1c9fb230 nmethod 6719 0x000001ff08dd8690 code [0x000001ff08dd8920, 0x000001ff08dd8f78]
Event: 3.467 Thread 0x000001ff2a7a7c50 nmethod 6669 0x000001ff0fa60010 code [0x000001ff0fa602a0, 0x000001ff0fa63af0]
Event: 3.468 Thread 0x000001ff1c9fb230 6722       3       java.math.BigInteger::bitLengthForInt (8 bytes)
Event: 3.468 Thread 0x000001ff1c9fb230 nmethod 6722 0x000001ff08dd9290 code [0x000001ff08dd9420, 0x000001ff08dd9548]
Event: 3.468 Thread 0x000001ff1c9f80e0 6723       3       com.google.common.base.CharMatcher$Is::matches (14 bytes)
Event: 3.468 Thread 0x000001ff1c9f80e0 nmethod 6723 0x000001ff08dd9610 code [0x000001ff08dd97a0, 0x000001ff08dd9918]
Event: 3.468 Thread 0x000001ff1d530cb0 nmethod 6693 0x000001ff0fa65810 code [0x000001ff0fa65ae0, 0x000001ff0fa68580]

GC Heap History (19 events):
Event: 0.254 GC heap before
{Heap before GC invocations=0 (full 0):
 garbage-first heap   total 522240K, used 30720K [0x0000000740000000, 0x0000000800000000)
  region size 2048K, 12 young (24576K), 0 survivors (0K)
 Metaspace       used 3052K, committed 3200K, reserved 1056768K
  class space    used 378K, committed 448K, reserved 1048576K
}
Event: 0.256 GC heap after
{Heap after GC invocations=1 (full 0):
 garbage-first heap   total 522240K, used 10412K [0x0000000740000000, 0x0000000800000000)
  region size 2048K, 2 young (4096K), 2 survivors (4096K)
 Metaspace       used 3052K, committed 3200K, reserved 1056768K
  class space    used 378K, committed 448K, reserved 1048576K
}
Event: 0.381 GC heap before
{Heap before GC invocations=1 (full 0):
 garbage-first heap   total 522240K, used 34988K [0x0000000740000000, 0x0000000800000000)
  region size 2048K, 15 young (30720K), 2 survivors (4096K)
 Metaspace       used 3958K, committed 4160K, reserved 1056768K
  class space    used 474K, committed 576K, reserved 1048576K
}
Event: 0.383 GC heap after
{Heap after GC invocations=2 (full 0):
 garbage-first heap   total 522240K, used 13056K [0x0000000740000000, 0x0000000800000000)
  region size 2048K, 2 young (4096K), 2 survivors (4096K)
 Metaspace       used 3958K, committed 4160K, reserved 1056768K
  class space    used 474K, committed 576K, reserved 1048576K
}
Event: 1.207 GC heap before
{Heap before GC invocations=2 (full 0):
 garbage-first heap   total 522240K, used 121600K [0x0000000740000000, 0x0000000800000000)
  region size 2048K, 56 young (114688K), 2 survivors (4096K)
 Metaspace       used 21257K, committed 21504K, reserved 1073152K
  class space    used 3124K, committed 3264K, reserved 1048576K
}
Event: 1.210 GC heap after
{Heap after GC invocations=3 (full 0):
 garbage-first heap   total 522240K, used 21620K [0x0000000740000000, 0x0000000800000000)
  region size 2048K, 6 young (12288K), 6 survivors (12288K)
 Metaspace       used 21257K, committed 21504K, reserved 1073152K
  class space    used 3124K, committed 3264K, reserved 1048576K
}
Event: 1.485 GC heap before
{Heap before GC invocations=4 (full 0):
 garbage-first heap   total 81920K, used 62580K [0x0000000740000000, 0x0000000800000000)
  region size 2048K, 28 young (57344K), 6 survivors (12288K)
 Metaspace       used 29137K, committed 29440K, reserved 1081344K
  class space    used 4057K, committed 4160K, reserved 1048576K
}
Event: 1.488 GC heap after
{Heap after GC invocations=5 (full 0):
 garbage-first heap   total 86016K, used 27065K [0x0000000740000000, 0x0000000800000000)
  region size 2048K, 7 young (14336K), 7 survivors (14336K)
 Metaspace       used 29137K, committed 29440K, reserved 1081344K
  class space    used 4057K, committed 4160K, reserved 1048576K
}
Event: 1.491 GC heap before
{Heap before GC invocations=5 (full 0):
 garbage-first heap   total 86016K, used 29113K [0x0000000740000000, 0x0000000800000000)
  region size 2048K, 8 young (16384K), 7 survivors (14336K)
 Metaspace       used 29142K, committed 29440K, reserved 1081344K
  class space    used 4058K, committed 4160K, reserved 1048576K
}
Event: 1.493 GC heap after
{Heap after GC invocations=6 (full 0):
 garbage-first heap   total 86016K, used 27161K [0x0000000740000000, 0x0000000800000000)
  region size 2048K, 1 young (2048K), 1 survivors (2048K)
 Metaspace       used 29142K, committed 29440K, reserved 1081344K
  class space    used 4058K, committed 4160K, reserved 1048576K
}
Event: 1.675 GC heap before
{Heap before GC invocations=6 (full 0):
 garbage-first heap   total 86016K, used 57881K [0x0000000740000000, 0x0000000800000000)
  region size 2048K, 16 young (32768K), 1 survivors (2048K)
 Metaspace       used 32479K, committed 32768K, reserved 1081344K
  class space    used 4434K, committed 4544K, reserved 1048576K
}
Event: 1.676 GC heap after
{Heap after GC invocations=7 (full 0):
 garbage-first heap   total 86016K, used 29025K [0x0000000740000000, 0x0000000800000000)
  region size 2048K, 2 young (4096K), 2 survivors (4096K)
 Metaspace       used 32479K, committed 32768K, reserved 1081344K
  class space    used 4434K, committed 4544K, reserved 1048576K
}
Event: 1.866 GC heap before
{Heap before GC invocations=7 (full 0):
 garbage-first heap   total 86016K, used 53601K [0x0000000740000000, 0x0000000800000000)
  region size 2048K, 15 young (30720K), 2 survivors (4096K)
 Metaspace       used 35582K, committed 35968K, reserved 1081344K
  class space    used 4937K, committed 5120K, reserved 1048576K
}
Event: 1.868 GC heap after
{Heap after GC invocations=8 (full 0):
 garbage-first heap   total 86016K, used 31042K [0x0000000740000000, 0x0000000800000000)
  region size 2048K, 3 young (6144K), 3 survivors (6144K)
 Metaspace       used 35582K, committed 35968K, reserved 1081344K
  class space    used 4937K, committed 5120K, reserved 1048576K
}
Event: 1.978 GC heap before
{Heap before GC invocations=9 (full 0):
 garbage-first heap   total 86016K, used 59714K [0x0000000740000000, 0x0000000800000000)
  region size 2048K, 18 young (36864K), 3 survivors (6144K)
 Metaspace       used 37176K, committed 37632K, reserved 1081344K
  class space    used 5080K, committed 5312K, reserved 1048576K
}
Event: 1.980 GC heap after
{Heap after GC invocations=10 (full 0):
 garbage-first heap   total 86016K, used 33619K [0x0000000740000000, 0x0000000800000000)
  region size 2048K, 3 young (6144K), 3 survivors (6144K)
 Metaspace       used 37176K, committed 37632K, reserved 1081344K
  class space    used 5080K, committed 5312K, reserved 1048576K
}
Event: 1.998 GC heap before
{Heap before GC invocations=10 (full 0):
 garbage-first heap   total 86016K, used 35667K [0x0000000740000000, 0x0000000800000000)
  region size 2048K, 4 young (8192K), 3 survivors (6144K)
 Metaspace       used 37421K, committed 37824K, reserved 1081344K
  class space    used 5109K, committed 5312K, reserved 1048576K
}
Event: 2.000 GC heap after
{Heap after GC invocations=11 (full 0):
 garbage-first heap   total 305152K, used 33512K [0x0000000740000000, 0x0000000800000000)
  region size 2048K, 1 young (2048K), 1 survivors (2048K)
 Metaspace       used 37421K, committed 37824K, reserved 1081344K
  class space    used 5109K, committed 5312K, reserved 1048576K
}
Event: 3.474 GC heap before
{Heap before GC invocations=11 (full 0):
 garbage-first heap   total 305152K, used 238312K [0x0000000740000000, 0x0000000800000000)
  region size 2048K, 89 young (182272K), 1 survivors (2048K)
 Metaspace       used 55042K, committed 55616K, reserved 1097728K
  class space    used 7497K, committed 7744K, reserved 1048576K
}

Deoptimization events (20 events):
Event: 3.473 Thread 0x000001ff1f4ab9c0 DEOPT PACKING pc=0x000001ff0826cf4c sp=0x000000f49c7f87d0
Event: 3.473 Thread 0x000001ff1f4ab9c0 DEOPT UNPACKING pc=0x000001ff07a62b43 sp=0x000000f49c7f7c08 mode 1
Event: 3.473 Thread 0x000001ff1f4ab9c0 DEOPT PACKING pc=0x000001ff08d04a44 sp=0x000000f49c7f88a0
Event: 3.473 Thread 0x000001ff1f4ab9c0 DEOPT UNPACKING pc=0x000001ff07a62b43 sp=0x000000f49c7f7d88 mode 1
Event: 3.473 Thread 0x000001ff1f4ab9c0 DEOPT PACKING pc=0x000001ff0826c729 sp=0x000000f49c7f8860
Event: 3.473 Thread 0x000001ff1f4ab9c0 DEOPT UNPACKING pc=0x000001ff07a62b43 sp=0x000000f49c7f7d18 mode 1
Event: 3.473 Thread 0x000001ff1f4ab9c0 DEOPT PACKING pc=0x000001ff08770274 sp=0x000000f49c7f8980
Event: 3.473 Thread 0x000001ff1f4ab9c0 DEOPT UNPACKING pc=0x000001ff07a62b43 sp=0x000000f49c7f7e28 mode 1
Event: 3.473 Thread 0x000001ff1f4ab9c0 DEOPT PACKING pc=0x000001ff08d04a44 sp=0x000000f49c7f89f0
Event: 3.473 Thread 0x000001ff1f4ab9c0 DEOPT UNPACKING pc=0x000001ff07a62b43 sp=0x000000f49c7f7ed8 mode 1
Event: 3.473 Thread 0x000001ff1f4ab9c0 DEOPT PACKING pc=0x000001ff0826cf4c sp=0x000000f49c7f6ff0
Event: 3.473 Thread 0x000001ff1f4ab9c0 DEOPT UNPACKING pc=0x000001ff07a62b43 sp=0x000000f49c7f6428 mode 1
Event: 3.473 Thread 0x000001ff1f4ab9c0 DEOPT PACKING pc=0x000001ff08d04a44 sp=0x000000f49c7f70c0
Event: 3.473 Thread 0x000001ff1f4ab9c0 DEOPT UNPACKING pc=0x000001ff07a62b43 sp=0x000000f49c7f65a8 mode 1
Event: 3.473 Thread 0x000001ff1f4ab9c0 DEOPT PACKING pc=0x000001ff0826c729 sp=0x000000f49c7f7080
Event: 3.473 Thread 0x000001ff1f4ab9c0 DEOPT UNPACKING pc=0x000001ff07a62b43 sp=0x000000f49c7f6538 mode 1
Event: 3.473 Thread 0x000001ff1f4ab9c0 DEOPT PACKING pc=0x000001ff08770274 sp=0x000000f49c7f71a0
Event: 3.473 Thread 0x000001ff1f4ab9c0 DEOPT UNPACKING pc=0x000001ff07a62b43 sp=0x000000f49c7f6648 mode 1
Event: 3.473 Thread 0x000001ff1f4ab9c0 DEOPT PACKING pc=0x000001ff08d04a44 sp=0x000000f49c7f7210
Event: 3.473 Thread 0x000001ff1f4ab9c0 DEOPT UNPACKING pc=0x000001ff07a62b43 sp=0x000000f49c7f66f8 mode 1

Classes unloaded (0 events):
No events

Classes redefined (0 events):
No events

Internal exceptions (20 events):
Event: 3.151 Thread 0x000001ff1f4ab9c0 Exception <a 'java/lang/ClassNotFoundException'{0x0000000749e21380}: org/gradle/api/internal/AbstractPolymorphicDomainObjectContainerCustomizer> (0x0000000749e21380) 
thrown [e:\jenkins\tmp\workspace\build\src\src\hotspot\share\classfile\systemDictionary.cpp, line 256]
Event: 3.152 Thread 0x000001ff1f4ab9c0 Exception <a 'java/lang/ClassNotFoundException'{0x0000000749e4a150}: org/gradle/api/internal/DefaultPolymorphicDomainObjectContainerCustomizer> (0x0000000749e4a150) 
thrown [e:\jenkins\tmp\workspace\build\src\src\hotspot\share\classfile\systemDictionary.cpp, line 256]
Event: 3.152 Thread 0x000001ff1f4ab9c0 Exception <a 'java/lang/ClassNotFoundException'{0x0000000749e750c8}: org/gradle/api/publish/internal/DefaultPublicationContainerCustomizer> (0x0000000749e750c8) 
thrown [e:\jenkins\tmp\workspace\build\src\src\hotspot\share\classfile\systemDictionary.cpp, line 256]
Event: 3.153 Thread 0x000001ff1f4ab9c0 Exception <a 'java/lang/ClassNotFoundException'{0x0000000749e97ab0}: org/gradle/api/publish/internal/DefaultPublicationContainer_DecoratedCustomizer> (0x0000000749e97ab0) 
thrown [e:\jenkins\tmp\workspace\build\src\src\hotspot\share\classfile\systemDictionary.cpp, line 256]
Event: 3.184 Thread 0x000001ff1f4ab9c0 Exception <a 'java/lang/ClassNotFoundException'{0x0000000749afd028}: org/gradle/api/publish/maven/internal/publication/DefaultMavenPublication_DecoratedBeanInfo> (0x0000000749afd028) 
thrown [e:\jenkins\tmp\workspace\build\src\src\hotspot\share\classfile\systemDictionary.cpp, line 256]
Event: 3.184 Thread 0x000001ff1f4ab9c0 Exception <a 'java/lang/ClassNotFoundException'{0x0000000749b15a40}: org/gradle/api/publish/maven/internal/publication/DefaultMavenPublicationBeanInfo> (0x0000000749b15a40) 
thrown [e:\jenkins\tmp\workspace\build\src\src\hotspot\share\classfile\systemDictionary.cpp, line 256]
Event: 3.185 Thread 0x000001ff1f4ab9c0 Exception <a 'java/lang/ClassNotFoundException'{0x0000000749b2e1f0}: org/gradle/api/publish/maven/internal/publication/DefaultMavenPublicationCustomizer> (0x0000000749b2e1f0) 
thrown [e:\jenkins\tmp\workspace\build\src\src\hotspot\share\classfile\systemDictionary.cpp, line 256]
Event: 3.188 Thread 0x000001ff1f4ab9c0 Exception <a 'java/lang/ClassNotFoundException'{0x0000000749b7b198}: org/gradle/api/publish/maven/internal/publication/DefaultMavenPublication_DecoratedCustomizer> (0x0000000749b7b198) 
thrown [e:\jenkins\tmp\workspace\build\src\src\hotspot\share\classfile\systemDictionary.cpp, line 256]
Event: 3.230 Thread 0x000001ff2986a970 Implicit null exception at 0x000001ff0f5e17fe to 0x000001ff0f5e1a9c
Event: 3.234 Thread 0x000001ff24ff8520 Implicit null exception at 0x000001ff0f7bb64e to 0x000001ff0f7bb680
Event: 3.256 Thread 0x000001ff29866fb0 Exception <a 'java/lang/NoSuchMethodError'{0x0000000749106d60}: 'void java.lang.invoke.DirectMethodHandle$Holder.invokeStatic(java.lang.Object, long)'> (0x0000000749106d60) 
thrown [e:\jenkins\tmp\workspace\build\src\src\hotspot\share\interpreter\linkResolver.cpp, line 766]
Event: 3.256 Thread 0x000001ff29866fb0 Exception <a 'java/lang/NoSuchMethodError'{0x000000074910c3b0}: 'java.lang.Object java.lang.invoke.DirectMethodHandle$Holder.newInvokeSpecial(java.lang.Object, long)'> (0x000000074910c3b0) 
thrown [e:\jenkins\tmp\workspace\build\src\src\hotspot\share\interpreter\linkResolver.cpp, line 766]
Event: 3.257 Thread 0x000001ff29866fb0 Exception <a 'java/lang/NoSuchMethodError'{0x0000000749112ee8}: 'java.lang.Object java.lang.invoke.DirectMethodHandle$Holder.invokeStatic(java.lang.Object, java.lang.Object, long, java.lang.Object)'> (0x0000000749112ee8) 
thrown [e:\jenkins\tmp\workspace\build\src\src\hotspot\share\interpreter\linkResolver.cpp, line 766]
Event: 3.257 Thread 0x000001ff29866fb0 Exception <a 'java/lang/NoSuchMethodError'{0x0000000749116980}: 'java.lang.Object java.lang.invoke.DirectMethodHandle$Holder.invokeStaticInit(java.lang.Object, java.lang.Object, long, java.lang.Object)'> (0x0000000749116980) 
thrown [e:\jenkins\tmp\workspace\build\src\src\hotspot\share\interpreter\linkResolver.cpp, line 766]
Event: 3.257 Thread 0x000001ff29866fb0 Exception <a 'java/lang/NoSuchMethodError'{0x000000074911cf90}: 'java.lang.Object java.lang.invoke.DirectMethodHandle$Holder.newInvokeSpecial(java.lang.Object, java.lang.Object, long)'> (0x000000074911cf90) 
thrown [e:\jenkins\tmp\workspace\build\src\src\hotspot\share\interpreter\linkResolver.cpp, line 766]
Event: 3.257 Thread 0x000001ff29866fb0 Exception <a 'java/lang/NoSuchMethodError'{0x0000000749120b00}: 'java.lang.Object java.lang.invoke.Invokers$Holder.linkToTargetMethod(java.lang.Object, long, java.lang.Object)'> (0x0000000749120b00) 
thrown [e:\jenkins\tmp\workspace\build\src\src\hotspot\share\interpreter\linkResolver.cpp, line 766]
Event: 3.331 Thread 0x000001ff1f4ab9c0 Exception <a 'java/lang/NoSuchMethodError'{0x0000000748dca288}: 'void java.lang.invoke.DirectMethodHandle$Holder.invokeInterface(java.lang.Object, java.lang.Object)'> (0x0000000748dca288) 
thrown [e:\jenkins\tmp\workspace\build\src\src\hotspot\share\interpreter\linkResolver.cpp, line 766]
Event: 3.431 Thread 0x000001ff1f4ab9c0 Exception <a 'sun/nio/fs/WindowsException'{0x0000000747b6a168}> (0x0000000747b6a168) 
thrown [e:\jenkins\tmp\workspace\build\src\src\hotspot\share\prims\jni.cpp, line 516]
Event: 3.431 Thread 0x000001ff1f4ab9c0 Exception <a 'sun/nio/fs/WindowsException'{0x0000000747b6a4f0}> (0x0000000747b6a4f0) 
thrown [e:\jenkins\tmp\workspace\build\src\src\hotspot\share\prims\jni.cpp, line 516]
Event: 3.459 Thread 0x000001ff1f4ab9c0 Implicit null exception at 0x000001ff0f7590be to 0x000001ff0f759934

VM Operations (20 events):
Event: 2.992 Executing VM operation: HandshakeAllThreads done
Event: 3.049 Executing VM operation: HandshakeAllThreads
Event: 3.049 Executing VM operation: HandshakeAllThreads done
Event: 3.085 Executing VM operation: ICBufferFull
Event: 3.085 Executing VM operation: ICBufferFull done
Event: 3.175 Executing VM operation: HandshakeAllThreads
Event: 3.175 Executing VM operation: HandshakeAllThreads done
Event: 3.179 Executing VM operation: ICBufferFull
Event: 3.179 Executing VM operation: ICBufferFull done
Event: 3.239 Executing VM operation: HandshakeAllThreads
Event: 3.239 Executing VM operation: HandshakeAllThreads done
Event: 3.333 Executing VM operation: ICBufferFull
Event: 3.333 Executing VM operation: ICBufferFull done
Event: 3.368 Executing VM operation: HandshakeAllThreads
Event: 3.368 Executing VM operation: HandshakeAllThreads done
Event: 3.379 Executing VM operation: HandshakeAllThreads
Event: 3.379 Executing VM operation: HandshakeAllThreads done
Event: 3.388 Executing VM operation: HandshakeAllThreads
Event: 3.388 Executing VM operation: HandshakeAllThreads done
Event: 3.474 Executing VM operation: G1CollectForAllocation

Events (20 events):
Event: 3.440 loading class java/io/ObjectOutputStream$ReplaceTable
Event: 3.440 loading class java/io/ObjectOutputStream$ReplaceTable done
Event: 3.440 loading class java/io/Bits
Event: 3.440 loading class java/io/Bits done
Event: 3.447 loading class java/nio/StringCharBuffer
Event: 3.447 loading class java/nio/StringCharBuffer done
Event: 3.447 loading class sun/nio/cs/ThreadLocalCoders
Event: 3.447 loading class sun/nio/cs/ThreadLocalCoders done
Event: 3.447 loading class sun/nio/cs/ThreadLocalCoders$1
Event: 3.447 loading class sun/nio/cs/ThreadLocalCoders$Cache
Event: 3.447 loading class sun/nio/cs/ThreadLocalCoders$Cache done
Event: 3.447 loading class sun/nio/cs/ThreadLocalCoders$1 done
Event: 3.447 loading class sun/nio/cs/ThreadLocalCoders$2
Event: 3.447 loading class sun/nio/cs/ThreadLocalCoders$2 done
Event: 3.458 loading class java/io/CharArrayWriter
Event: 3.458 loading class java/io/CharArrayWriter done
Event: 3.459 loading class java/io/SequenceInputStream
Event: 3.459 loading class java/io/SequenceInputStream done
Event: 3.461 loading class jdk/internal/reflect/UnsafeBooleanFieldAccessorImpl
Event: 3.461 loading class jdk/internal/reflect/UnsafeBooleanFieldAccessorImpl done


Dynamic libraries:
0x00007ff689240000 - 0x00007ff68924e000 	C:\Program Files\Eclipse Adoptium\jdk-17.0.3.7-hotspot\bin\java.exe
0x00007ffc00290000 - 0x00007ffc00488000 	C:\windows\SYSTEM32\ntdll.dll
0x00007ffbfea70000 - 0x00007ffbfeb2d000 	C:\windows\System32\KERNEL32.DLL
0x00007ffbfddd0000 - 0x00007ffbfe09e000 	C:\windows\System32\KERNELBASE.dll
0x00007ffbfe0a0000 - 0x00007ffbfe1a0000 	C:\windows\System32\ucrtbase.dll
0x00007ffbbd640000 - 0x00007ffbbd658000 	C:\Program Files\Eclipse Adoptium\jdk-17.0.3.7-hotspot\bin\jli.dll
0x00007ffbbd620000 - 0x00007ffbbd639000 	C:\Program Files\Eclipse Adoptium\jdk-17.0.3.7-hotspot\bin\VCRUNTIME140.dll
0x00007ffbff030000 - 0x00007ffbff1d0000 	C:\windows\System32\USER32.dll
0x00007ffbfdcc0000 - 0x00007ffbfdce2000 	C:\windows\System32\win32u.dll
0x00007ffc00220000 - 0x00007ffc0024a000 	C:\windows\System32\GDI32.dll
0x00007ffbfd9b0000 - 0x00007ffbfdabb000 	C:\windows\System32\gdi32full.dll
0x00007ffbfcdc0000 - 0x00007ffbfd05a000 	C:\windows\WinSxS\amd64_microsoft.windows.common-controls_6595b64144ccf1df_6.0.19041.1110_none_60b5254171f9507e\COMCTL32.dll
0x00007ffbfdc20000 - 0x00007ffbfdcbd000 	C:\windows\System32\msvcp_win.dll
0x00007ffbfe7a0000 - 0x00007ffbfe83e000 	C:\windows\System32\msvcrt.dll
0x00007ffbfe770000 - 0x00007ffbfe7a0000 	C:\windows\System32\IMM32.DLL
0x00007ffbbd610000 - 0x00007ffbbd61c000 	C:\Program Files\Eclipse Adoptium\jdk-17.0.3.7-hotspot\bin\vcruntime140_1.dll
0x00007ffbbd570000 - 0x00007ffbbd601000 	C:\Program Files\Eclipse Adoptium\jdk-17.0.3.7-hotspot\bin\msvcp140.dll
0x00007ffbbc920000 - 0x00007ffbbd568000 	C:\Program Files\Eclipse Adoptium\jdk-17.0.3.7-hotspot\bin\server\jvm.dll
0x00007ffc000a0000 - 0x00007ffc0014e000 	C:\windows\System32\ADVAPI32.dll
0x00007ffc00000000 - 0x00007ffc0009c000 	C:\windows\System32\sechost.dll
0x00007ffbfef00000 - 0x00007ffbff025000 	C:\windows\System32\RPCRT4.dll
0x00007ffbfe640000 - 0x00007ffbfe648000 	C:\windows\System32\PSAPI.DLL
0x00007ffbcbf50000 - 0x00007ffbcbf59000 	C:\windows\SYSTEM32\WSOCK32.dll
0x00007ffbfa510000 - 0x00007ffbfa51a000 	C:\windows\SYSTEM32\VERSION.dll
0x00007ffbfee90000 - 0x00007ffbfeefb000 	C:\windows\System32\WS2_32.dll
0x00007ffbecb00000 - 0x00007ffbecb27000 	C:\windows\SYSTEM32\WINMM.dll
0x00007ffbfbc10000 - 0x00007ffbfbc22000 	C:\windows\SYSTEM32\kernel.appcore.dll
0x00007ffbbc910000 - 0x00007ffbbc91a000 	C:\Program Files\Eclipse Adoptium\jdk-17.0.3.7-hotspot\bin\jimage.dll
0x00007ffbfd3e0000 - 0x00007ffbfd5c4000 	C:\windows\SYSTEM32\DBGHELP.DLL
0x00007ffbfd190000 - 0x00007ffbfd1bc000 	C:\windows\SYSTEM32\dbgcore.DLL
0x00007ffbfe260000 - 0x00007ffbfe2e2000 	C:\windows\System32\bcryptPrimitives.dll
0x00007ffbe0ba0000 - 0x00007ffbe0bdb000 	C:\Program Files\Eclipse Adoptium\jdk-17.0.3.7-hotspot\bin\jdwp.dll
0x00007ffbbc8e0000 - 0x00007ffbbc905000 	C:\Program Files\Eclipse Adoptium\jdk-17.0.3.7-hotspot\bin\java.dll
0x00007ffbbc800000 - 0x00007ffbbc8d6000 	C:\Program Files\Eclipse Adoptium\jdk-17.0.3.7-hotspot\bin\jsvml.dll
0x00007ffbff6e0000 - 0x00007ffbffe24000 	C:\windows\System32\SHELL32.dll
0x00007ffbfb460000 - 0x00007ffbfbbf4000 	C:\windows\SYSTEM32\windows.storage.dll
0x00007ffbfeb30000 - 0x00007ffbfee84000 	C:\windows\System32\combase.dll
0x00007ffbfcd20000 - 0x00007ffbfcd50000 	C:\windows\SYSTEM32\Wldp.dll
0x00007ffbfff50000 - 0x00007ffbffffd000 	C:\windows\System32\SHCORE.dll
0x00007ffbfe5e0000 - 0x00007ffbfe635000 	C:\windows\System32\shlwapi.dll
0x00007ffbfd8f0000 - 0x00007ffbfd90f000 	C:\windows\SYSTEM32\profapi.dll
0x00007ffbebff0000 - 0x00007ffbebffc000 	C:\Program Files\Eclipse Adoptium\jdk-17.0.3.7-hotspot\bin\dt_socket.dll
0x00007ffbfc770000 - 0x00007ffbfc7ab000 	C:\windows\SYSTEM32\IPHLPAPI.DLL
0x00007ffbfcbf0000 - 0x00007ffbfcc5a000 	C:\windows\system32\mswsock.dll
0x00007ffbbc7e0000 - 0x00007ffbbc7f9000 	C:\Program Files\Eclipse Adoptium\jdk-17.0.3.7-hotspot\bin\net.dll
0x00007ffbf63a0000 - 0x00007ffbf64aa000 	C:\windows\SYSTEM32\WINHTTP.dll
0x00007ffbbc7c0000 - 0x00007ffbbc7d5000 	C:\Program Files\Eclipse Adoptium\jdk-17.0.3.7-hotspot\bin\nio.dll
0x00007ffbbc7a0000 - 0x00007ffbbc7b8000 	C:\Program Files\Eclipse Adoptium\jdk-17.0.3.7-hotspot\bin\zip.dll
0x00007ffbbc770000 - 0x00007ffbbc780000 	C:\Program Files\Eclipse Adoptium\jdk-17.0.3.7-hotspot\bin\verify.dll
0x00007ffbba160000 - 0x00007ffbba187000 	C:\Users\joefo\.gradle\native\e1d6ef7f7dcc3fd88c89a11ec53ec762bb8ba0a96d01ffa2cd45eb1d1d8dd5c5\windows-amd64\native-platform.dll
0x00007ffbcca50000 - 0x00007ffbccb94000 	C:\Users\joefo\.gradle\native\5664cfc778a61ccfe75a443a1ab52a65af34e5dc3c78e0209fed803814484fcb\windows-amd64\native-platform-file-events.dll
0x00007ffbebfe0000 - 0x00007ffbebfe9000 	C:\Program Files\Eclipse Adoptium\jdk-17.0.3.7-hotspot\bin\management.dll
0x00007ffbebfd0000 - 0x00007ffbebfdb000 	C:\Program Files\Eclipse Adoptium\jdk-17.0.3.7-hotspot\bin\management_ext.dll
0x00007ffbfd740000 - 0x00007ffbfd758000 	C:\windows\SYSTEM32\CRYPTSP.dll
0x00007ffbfc420000 - 0x00007ffbfc454000 	C:\windows\system32\rsaenh.dll
0x00007ffbfdcf0000 - 0x00007ffbfdd17000 	C:\windows\System32\bcrypt.dll
0x00007ffbfd870000 - 0x00007ffbfd89e000 	C:\windows\SYSTEM32\USERENV.dll
0x00007ffbfcce0000 - 0x00007ffbfccec000 	C:\windows\SYSTEM32\CRYPTBASE.dll
0x00007ffbfff40000 - 0x00007ffbfff48000 	C:\windows\System32\NSI.dll
0x00007ffbf92b0000 - 0x00007ffbf92c7000 	C:\windows\SYSTEM32\dhcpcsvc6.DLL
0x00007ffbf9290000 - 0x00007ffbf92ad000 	C:\windows\SYSTEM32\dhcpcsvc.DLL
0x00007ffbfc7b0000 - 0x00007ffbfc87b000 	C:\windows\SYSTEM32\DNSAPI.dll
0x00007ffbe6300000 - 0x00007ffbe630e000 	C:\Program Files\Eclipse Adoptium\jdk-17.0.3.7-hotspot\bin\sunmscapi.dll
0x00007ffbfdac0000 - 0x00007ffbfdc16000 	C:\windows\System32\CRYPT32.dll
0x00007ffbfcd90000 - 0x00007ffbfcdb7000 	C:\windows\SYSTEM32\ncrypt.dll
0x00007ffbfcd50000 - 0x00007ffbfcd8b000 	C:\windows\SYSTEM32\NTASN1.dll
0x00007ffbe07b0000 - 0x00007ffbe07b7000 	C:\windows\system32\wshunix.dll
0x00007ffbf60c0000 - 0x00007ffbf60ca000 	C:\Windows\System32\rasadhlp.dll
0x00007ffbf5df0000 - 0x00007ffbf5e70000 	C:\windows\System32\fwpuclnt.dll

dbghelp: loaded successfully - version: 4.0.5 - missing functions: none
symbol engine: initialized successfully - sym options: 0x614 - pdb path: .;C:\Program Files\Eclipse Adoptium\jdk-17.0.3.7-hotspot\bin;C:\windows\SYSTEM32;C:\windows\WinSxS\amd64_microsoft.windows.common-controls_6595b64144ccf1df_6.0.19041.1110_none_60b5254171f9507e;C:\Program Files\Eclipse Adoptium\jdk-17.0.3.7-hotspot\bin\server;C:\Users\joefo\.gradle\native\e1d6ef7f7dcc3fd88c89a11ec53ec762bb8ba0a96d01ffa2cd45eb1d1d8dd5c5\windows-amd64;C:\Users\joefo\.gradle\native\5664cfc778a61ccfe75a443a1ab52a65af34e5dc3c78e0209fed803814484fcb\windows-amd64

VM Arguments:
jvm_args: -agentlib:jdwp=transport=dt_socket,server=n,suspend=y,address=127.0.0.1:53210 --add-opens=java.base/java.util=ALL-UNNAMED --add-opens=java.base/java.lang=ALL-UNNAMED --add-opens=java.base/java.lang.invoke=ALL-UNNAMED --add-opens=java.base/java.util=ALL-UNNAMED --add-opens=java.prefs/java.util.prefs=ALL-UNNAMED --add-opens=java.prefs/java.util.prefs=ALL-UNNAMED --add-opens=java.base/java.nio.charset=ALL-UNNAMED --add-opens=java.base/java.net=ALL-UNNAMED --add-opens=java.base/java.util.concurrent.atomic=ALL-UNNAMED -Xmx3G -Dfile.encoding=windows-1252 -Duser.country=US -Duser.language=en -Duser.variant 
java_command: org.gradle.launcher.daemon.bootstrap.GradleDaemon 7.3
java_class_path (initial): C:\Users\joefo\.gradle\wrapper\dists\gradle-7.3-bin\ddwl0k7mt9g6ak16i1m905vyv\gradle-7.3\lib\gradle-launcher-7.3.jar
Launcher Type: SUN_STANDARD

[Global flags]
     intx CICompilerCount                          = 12                                        {product} {ergonomic}
     uint ConcGCThreads                            = 5                                         {product} {ergonomic}
     uint G1ConcRefinementThreads                  = 18                                        {product} {ergonomic}
   size_t G1HeapRegionSize                         = 2097152                                   {product} {ergonomic}
    uintx GCDrainStackTargetSize                   = 64                                        {product} {ergonomic}
   size_t InitialHeapSize                          = 534773760                                 {product} {ergonomic}
   size_t MarkStackSize                            = 4194304                                   {product} {ergonomic}
   size_t MaxHeapSize                              = 3221225472                                {product} {command line}
   size_t MaxNewSize                               = 1931476992                                {product} {ergonomic}
   size_t MinHeapDeltaBytes                        = 2097152                                   {product} {ergonomic}
   size_t MinHeapSize                              = 8388608                                   {product} {ergonomic}
    uintx NonNMethodCodeHeapSize                   = 7602480                                {pd product} {ergonomic}
    uintx NonProfiledCodeHeapSize                  = 122027880                              {pd product} {ergonomic}
    uintx ProfiledCodeHeapSize                     = 122027880                              {pd product} {ergonomic}
    uintx ReservedCodeCacheSize                    = 251658240                              {pd product} {ergonomic}
     bool SegmentedCodeCache                       = true                                      {product} {ergonomic}
   size_t SoftMaxHeapSize                          = 3221225472                             {manageable} {ergonomic}
     bool UseCompressedClassPointers               = true                           {product lp64_product} {ergonomic}
     bool UseCompressedOops                        = true                           {product lp64_product} {ergonomic}
     bool UseG1GC                                  = true                                      {product} {ergonomic}
     bool UseLargePagesIndividualAllocation        = false                                  {pd product} {ergonomic}

Logging:
Log output configuration:
 #0: stdout all=warning uptime,level,tags
 #1: stderr all=off uptime,level,tags

Environment Variables:
JAVA_HOME=C:\Program Files\Eclipse Adoptium\jdk-17.0.3.7-hotspot\
PATH=C:\Program Files\Common Files\Oracle\Java\javapath;C:\Program Files\Eclipse Adoptium\jdk-17.0.3.7-hotspot\bin;C:\Windows\system32;C:\Windows;C:\Windows\System32\Wbem;C:\Windows\System32\WindowsPowerShell\v1.0\;C:\Windows\System32\OpenSSH\;C:\Program Files (x86)\NVIDIA Corporation\PhysX\Common;C:\Program Files\NVIDIA Corporation\NVIDIA NvDLISR;C:\Program Files\Git\cmd;C:\Users\joefo\AppData\Local\Microsoft\WindowsApps;;C:\Program Files\JetBrains\IntelliJ IDEA Community Edition 2022.1.2\bin;
USERNAME=joefo
OS=Windows_NT
PROCESSOR_IDENTIFIER=Intel64 Family 6 Model 151 Stepping 2, GenuineIntel



---------------  S Y S T E M  ---------------

OS:
 Windows 10 , 64 bit Build 19041 (10.0.19041.1806)
OS uptime: 0 days 0:04 hours

CPU: total 24 (initial active 24) (12 cores per cpu, 2 threads per core) family 6 model 151 stepping 2 microcode 0x12, cx8, cmov, fxsr, ht, mmx, 3dnowpref, sse, sse2, sse3, ssse3, sse4.1, sse4.2, popcnt, lzcnt, tsc, tscinvbit, avx, avx2, aes, erms, clmul, bmi1, bmi2, adx, sha, fma, vzeroupper, clflush, clflushopt, clwb

Memory: 4k page, system-wide physical 32581M (24638M free)
TotalPageFile size 47429M (AvailPageFile size 37157M)
current process WorkingSet (physical memory assigned to process): 522M, peak: 522M
current process commit charge ("private bytes"): 661M, peak: 762M

vm_info: OpenJDK 64-Bit Server VM (17.0.3+7) for windows-amd64 JRE (17.0.3+7), built on Apr 19 2022 16:55:35 by "" with MS VC++ 16.7 (VS2019)

END.
